{"/home/tim/git/triage-tracker/frontend/src/App.vue": {"path":"/home/tim/git/triage-tracker/frontend/src/App.vue","statementMap":{"0":{"start":{"line":6,"column":6},"end":{"line":6,"column":null}},"1":{"start":{"line":7,"column":6},"end":{"line":7,"column":null}},"2":{"start":{"line":7,"column":37},"end":{"line":7,"column":63}},"3":{"start":{"line":11,"column":19},"end":{"line":12,"column":null}}},"fnMap":{"0":{"name":"(anonymous_0)","decl":{"start":{"line":7,"column":31},"end":{"line":7,"column":37}},"loc":{"start":{"line":7,"column":37},"end":{"line":7,"column":63}},"line":7}},"branchMap":{"0":{"loc":{"start":{"line":11,"column":19},"end":{"line":12,"column":null}},"type":"cond-expr","locations":[{"start":{"line":11,"column":19},"end":{"line":11,"column":null}},{"start":{"line":11,"column":36},"end":{"line":12,"column":null}}],"line":11}},"s":{"0":1,"1":1,"2":1,"3":1},"f":{"0":1},"b":{"0":[1,0]},"meta":{"lastBranch":1,"lastFunction":1,"lastStatement":4,"seen":{"s:6:6:6:Infinity":0,"s:7:6:7:Infinity":1,"f:7:31:7:37":0,"s:7:37:7:63":2,"s:11:19:12:Infinity":3,"b:11:19:11:Infinity:11:36:12:Infinity":0}}}
,"/home/tim/git/triage-tracker/frontend/src/config.ts": {"path":"/home/tim/git/triage-tracker/frontend/src/config.ts","statementMap":{"0":{"start":{"line":1,"column":25},"end":{"line":1,"column":null}},"1":{"start":{"line":3,"column":29},"end":{"line":3,"column":null}}},"fnMap":{},"branchMap":{"0":{"loc":{"start":{"line":3,"column":29},"end":{"line":3,"column":null}},"type":"binary-expr","locations":[{"start":{"line":3,"column":29},"end":{"line":3,"column":89}},{"start":{"line":3,"column":89},"end":{"line":3,"column":null}}],"line":3}},"s":{"0":4,"1":4},"f":{},"b":{"0":[4,4]},"meta":{"lastBranch":1,"lastFunction":0,"lastStatement":2,"seen":{"s:1:25:1:Infinity":0,"s:3:29:3:Infinity":1,"b:3:29:3:89:3:89:3:Infinity":0}}}
,"/home/tim/git/triage-tracker/frontend/src/api/auth.ts": {"path":"/home/tim/git/triage-tracker/frontend/src/api/auth.ts","statementMap":{"0":{"start":{"line":31,"column":2},"end":{"line":34,"column":null}},"1":{"start":{"line":38,"column":2},"end":{"line":40,"column":null}},"2":{"start":{"line":44,"column":2},"end":{"line":46,"column":null}}},"fnMap":{"0":{"name":"login","decl":{"start":{"line":30,"column":22},"end":{"line":30,"column":28}},"loc":{"start":{"line":30,"column":79},"end":{"line":35,"column":null}},"line":30},"1":{"name":"logout","decl":{"start":{"line":37,"column":22},"end":{"line":37,"column":46}},"loc":{"start":{"line":37,"column":46},"end":{"line":41,"column":null}},"line":37},"2":{"name":"refreshToken","decl":{"start":{"line":43,"column":22},"end":{"line":43,"column":63}},"loc":{"start":{"line":43,"column":63},"end":{"line":47,"column":null}},"line":43}},"branchMap":{},"s":{"0":0,"1":0,"2":0},"f":{"0":0,"1":0,"2":0},"b":{},"meta":{"lastBranch":0,"lastFunction":3,"lastStatement":3,"seen":{"f:30:22:30:28":0,"s:31:2:34:Infinity":0,"f:37:22:37:46":1,"s:38:2:40:Infinity":1,"f:43:22:43:63":2,"s:44:2:46:Infinity":2}}}
,"/home/tim/git/triage-tracker/frontend/src/api/client.ts": {"path":"/home/tim/git/triage-tracker/frontend/src/api/client.ts","statementMap":{"0":{"start":{"line":5,"column":33},"end":{"line":5,"column":null}},"1":{"start":{"line":8,"column":2},"end":{"line":8,"column":null}},"2":{"start":{"line":12,"column":2},"end":{"line":12,"column":null}},"3":{"start":{"line":16,"column":42},"end":{"line":18,"column":null}},"4":{"start":{"line":20,"column":2},"end":{"line":22,"column":null}},"5":{"start":{"line":21,"column":4},"end":{"line":21,"column":null}},"6":{"start":{"line":24,"column":19},"end":{"line":29,"column":null}},"7":{"start":{"line":31,"column":2},"end":{"line":34,"column":null}},"8":{"start":{"line":32,"column":22},"end":{"line":32,"column":null}},"9":{"start":{"line":33,"column":4},"end":{"line":33,"column":null}},"10":{"start":{"line":37,"column":2},"end":{"line":39,"column":null}},"11":{"start":{"line":38,"column":4},"end":{"line":38,"column":null}},"12":{"start":{"line":41,"column":22},"end":{"line":41,"column":null}},"13":{"start":{"line":42,"column":2},"end":{"line":45,"column":null}},"14":{"start":{"line":44,"column":4},"end":{"line":44,"column":null}},"15":{"start":{"line":47,"column":2},"end":{"line":47,"column":null}}},"fnMap":{"0":{"name":"setAccessToken","decl":{"start":{"line":7,"column":16},"end":{"line":7,"column":31}},"loc":{"start":{"line":7,"column":53},"end":{"line":9,"column":null}},"line":7},"1":{"name":"getAccessToken","decl":{"start":{"line":11,"column":16},"end":{"line":11,"column":33}},"loc":{"start":{"line":11,"column":33},"end":{"line":13,"column":null}},"line":11},"2":{"name":"request","decl":{"start":{"line":15,"column":22},"end":{"line":15,"column":33}},"loc":{"start":{"line":15,"column":98},"end":{"line":48,"column":null}},"line":15}},"branchMap":{"0":{"loc":{"start":{"line":15,"column":47},"end":{"line":15,"column":98}},"type":"default-arg","locations":[{"start":{"line":15,"column":94},"end":{"line":15,"column":98}}],"line":15},"1":{"loc":{"start":{"line":20,"column":2},"end":{"line":22,"column":null}},"type":"if","locations":[{"start":{"line":20,"column":2},"end":{"line":22,"column":null}},{"start":{},"end":{}}],"line":20},"2":{"loc":{"start":{"line":25,"column":12},"end":{"line":25,"column":null}},"type":"binary-expr","locations":[{"start":{"line":25,"column":12},"end":{"line":25,"column":30}},{"start":{"line":25,"column":30},"end":{"line":25,"column":null}}],"line":25},"3":{"loc":{"start":{"line":28,"column":10},"end":{"line":28,"column":null}},"type":"cond-expr","locations":[{"start":{"line":28,"column":25},"end":{"line":28,"column":56}},{"start":{"line":28,"column":56},"end":{"line":28,"column":null}}],"line":28},"4":{"loc":{"start":{"line":31,"column":2},"end":{"line":34,"column":null}},"type":"if","locations":[{"start":{"line":31,"column":2},"end":{"line":34,"column":null}},{"start":{},"end":{}}],"line":31},"5":{"loc":{"start":{"line":33,"column":20},"end":{"line":33,"column":80}},"type":"binary-expr","locations":[{"start":{"line":33,"column":20},"end":{"line":33,"column":33}},{"start":{"line":33,"column":33},"end":{"line":33,"column":80}}],"line":33},"6":{"loc":{"start":{"line":37,"column":2},"end":{"line":39,"column":null}},"type":"if","locations":[{"start":{"line":37,"column":2},"end":{"line":39,"column":null}},{"start":{},"end":{}}],"line":37},"7":{"loc":{"start":{"line":41,"column":22},"end":{"line":41,"column":null}},"type":"binary-expr","locations":[{"start":{"line":41,"column":22},"end":{"line":41,"column":62}},{"start":{"line":41,"column":62},"end":{"line":41,"column":null}}],"line":41},"8":{"loc":{"start":{"line":42,"column":2},"end":{"line":45,"column":null}},"type":"if","locations":[{"start":{"line":42,"column":2},"end":{"line":45,"column":null}},{"start":{},"end":{}}],"line":42}},"s":{"0":4,"1":20,"2":3,"3":13,"4":13,"5":1,"6":13,"7":13,"8":2,"9":2,"10":11,"11":2,"12":9,"13":13,"14":2,"15":7},"f":{"0":20,"1":3,"2":13},"b":{"0":[13],"1":[1,12],"2":[13,9],"3":[3,10],"4":[2,11],"5":[2,1],"6":[2,9],"7":[9,1],"8":[2,11]},"meta":{"lastBranch":9,"lastFunction":3,"lastStatement":16,"seen":{"s:5:33:5:Infinity":0,"f:7:16:7:31":0,"s:8:2:8:Infinity":1,"f:11:16:11:33":1,"s:12:2:12:Infinity":2,"f:15:22:15:33":2,"b:15:94:15:98":0,"s:16:42:18:Infinity":3,"b:20:2:22:Infinity:undefined:undefined:undefined:undefined":1,"s:20:2:22:Infinity":4,"s:21:4:21:Infinity":5,"s:24:19:29:Infinity":6,"b:25:12:25:30:25:30:25:Infinity":2,"b:28:25:28:56:28:56:28:Infinity":3,"b:31:2:34:Infinity:undefined:undefined:undefined:undefined":4,"s:31:2:34:Infinity":7,"s:32:22:32:Infinity":8,"s:33:4:33:Infinity":9,"b:33:20:33:33:33:33:33:80":5,"b:37:2:39:Infinity:undefined:undefined:undefined:undefined":6,"s:37:2:39:Infinity":10,"s:38:4:38:Infinity":11,"s:41:22:41:Infinity":12,"b:41:22:41:62:41:62:41:Infinity":7,"b:42:2:45:Infinity:undefined:undefined:undefined:undefined":8,"s:42:2:45:Infinity":13,"s:44:4:44:Infinity":14,"s:47:2:47:Infinity":15}}}
,"/home/tim/git/triage-tracker/frontend/src/components/layout/AppShell.vue": {"path":"/home/tim/git/triage-tracker/frontend/src/components/layout/AppShell.vue","statementMap":{"0":{"start":{"line":9,"column":7},"end":{"line":9,"column":null}},"1":{"start":{"line":11,"column":9},"end":{"line":11,"column":null}},"2":{"start":{"line":14,"column":12},"end":{"line":14,"column":null}},"3":{"start":{"line":15,"column":13},"end":{"line":15,"column":null}}},"fnMap":{},"branchMap":{},"s":{"0":1,"1":1,"2":1,"3":1},"f":{},"b":{},"meta":{"lastBranch":0,"lastFunction":0,"lastStatement":4,"seen":{"s:9:7:9:Infinity":0,"s:11:9:11:Infinity":1,"s:14:12:14:Infinity":2,"s:15:13:15:Infinity":3}}}
,"/home/tim/git/triage-tracker/frontend/src/components/layout/NotificationContainer.vue": {"path":"/home/tim/git/triage-tracker/frontend/src/components/layout/NotificationContainer.vue","statementMap":{"0":{"start":{"line":6,"column":6},"end":{"line":6,"column":null}},"1":{"start":{"line":7,"column":6},"end":{"line":7,"column":null}},"2":{"start":{"line":9,"column":0},"end":{"line":24,"column":null}},"3":{"start":{"line":10,"column":8},"end":{"line":10,"column":null}},"4":{"start":{"line":12,"column":4},"end":{"line":15,"column":null}},"5":{"start":{"line":13,"column":6},"end":{"line":13,"column":null}},"6":{"start":{"line":14,"column":6},"end":{"line":14,"column":null}},"7":{"start":{"line":17,"column":4},"end":{"line":21,"column":null}},"8":{"start":{"line":18,"column":6},"end":{"line":20,"column":null}},"9":{"start":{"line":19,"column":8},"end":{"line":19,"column":null}},"10":{"start":{"line":27,"column":2},"end":{"line":29,"column":null}},"11":{"start":{"line":28,"column":4},"end":{"line":28,"column":null}},"12":{"start":{"line":33,"column":2},"end":{"line":35,"column":null}},"13":{"start":{"line":34,"column":4},"end":{"line":34,"column":null}},"14":{"start":{"line":38,"column":0},"end":{"line":40,"column":null}},"15":{"start":{"line":39,"column":2},"end":{"line":39,"column":null}},"16":{"start":{"line":42,"column":0},"end":{"line":44,"column":null}},"17":{"start":{"line":43,"column":2},"end":{"line":43,"column":null}}},"fnMap":{"0":{"name":"(anonymous_0)","decl":{"start":{"line":10,"column":2},"end":{"line":10,"column":8}},"loc":{"start":{"line":10,"column":8},"end":{"line":10,"column":null}},"line":10},"1":{"name":"(anonymous_1)","decl":{"start":{"line":11,"column":2},"end":{"line":11,"column":3}},"loc":{"start":{"line":11,"column":20},"end":{"line":22,"column":null}},"line":11},"2":{"name":"(anonymous_2)","decl":{"start":{"line":18,"column":42},"end":{"line":18,"column":48}},"loc":{"start":{"line":18,"column":48},"end":{"line":20,"column":9}},"line":18},"3":{"name":"handleDismiss","decl":{"start":{"line":26,"column":9},"end":{"line":26,"column":25}},"loc":{"start":{"line":26,"column":25},"end":{"line":30,"column":null}},"line":26},"4":{"name":"handleKeydown","decl":{"start":{"line":32,"column":9},"end":{"line":32,"column":23}},"loc":{"start":{"line":32,"column":45},"end":{"line":36,"column":null}},"line":32},"5":{"name":"(anonymous_5)","decl":{"start":{"line":38,"column":10},"end":{"line":38,"column":16}},"loc":{"start":{"line":38,"column":16},"end":{"line":40,"column":1}},"line":38},"6":{"name":"(anonymous_6)","decl":{"start":{"line":42,"column":12},"end":{"line":42,"column":18}},"loc":{"start":{"line":42,"column":18},"end":{"line":44,"column":1}},"line":42}},"branchMap":{"0":{"loc":{"start":{"line":12,"column":4},"end":{"line":15,"column":null}},"type":"if","locations":[{"start":{"line":12,"column":4},"end":{"line":15,"column":null}},{"start":{},"end":{}}],"line":12},"1":{"loc":{"start":{"line":17,"column":4},"end":{"line":21,"column":null}},"type":"if","locations":[{"start":{"line":17,"column":4},"end":{"line":21,"column":null}},{"start":{},"end":{}}],"line":17},"2":{"loc":{"start":{"line":17,"column":8},"end":{"line":17,"column":74}},"type":"binary-expr","locations":[{"start":{"line":17,"column":8},"end":{"line":17,"column":24}},{"start":{"line":17,"column":24},"end":{"line":17,"column":52}},{"start":{"line":17,"column":52},"end":{"line":17,"column":74}}],"line":17},"3":{"loc":{"start":{"line":27,"column":2},"end":{"line":29,"column":null}},"type":"if","locations":[{"start":{"line":27,"column":2},"end":{"line":29,"column":null}},{"start":{},"end":{}}],"line":27},"4":{"loc":{"start":{"line":33,"column":2},"end":{"line":35,"column":null}},"type":"if","locations":[{"start":{"line":33,"column":2},"end":{"line":35,"column":null}},{"start":{},"end":{}}],"line":33},"5":{"loc":{"start":{"line":33,"column":6},"end":{"line":33,"column":58}},"type":"binary-expr","locations":[{"start":{"line":33,"column":6},"end":{"line":33,"column":32}},{"start":{"line":33,"column":32},"end":{"line":33,"column":58}}],"line":33}},"s":{"0":4,"1":4,"2":4,"3":7,"4":7,"5":3,"6":3,"7":7,"8":3,"9":1,"10":2,"11":2,"12":3,"13":2,"14":4,"15":4,"16":4,"17":0},"f":{"0":7,"1":7,"2":1,"3":2,"4":3,"5":4,"6":0},"b":{"0":[3,4],"1":[3,4],"2":[7,3,3],"3":[2,0],"4":[2,1],"5":[3,3]},"meta":{"lastBranch":6,"lastFunction":7,"lastStatement":18,"seen":{"s:6:6:6:Infinity":0,"s:7:6:7:Infinity":1,"s:9:0:24:Infinity":2,"f:10:2:10:8":0,"s:10:8:10:Infinity":3,"f:11:2:11:3":1,"b:12:4:15:Infinity:undefined:undefined:undefined:undefined":0,"s:12:4:15:Infinity":4,"s:13:6:13:Infinity":5,"s:14:6:14:Infinity":6,"b:17:4:21:Infinity:undefined:undefined:undefined:undefined":1,"s:17:4:21:Infinity":7,"b:17:8:17:24:17:24:17:52:17:52:17:74":2,"s:18:6:20:Infinity":8,"f:18:42:18:48":2,"s:19:8:19:Infinity":9,"f:26:9:26:25":3,"b:27:2:29:Infinity:undefined:undefined:undefined:undefined":3,"s:27:2:29:Infinity":10,"s:28:4:28:Infinity":11,"f:32:9:32:23":4,"b:33:2:35:Infinity:undefined:undefined:undefined:undefined":4,"s:33:2:35:Infinity":12,"b:33:6:33:32:33:32:33:58":5,"s:34:4:34:Infinity":13,"s:38:0:40:Infinity":14,"f:38:10:38:16":5,"s:39:2:39:Infinity":15,"s:42:0:44:Infinity":16,"f:42:12:42:18":6,"s:43:2:43:Infinity":17}}}
,"/home/tim/git/triage-tracker/frontend/src/components/layout/Sidebar.vue": {"path":"/home/tim/git/triage-tracker/frontend/src/components/layout/Sidebar.vue","statementMap":{"0":{"start":{"line":6,"column":6},"end":{"line":6,"column":null}},"1":{"start":{"line":7,"column":6},"end":{"line":7,"column":null}},"2":{"start":{"line":9,"column":6},"end":{"line":16,"column":null}},"3":{"start":{"line":9,"column":29},"end":{"line":16,"column":1}},"4":{"start":{"line":18,"column":17},"end":{"line":20,"column":null}},"5":{"start":{"line":19,"column":2},"end":{"line":19,"column":null}},"6":{"start":{"line":24,"column":9},"end":{"line":24,"column":null}},"7":{"start":{"line":28,"column":9},"end":{"line":28,"column":null}},"8":{"start":{"line":36,"column":36},"end":{"line":37,"column":36}}},"fnMap":{"0":{"name":"(anonymous_0)","decl":{"start":{"line":9,"column":23},"end":{"line":9,"column":29}},"loc":{"start":{"line":9,"column":29},"end":{"line":16,"column":1}},"line":9},"1":{"name":"(anonymous_1)","decl":{"start":{"line":18,"column":17},"end":{"line":18,"column":18}},"loc":{"start":{"line":18,"column":30},"end":{"line":20,"column":null}},"line":18},"2":{"name":"(anonymous_2)","decl":{"start":{"line":36,"column":8},"end":{"line":36,"column":17}},"loc":{"start":{"line":36,"column":36},"end":{"line":37,"column":36}},"line":36}},"branchMap":{"0":{"loc":{"start":{"line":12,"column":6},"end":{"line":12,"column":null}},"type":"cond-expr","locations":[{"start":{"line":12,"column":26},"end":{"line":12,"column":100}},{"start":{"line":12,"column":100},"end":{"line":12,"column":null}}],"line":12},"1":{"loc":{"start":{"line":13,"column":6},"end":{"line":13,"column":null}},"type":"cond-expr","locations":[{"start":{"line":13,"column":26},"end":{"line":13,"column":83}},{"start":{"line":13,"column":83},"end":{"line":13,"column":null}}],"line":13},"2":{"loc":{"start":{"line":34,"column":16},"end":{"line":34,"column":null}},"type":"cond-expr","locations":[{"start":{"line":34,"column":32},"end":{"line":34,"column":null}},{"start":{"line":34,"column":32},"end":{"line":34,"column":null}}],"line":34}},"s":{"0":2,"1":2,"2":2,"3":2,"4":2,"5":8,"6":2,"7":2,"8":8},"f":{"0":2,"1":8,"2":8},"b":{"0":[0,2],"1":[0,2],"2":[1,7]},"meta":{"lastBranch":3,"lastFunction":3,"lastStatement":9,"seen":{"s:6:6:6:Infinity":0,"s:7:6:7:Infinity":1,"s:9:6:16:Infinity":2,"f:9:23:9:29":0,"s:9:29:16:1":3,"b:12:26:12:100:12:100:12:Infinity":0,"b:13:26:13:83:13:83:13:Infinity":1,"s:18:17:20:Infinity":4,"f:18:17:18:18":1,"s:19:2:19:Infinity":5,"s:24:9:24:Infinity":6,"s:28:9:28:Infinity":7,"b:34:32:34:Infinity:34:32:34:Infinity":2,"f:36:8:36:17":2,"s:36:36:37:36":8}}}
,"/home/tim/git/triage-tracker/frontend/src/components/layout/TopNav.vue": {"path":"/home/tim/git/triage-tracker/frontend/src/components/layout/TopNav.vue","statementMap":{"0":{"start":{"line":12,"column":26},"end":{"line":12,"column":null}},"1":{"start":{"line":9,"column":6},"end":{"line":9,"column":null}},"2":{"start":{"line":10,"column":6},"end":{"line":10,"column":null}},"3":{"start":{"line":13,"column":6},"end":{"line":13,"column":null}},"4":{"start":{"line":14,"column":56},"end":{"line":17,"column":null}},"5":{"start":{"line":19,"column":21},"end":{"line":19,"column":null}},"6":{"start":{"line":19,"column":27},"end":{"line":19,"column":null}},"7":{"start":{"line":21,"column":26},"end":{"line":23,"column":null}},"8":{"start":{"line":22,"column":2},"end":{"line":22,"column":null}},"9":{"start":{"line":22,"column":33},"end":{"line":22,"column":69}},"10":{"start":{"line":25,"column":19},"end":{"line":29,"column":null}},"11":{"start":{"line":26,"column":2},"end":{"line":26,"column":null}},"12":{"start":{"line":27,"column":2},"end":{"line":27,"column":null}},"13":{"start":{"line":28,"column":2},"end":{"line":28,"column":null}},"14":{"start":{"line":31,"column":28},"end":{"line":40,"column":null}},"15":{"start":{"line":32,"column":17},"end":{"line":32,"column":null}},"16":{"start":{"line":33,"column":2},"end":{"line":35,"column":null}},"17":{"start":{"line":34,"column":4},"end":{"line":34,"column":null}},"18":{"start":{"line":36,"column":16},"end":{"line":38,"column":null}},"19":{"start":{"line":37,"column":17},"end":{"line":37,"column":62}},"20":{"start":{"line":38,"column":37},"end":{"line":38,"column":78}},"21":{"start":{"line":39,"column":2},"end":{"line":39,"column":null}},"22":{"start":{"line":42,"column":0},"end":{"line":44,"column":null}},"23":{"start":{"line":43,"column":2},"end":{"line":43,"column":null}},"24":{"start":{"line":48,"column":10},"end":{"line":48,"column":null}},"25":{"start":{"line":49,"column":9},"end":{"line":49,"column":null}},"26":{"start":{"line":57,"column":11},"end":{"line":57,"column":null}},"27":{"start":{"line":59,"column":16},"end":{"line":59,"column":48}},"28":{"start":{"line":64,"column":13},"end":{"line":64,"column":null}},"29":{"start":{"line":78,"column":20},"end":{"line":78,"column":null}},"30":{"start":{"line":80,"column":30},"end":{"line":80,"column":30}},"31":{"start":{"line":88,"column":16},"end":{"line":88,"column":58}},"32":{"start":{"line":88,"column":58},"end":{"line":88,"column":null}},"33":{"start":{"line":91,"column":8},"end":{"line":91,"column":19}}},"fnMap":{"0":{"name":"(anonymous_0)","decl":{"start":{"line":19,"column":21},"end":{"line":19,"column":27}},"loc":{"start":{"line":19,"column":27},"end":{"line":19,"column":null}},"line":19},"1":{"name":"(anonymous_1)","decl":{"start":{"line":21,"column":26},"end":{"line":21,"column":27}},"loc":{"start":{"line":21,"column":44},"end":{"line":23,"column":null}},"line":21},"2":{"name":"(anonymous_2)","decl":{"start":{"line":22,"column":25},"end":{"line":22,"column":26}},"loc":{"start":{"line":22,"column":33},"end":{"line":22,"column":69}},"line":22},"3":{"name":"(anonymous_3)","decl":{"start":{"line":25,"column":19},"end":{"line":25,"column":20}},"loc":{"start":{"line":25,"column":37},"end":{"line":29,"column":null}},"line":25},"4":{"name":"(anonymous_4)","decl":{"start":{"line":31,"column":28},"end":{"line":31,"column":41}},"loc":{"start":{"line":31,"column":41},"end":{"line":40,"column":null}},"line":31},"5":{"name":"(anonymous_5)","decl":{"start":{"line":37,"column":9},"end":{"line":37,"column":10}},"loc":{"start":{"line":37,"column":17},"end":{"line":37,"column":62}},"line":37},"6":{"name":"(anonymous_6)","decl":{"start":{"line":38,"column":10},"end":{"line":38,"column":11}},"loc":{"start":{"line":38,"column":37},"end":{"line":38,"column":78}},"line":38},"7":{"name":"(anonymous_7)","decl":{"start":{"line":42,"column":10},"end":{"line":42,"column":16}},"loc":{"start":{"line":42,"column":16},"end":{"line":44,"column":1}},"line":42},"8":{"name":"(anonymous_8)","decl":{"start":{"line":78,"column":18},"end":{"line":78,"column":20}},"loc":{"start":{"line":78,"column":20},"end":{"line":78,"column":null}},"line":78},"9":{"name":"(anonymous_9)","decl":{"start":{"line":80,"column":12},"end":{"line":80,"column":15}},"loc":{"start":{"line":80,"column":30},"end":{"line":80,"column":30}},"line":80},"10":{"name":"(anonymous_10)","decl":{"start":{"line":88,"column":16},"end":{"line":88,"column":38}},"loc":{"start":{"line":88,"column":16},"end":{"line":88,"column":null}},"line":88},"11":{"name":"(anonymous_11)","decl":{"start":{"line":89,"column":9},"end":{"line":89,"column":null}},"loc":{"start":{"line":91,"column":8},"end":{"line":91,"column":19}},"line":91}},"branchMap":{"0":{"loc":{"start":{"line":33,"column":2},"end":{"line":35,"column":null}},"type":"if","locations":[{"start":{"line":33,"column":2},"end":{"line":35,"column":null}},{"start":{},"end":{}}],"line":33},"1":{"loc":{"start":{"line":33,"column":6},"end":{"line":33,"column":51}},"type":"binary-expr","locations":[{"start":{"line":33,"column":6},"end":{"line":33,"column":27}},{"start":{"line":33,"column":27},"end":{"line":33,"column":51}}],"line":33},"2":{"loc":{"start":{"line":38,"column":37},"end":{"line":38,"column":78}},"type":"binary-expr","locations":[{"start":{"line":38,"column":37},"end":{"line":38,"column":57}},{"start":{"line":38,"column":57},"end":{"line":38,"column":78}}],"line":38},"3":{"loc":{"start":{"line":39,"column":9},"end":{"line":39,"column":null}},"type":"binary-expr","locations":[{"start":{"line":39,"column":9},"end":{"line":39,"column":18}},{"start":{"line":39,"column":18},"end":{"line":39,"column":null}}],"line":39},"4":{"loc":{"start":{"line":93,"column":10},"end":{"line":93,"column":null}},"type":"binary-expr","locations":[{"start":{"line":93,"column":10},"end":{"line":93,"column":null}},{"start":{"line":93,"column":10},"end":{"line":93,"column":null}}],"line":93},"5":{"loc":{"start":{"line":60,"column":22},"end":{"line":60,"column":90}},"type":"cond-expr","locations":[{"start":{"line":60,"column":32},"end":{"line":60,"column":90}},{"start":{"line":60,"column":83},"end":{"line":60,"column":90}}],"line":60},"6":{"loc":{"start":{"line":63,"column":8},"end":{"line":63,"column":55}},"type":"binary-expr","locations":[{"start":{"line":63,"column":8},"end":{"line":63,"column":14}},{"start":{"line":63,"column":8},"end":{"line":63,"column":55}}],"line":63},"7":{"loc":{"start":{"line":68,"column":22},"end":{"line":68,"column":null}},"type":"cond-expr","locations":[{"start":{"line":68,"column":44},"end":{"line":68,"column":null}},{"start":{"line":68,"column":44},"end":{"line":68,"column":null}}],"line":68},"8":{"loc":{"start":{"line":72,"column":36},"end":{"line":72,"column":null}},"type":"cond-expr","locations":[{"start":{"line":72,"column":53},"end":{"line":72,"column":null}},{"start":{"line":72,"column":53},"end":{"line":72,"column":null}}],"line":72},"9":{"loc":{"start":{"line":88,"column":16},"end":{"line":88,"column":null}},"type":"binary-expr","locations":[{"start":{"line":88,"column":16},"end":{"line":88,"column":38}},{"start":{"line":88,"column":16},"end":{"line":88,"column":null}}],"line":88},"10":{"loc":{"start":{"line":91,"column":8},"end":{"line":91,"column":19}},"type":"binary-expr","locations":[{"start":{"line":91,"column":8},"end":{"line":91,"column":19}},{"start":{"line":91,"column":8},"end":{"line":91,"column":19}}],"line":91}},"s":{"0":2,"1":3,"2":3,"3":3,"4":3,"5":3,"6":6,"7":3,"8":4,"9":8,"10":3,"11":4,"12":4,"13":4,"14":3,"15":3,"16":3,"17":1,"18":2,"19":4,"20":4,"21":2,"22":3,"23":3,"24":2,"25":2,"26":2,"27":2,"28":2,"29":1,"30":10,"31":0,"32":0,"33":0},"f":{"0":6,"1":4,"2":8,"3":4,"4":3,"5":4,"6":4,"7":3,"8":1,"9":10,"10":0,"11":0},"b":{"0":[1,2],"1":[3,3],"2":[4,4],"3":[2,2],"4":[5,3],"5":[0,0],"6":[5,3],"7":[5,5],"8":[5,5],"9":[0,0],"10":[0,0]},"meta":{"lastBranch":11,"lastFunction":12,"lastStatement":34,"seen":{"s:12:26:12:Infinity":0,"s:9:6:9:Infinity":1,"s:10:6:10:Infinity":2,"s:13:6:13:Infinity":3,"s:14:56:17:Infinity":4,"s:19:21:19:Infinity":5,"f:19:21:19:27":0,"s:19:27:19:Infinity":6,"s:21:26:23:Infinity":7,"f:21:26:21:27":1,"s:22:2:22:Infinity":8,"f:22:25:22:26":2,"s:22:33:22:69":9,"s:25:19:29:Infinity":10,"f:25:19:25:20":3,"s:26:2:26:Infinity":11,"s:27:2:27:Infinity":12,"s:28:2:28:Infinity":13,"s:31:28:40:Infinity":14,"f:31:28:31:41":4,"s:32:17:32:Infinity":15,"b:33:2:35:Infinity:undefined:undefined:undefined:undefined":0,"s:33:2:35:Infinity":16,"b:33:6:33:27:33:27:33:51":1,"s:34:4:34:Infinity":17,"s:36:16:38:Infinity":18,"f:37:9:37:10":5,"s:37:17:37:62":19,"f:38:10:38:11":6,"s:38:37:38:78":20,"b:38:37:38:57:38:57:38:78":2,"s:39:2:39:Infinity":21,"b:39:9:39:18:39:18:39:Infinity":3,"s:42:0:44:Infinity":22,"f:42:10:42:16":7,"s:43:2:43:Infinity":23,"s:48:10:48:Infinity":24,"s:49:9:49:Infinity":25,"s:57:11:57:Infinity":26,"s:59:16:59:48":27,"s:64:13:64:Infinity":28,"b:93:10:93:Infinity:93:10:93:Infinity":4,"b:60:32:60:90:60:83:60:90":5,"b:63:8:63:14:63:8:63:55":6,"b:68:44:68:Infinity:68:44:68:Infinity":7,"b:72:53:72:Infinity:72:53:72:Infinity":8,"f:78:18:78:20":8,"s:78:20:78:Infinity":29,"f:80:12:80:15":9,"s:80:30:80:30":30,"b:88:16:88:38:88:16:88:Infinity":9,"f:88:16:88:38":10,"s:88:16:88:58":31,"s:88:58:88:Infinity":32,"f:89:9:89:Infinity":11,"s:91:8:91:19":33,"b:91:8:91:19:91:8:91:19":10}}}
,"/home/tim/git/triage-tracker/frontend/src/components/ui/UiButton.vue": {"path":"/home/tim/git/triage-tracker/frontend/src/components/ui/UiButton.vue","statementMap":{"0":{"start":{"line":20,"column":13},"end":{"line":20,"column":null}},"1":{"start":{"line":11,"column":14},"end":{"line":11,"column":null}},"2":{"start":{"line":22,"column":47},"end":{"line":29,"column":null}},"3":{"start":{"line":31,"column":44},"end":{"line":35,"column":null}}},"fnMap":{},"branchMap":{"0":{"loc":{"start":{"line":41,"column":63},"end":{"line":41,"column":90}},"type":"binary-expr","locations":[{"start":{"line":41,"column":63},"end":{"line":41,"column":70}},{"start":{"line":41,"column":70},"end":{"line":41,"column":90}}],"line":41},"1":{"loc":{"start":{"line":41,"column":90},"end":{"line":41,"column":null}},"type":"binary-expr","locations":[{"start":{"line":41,"column":90},"end":{"line":41,"column":96}},{"start":{"line":41,"column":96},"end":{"line":41,"column":null}}],"line":41},"2":{"loc":{"start":{"line":43,"column":16},"end":{"line":43,"column":null}},"type":"cond-expr","locations":[{"start":{"line":43,"column":16},"end":{"line":43,"column":null}},{"start":{"line":43,"column":75},"end":{"line":43,"column":null}}],"line":43}},"s":{"0":3,"1":9,"2":9,"3":9},"f":{},"b":{"0":[13,1],"1":[13,0],"2":[1,12]},"meta":{"lastBranch":3,"lastFunction":0,"lastStatement":4,"seen":{"s:20:13:20:Infinity":0,"s:11:14:11:Infinity":1,"s:22:47:29:Infinity":2,"s:31:44:35:Infinity":3,"b:41:63:41:70:41:70:41:90":0,"b:41:90:41:96:41:96:41:Infinity":1,"b:43:16:43:Infinity:43:75:43:Infinity":2}}}
,"/home/tim/git/triage-tracker/frontend/src/components/ui/UiInlineLoader.vue": {"path":"/home/tim/git/triage-tracker/frontend/src/components/ui/UiInlineLoader.vue","statementMap":{"0":{"start":{"line":14,"column":14},"end":{"line":14,"column":null}},"1":{"start":{"line":24,"column":6},"end":{"line":35,"column":null}},"2":{"start":{"line":25,"column":2},"end":{"line":34,"column":null}},"3":{"start":{"line":27,"column":6},"end":{"line":27,"column":null}},"4":{"start":{"line":29,"column":6},"end":{"line":29,"column":null}},"5":{"start":{"line":31,"column":6},"end":{"line":31,"column":null}},"6":{"start":{"line":33,"column":6},"end":{"line":33,"column":null}},"7":{"start":{"line":7,"column":10},"end":{"line":7,"column":29}}},"fnMap":{"0":{"name":"(anonymous_0)","decl":{"start":{"line":24,"column":27},"end":{"line":24,"column":33}},"loc":{"start":{"line":24,"column":33},"end":{"line":35,"column":1}},"line":24}},"branchMap":{"0":{"loc":{"start":{"line":25,"column":2},"end":{"line":34,"column":null}},"type":"switch","locations":[{"start":{"line":26,"column":4},"end":{"line":27,"column":null}},{"start":{"line":28,"column":4},"end":{"line":29,"column":null}},{"start":{"line":30,"column":4},"end":{"line":31,"column":null}},{"start":{"line":32,"column":4},"end":{"line":33,"column":null}}],"line":25}},"s":{"0":4,"1":4,"2":4,"3":1,"4":2,"5":1,"6":0,"7":1},"f":{"0":4},"b":{"0":[1,2,1,0]},"meta":{"lastBranch":1,"lastFunction":1,"lastStatement":8,"seen":{"s:14:14:14:Infinity":0,"s:24:6:35:Infinity":1,"f:24:27:24:33":0,"b:26:4:27:Infinity:28:4:29:Infinity:30:4:31:Infinity:32:4:33:Infinity":0,"s:25:2:34:Infinity":2,"s:27:6:27:Infinity":3,"s:29:6:29:Infinity":4,"s:31:6:31:Infinity":5,"s:33:6:33:Infinity":6,"s:7:10:7:29":7}}}
,"/home/tim/git/triage-tracker/frontend/src/components/ui/UiNotification.vue": {"path":"/home/tim/git/triage-tracker/frontend/src/components/ui/UiNotification.vue","statementMap":{"0":{"start":{"line":13,"column":13},"end":{"line":13,"column":null}},"1":{"start":{"line":18,"column":2},"end":{"line":18,"column":null}},"2":{"start":{"line":33,"column":9},"end":{"line":33,"column":null}},"3":{"start":{"line":78,"column":9},"end":{"line":78,"column":null}},"4":{"start":{"line":80,"column":14},"end":{"line":80,"column":86}}},"fnMap":{"0":{"name":"handleDismiss","decl":{"start":{"line":17,"column":9},"end":{"line":17,"column":25}},"loc":{"start":{"line":17,"column":25},"end":{"line":19,"column":null}},"line":17}},"branchMap":{"0":{"loc":{"start":{"line":47,"column":12},"end":{"line":49,"column":23}},"type":"binary-expr","locations":[{"start":{"line":47,"column":12},"end":{"line":47,"column":null}},{"start":{"line":47,"column":12},"end":{"line":49,"column":23}}],"line":47},"1":{"loc":{"start":{"line":61,"column":12},"end":{"line":63,"column":23}},"type":"binary-expr","locations":[{"start":{"line":61,"column":12},"end":{"line":61,"column":null}},{"start":{"line":61,"column":12},"end":{"line":63,"column":23}}],"line":61},"2":{"loc":{"start":{"line":81,"column":17},"end":{"line":81,"column":89}},"type":"cond-expr","locations":[{"start":{"line":81,"column":17},"end":{"line":81,"column":89}},{"start":{"line":81,"column":82},"end":{"line":81,"column":89}}],"line":81},"3":{"loc":{"start":{"line":86,"column":12},"end":{"line":93,"column":13}},"type":"cond-expr","locations":[{"start":{"line":86,"column":12},"end":{"line":93,"column":13}},{"start":{"line":93,"column":4},"end":{"line":93,"column":13}}],"line":86}},"s":{"0":5,"1":1,"2":3,"3":3,"4":3},"f":{"0":1},"b":{"0":[4,4],"1":[1,1],"2":[1,4],"3":[4,1]},"meta":{"lastBranch":4,"lastFunction":1,"lastStatement":5,"seen":{"s:13:13:13:Infinity":0,"f:17:9:17:25":0,"s:18:2:18:Infinity":1,"s:33:9:33:Infinity":2,"s:78:9:78:Infinity":3,"s:80:14:80:86":4,"b:47:12:47:Infinity:47:12:49:23":0,"b:61:12:61:Infinity:61:12:63:23":1,"b:81:17:81:89:81:82:81:89":2,"b:86:12:93:13:93:4:93:13":3}}}
,"/home/tim/git/triage-tracker/frontend/src/components/ui/UiSkeleton.vue": {"path":"/home/tim/git/triage-tracker/frontend/src/components/ui/UiSkeleton.vue","statementMap":{"0":{"start":{"line":20,"column":14},"end":{"line":20,"column":null}},"1":{"start":{"line":36,"column":6},"end":{"line":45,"column":null}},"2":{"start":{"line":37,"column":2},"end":{"line":44,"column":null}},"3":{"start":{"line":39,"column":6},"end":{"line":39,"column":null}},"4":{"start":{"line":41,"column":6},"end":{"line":41,"column":null}},"5":{"start":{"line":43,"column":6},"end":{"line":43,"column":null}},"6":{"start":{"line":47,"column":6},"end":{"line":56,"column":null}},"7":{"start":{"line":48,"column":2},"end":{"line":55,"column":null}},"8":{"start":{"line":50,"column":6},"end":{"line":50,"column":null}},"9":{"start":{"line":52,"column":6},"end":{"line":52,"column":null}},"10":{"start":{"line":54,"column":6},"end":{"line":54,"column":null}}},"fnMap":{"0":{"name":"(anonymous_0)","decl":{"start":{"line":36,"column":30},"end":{"line":36,"column":36}},"loc":{"start":{"line":36,"column":36},"end":{"line":45,"column":1}},"line":36},"1":{"name":"(anonymous_1)","decl":{"start":{"line":47,"column":30},"end":{"line":47,"column":36}},"loc":{"start":{"line":47,"column":36},"end":{"line":56,"column":1}},"line":47}},"branchMap":{"0":{"loc":{"start":{"line":37,"column":2},"end":{"line":44,"column":null}},"type":"switch","locations":[{"start":{"line":38,"column":4},"end":{"line":39,"column":null}},{"start":{"line":40,"column":4},"end":{"line":41,"column":null}},{"start":{"line":42,"column":4},"end":{"line":43,"column":null}}],"line":37},"1":{"loc":{"start":{"line":48,"column":2},"end":{"line":55,"column":null}},"type":"switch","locations":[{"start":{"line":49,"column":4},"end":{"line":50,"column":null}},{"start":{"line":51,"column":4},"end":{"line":52,"column":null}},{"start":{"line":53,"column":4},"end":{"line":54,"column":null}}],"line":48},"2":{"loc":{"start":{"line":3,"column":58},"end":{"line":3,"column":87}},"type":"cond-expr","locations":[{"start":{"line":3,"column":63},"end":{"line":3,"column":87}},{"start":{"line":3,"column":63},"end":{"line":3,"column":87}}],"line":3},"3":{"loc":{"start":{"line":13,"column":16},"end":{"line":13,"column":57}},"type":"cond-expr","locations":[{"start":{"line":13,"column":16},"end":{"line":13,"column":57}},{"start":{"line":13,"column":47},"end":{"line":13,"column":57}}],"line":13}},"s":{"0":3,"1":3,"2":3,"3":1,"4":0,"5":2,"6":3,"7":3,"8":1,"9":0,"10":2},"f":{"0":3,"1":3},"b":{"0":[1,0,2],"1":[1,0,2],"2":[3,0],"3":[3,0]},"meta":{"lastBranch":4,"lastFunction":2,"lastStatement":11,"seen":{"s:20:14:20:Infinity":0,"s:36:6:45:Infinity":1,"f:36:30:36:36":0,"b:38:4:39:Infinity:40:4:41:Infinity:42:4:43:Infinity":0,"s:37:2:44:Infinity":2,"s:39:6:39:Infinity":3,"s:41:6:41:Infinity":4,"s:43:6:43:Infinity":5,"s:47:6:56:Infinity":6,"f:47:30:47:36":1,"b:49:4:50:Infinity:51:4:52:Infinity:53:4:54:Infinity":1,"s:48:2:55:Infinity":7,"s:50:6:50:Infinity":8,"s:52:6:52:Infinity":9,"s:54:6:54:Infinity":10,"b:3:63:3:87:3:63:3:87":2,"b:13:16:13:57:13:47:13:57":3}}}
,"/home/tim/git/triage-tracker/frontend/src/stores/auth.ts": {"path":"/home/tim/git/triage-tracker/frontend/src/stores/auth.ts","statementMap":{"0":{"start":{"line":14,"column":13},"end":{"line":107,"column":null}},"1":{"start":{"line":15,"column":8},"end":{"line":15,"column":null}},"2":{"start":{"line":16,"column":8},"end":{"line":16,"column":null}},"3":{"start":{"line":17,"column":8},"end":{"line":17,"column":null}},"4":{"start":{"line":18,"column":8},"end":{"line":18,"column":null}},"5":{"start":{"line":20,"column":8},"end":{"line":20,"column":null}},"6":{"start":{"line":20,"column":41},"end":{"line":20,"column":60}},"7":{"start":{"line":21,"column":8},"end":{"line":21,"column":null}},"8":{"start":{"line":21,"column":33},"end":{"line":21,"column":61}},"9":{"start":{"line":24,"column":4},"end":{"line":24,"column":null}},"10":{"start":{"line":25,"column":4},"end":{"line":25,"column":null}},"11":{"start":{"line":27,"column":4},"end":{"line":43,"column":null}},"12":{"start":{"line":28,"column":23},"end":{"line":28,"column":null}},"13":{"start":{"line":29,"column":6},"end":{"line":29,"column":null}},"14":{"start":{"line":30,"column":6},"end":{"line":30,"column":null}},"15":{"start":{"line":31,"column":6},"end":{"line":31,"column":null}},"16":{"start":{"line":34,"column":6},"end":{"line":34,"column":null}},"17":{"start":{"line":35,"column":6},"end":{"line":35,"column":null}},"18":{"start":{"line":37,"column":6},"end":{"line":37,"column":null}},"19":{"start":{"line":39,"column":6},"end":{"line":39,"column":null}},"20":{"start":{"line":40,"column":6},"end":{"line":40,"column":null}},"21":{"start":{"line":42,"column":6},"end":{"line":42,"column":null}},"22":{"start":{"line":47,"column":4},"end":{"line":57,"column":null}},"23":{"start":{"line":48,"column":6},"end":{"line":48,"column":null}},"24":{"start":{"line":50,"column":6},"end":{"line":50,"column":null}},"25":{"start":{"line":52,"column":6},"end":{"line":52,"column":null}},"26":{"start":{"line":53,"column":6},"end":{"line":53,"column":null}},"27":{"start":{"line":54,"column":6},"end":{"line":54,"column":null}},"28":{"start":{"line":55,"column":6},"end":{"line":55,"column":null}},"29":{"start":{"line":56,"column":6},"end":{"line":56,"column":null}},"30":{"start":{"line":61,"column":4},"end":{"line":75,"column":null}},"31":{"start":{"line":62,"column":23},"end":{"line":62,"column":null}},"32":{"start":{"line":63,"column":6},"end":{"line":63,"column":null}},"33":{"start":{"line":64,"column":6},"end":{"line":64,"column":null}},"34":{"start":{"line":65,"column":6},"end":{"line":65,"column":null}},"35":{"start":{"line":67,"column":6},"end":{"line":67,"column":null}},"36":{"start":{"line":68,"column":6},"end":{"line":68,"column":null}},"37":{"start":{"line":70,"column":6},"end":{"line":70,"column":null}},"38":{"start":{"line":72,"column":6},"end":{"line":72,"column":null}},"39":{"start":{"line":73,"column":6},"end":{"line":73,"column":null}},"40":{"start":{"line":74,"column":6},"end":{"line":74,"column":null}},"41":{"start":{"line":79,"column":23},"end":{"line":79,"column":null}},"42":{"start":{"line":80,"column":24},"end":{"line":80,"column":null}},"43":{"start":{"line":82,"column":4},"end":{"line":92,"column":null}},"44":{"start":{"line":83,"column":6},"end":{"line":91,"column":null}},"45":{"start":{"line":84,"column":8},"end":{"line":84,"column":null}},"46":{"start":{"line":85,"column":8},"end":{"line":85,"column":null}},"47":{"start":{"line":86,"column":8},"end":{"line":86,"column":null}},"48":{"start":{"line":88,"column":8},"end":{"line":88,"column":null}},"49":{"start":{"line":89,"column":8},"end":{"line":89,"column":null}},"50":{"start":{"line":90,"column":8},"end":{"line":90,"column":null}},"51":{"start":{"line":95,"column":2},"end":{"line":106,"column":null}}},"fnMap":{"0":{"name":"(anonymous_0)","decl":{"start":{"line":14,"column":48},"end":{"line":14,"column":54}},"loc":{"start":{"line":14,"column":54},"end":{"line":107,"column":1}},"line":14},"1":{"name":"(anonymous_1)","decl":{"start":{"line":20,"column":35},"end":{"line":20,"column":41}},"loc":{"start":{"line":20,"column":41},"end":{"line":20,"column":60}},"line":20},"2":{"name":"(anonymous_2)","decl":{"start":{"line":21,"column":27},"end":{"line":21,"column":33}},"loc":{"start":{"line":21,"column":33},"end":{"line":21,"column":61}},"line":21},"3":{"name":"login","decl":{"start":{"line":23,"column":17},"end":{"line":23,"column":23}},"loc":{"start":{"line":23,"column":56},"end":{"line":44,"column":null}},"line":23},"4":{"name":"logout","decl":{"start":{"line":46,"column":17},"end":{"line":46,"column":26}},"loc":{"start":{"line":46,"column":26},"end":{"line":58,"column":null}},"line":46},"5":{"name":"refresh","decl":{"start":{"line":60,"column":17},"end":{"line":60,"column":27}},"loc":{"start":{"line":60,"column":27},"end":{"line":76,"column":null}},"line":60},"6":{"name":"loadFromStorage","decl":{"start":{"line":78,"column":11},"end":{"line":78,"column":29}},"loc":{"start":{"line":78,"column":29},"end":{"line":93,"column":null}},"line":78}},"branchMap":{"0":{"loc":{"start":{"line":39,"column":20},"end":{"line":39,"column":null}},"type":"cond-expr","locations":[{"start":{"line":39,"column":43},"end":{"line":39,"column":57}},{"start":{"line":39,"column":57},"end":{"line":39,"column":null}}],"line":39},"1":{"loc":{"start":{"line":82,"column":4},"end":{"line":92,"column":null}},"type":"if","locations":[{"start":{"line":82,"column":4},"end":{"line":92,"column":null}},{"start":{},"end":{}}],"line":82},"2":{"loc":{"start":{"line":82,"column":8},"end":{"line":82,"column":35}},"type":"binary-expr","locations":[{"start":{"line":82,"column":8},"end":{"line":82,"column":22}},{"start":{"line":82,"column":22},"end":{"line":82,"column":35}}],"line":82}},"s":{"0":4,"1":21,"2":21,"3":21,"4":21,"5":21,"6":5,"7":21,"8":5,"9":4,"10":4,"11":4,"12":4,"13":2,"14":2,"15":2,"16":2,"17":2,"18":2,"19":2,"20":2,"21":4,"22":3,"23":3,"24":1,"25":3,"26":3,"27":3,"28":3,"29":3,"30":2,"31":2,"32":1,"33":1,"34":1,"35":1,"36":1,"37":1,"38":1,"39":1,"40":1,"41":5,"42":5,"43":5,"44":2,"45":2,"46":2,"47":2,"48":1,"49":1,"50":1,"51":21},"f":{"0":21,"1":5,"2":5,"3":4,"4":3,"5":2,"6":5},"b":{"0":[1,1],"1":[2,3],"2":[5,3]},"meta":{"lastBranch":3,"lastFunction":7,"lastStatement":52,"seen":{"s:14:13:107:Infinity":0,"f:14:48:14:54":0,"s:15:8:15:Infinity":1,"s:16:8:16:Infinity":2,"s:17:8:17:Infinity":3,"s:18:8:18:Infinity":4,"s:20:8:20:Infinity":5,"f:20:35:20:41":1,"s:20:41:20:60":6,"s:21:8:21:Infinity":7,"f:21:27:21:33":2,"s:21:33:21:61":8,"f:23:17:23:23":3,"s:24:4:24:Infinity":9,"s:25:4:25:Infinity":10,"s:27:4:43:Infinity":11,"s:28:23:28:Infinity":12,"s:29:6:29:Infinity":13,"s:30:6:30:Infinity":14,"s:31:6:31:Infinity":15,"s:34:6:34:Infinity":16,"s:35:6:35:Infinity":17,"s:37:6:37:Infinity":18,"s:39:6:39:Infinity":19,"b:39:43:39:57:39:57:39:Infinity":0,"s:40:6:40:Infinity":20,"s:42:6:42:Infinity":21,"f:46:17:46:26":4,"s:47:4:57:Infinity":22,"s:48:6:48:Infinity":23,"s:50:6:50:Infinity":24,"s:52:6:52:Infinity":25,"s:53:6:53:Infinity":26,"s:54:6:54:Infinity":27,"s:55:6:55:Infinity":28,"s:56:6:56:Infinity":29,"f:60:17:60:27":5,"s:61:4:75:Infinity":30,"s:62:23:62:Infinity":31,"s:63:6:63:Infinity":32,"s:64:6:64:Infinity":33,"s:65:6:65:Infinity":34,"s:67:6:67:Infinity":35,"s:68:6:68:Infinity":36,"s:70:6:70:Infinity":37,"s:72:6:72:Infinity":38,"s:73:6:73:Infinity":39,"s:74:6:74:Infinity":40,"f:78:11:78:29":6,"s:79:23:79:Infinity":41,"s:80:24:80:Infinity":42,"b:82:4:92:Infinity:undefined:undefined:undefined:undefined":1,"s:82:4:92:Infinity":43,"b:82:8:82:22:82:22:82:35":2,"s:83:6:91:Infinity":44,"s:84:8:84:Infinity":45,"s:85:8:85:Infinity":46,"s:86:8:86:Infinity":47,"s:88:8:88:Infinity":48,"s:89:8:89:Infinity":49,"s:90:8:90:Infinity":50,"s:95:2:106:Infinity":51}}}
,"/home/tim/git/triage-tracker/frontend/src/stores/notifications.ts": {"path":"/home/tim/git/triage-tracker/frontend/src/stores/notifications.ts","statementMap":{"0":{"start":{"line":17,"column":13},"end":{"line":65,"column":null}},"1":{"start":{"line":18,"column":8},"end":{"line":18,"column":null}},"2":{"start":{"line":20,"column":8},"end":{"line":22,"column":null}},"3":{"start":{"line":21,"column":4},"end":{"line":21,"column":null}},"4":{"start":{"line":25,"column":42},"end":{"line":36,"column":null}},"5":{"start":{"line":38,"column":4},"end":{"line":38,"column":null}},"6":{"start":{"line":42,"column":18},"end":{"line":42,"column":null}},"7":{"start":{"line":42,"column":53},"end":{"line":42,"column":64}},"8":{"start":{"line":43,"column":4},"end":{"line":45,"column":null}},"9":{"start":{"line":44,"column":6},"end":{"line":44,"column":null}},"10":{"start":{"line":50,"column":4},"end":{"line":50,"column":null}},"11":{"start":{"line":50,"column":58},"end":{"line":50,"column":76}},"12":{"start":{"line":54,"column":4},"end":{"line":54,"column":null}},"13":{"start":{"line":57,"column":2},"end":{"line":64,"column":null}}},"fnMap":{"0":{"name":"(anonymous_0)","decl":{"start":{"line":17,"column":65},"end":{"line":17,"column":71}},"loc":{"start":{"line":17,"column":71},"end":{"line":65,"column":1}},"line":17},"1":{"name":"(anonymous_1)","decl":{"start":{"line":20,"column":38},"end":{"line":20,"column":null}},"loc":{"start":{"line":21,"column":4},"end":{"line":21,"column":null}},"line":21},"2":{"name":"addNotification","decl":{"start":{"line":24,"column":11},"end":{"line":24,"column":27}},"loc":{"start":{"line":24,"column":81},"end":{"line":39,"column":null}},"line":24},"3":{"name":"dismissNotification","decl":{"start":{"line":41,"column":11},"end":{"line":41,"column":31}},"loc":{"start":{"line":41,"column":43},"end":{"line":46,"column":null}},"line":41},"4":{"name":"(anonymous_4)","decl":{"start":{"line":42,"column":48},"end":{"line":42,"column":53}},"loc":{"start":{"line":42,"column":53},"end":{"line":42,"column":64}},"line":42},"5":{"name":"clearErrors","decl":{"start":{"line":48,"column":11},"end":{"line":48,"column":25}},"loc":{"start":{"line":48,"column":25},"end":{"line":51,"column":null}},"line":48},"6":{"name":"(anonymous_6)","decl":{"start":{"line":50,"column":53},"end":{"line":50,"column":58}},"loc":{"start":{"line":50,"column":58},"end":{"line":50,"column":76}},"line":50},"7":{"name":"clearAll","decl":{"start":{"line":53,"column":11},"end":{"line":53,"column":22}},"loc":{"start":{"line":53,"column":22},"end":{"line":55,"column":null}},"line":53}},"branchMap":{"0":{"loc":{"start":{"line":21,"column":4},"end":{"line":21,"column":null}},"type":"cond-expr","locations":[{"start":{"line":21,"column":37},"end":{"line":21,"column":62}},{"start":{"line":21,"column":62},"end":{"line":21,"column":null}}],"line":21},"1":{"loc":{"start":{"line":30,"column":19},"end":{"line":30,"column":null}},"type":"binary-expr","locations":[{"start":{"line":30,"column":19},"end":{"line":30,"column":47}},{"start":{"line":30,"column":47},"end":{"line":30,"column":null}}],"line":30},"2":{"loc":{"start":{"line":34,"column":19},"end":{"line":34,"column":null}},"type":"binary-expr","locations":[{"start":{"line":34,"column":19},"end":{"line":34,"column":48}},{"start":{"line":34,"column":48},"end":{"line":34,"column":null}}],"line":34},"3":{"loc":{"start":{"line":35,"column":15},"end":{"line":35,"column":null}},"type":"binary-expr","locations":[{"start":{"line":35,"column":15},"end":{"line":35,"column":39}},{"start":{"line":35,"column":39},"end":{"line":35,"column":null}}],"line":35},"4":{"loc":{"start":{"line":43,"column":4},"end":{"line":45,"column":null}},"type":"if","locations":[{"start":{"line":43,"column":4},"end":{"line":45,"column":null}},{"start":{},"end":{}}],"line":43}},"s":{"0":3,"1":7,"2":7,"3":7,"4":7,"5":7,"6":4,"7":4,"8":4,"9":4,"10":0,"11":0,"12":1,"13":7},"f":{"0":7,"1":7,"2":7,"3":4,"4":4,"5":0,"6":0,"7":1},"b":{"0":[3,4],"1":[7,7],"2":[7,7],"3":[7,6],"4":[4,0]},"meta":{"lastBranch":5,"lastFunction":8,"lastStatement":14,"seen":{"s:17:13:65:Infinity":0,"f:17:65:17:71":0,"s:18:8:18:Infinity":1,"s:20:8:22:Infinity":2,"f:20:38:20:Infinity":1,"s:21:4:21:Infinity":3,"b:21:37:21:62:21:62:21:Infinity":0,"f:24:11:24:27":2,"s:25:42:36:Infinity":4,"b:30:19:30:47:30:47:30:Infinity":1,"b:34:19:34:48:34:48:34:Infinity":2,"b:35:15:35:39:35:39:35:Infinity":3,"s:38:4:38:Infinity":5,"f:41:11:41:31":3,"s:42:18:42:Infinity":6,"f:42:48:42:53":4,"s:42:53:42:64":7,"b:43:4:45:Infinity:undefined:undefined:undefined:undefined":4,"s:43:4:45:Infinity":8,"s:44:6:44:Infinity":9,"f:48:11:48:25":5,"s:50:4:50:Infinity":10,"f:50:53:50:58":6,"s:50:58:50:76":11,"f:53:11:53:22":7,"s:54:4:54:Infinity":12,"s:57:2:64:Infinity":13}}}
}
