{"/home/tim/git/temp/triage-tracker/backend/src/app.controller.ts": {"path":"/home/tim/git/temp/triage-tracker/backend/src/app.controller.ts","statementMap":{"0":{"start":{"line":1,"column":0},"end":{"line":1,"column":49}},"1":{"start":{"line":2,"column":0},"end":{"line":2,"column":58}},"2":{"start":{"line":3,"column":0},"end":{"line":3,"column":60}},"3":{"start":{"line":7,"column":7},"end":{"line":23,"column":null}},"4":{"start":{"line":8,"column":31},"end":{"line":8,"column":39}},"5":{"start":{"line":12,"column":4},"end":{"line":15,"column":6}},"6":{"start":{"line":20,"column":4},"end":{"line":20,"column":42}},"7":{"start":{"line":21,"column":4},"end":{"line":21,"column":28}},"8":{"start":{"line":7,"column":13},"end":{"line":7,"column":26}},"9":{"start":{"line":11,"column":2},"end":{"line":16,"column":null}},"10":{"start":{"line":19,"column":8},"end":{"line":22,"column":null}},"11":{"start":{"line":7,"column":13},"end":{"line":23,"column":null}}},"fnMap":{"0":{"name":"(anonymous_2)","decl":{"start":{"line":8,"column":2},"end":{"line":8,"column":31}},"loc":{"start":{"line":8,"column":52},"end":{"line":8,"column":56}}},"1":{"name":"(anonymous_3)","decl":{"start":{"line":11,"column":2},"end":{"line":11,"column":11}},"loc":{"start":{"line":11,"column":11},"end":{"line":16,"column":3}}},"2":{"name":"(anonymous_4)","decl":{"start":{"line":19,"column":8},"end":{"line":19,"column":16}},"loc":{"start":{"line":19,"column":16},"end":{"line":22,"column":3}}}},"branchMap":{},"s":{"0":0,"1":0,"2":0,"3":0,"4":0,"5":0,"6":0,"7":0,"8":0,"9":0,"10":0,"11":0},"f":{"0":0,"1":0,"2":0},"b":{}}
,"/home/tim/git/temp/triage-tracker/backend/src/otel-logger.service.ts": {"path":"/home/tim/git/temp/triage-tracker/backend/src/otel-logger.service.ts","statementMap":{"0":{"start":{"line":6,"column":22},"end":{"line":6,"column":27}},"1":{"start":{"line":8,"column":0},"end":{"line":17,"column":1}},"2":{"start":{"line":9,"column":18},"end":{"line":9,"column":47}},"3":{"start":{"line":10,"column":2},"end":{"line":10,"column":24}},"4":{"start":{"line":11,"column":2},"end":{"line":11,"column":28}},"5":{"start":{"line":12,"column":2},"end":{"line":12,"column":47}},"6":{"start":{"line":13,"column":2},"end":{"line":13,"column":25}},"7":{"start":{"line":16,"column":2},"end":{"line":16,"column":26}},"8":{"start":{"line":19,"column":13},"end":{"line":19,"column":26}},"9":{"start":{"line":20,"column":23},"end":{"line":27,"column":2}},"10":{"start":{"line":42,"column":4},"end":{"line":42,"column":35}},"11":{"start":{"line":43,"column":4},"end":{"line":53,"column":5}},"12":{"start":{"line":44,"column":6},"end":{"line":50,"column":7}},"13":{"start":{"line":45,"column":31},"end":{"line":45,"column":55}},"14":{"start":{"line":46,"column":8},"end":{"line":46,"column":66}},"15":{"start":{"line":49,"column":8},"end":{"line":49,"column":27}},"16":{"start":{"line":52,"column":6},"end":{"line":52,"column":25}},"17":{"start":{"line":57,"column":25},"end":{"line":57,"column":55}},"18":{"start":{"line":58,"column":29},"end":{"line":58,"column":72}},"19":{"start":{"line":59,"column":19},"end":{"line":59,"column":67}},"20":{"start":{"line":64,"column":4},"end":{"line":64,"column":66}},"21":{"start":{"line":67,"column":4},"end":{"line":69,"column":5}},"22":{"start":{"line":68,"column":6},"end":{"line":68,"column":13}},"23":{"start":{"line":71,"column":23},"end":{"line":71,"column":44}},"24":{"start":{"line":72,"column":24},"end":{"line":72,"column":49}},"25":{"start":{"line":74,"column":27},"end":{"line":82,"column":6}},"26":{"start":{"line":85,"column":4},"end":{"line":92,"column":5}},"27":{"start":{"line":86,"column":6},"end":{"line":91,"column":8}},"28":{"start":{"line":95,"column":4},"end":{"line":107,"column":5}},"29":{"start":{"line":96,"column":6},"end":{"line":106,"column":9}},"30":{"start":{"line":97,"column":8},"end":{"line":105,"column":9}},"31":{"start":{"line":98,"column":10},"end":{"line":98,"column":65}},"32":{"start":{"line":99,"column":10},"end":{"line":99,"column":61}},"33":{"start":{"line":100,"column":10},"end":{"line":100,"column":59}},"34":{"start":{"line":101,"column":15},"end":{"line":105,"column":9}},"35":{"start":{"line":102,"column":10},"end":{"line":102,"column":72}},"36":{"start":{"line":104,"column":10},"end":{"line":104,"column":64}},"37":{"start":{"line":109,"column":4},"end":{"line":109,"column":32}},"38":{"start":{"line":113,"column":4},"end":{"line":113,"column":52}},"39":{"start":{"line":113,"column":37},"end":{"line":113,"column":52}},"40":{"start":{"line":116,"column":25},"end":{"line":117,"column":null}},"41":{"start":{"line":117,"column":13},"end":{"line":117,"column":59}},"42":{"start":{"line":120,"column":4},"end":{"line":122,"column":5}},"43":{"start":{"line":121,"column":6},"end":{"line":121,"column":52}},"44":{"start":{"line":124,"column":4},"end":{"line":124,"column":19}},"45":{"start":{"line":128,"column":4},"end":{"line":128,"column":57}},"46":{"start":{"line":128,"column":42},"end":{"line":128,"column":57}},"47":{"start":{"line":129,"column":4},"end":{"line":129,"column":55}},"48":{"start":{"line":129,"column":41},"end":{"line":129,"column":55}},"49":{"start":{"line":130,"column":4},"end":{"line":130,"column":55}},"50":{"start":{"line":130,"column":41},"end":{"line":130,"column":55}},"51":{"start":{"line":131,"column":4},"end":{"line":131,"column":57}},"52":{"start":{"line":131,"column":42},"end":{"line":131,"column":57}},"53":{"start":{"line":132,"column":4},"end":{"line":132,"column":19}},"54":{"start":{"line":136,"column":4},"end":{"line":136,"column":71}},"55":{"start":{"line":140,"column":4},"end":{"line":140,"column":72}},"56":{"start":{"line":144,"column":4},"end":{"line":144,"column":71}},"57":{"start":{"line":148,"column":4},"end":{"line":148,"column":72}},"58":{"start":{"line":152,"column":4},"end":{"line":152,"column":72}},"59":{"start":{"line":37,"column":0},"end":{"line":37,"column":13}}},"fnMap":{"0":{"name":"(anonymous_0)","decl":{"start":{"line":41,"column":2},"end":{"line":41,"column":14}},"loc":{"start":{"line":41,"column":34},"end":{"line":54,"column":3}}},"1":{"name":"(anonymous_1)","decl":{"start":{"line":56,"column":10},"end":{"line":56,"column":14}},"loc":{"start":{"line":56,"column":74},"end":{"line":110,"column":3}}},"2":{"name":"(anonymous_2)","decl":{"start":{"line":96,"column":29},"end":{"line":96,"column":30}},"loc":{"start":{"line":96,"column":44},"end":{"line":106,"column":7}}},"3":{"name":"(anonymous_3)","decl":{"start":{"line":112,"column":10},"end":{"line":112,"column":23}},"loc":{"start":{"line":112,"column":62},"end":{"line":125,"column":3}}},"4":{"name":"(anonymous_4)","decl":{"start":{"line":117,"column":6},"end":{"line":117,"column":7}},"loc":{"start":{"line":117,"column":13},"end":{"line":117,"column":59}}},"5":{"name":"(anonymous_5)","decl":{"start":{"line":127,"column":10},"end":{"line":127,"column":25}},"loc":{"start":{"line":127,"column":42},"end":{"line":133,"column":3}}},"6":{"name":"(anonymous_6)","decl":{"start":{"line":135,"column":2},"end":{"line":135,"column":5}},"loc":{"start":{"line":135,"column":44},"end":{"line":137,"column":3}}},"7":{"name":"(anonymous_7)","decl":{"start":{"line":139,"column":2},"end":{"line":139,"column":7}},"loc":{"start":{"line":139,"column":46},"end":{"line":141,"column":3}}},"8":{"name":"(anonymous_8)","decl":{"start":{"line":143,"column":2},"end":{"line":143,"column":6}},"loc":{"start":{"line":143,"column":45},"end":{"line":145,"column":3}}},"9":{"name":"(anonymous_9)","decl":{"start":{"line":147,"column":2},"end":{"line":147,"column":7}},"loc":{"start":{"line":147,"column":46},"end":{"line":149,"column":3}}},"10":{"name":"(anonymous_10)","decl":{"start":{"line":151,"column":2},"end":{"line":151,"column":9}},"loc":{"start":{"line":151,"column":48},"end":{"line":153,"column":3}}},"11":{"name":"(anonymous_11)","decl":{"start":{"line":155,"column":2},"end":{"line":155,"column":14}},"loc":{"start":{"line":155,"column":34},"end":{"line":158,"column":3}}}},"branchMap":{"0":{"loc":{"start":{"line":19,"column":13},"end":{"line":19,"column":26}},"type":"cond-expr","locations":[{"start":{"line":19,"column":20},"end":{"line":19,"column":22}},{"start":{"line":19,"column":13},"end":{"line":19,"column":26}}]},"1":{"loc":{"start":{"line":19,"column":13},"end":{"line":19,"column":22}},"type":"binary-expr","locations":[{"start":{"line":19,"column":13},"end":{"line":19,"column":22}},{"start":{"line":19,"column":13},"end":{"line":19,"column":22}}]},"2":{"loc":{"start":{"line":20,"column":23},"end":{"line":27,"column":2}},"type":"cond-expr","locations":[{"start":{"line":20,"column":46},"end":{"line":20,"column":50}},{"start":{"line":20,"column":50},"end":{"line":27,"column":2}}]},"3":{"loc":{"start":{"line":20,"column":23},"end":{"line":20,"column":50}},"type":"binary-expr","locations":[{"start":{"line":20,"column":23},"end":{"line":20,"column":50}},{"start":{"line":20,"column":46},"end":{"line":20,"column":50}}]},"4":{"loc":{"start":{"line":20,"column":23},"end":{"line":20,"column":46}},"type":"cond-expr","locations":[{"start":{"line":20,"column":30},"end":{"line":20,"column":32}},{"start":{"line":20,"column":23},"end":{"line":20,"column":46}}]},"5":{"loc":{"start":{"line":20,"column":23},"end":{"line":20,"column":32}},"type":"binary-expr","locations":[{"start":{"line":20,"column":23},"end":{"line":20,"column":32}},{"start":{"line":20,"column":23},"end":{"line":20,"column":32}}]},"6":{"loc":{"start":{"line":43,"column":4},"end":{"line":53,"column":5}},"type":"if","locations":[{"start":{"line":43,"column":4},"end":{"line":53,"column":5}},{"start":{"line":51,"column":11},"end":{"line":53,"column":5}}]},"7":{"loc":{"start":{"line":43,"column":8},"end":{"line":43,"column":31}},"type":"binary-expr","locations":[{"start":{"line":43,"column":8},"end":{"line":43,"column":23}},{"start":{"line":43,"column":27},"end":{"line":43,"column":31}}]},"8":{"loc":{"start":{"line":59,"column":19},"end":{"line":59,"column":67}},"type":"cond-expr","locations":[{"start":{"line":59,"column":38},"end":{"line":59,"column":62}},{"start":{"line":59,"column":65},"end":{"line":59,"column":67}}]},"9":{"loc":{"start":{"line":67,"column":4},"end":{"line":69,"column":5}},"type":"if","locations":[{"start":{"line":67,"column":4},"end":{"line":69,"column":5}},{"start":{},"end":{}}]},"10":{"loc":{"start":{"line":67,"column":8},"end":{"line":67,"column":40}},"type":"binary-expr","locations":[{"start":{"line":67,"column":8},"end":{"line":67,"column":20}},{"start":{"line":67,"column":24},"end":{"line":67,"column":40}}]},"11":{"loc":{"start":{"line":72,"column":24},"end":{"line":72,"column":49}},"type":"cond-expr","locations":[{"start":{"line":72,"column":34},"end":{"line":72,"column":36}},{"start":{"line":72,"column":24},"end":{"line":72,"column":49}}]},"12":{"loc":{"start":{"line":72,"column":24},"end":{"line":72,"column":36}},"type":"binary-expr","locations":[{"start":{"line":72,"column":24},"end":{"line":72,"column":36}},{"start":{"line":72,"column":24},"end":{"line":72,"column":36}}]},"13":{"loc":{"start":{"line":79,"column":27},"end":{"line":79,"column":60}},"type":"binary-expr","locations":[{"start":{"line":79,"column":27},"end":{"line":79,"column":43}},{"start":{"line":79,"column":47},"end":{"line":79,"column":60}}]},"14":{"loc":{"start":{"line":85,"column":4},"end":{"line":92,"column":5}},"type":"if","locations":[{"start":{"line":85,"column":4},"end":{"line":92,"column":5}},{"start":{},"end":{}}]},"15":{"loc":{"start":{"line":95,"column":4},"end":{"line":107,"column":5}},"type":"if","locations":[{"start":{"line":95,"column":4},"end":{"line":107,"column":5}},{"start":{},"end":{}}]},"16":{"loc":{"start":{"line":97,"column":8},"end":{"line":105,"column":9}},"type":"if","locations":[{"start":{"line":97,"column":8},"end":{"line":105,"column":9}},{"start":{"line":101,"column":15},"end":{"line":105,"column":9}}]},"17":{"loc":{"start":{"line":101,"column":15},"end":{"line":105,"column":9}},"type":"if","locations":[{"start":{"line":101,"column":15},"end":{"line":105,"column":9}},{"start":{"line":103,"column":15},"end":{"line":105,"column":9}}]},"18":{"loc":{"start":{"line":113,"column":4},"end":{"line":113,"column":52}},"type":"if","locations":[{"start":{"line":113,"column":4},"end":{"line":113,"column":52}},{"start":{},"end":{}}]},"19":{"loc":{"start":{"line":117,"column":13},"end":{"line":117,"column":59}},"type":"binary-expr","locations":[{"start":{"line":117,"column":13},"end":{"line":117,"column":34}},{"start":{"line":117,"column":38},"end":{"line":117,"column":59}}]},"20":{"loc":{"start":{"line":120,"column":4},"end":{"line":122,"column":5}},"type":"if","locations":[{"start":{"line":120,"column":4},"end":{"line":122,"column":5}},{"start":{},"end":{}}]},"21":{"loc":{"start":{"line":128,"column":4},"end":{"line":128,"column":57}},"type":"if","locations":[{"start":{"line":128,"column":4},"end":{"line":128,"column":57}},{"start":{},"end":{}}]},"22":{"loc":{"start":{"line":129,"column":4},"end":{"line":129,"column":55}},"type":"if","locations":[{"start":{"line":129,"column":4},"end":{"line":129,"column":55}},{"start":{},"end":{}}]},"23":{"loc":{"start":{"line":130,"column":4},"end":{"line":130,"column":55}},"type":"if","locations":[{"start":{"line":130,"column":4},"end":{"line":130,"column":55}},{"start":{},"end":{}}]},"24":{"loc":{"start":{"line":131,"column":4},"end":{"line":131,"column":57}},"type":"if","locations":[{"start":{"line":131,"column":4},"end":{"line":131,"column":57}},{"start":{},"end":{}}]}},"s":{"0":0,"1":0,"2":0,"3":0,"4":0,"5":0,"6":0,"7":0,"8":0,"9":0,"10":0,"11":0,"12":0,"13":0,"14":0,"15":0,"16":0,"17":0,"18":0,"19":0,"20":0,"21":0,"22":0,"23":0,"24":0,"25":0,"26":0,"27":0,"28":0,"29":0,"30":0,"31":0,"32":0,"33":0,"34":0,"35":0,"36":0,"37":0,"38":0,"39":0,"40":0,"41":0,"42":0,"43":0,"44":0,"45":0,"46":0,"47":0,"48":0,"49":0,"50":0,"51":0,"52":0,"53":0,"54":0,"55":0,"56":0,"57":0,"58":0,"59":0},"f":{"0":0,"1":0,"2":0,"3":0,"4":0,"5":0,"6":0,"7":0,"8":0,"9":0,"10":0,"11":0},"b":{"0":[0,0],"1":[0,0],"2":[0,0],"3":[0,0],"4":[0,0],"5":[0,0],"6":[0,0],"7":[0,0],"8":[0,0],"9":[0,0],"10":[0,0],"11":[0,0],"12":[0,0],"13":[0,0],"14":[0,0],"15":[0,0],"16":[0,0],"17":[0,0],"18":[0,0],"19":[0,0],"20":[0,0],"21":[0,0],"22":[0,0],"23":[0,0],"24":[0,0]}}
,"/home/tim/git/temp/triage-tracker/backend/src/ai/ai.service.ts": {"path":"/home/tim/git/temp/triage-tracker/backend/src/ai/ai.service.ts","statementMap":{"0":{"start":{"line":1,"column":0},"end":{"line":1,"column":71}},"1":{"start":{"line":2,"column":0},"end":{"line":2,"column":47}},"2":{"start":{"line":3,"column":0},"end":{"line":3,"column":59}},"3":{"start":{"line":6,"column":22},"end":{"line":73,"column":null}},"4":{"start":{"line":10,"column":21},"end":{"line":10,"column":35}},"5":{"start":{"line":11,"column":21},"end":{"line":11,"column":29}},"6":{"start":{"line":7,"column":19},"end":{"line":7,"column":55}},"7":{"start":{"line":15,"column":21},"end":{"line":22,"column":6}},"8":{"start":{"line":24,"column":4},"end":{"line":26,"column":5}},"9":{"start":{"line":25,"column":6},"end":{"line":25,"column":78}},"10":{"start":{"line":28,"column":19},"end":{"line":28,"column":52}},"11":{"start":{"line":30,"column":4},"end":{"line":30,"column":73}},"12":{"start":{"line":32,"column":20},"end":{"line":32,"column":64}},"13":{"start":{"line":34,"column":4},"end":{"line":34,"column":38}},"14":{"start":{"line":38,"column":25},"end":{"line":45,"column":17}},"15":{"start":{"line":40,"column":26},"end":{"line":40,"column":65}},"16":{"start":{"line":41,"column":21},"end":{"line":41,"column":63}},"17":{"start":{"line":42,"column":24},"end":{"line":42,"column":43}},"18":{"start":{"line":43,"column":8},"end":{"line":43,"column":52}},"19":{"start":{"line":47,"column":4},"end":{"line":66,"column":8}},"20":{"start":{"line":70,"column":20},"end":{"line":70,"column":78}},"21":{"start":{"line":71,"column":4},"end":{"line":71,"column":26}},"22":{"start":{"line":6,"column":13},"end":{"line":6,"column":22}},"23":{"start":{"line":6,"column":13},"end":{"line":73,"column":null}}},"fnMap":{"0":{"name":"(anonymous_2)","decl":{"start":{"line":9,"column":2},"end":{"line":9,"column":null}},"loc":{"start":{"line":11,"column":42},"end":{"line":12,"column":6}}},"1":{"name":"(anonymous_3)","decl":{"start":{"line":14,"column":2},"end":{"line":14,"column":7}},"loc":{"start":{"line":14,"column":50},"end":{"line":35,"column":3}}},"2":{"name":"(anonymous_4)","decl":{"start":{"line":37,"column":10},"end":{"line":37,"column":28}},"loc":{"start":{"line":37,"column":42},"end":{"line":67,"column":3}}},"3":{"name":"(anonymous_5)","decl":{"start":{"line":39,"column":11},"end":{"line":39,"column":12}},"loc":{"start":{"line":39,"column":26},"end":{"line":44,"column":7}}},"4":{"name":"(anonymous_6)","decl":{"start":{"line":69,"column":10},"end":{"line":69,"column":22}},"loc":{"start":{"line":69,"column":41},"end":{"line":72,"column":3}}}},"branchMap":{"0":{"loc":{"start":{"line":24,"column":4},"end":{"line":26,"column":5}},"type":"if","locations":[{"start":{"line":24,"column":4},"end":{"line":26,"column":5}},{"start":{},"end":{}}]},"1":{"loc":{"start":{"line":42,"column":24},"end":{"line":42,"column":43}},"type":"binary-expr","locations":[{"start":{"line":42,"column":24},"end":{"line":42,"column":37}},{"start":{"line":42,"column":41},"end":{"line":42,"column":43}}]},"2":{"loc":{"start":{"line":52,"column":17},"end":{"line":52,"column":46}},"type":"binary-expr","locations":[{"start":{"line":52,"column":17},"end":{"line":52,"column":37}},{"start":{"line":52,"column":41},"end":{"line":52,"column":46}}]},"3":{"loc":{"start":{"line":54,"column":20},"end":{"line":54,"column":52}},"type":"binary-expr","locations":[{"start":{"line":54,"column":20},"end":{"line":54,"column":42}},{"start":{"line":54,"column":46},"end":{"line":54,"column":52}}]},"4":{"loc":{"start":{"line":57,"column":4},"end":{"line":57,"column":50}},"type":"binary-expr","locations":[{"start":{"line":57,"column":4},"end":{"line":57,"column":16}},{"start":{"line":57,"column":20},"end":{"line":57,"column":50}}]}},"s":{"0":0,"1":0,"2":0,"3":0,"4":0,"5":0,"6":0,"7":0,"8":0,"9":0,"10":0,"11":0,"12":0,"13":0,"14":0,"15":0,"16":0,"17":0,"18":0,"19":0,"20":0,"21":0,"22":0,"23":0},"f":{"0":0,"1":0,"2":0,"3":0,"4":0},"b":{"0":[0,0],"1":[0,0],"2":[0,0],"3":[0,0],"4":[0,0]}}
,"/home/tim/git/temp/triage-tracker/backend/src/ai/constants.ts": {"path":"/home/tim/git/temp/triage-tracker/backend/src/ai/constants.ts","statementMap":{"0":{"start":{"line":2,"column":13},"end":{"line":2,"column":47}}},"fnMap":{},"branchMap":{},"s":{"0":0},"f":{},"b":{}}
,"/home/tim/git/temp/triage-tracker/backend/src/ai/gemini.client.ts": {"path":"/home/tim/git/temp/triage-tracker/backend/src/ai/gemini.client.ts","statementMap":{"0":{"start":{"line":1,"column":0},"end":{"line":1,"column":59}},"1":{"start":{"line":2,"column":0},"end":{"line":2,"column":52}},"2":{"start":{"line":3,"column":0},"end":{"line":3,"column":47}},"3":{"start":{"line":4,"column":0},"end":{"line":4,"column":43}},"4":{"start":{"line":7,"column":25},"end":{"line":63,"column":null}},"5":{"start":{"line":12,"column":22},"end":{"line":12,"column":37}},"6":{"start":{"line":8,"column":19},"end":{"line":8,"column":58}},"7":{"start":{"line":10,"column":19},"end":{"line":10,"column":48}},"8":{"start":{"line":13,"column":19},"end":{"line":13,"column":67}},"9":{"start":{"line":14,"column":4},"end":{"line":16,"column":5}},"10":{"start":{"line":15,"column":6},"end":{"line":15,"column":56}},"11":{"start":{"line":17,"column":4},"end":{"line":17,"column":54}},"12":{"start":{"line":21,"column":18},"end":{"line":21,"column":70}},"13":{"start":{"line":23,"column":23},"end":{"line":23,"column":24}},"14":{"start":{"line":24,"column":34},"end":{"line":24,"column":38}},"15":{"start":{"line":26,"column":4},"end":{"line":59,"column":5}},"16":{"start":{"line":26,"column":23},"end":{"line":26,"column":24}},"17":{"start":{"line":27,"column":6},"end":{"line":58,"column":7}},"18":{"start":{"line":28,"column":31},"end":{"line":33,"column":10}},"19":{"start":{"line":29,"column":20},"end":{"line":29,"column":81}},"20":{"start":{"line":29,"column":37},"end":{"line":29,"column":73}},"21":{"start":{"line":30,"column":10},"end":{"line":32,"column":11}},"22":{"start":{"line":31,"column":13},"end":{"line":31,"column":31}},"23":{"start":{"line":35,"column":23},"end":{"line":38,"column":10}},"24":{"start":{"line":40,"column":25},"end":{"line":40,"column":40}},"25":{"start":{"line":41,"column":21},"end":{"line":41,"column":36}},"26":{"start":{"line":43,"column":8},"end":{"line":45,"column":9}},"27":{"start":{"line":44,"column":10},"end":{"line":44,"column":60}},"28":{"start":{"line":47,"column":8},"end":{"line":47,"column":20}},"29":{"start":{"line":49,"column":8},"end":{"line":49,"column":35}},"30":{"start":{"line":50,"column":8},"end":{"line":52,"column":10}},"31":{"start":{"line":54,"column":8},"end":{"line":57,"column":9}},"32":{"start":{"line":55,"column":31},"end":{"line":55,"column":78}},"33":{"start":{"line":56,"column":10},"end":{"line":56,"column":74}},"34":{"start":{"line":56,"column":39},"end":{"line":56,"column":72}},"35":{"start":{"line":61,"column":4},"end":{"line":61,"column":93}},"36":{"start":{"line":7,"column":13},"end":{"line":7,"column":25}},"37":{"start":{"line":7,"column":13},"end":{"line":63,"column":null}}},"fnMap":{"0":{"name":"(anonymous_2)","decl":{"start":{"line":12,"column":2},"end":{"line":12,"column":22}},"loc":{"start":{"line":12,"column":50},"end":{"line":18,"column":3}}},"1":{"name":"(anonymous_3)","decl":{"start":{"line":20,"column":2},"end":{"line":20,"column":7}},"loc":{"start":{"line":20,"column":35},"end":{"line":62,"column":3}}},"2":{"name":"(anonymous_4)","decl":{"start":{"line":28,"column":50},"end":{"line":28,"column":51}},"loc":{"start":{"line":28,"column":64},"end":{"line":33,"column":9}}},"3":{"name":"(anonymous_5)","decl":{"start":{"line":29,"column":31},"end":{"line":29,"column":34}},"loc":{"start":{"line":29,"column":37},"end":{"line":29,"column":73}}},"4":{"name":"(anonymous_6)","decl":{"start":{"line":56,"column":28},"end":{"line":56,"column":35}},"loc":{"start":{"line":56,"column":39},"end":{"line":56,"column":72}}}},"branchMap":{"0":{"loc":{"start":{"line":14,"column":4},"end":{"line":16,"column":5}},"type":"if","locations":[{"start":{"line":14,"column":4},"end":{"line":16,"column":5}},{"start":{},"end":{}}]},"1":{"loc":{"start":{"line":17,"column":40},"end":{"line":17,"column":52}},"type":"binary-expr","locations":[{"start":{"line":17,"column":40},"end":{"line":17,"column":46}},{"start":{"line":17,"column":50},"end":{"line":17,"column":52}}]},"2":{"loc":{"start":{"line":30,"column":10},"end":{"line":32,"column":11}},"type":"if","locations":[{"start":{"line":30,"column":10},"end":{"line":32,"column":11}},{"start":{},"end":{}}]},"3":{"loc":{"start":{"line":30,"column":22},"end":{"line":30,"column":38}},"type":"cond-expr","locations":[{"start":{"line":30,"column":23},"end":{"line":30,"column":31}},{"start":{"line":30,"column":22},"end":{"line":30,"column":38}}]},"4":{"loc":{"start":{"line":30,"column":22},"end":{"line":30,"column":31}},"type":"binary-expr","locations":[{"start":{"line":30,"column":22},"end":{"line":30,"column":33}},{"start":{"line":30,"column":22},"end":{"line":30,"column":31}}]},"5":{"loc":{"start":{"line":43,"column":8},"end":{"line":45,"column":9}},"type":"if","locations":[{"start":{"line":43,"column":8},"end":{"line":45,"column":9}},{"start":{},"end":{}}]},"6":{"loc":{"start":{"line":54,"column":8},"end":{"line":57,"column":9}},"type":"if","locations":[{"start":{"line":54,"column":8},"end":{"line":57,"column":9}},{"start":{},"end":{}}]},"7":{"loc":{"start":{"line":61,"column":71},"end":{"line":61,"column":89}},"type":"cond-expr","locations":[{"start":{"line":61,"column":80},"end":{"line":61,"column":82}},{"start":{"line":61,"column":71},"end":{"line":61,"column":89}}]},"8":{"loc":{"start":{"line":61,"column":71},"end":{"line":61,"column":82}},"type":"binary-expr","locations":[{"start":{"line":61,"column":71},"end":{"line":61,"column":82}},{"start":{"line":61,"column":71},"end":{"line":61,"column":82}}]}},"s":{"0":0,"1":0,"2":0,"3":0,"4":0,"5":0,"6":0,"7":0,"8":0,"9":0,"10":0,"11":0,"12":0,"13":0,"14":0,"15":0,"16":0,"17":0,"18":0,"19":0,"20":0,"21":0,"22":0,"23":0,"24":0,"25":0,"26":0,"27":0,"28":0,"29":0,"30":0,"31":0,"32":0,"33":0,"34":0,"35":0,"36":0,"37":0},"f":{"0":0,"1":0,"2":0,"3":0,"4":0},"b":{"0":[0,0],"1":[0,0],"2":[0,0],"3":[0,0],"4":[0,0],"5":[0,0],"6":[0,0],"7":[0,0],"8":[0,0]}}
,"/home/tim/git/temp/triage-tracker/backend/src/auth/auth.controller.ts": {"path":"/home/tim/git/temp/triage-tracker/backend/src/auth/auth.controller.ts","statementMap":{"0":{"start":{"line":1,"column":0},"end":{"line":1,"column":99}},"1":{"start":{"line":3,"column":0},"end":{"line":3,"column":45}},"2":{"start":{"line":4,"column":0},"end":{"line":4,"column":59}},"3":{"start":{"line":5,"column":0},"end":{"line":5,"column":43}},"4":{"start":{"line":6,"column":0},"end":{"line":6,"column":47}},"5":{"start":{"line":7,"column":0},"end":{"line":7,"column":55}},"6":{"start":{"line":10,"column":7},"end":{"line":75,"column":null}},"7":{"start":{"line":11,"column":22},"end":{"line":11,"column":35}},"8":{"start":{"line":19,"column":19},"end":{"line":19,"column":66}},"9":{"start":{"line":22,"column":4},"end":{"line":27,"column":7}},"10":{"start":{"line":29,"column":4},"end":{"line":32,"column":6}},"11":{"start":{"line":40,"column":25},"end":{"line":40,"column":72}},"12":{"start":{"line":42,"column":4},"end":{"line":44,"column":5}},"13":{"start":{"line":43,"column":6},"end":{"line":43,"column":52}},"14":{"start":{"line":46,"column":19},"end":{"line":46,"column":63}},"15":{"start":{"line":49,"column":4},"end":{"line":54,"column":7}},"16":{"start":{"line":56,"column":4},"end":{"line":59,"column":6}},"17":{"start":{"line":65,"column":25},"end":{"line":65,"column":50}},"18":{"start":{"line":67,"column":4},"end":{"line":69,"column":5}},"19":{"start":{"line":68,"column":6},"end":{"line":68,"column":50}},"20":{"start":{"line":71,"column":4},"end":{"line":71,"column":36}},"21":{"start":{"line":73,"column":4},"end":{"line":73,"column":50}},"22":{"start":{"line":10,"column":13},"end":{"line":10,"column":27}},"23":{"start":{"line":17,"column":8},"end":{"line":33,"column":null}},"24":{"start":{"line":38,"column":8},"end":{"line":60,"column":null}},"25":{"start":{"line":64,"column":8},"end":{"line":74,"column":null}},"26":{"start":{"line":10,"column":13},"end":{"line":75,"column":null}}},"fnMap":{"0":{"name":"(anonymous_4)","decl":{"start":{"line":11,"column":2},"end":{"line":11,"column":22}},"loc":{"start":{"line":11,"column":46},"end":{"line":11,"column":50}}},"1":{"name":"(anonymous_5)","decl":{"start":{"line":17,"column":8},"end":{"line":17,"column":13}},"loc":{"start":{"line":17,"column":105},"end":{"line":33,"column":3}}},"2":{"name":"(anonymous_6)","decl":{"start":{"line":38,"column":8},"end":{"line":38,"column":15}},"loc":{"start":{"line":38,"column":104},"end":{"line":60,"column":3}}},"3":{"name":"(anonymous_7)","decl":{"start":{"line":64,"column":8},"end":{"line":64,"column":14}},"loc":{"start":{"line":64,"column":77},"end":{"line":74,"column":3}}}},"branchMap":{"0":{"loc":{"start":{"line":40,"column":25},"end":{"line":40,"column":72}},"type":"binary-expr","locations":[{"start":{"line":40,"column":25},"end":{"line":40,"column":42}},{"start":{"line":40,"column":46},"end":{"line":40,"column":71}}]},"1":{"loc":{"start":{"line":40,"column":46},"end":{"line":40,"column":71}},"type":"cond-expr","locations":[{"start":{"line":40,"column":57},"end":{"line":40,"column":59}},{"start":{"line":40,"column":57},"end":{"line":40,"column":71}}]},"2":{"loc":{"start":{"line":40,"column":46},"end":{"line":40,"column":59}},"type":"binary-expr","locations":[{"start":{"line":40,"column":46},"end":{"line":40,"column":59}},{"start":{"line":40,"column":57},"end":{"line":40,"column":59}}]},"3":{"loc":{"start":{"line":42,"column":4},"end":{"line":44,"column":5}},"type":"if","locations":[{"start":{"line":42,"column":4},"end":{"line":44,"column":5}},{"start":{},"end":{}}]},"4":{"loc":{"start":{"line":65,"column":25},"end":{"line":65,"column":50}},"type":"cond-expr","locations":[{"start":{"line":65,"column":36},"end":{"line":65,"column":38}},{"start":{"line":65,"column":36},"end":{"line":65,"column":50}}]},"5":{"loc":{"start":{"line":65,"column":25},"end":{"line":65,"column":38}},"type":"binary-expr","locations":[{"start":{"line":65,"column":25},"end":{"line":65,"column":38}},{"start":{"line":65,"column":36},"end":{"line":65,"column":38}}]},"6":{"loc":{"start":{"line":67,"column":4},"end":{"line":69,"column":5}},"type":"if","locations":[{"start":{"line":67,"column":4},"end":{"line":69,"column":5}},{"start":{},"end":{}}]}},"s":{"0":0,"1":0,"2":0,"3":0,"4":0,"5":0,"6":0,"7":0,"8":0,"9":0,"10":0,"11":0,"12":0,"13":0,"14":0,"15":0,"16":0,"17":0,"18":0,"19":0,"20":0,"21":0,"22":0,"23":0,"24":0,"25":0,"26":0},"f":{"0":0,"1":0,"2":0,"3":0},"b":{"0":[0,0],"1":[0,0],"2":[0,0],"3":[0,0],"4":[0,0],"5":[0,0],"6":[0,0]}}
,"/home/tim/git/temp/triage-tracker/backend/src/auth/auth.service.ts": {"path":"/home/tim/git/temp/triage-tracker/backend/src/auth/auth.service.ts","statementMap":{"0":{"start":{"line":1,"column":0},"end":{"line":1,"column":75}},"1":{"start":{"line":2,"column":0},"end":{"line":2,"column":41}},"2":{"start":{"line":3,"column":0},"end":{"line":3,"column":47}},"3":{"start":{"line":4,"column":0},"end":{"line":4,"column":33}},"4":{"start":{"line":5,"column":0},"end":{"line":5,"column":59}},"5":{"start":{"line":16,"column":24},"end":{"line":155,"column":null}},"6":{"start":{"line":20,"column":12},"end":{"line":20,"column":20}},"7":{"start":{"line":21,"column":12},"end":{"line":21,"column":24}},"8":{"start":{"line":22,"column":12},"end":{"line":22,"column":20}},"9":{"start":{"line":17,"column":19},"end":{"line":17,"column":57}},"10":{"start":{"line":26,"column":17},"end":{"line":29,"column":6}},"11":{"start":{"line":31,"column":4},"end":{"line":33,"column":5}},"12":{"start":{"line":32,"column":6},"end":{"line":32,"column":18}},"13":{"start":{"line":35,"column":28},"end":{"line":35,"column":77}},"14":{"start":{"line":36,"column":4},"end":{"line":38,"column":5}},"15":{"start":{"line":37,"column":6},"end":{"line":37,"column":18}},"16":{"start":{"line":40,"column":4},"end":{"line":40,"column":16}},"17":{"start":{"line":44,"column":4},"end":{"line":46,"column":5}},"18":{"start":{"line":45,"column":6},"end":{"line":45,"column":77}},"19":{"start":{"line":48,"column":32},"end":{"line":53,"column":6}},"20":{"start":{"line":55,"column":24},"end":{"line":55,"column":53}},"21":{"start":{"line":56,"column":25},"end":{"line":56,"column":63}},"22":{"start":{"line":59,"column":4},"end":{"line":62,"column":7}},"23":{"start":{"line":64,"column":4},"end":{"line":74,"column":6}},"24":{"start":{"line":78,"column":24},"end":{"line":81,"column":6}},"25":{"start":{"line":83,"column":4},"end":{"line":85,"column":5}},"26":{"start":{"line":84,"column":6},"end":{"line":84,"column":74}},"27":{"start":{"line":88,"column":4},"end":{"line":91,"column":7}},"28":{"start":{"line":94,"column":4},"end":{"line":94,"column":40}},"29":{"start":{"line":98,"column":4},"end":{"line":101,"column":7}},"30":{"start":{"line":105,"column":18},"end":{"line":105,"column":44}},"31":{"start":{"line":106,"column":22},"end":{"line":106,"column":81}},"32":{"start":{"line":107,"column":22},"end":{"line":107,"column":53}},"33":{"start":{"line":109,"column":4},"end":{"line":115,"column":7}},"34":{"start":{"line":117,"column":4},"end":{"line":117,"column":17}},"35":{"start":{"line":121,"column":23},"end":{"line":121,"column":25}},"36":{"start":{"line":122,"column":4},"end":{"line":122,"column":45}},"37":{"start":{"line":126,"column":19},"end":{"line":126,"column":36}},"38":{"start":{"line":127,"column":4},"end":{"line":127,"column":56}},"39":{"start":{"line":131,"column":16},"end":{"line":131,"column":26}},"40":{"start":{"line":132,"column":18},"end":{"line":132,"column":50}},"41":{"start":{"line":134,"column":4},"end":{"line":136,"column":5}},"42":{"start":{"line":135,"column":6},"end":{"line":135,"column":62}},"43":{"start":{"line":138,"column":29},"end":{"line":138,"column":34}},"44":{"start":{"line":139,"column":18},"end":{"line":139,"column":38}},"45":{"start":{"line":141,"column":4},"end":{"line":151,"column":5}},"46":{"start":{"line":143,"column":8},"end":{"line":143,"column":43}},"47":{"start":{"line":144,"column":8},"end":{"line":144,"column":14}},"48":{"start":{"line":146,"column":8},"end":{"line":146,"column":45}},"49":{"start":{"line":147,"column":8},"end":{"line":147,"column":14}},"50":{"start":{"line":149,"column":8},"end":{"line":149,"column":49}},"51":{"start":{"line":150,"column":8},"end":{"line":150,"column":14}},"52":{"start":{"line":153,"column":4},"end":{"line":153,"column":15}},"53":{"start":{"line":16,"column":13},"end":{"line":16,"column":24}},"54":{"start":{"line":16,"column":13},"end":{"line":155,"column":null}}},"fnMap":{"0":{"name":"(anonymous_2)","decl":{"start":{"line":19,"column":2},"end":{"line":19,"column":null}},"loc":{"start":{"line":22,"column":33},"end":{"line":23,"column":6}}},"1":{"name":"(anonymous_3)","decl":{"start":{"line":25,"column":2},"end":{"line":25,"column":7}},"loc":{"start":{"line":25,"column":52},"end":{"line":41,"column":3}}},"2":{"name":"(anonymous_4)","decl":{"start":{"line":43,"column":2},"end":{"line":43,"column":7}},"loc":{"start":{"line":43,"column":24},"end":{"line":75,"column":3}}},"3":{"name":"(anonymous_5)","decl":{"start":{"line":77,"column":2},"end":{"line":77,"column":7}},"loc":{"start":{"line":77,"column":36},"end":{"line":95,"column":3}}},"4":{"name":"(anonymous_6)","decl":{"start":{"line":97,"column":2},"end":{"line":97,"column":7}},"loc":{"start":{"line":97,"column":35},"end":{"line":102,"column":3}}},"5":{"name":"(anonymous_7)","decl":{"start":{"line":104,"column":2},"end":{"line":104,"column":7}},"loc":{"start":{"line":104,"column":41},"end":{"line":118,"column":3}}},"6":{"name":"(anonymous_8)","decl":{"start":{"line":120,"column":2},"end":{"line":120,"column":7}},"loc":{"start":{"line":120,"column":37},"end":{"line":123,"column":3}}},"7":{"name":"(anonymous_9)","decl":{"start":{"line":125,"column":10},"end":{"line":125,"column":29}},"loc":{"start":{"line":125,"column":29},"end":{"line":128,"column":3}}},"8":{"name":"(anonymous_10)","decl":{"start":{"line":130,"column":10},"end":{"line":130,"column":25}},"loc":{"start":{"line":130,"column":42},"end":{"line":154,"column":3}}}},"branchMap":{"0":{"loc":{"start":{"line":31,"column":4},"end":{"line":33,"column":5}},"type":"if","locations":[{"start":{"line":31,"column":4},"end":{"line":33,"column":5}},{"start":{},"end":{}}]},"1":{"loc":{"start":{"line":31,"column":8},"end":{"line":31,"column":35}},"type":"binary-expr","locations":[{"start":{"line":31,"column":8},"end":{"line":31,"column":13}},{"start":{"line":31,"column":17},"end":{"line":31,"column":35}}]},"2":{"loc":{"start":{"line":36,"column":4},"end":{"line":38,"column":5}},"type":"if","locations":[{"start":{"line":36,"column":4},"end":{"line":38,"column":5}},{"start":{},"end":{}}]},"3":{"loc":{"start":{"line":44,"column":4},"end":{"line":46,"column":5}},"type":"if","locations":[{"start":{"line":44,"column":4},"end":{"line":46,"column":5}},{"start":{},"end":{}}]},"4":{"loc":{"start":{"line":83,"column":4},"end":{"line":85,"column":5}},"type":"if","locations":[{"start":{"line":83,"column":4},"end":{"line":85,"column":5}},{"start":{},"end":{}}]},"5":{"loc":{"start":{"line":83,"column":8},"end":{"line":83,"column":81}},"type":"binary-expr","locations":[{"start":{"line":83,"column":8},"end":{"line":83,"column":20}},{"start":{"line":83,"column":24},"end":{"line":83,"column":43}},{"start":{"line":83,"column":47},"end":{"line":83,"column":81}}]},"6":{"loc":{"start":{"line":106,"column":22},"end":{"line":106,"column":81}},"type":"binary-expr","locations":[{"start":{"line":106,"column":22},"end":{"line":106,"column":73}},{"start":{"line":106,"column":77},"end":{"line":106,"column":81}}]},"7":{"loc":{"start":{"line":134,"column":4},"end":{"line":136,"column":5}},"type":"if","locations":[{"start":{"line":134,"column":4},"end":{"line":136,"column":5}},{"start":{},"end":{}}]},"8":{"loc":{"start":{"line":141,"column":4},"end":{"line":151,"column":5}},"type":"switch","locations":[{"start":{"line":142,"column":6},"end":{"line":144,"column":14}},{"start":{"line":145,"column":6},"end":{"line":147,"column":14}},{"start":{"line":148,"column":6},"end":{"line":150,"column":14}}]}},"s":{"0":0,"1":0,"2":0,"3":0,"4":0,"5":0,"6":0,"7":0,"8":0,"9":0,"10":0,"11":0,"12":0,"13":0,"14":0,"15":0,"16":0,"17":0,"18":0,"19":0,"20":0,"21":0,"22":0,"23":0,"24":0,"25":0,"26":0,"27":0,"28":0,"29":0,"30":0,"31":0,"32":0,"33":0,"34":0,"35":0,"36":0,"37":0,"38":0,"39":0,"40":0,"41":0,"42":0,"43":0,"44":0,"45":0,"46":0,"47":0,"48":0,"49":0,"50":0,"51":0,"52":0,"53":0,"54":0},"f":{"0":0,"1":0,"2":0,"3":0,"4":0,"5":0,"6":0,"7":0,"8":0},"b":{"0":[0,0],"1":[0,0],"2":[0,0],"3":[0,0],"4":[0,0],"5":[0,0,0],"6":[0,0],"7":[0,0],"8":[0,0,0]}}
,"/home/tim/git/temp/triage-tracker/backend/src/auth/decorators/current-user.decorator.ts": {"path":"/home/tim/git/temp/triage-tracker/backend/src/auth/decorators/current-user.decorator.ts","statementMap":{"0":{"start":{"line":1,"column":0},"end":{"line":1,"column":72}},"1":{"start":{"line":10,"column":13},"end":{"line":15,"column":2}},"2":{"start":{"line":12,"column":20},"end":{"line":12,"column":51}},"3":{"start":{"line":13,"column":4},"end":{"line":13,"column":24}}},"fnMap":{"0":{"name":"(anonymous_0)","decl":{"start":{"line":11,"column":2},"end":{"line":11,"column":3}},"loc":{"start":{"line":11,"column":60},"end":{"line":14,"column":3}}}},"branchMap":{},"s":{"0":0,"1":0,"2":0,"3":0},"f":{"0":0},"b":{}}
,"/home/tim/git/temp/triage-tracker/backend/src/auth/decorators/public.decorator.ts": {"path":"/home/tim/git/temp/triage-tracker/backend/src/auth/decorators/public.decorator.ts","statementMap":{"0":{"start":{"line":1,"column":0},"end":{"line":1,"column":45}},"1":{"start":{"line":3,"column":13},"end":{"line":3,"column":40}},"2":{"start":{"line":4,"column":22},"end":{"line":4,"column":60}},"3":{"start":{"line":4,"column":28},"end":{"line":4,"column":60}},"4":{"start":{"line":4,"column":13},"end":{"line":4,"column":22}}},"fnMap":{"0":{"name":"(anonymous_0)","decl":{"start":{"line":4,"column":22},"end":{"line":4,"column":25}},"loc":{"start":{"line":4,"column":28},"end":{"line":4,"column":60}}}},"branchMap":{},"s":{"0":0,"1":0,"2":0,"3":0,"4":0},"f":{"0":0},"b":{}}
,"/home/tim/git/temp/triage-tracker/backend/src/auth/decorators/roles.decorator.ts": {"path":"/home/tim/git/temp/triage-tracker/backend/src/auth/decorators/roles.decorator.ts","statementMap":{"0":{"start":{"line":1,"column":0},"end":{"line":1,"column":45}},"1":{"start":{"line":4,"column":13},"end":{"line":4,"column":33}},"2":{"start":{"line":5,"column":21},"end":{"line":5,"column":76}},"3":{"start":{"line":5,"column":47},"end":{"line":5,"column":76}},"4":{"start":{"line":5,"column":13},"end":{"line":5,"column":21}}},"fnMap":{"0":{"name":"(anonymous_0)","decl":{"start":{"line":5,"column":21},"end":{"line":5,"column":22}},"loc":{"start":{"line":5,"column":47},"end":{"line":5,"column":76}}}},"branchMap":{},"s":{"0":0,"1":0,"2":0,"3":0,"4":0},"f":{"0":0},"b":{}}
,"/home/tim/git/temp/triage-tracker/backend/src/auth/guards/jwt-auth.guard.ts": {"path":"/home/tim/git/temp/triage-tracker/backend/src/auth/guards/jwt-auth.guard.ts","statementMap":{"0":{"start":{"line":1,"column":0},"end":{"line":1,"column":62}},"1":{"start":{"line":2,"column":0},"end":{"line":2,"column":41}},"2":{"start":{"line":3,"column":0},"end":{"line":3,"column":45}},"3":{"start":{"line":4,"column":0},"end":{"line":4,"column":63}},"4":{"start":{"line":7,"column":7},"end":{"line":24,"column":null}},"5":{"start":{"line":9,"column":4},"end":{"line":9,"column":12}},"6":{"start":{"line":8,"column":22},"end":{"line":8,"column":33}},"7":{"start":{"line":13,"column":21},"end":{"line":16,"column":6}},"8":{"start":{"line":18,"column":4},"end":{"line":20,"column":5}},"9":{"start":{"line":19,"column":6},"end":{"line":19,"column":18}},"10":{"start":{"line":22,"column":4},"end":{"line":22,"column":38}},"11":{"start":{"line":7,"column":13},"end":{"line":7,"column":25}},"12":{"start":{"line":7,"column":13},"end":{"line":24,"column":null}}},"fnMap":{"0":{"name":"(anonymous_2)","decl":{"start":{"line":8,"column":2},"end":{"line":8,"column":22}},"loc":{"start":{"line":8,"column":42},"end":{"line":10,"column":3}}},"1":{"name":"(anonymous_3)","decl":{"start":{"line":12,"column":2},"end":{"line":12,"column":13}},"loc":{"start":{"line":12,"column":39},"end":{"line":23,"column":3}}}},"branchMap":{"0":{"loc":{"start":{"line":18,"column":4},"end":{"line":20,"column":5}},"type":"if","locations":[{"start":{"line":18,"column":4},"end":{"line":20,"column":5}},{"start":{},"end":{}}]}},"s":{"0":0,"1":0,"2":0,"3":0,"4":0,"5":0,"6":0,"7":0,"8":0,"9":0,"10":0,"11":0,"12":0},"f":{"0":0,"1":0},"b":{"0":[0,0]}}
,"/home/tim/git/temp/triage-tracker/backend/src/auth/guards/local-auth.guard.ts": {"path":"/home/tim/git/temp/triage-tracker/backend/src/auth/guards/local-auth.guard.ts","statementMap":{"0":{"start":{"line":1,"column":0},"end":{"line":1,"column":44}},"1":{"start":{"line":2,"column":0},"end":{"line":2,"column":45}},"2":{"start":{"line":5,"column":7},"end":{"line":5,"column":null}},"3":{"start":{"line":5,"column":13},"end":{"line":5,"column":27}},"4":{"start":{"line":5,"column":13},"end":{"line":5,"column":null}}},"fnMap":{},"branchMap":{},"s":{"0":0,"1":0,"2":0,"3":0,"4":0},"f":{},"b":{}}
,"/home/tim/git/temp/triage-tracker/backend/src/auth/guards/organization.guard.ts": {"path":"/home/tim/git/temp/triage-tracker/backend/src/auth/guards/organization.guard.ts","statementMap":{"0":{"start":{"line":1,"column":0},"end":{"line":1,"column":95}},"1":{"start":{"line":4,"column":7},"end":{"line":20,"column":null}},"2":{"start":{"line":6,"column":16},"end":{"line":6,"column":51}},"3":{"start":{"line":7,"column":17},"end":{"line":7,"column":25}},"4":{"start":{"line":8,"column":18},"end":{"line":8,"column":35}},"5":{"start":{"line":10,"column":4},"end":{"line":12,"column":5}},"6":{"start":{"line":11,"column":6},"end":{"line":11,"column":52}},"7":{"start":{"line":14,"column":4},"end":{"line":16,"column":5}},"8":{"start":{"line":15,"column":6},"end":{"line":15,"column":52}},"9":{"start":{"line":18,"column":4},"end":{"line":18,"column":16}},"10":{"start":{"line":4,"column":13},"end":{"line":4,"column":30}},"11":{"start":{"line":4,"column":13},"end":{"line":20,"column":null}}},"fnMap":{"0":{"name":"(anonymous_1)","decl":{"start":{"line":5,"column":2},"end":{"line":5,"column":13}},"loc":{"start":{"line":5,"column":39},"end":{"line":19,"column":3}}}},"branchMap":{"0":{"loc":{"start":{"line":8,"column":18},"end":{"line":8,"column":35}},"type":"cond-expr","locations":[{"start":{"line":8,"column":28},"end":{"line":8,"column":30}},{"start":{"line":8,"column":28},"end":{"line":8,"column":35}}]},"1":{"loc":{"start":{"line":8,"column":18},"end":{"line":8,"column":30}},"type":"binary-expr","locations":[{"start":{"line":8,"column":18},"end":{"line":8,"column":30}},{"start":{"line":8,"column":28},"end":{"line":8,"column":30}}]},"2":{"loc":{"start":{"line":10,"column":4},"end":{"line":12,"column":5}},"type":"if","locations":[{"start":{"line":10,"column":4},"end":{"line":12,"column":5}},{"start":{},"end":{}}]},"3":{"loc":{"start":{"line":10,"column":8},"end":{"line":10,"column":23}},"type":"binary-expr","locations":[{"start":{"line":10,"column":8},"end":{"line":10,"column":13}},{"start":{"line":10,"column":17},"end":{"line":10,"column":23}}]},"4":{"loc":{"start":{"line":14,"column":4},"end":{"line":16,"column":5}},"type":"if","locations":[{"start":{"line":14,"column":4},"end":{"line":16,"column":5}},{"start":{},"end":{}}]}},"s":{"0":0,"1":0,"2":0,"3":0,"4":0,"5":0,"6":0,"7":0,"8":0,"9":0,"10":0,"11":0},"f":{"0":0},"b":{"0":[0,0],"1":[0,0],"2":[0,0],"3":[0,0],"4":[0,0]}}
,"/home/tim/git/temp/triage-tracker/backend/src/auth/guards/roles.guard.ts": {"path":"/home/tim/git/temp/triage-tracker/backend/src/auth/guards/roles.guard.ts","statementMap":{"0":{"start":{"line":1,"column":0},"end":{"line":1,"column":75}},"1":{"start":{"line":2,"column":0},"end":{"line":2,"column":41}},"2":{"start":{"line":4,"column":0},"end":{"line":4,"column":58}},"3":{"start":{"line":7,"column":7},"end":{"line":23,"column":null}},"4":{"start":{"line":8,"column":22},"end":{"line":8,"column":33}},"5":{"start":{"line":11,"column":26},"end":{"line":14,"column":6}},"6":{"start":{"line":16,"column":4},"end":{"line":18,"column":5}},"7":{"start":{"line":17,"column":6},"end":{"line":17,"column":18}},"8":{"start":{"line":20,"column":21},"end":{"line":20,"column":56}},"9":{"start":{"line":21,"column":4},"end":{"line":21,"column":60}},"10":{"start":{"line":21,"column":40},"end":{"line":21,"column":58}},"11":{"start":{"line":7,"column":13},"end":{"line":7,"column":23}},"12":{"start":{"line":7,"column":13},"end":{"line":23,"column":null}}},"fnMap":{"0":{"name":"(anonymous_2)","decl":{"start":{"line":8,"column":2},"end":{"line":8,"column":22}},"loc":{"start":{"line":8,"column":42},"end":{"line":8,"column":46}}},"1":{"name":"(anonymous_3)","decl":{"start":{"line":10,"column":2},"end":{"line":10,"column":13}},"loc":{"start":{"line":10,"column":39},"end":{"line":22,"column":3}}},"2":{"name":"(anonymous_4)","decl":{"start":{"line":21,"column":30},"end":{"line":21,"column":31}},"loc":{"start":{"line":21,"column":40},"end":{"line":21,"column":58}}}},"branchMap":{"0":{"loc":{"start":{"line":16,"column":4},"end":{"line":18,"column":5}},"type":"if","locations":[{"start":{"line":16,"column":4},"end":{"line":18,"column":5}},{"start":{},"end":{}}]}},"s":{"0":0,"1":0,"2":0,"3":0,"4":0,"5":0,"6":0,"7":0,"8":0,"9":0,"10":0,"11":0,"12":0},"f":{"0":0,"1":0,"2":0},"b":{"0":[0,0]}}
,"/home/tim/git/temp/triage-tracker/backend/src/auth/strategies/jwt.strategy.ts": {"path":"/home/tim/git/temp/triage-tracker/backend/src/auth/strategies/jwt.strategy.ts","statementMap":{"0":{"start":{"line":1,"column":0},"end":{"line":1,"column":52}},"1":{"start":{"line":2,"column":0},"end":{"line":2,"column":52}},"2":{"start":{"line":3,"column":0},"end":{"line":3,"column":44}},"3":{"start":{"line":4,"column":0},"end":{"line":4,"column":47}},"4":{"start":{"line":8,"column":7},"end":{"line":25,"column":null}},"5":{"start":{"line":10,"column":4},"end":{"line":14,"column":7}},"6":{"start":{"line":18,"column":4},"end":{"line":23,"column":6}},"7":{"start":{"line":8,"column":13},"end":{"line":8,"column":24}},"8":{"start":{"line":8,"column":13},"end":{"line":25,"column":null}}},"fnMap":{"0":{"name":"(anonymous_2)","decl":{"start":{"line":9,"column":2},"end":{"line":9,"column":14}},"loc":{"start":{"line":9,"column":35},"end":{"line":15,"column":3}}},"1":{"name":"(anonymous_3)","decl":{"start":{"line":17,"column":2},"end":{"line":17,"column":7}},"loc":{"start":{"line":17,"column":36},"end":{"line":24,"column":3}}}},"branchMap":{"0":{"loc":{"start":{"line":13,"column":19},"end":{"line":13,"column":88}},"type":"binary-expr","locations":[{"start":{"line":13,"column":19},"end":{"line":13,"column":51}},{"start":{"line":13,"column":55},"end":{"line":13,"column":88}}]}},"s":{"0":0,"1":0,"2":0,"3":0,"4":0,"5":0,"6":0,"7":0,"8":0},"f":{"0":0,"1":0},"b":{"0":[0,0]}}
,"/home/tim/git/temp/triage-tracker/backend/src/auth/strategies/local.strategy.ts": {"path":"/home/tim/git/temp/triage-tracker/backend/src/auth/strategies/local.strategy.ts","statementMap":{"0":{"start":{"line":1,"column":0},"end":{"line":1,"column":42}},"1":{"start":{"line":2,"column":0},"end":{"line":2,"column":52}},"2":{"start":{"line":3,"column":0},"end":{"line":3,"column":67}},"3":{"start":{"line":4,"column":0},"end":{"line":4,"column":46}},"4":{"start":{"line":7,"column":7},"end":{"line":22,"column":null}},"5":{"start":{"line":9,"column":4},"end":{"line":12,"column":7}},"6":{"start":{"line":8,"column":22},"end":{"line":8,"column":35}},"7":{"start":{"line":16,"column":17},"end":{"line":16,"column":69}},"8":{"start":{"line":17,"column":4},"end":{"line":19,"column":5}},"9":{"start":{"line":18,"column":6},"end":{"line":18,"column":67}},"10":{"start":{"line":20,"column":4},"end":{"line":20,"column":16}},"11":{"start":{"line":7,"column":13},"end":{"line":7,"column":26}},"12":{"start":{"line":7,"column":13},"end":{"line":22,"column":null}}},"fnMap":{"0":{"name":"(anonymous_2)","decl":{"start":{"line":8,"column":2},"end":{"line":8,"column":22}},"loc":{"start":{"line":8,"column":46},"end":{"line":13,"column":3}}},"1":{"name":"(anonymous_3)","decl":{"start":{"line":15,"column":2},"end":{"line":15,"column":7}},"loc":{"start":{"line":15,"column":48},"end":{"line":21,"column":3}}}},"branchMap":{"0":{"loc":{"start":{"line":17,"column":4},"end":{"line":19,"column":5}},"type":"if","locations":[{"start":{"line":17,"column":4},"end":{"line":19,"column":5}},{"start":{},"end":{}}]}},"s":{"0":0,"1":0,"2":0,"3":0,"4":0,"5":0,"6":0,"7":0,"8":0,"9":0,"10":0,"11":0,"12":0},"f":{"0":0,"1":0},"b":{"0":[0,0]}}
,"/home/tim/git/temp/triage-tracker/backend/src/config/config.service.ts": {"path":"/home/tim/git/temp/triage-tracker/backend/src/config/config.service.ts","statementMap":{"0":{"start":{"line":1,"column":0},"end":{"line":1,"column":33}},"1":{"start":{"line":2,"column":0},"end":{"line":2,"column":16}},"2":{"start":{"line":5,"column":19},"end":{"line":5,"column":73}},"3":{"start":{"line":8,"column":14},"end":{"line":8,"column":27}},"4":{"start":{"line":9,"column":4},"end":{"line":9,"column":61}},"5":{"start":{"line":9,"column":39},"end":{"line":9,"column":61}},"6":{"start":{"line":10,"column":4},"end":{"line":10,"column":13}},"7":{"start":{"line":14,"column":14},"end":{"line":14,"column":27}},"8":{"start":{"line":15,"column":14},"end":{"line":15,"column":23}},"9":{"start":{"line":16,"column":4},"end":{"line":16,"column":46}},"10":{"start":{"line":16,"column":25},"end":{"line":16,"column":46}},"11":{"start":{"line":17,"column":4},"end":{"line":17,"column":13}},"12":{"start":{"line":21,"column":4},"end":{"line":21,"column":39}},"13":{"start":{"line":25,"column":4},"end":{"line":25,"column":44}},"14":{"start":{"line":29,"column":17},"end":{"line":29,"column":81}},"15":{"start":{"line":30,"column":4},"end":{"line":30,"column":76}},"16":{"start":{"line":30,"column":39},"end":{"line":30,"column":76}},"17":{"start":{"line":31,"column":4},"end":{"line":31,"column":61}},"18":{"start":{"line":31,"column":40},"end":{"line":31,"column":61}},"19":{"start":{"line":32,"column":4},"end":{"line":32,"column":32}},"20":{"start":{"line":36,"column":4},"end":{"line":36,"column":40}},"21":{"start":{"line":40,"column":4},"end":{"line":40,"column":61}},"22":{"start":{"line":44,"column":30},"end":{"line":44,"column":32}},"23":{"start":{"line":45,"column":4},"end":{"line":48,"column":5}},"24":{"start":{"line":46,"column":16},"end":{"line":46,"column":27}},"25":{"start":{"line":47,"column":6},"end":{"line":47,"column":55}},"26":{"start":{"line":47,"column":39},"end":{"line":47,"column":55}},"27":{"start":{"line":49,"column":4},"end":{"line":49,"column":19}},"28":{"start":{"line":4,"column":0},"end":{"line":4,"column":13}},"29":{"start":{"line":53,"column":0},"end":{"line":53,"column":35}}},"fnMap":{"0":{"name":"(anonymous_0)","decl":{"start":{"line":4,"column":0},"end":{"line":4,"column":13}},"loc":{"start":{"line":4,"column":0},"end":{"line":51,"column":1}}},"1":{"name":"(anonymous_1)","decl":{"start":{"line":7,"column":2},"end":{"line":7,"column":5}},"loc":{"start":{"line":7,"column":36},"end":{"line":11,"column":3}}},"2":{"name":"(anonymous_2)","decl":{"start":{"line":13,"column":2},"end":{"line":13,"column":11}},"loc":{"start":{"line":13,"column":42},"end":{"line":18,"column":3}}},"3":{"name":"(anonymous_3)","decl":{"start":{"line":20,"column":2},"end":{"line":20,"column":6}},"loc":{"start":{"line":20,"column":19},"end":{"line":22,"column":3}}},"4":{"name":"(anonymous_4)","decl":{"start":{"line":24,"column":2},"end":{"line":24,"column":6}},"loc":{"start":{"line":24,"column":24},"end":{"line":26,"column":3}}},"5":{"name":"(anonymous_5)","decl":{"start":{"line":28,"column":2},"end":{"line":28,"column":6}},"loc":{"start":{"line":28,"column":21},"end":{"line":33,"column":3}}},"6":{"name":"(anonymous_6)","decl":{"start":{"line":35,"column":2},"end":{"line":35,"column":6}},"loc":{"start":{"line":35,"column":10},"end":{"line":37,"column":3}}},"7":{"name":"(anonymous_7)","decl":{"start":{"line":39,"column":2},"end":{"line":39,"column":6}},"loc":{"start":{"line":39,"column":17},"end":{"line":41,"column":3}}},"8":{"name":"(anonymous_8)","decl":{"start":{"line":43,"column":2},"end":{"line":43,"column":18}},"loc":{"start":{"line":43,"column":33},"end":{"line":50,"column":3}}}},"branchMap":{"0":{"loc":{"start":{"line":9,"column":4},"end":{"line":9,"column":61}},"type":"if","locations":[{"start":{"line":9,"column":4},"end":{"line":9,"column":61}},{"start":{},"end":{}}]},"1":{"loc":{"start":{"line":9,"column":8},"end":{"line":9,"column":37}},"type":"binary-expr","locations":[{"start":{"line":9,"column":8},"end":{"line":9,"column":23}},{"start":{"line":9,"column":27},"end":{"line":9,"column":37}}]},"2":{"loc":{"start":{"line":9,"column":46},"end":{"line":9,"column":60}},"type":"cond-expr","locations":[{"start":{"line":9,"column":46},"end":{"line":9,"column":54}},{"start":{"line":9,"column":58},"end":{"line":9,"column":60}}]},"3":{"loc":{"start":{"line":9,"column":46},"end":{"line":9,"column":58}},"type":"binary-expr","locations":[{"start":{"line":9,"column":46},"end":{"line":9,"column":58}},{"start":{"line":9,"column":46},"end":{"line":9,"column":58}}]},"4":{"loc":{"start":{"line":16,"column":4},"end":{"line":16,"column":46}},"type":"if","locations":[{"start":{"line":16,"column":4},"end":{"line":16,"column":46}},{"start":{},"end":{}}]},"5":{"loc":{"start":{"line":16,"column":32},"end":{"line":16,"column":45}},"type":"cond-expr","locations":[{"start":{"line":16,"column":32},"end":{"line":16,"column":40}},{"start":{"line":16,"column":44},"end":{"line":16,"column":45}}]},"6":{"loc":{"start":{"line":16,"column":32},"end":{"line":16,"column":44}},"type":"binary-expr","locations":[{"start":{"line":16,"column":32},"end":{"line":16,"column":44}},{"start":{"line":16,"column":32},"end":{"line":16,"column":44}}]},"7":{"loc":{"start":{"line":29,"column":17},"end":{"line":29,"column":81}},"type":"binary-expr","locations":[{"start":{"line":29,"column":17},"end":{"line":29,"column":53}},{"start":{"line":29,"column":57},"end":{"line":29,"column":81}}]},"8":{"loc":{"start":{"line":30,"column":4},"end":{"line":30,"column":76}},"type":"if","locations":[{"start":{"line":30,"column":4},"end":{"line":30,"column":76}},{"start":{},"end":{}}]},"9":{"loc":{"start":{"line":31,"column":4},"end":{"line":31,"column":61}},"type":"if","locations":[{"start":{"line":31,"column":4},"end":{"line":31,"column":61}},{"start":{},"end":{}}]},"10":{"loc":{"start":{"line":31,"column":8},"end":{"line":31,"column":38}},"type":"binary-expr","locations":[{"start":{"line":31,"column":8},"end":{"line":31,"column":12}},{"start":{"line":31,"column":16},"end":{"line":31,"column":38}}]},"11":{"loc":{"start":{"line":47,"column":6},"end":{"line":47,"column":55}},"type":"if","locations":[{"start":{"line":47,"column":6},"end":{"line":47,"column":55}},{"start":{},"end":{}}]},"12":{"loc":{"start":{"line":47,"column":10},"end":{"line":47,"column":37}},"type":"binary-expr","locations":[{"start":{"line":47,"column":10},"end":{"line":47,"column":12}},{"start":{"line":47,"column":16},"end":{"line":47,"column":37}}]}},"s":{"0":0,"1":0,"2":0,"3":0,"4":0,"5":0,"6":0,"7":0,"8":0,"9":0,"10":0,"11":0,"12":0,"13":0,"14":0,"15":0,"16":0,"17":0,"18":0,"19":0,"20":0,"21":0,"22":0,"23":0,"24":0,"25":0,"26":0,"27":0,"28":0,"29":0},"f":{"0":0,"1":0,"2":0,"3":0,"4":0,"5":0,"6":0,"7":0,"8":0},"b":{"0":[0,0],"1":[0,0],"2":[0,0],"3":[0,0],"4":[0,0],"5":[0,0],"6":[0,0],"7":[0,0],"8":[0,0],"9":[0,0],"10":[0,0],"11":[0,0],"12":[0,0]}}
,"/home/tim/git/temp/triage-tracker/backend/src/incidents/incidents.controller.ts": {"path":"/home/tim/git/temp/triage-tracker/backend/src/incidents/incidents.controller.ts","statementMap":{"0":{"start":{"line":1,"column":0},"end":{"line":1,"column":82}},"1":{"start":{"line":2,"column":0},"end":{"line":2,"column":60}},"2":{"start":{"line":3,"column":0},"end":{"line":3,"column":55}},"3":{"start":{"line":4,"column":0},"end":{"line":4,"column":62}},"4":{"start":{"line":5,"column":0},"end":{"line":5,"column":62}},"5":{"start":{"line":6,"column":0},"end":{"line":6,"column":50}},"6":{"start":{"line":7,"column":0},"end":{"line":7,"column":54}},"7":{"start":{"line":8,"column":0},"end":{"line":8,"column":58}},"8":{"start":{"line":9,"column":0},"end":{"line":9,"column":60}},"9":{"start":{"line":10,"column":0},"end":{"line":10,"column":89}},"10":{"start":{"line":13,"column":7},"end":{"line":77,"column":null}},"11":{"start":{"line":14,"column":31},"end":{"line":14,"column":49}},"12":{"start":{"line":19,"column":20},"end":{"line":19,"column":62}},"13":{"start":{"line":21,"column":4},"end":{"line":25,"column":7}},"14":{"start":{"line":30,"column":4},"end":{"line":30,"column":48}},"15":{"start":{"line":35,"column":4},"end":{"line":35,"column":54}},"16":{"start":{"line":40,"column":4},"end":{"line":40,"column":52}},"17":{"start":{"line":45,"column":4},"end":{"line":45,"column":62}},"18":{"start":{"line":50,"column":4},"end":{"line":50,"column":56}},"19":{"start":{"line":55,"column":4},"end":{"line":55,"column":56}},"20":{"start":{"line":61,"column":4},"end":{"line":66,"column":16}},"21":{"start":{"line":75,"column":4},"end":{"line":75,"column":78}},"22":{"start":{"line":13,"column":13},"end":{"line":13,"column":32}},"23":{"start":{"line":17,"column":2},"end":{"line":26,"column":null}},"24":{"start":{"line":29,"column":2},"end":{"line":31,"column":null}},"25":{"start":{"line":34,"column":8},"end":{"line":36,"column":null}},"26":{"start":{"line":39,"column":2},"end":{"line":41,"column":null}},"27":{"start":{"line":44,"column":2},"end":{"line":46,"column":null}},"28":{"start":{"line":49,"column":2},"end":{"line":51,"column":null}},"29":{"start":{"line":54,"column":2},"end":{"line":56,"column":null}},"30":{"start":{"line":59,"column":2},"end":{"line":67,"column":null}},"31":{"start":{"line":70,"column":2},"end":{"line":76,"column":null}},"32":{"start":{"line":13,"column":13},"end":{"line":77,"column":null}}},"fnMap":{"0":{"name":"(anonymous_4)","decl":{"start":{"line":14,"column":2},"end":{"line":14,"column":31}},"loc":{"start":{"line":14,"column":65},"end":{"line":14,"column":69}}},"1":{"name":"(anonymous_5)","decl":{"start":{"line":17,"column":2},"end":{"line":17,"column":9}},"loc":{"start":{"line":17,"column":80},"end":{"line":26,"column":3}}},"2":{"name":"(anonymous_6)","decl":{"start":{"line":29,"column":2},"end":{"line":29,"column":9}},"loc":{"start":{"line":29,"column":39},"end":{"line":31,"column":3}}},"3":{"name":"(anonymous_7)","decl":{"start":{"line":34,"column":8},"end":{"line":34,"column":14}},"loc":{"start":{"line":34,"column":83},"end":{"line":36,"column":3}}},"4":{"name":"(anonymous_8)","decl":{"start":{"line":39,"column":2},"end":{"line":39,"column":8}},"loc":{"start":{"line":39,"column":70},"end":{"line":41,"column":3}}},"5":{"name":"(anonymous_9)","decl":{"start":{"line":44,"column":2},"end":{"line":44,"column":10}},"loc":{"start":{"line":44,"column":66},"end":{"line":46,"column":3}}},"6":{"name":"(anonymous_10)","decl":{"start":{"line":49,"column":2},"end":{"line":49,"column":12}},"loc":{"start":{"line":49,"column":70},"end":{"line":51,"column":3}}},"7":{"name":"(anonymous_11)","decl":{"start":{"line":54,"column":2},"end":{"line":54,"column":17}},"loc":{"start":{"line":54,"column":47},"end":{"line":56,"column":3}}},"8":{"name":"(anonymous_12)","decl":{"start":{"line":59,"column":2},"end":{"line":59,"column":14}},"loc":{"start":{"line":59,"column":112},"end":{"line":67,"column":3}}},"9":{"name":"(anonymous_13)","decl":{"start":{"line":70,"column":2},"end":{"line":70,"column":15}},"loc":{"start":{"line":73,"column":33},"end":{"line":76,"column":3}}}},"branchMap":{"0":{"loc":{"start":{"line":19,"column":20},"end":{"line":19,"column":62}},"type":"cond-expr","locations":[{"start":{"line":19,"column":43},"end":{"line":19,"column":50}},{"start":{"line":19,"column":53},"end":{"line":19,"column":62}}]}},"s":{"0":0,"1":0,"2":0,"3":0,"4":0,"5":0,"6":0,"7":0,"8":0,"9":0,"10":0,"11":0,"12":0,"13":0,"14":0,"15":0,"16":0,"17":0,"18":0,"19":0,"20":0,"21":0,"22":0,"23":0,"24":0,"25":0,"26":0,"27":0,"28":0,"29":0,"30":0,"31":0,"32":0},"f":{"0":0,"1":0,"2":0,"3":0,"4":0,"5":0,"6":0,"7":0,"8":0,"9":0},"b":{"0":[0,0]}}
,"/home/tim/git/temp/triage-tracker/backend/src/incidents/incidents.service.ts": {"path":"/home/tim/git/temp/triage-tracker/backend/src/incidents/incidents.service.ts","statementMap":{"0":{"start":{"line":1,"column":0},"end":{"line":1,"column":92}},"1":{"start":{"line":2,"column":0},"end":{"line":2,"column":51}},"2":{"start":{"line":3,"column":0},"end":{"line":3,"column":59}},"3":{"start":{"line":8,"column":0},"end":{"line":8,"column":45}},"4":{"start":{"line":9,"column":0},"end":{"line":9,"column":47}},"5":{"start":{"line":10,"column":0},"end":{"line":10,"column":65}},"6":{"start":{"line":13,"column":29},"end":{"line":476,"column":null}},"7":{"start":{"line":17,"column":21},"end":{"line":17,"column":29}},"8":{"start":{"line":18,"column":21},"end":{"line":18,"column":32}},"9":{"start":{"line":19,"column":21},"end":{"line":19,"column":34}},"10":{"start":{"line":14,"column":19},"end":{"line":14,"column":62}},"11":{"start":{"line":23,"column":23},"end":{"line":23,"column":25}},"12":{"start":{"line":25,"column":4},"end":{"line":27,"column":5}},"13":{"start":{"line":26,"column":6},"end":{"line":26,"column":46}},"14":{"start":{"line":29,"column":4},"end":{"line":36,"column":5}},"15":{"start":{"line":30,"column":19},"end":{"line":30,"column":44}},"16":{"start":{"line":31,"column":6},"end":{"line":35,"column":7}},"17":{"start":{"line":32,"column":22},"end":{"line":32,"column":32}},"18":{"start":{"line":33,"column":8},"end":{"line":33,"column":46}},"19":{"start":{"line":34,"column":8},"end":{"line":34,"column":41}},"20":{"start":{"line":38,"column":4},"end":{"line":44,"column":5}},"21":{"start":{"line":40,"column":6},"end":{"line":43,"column":8}},"22":{"start":{"line":46,"column":4},"end":{"line":61,"column":7}},"23":{"start":{"line":65,"column":4},"end":{"line":81,"column":7}},"24":{"start":{"line":85,"column":22},"end":{"line":85,"column":24}},"25":{"start":{"line":86,"column":4},"end":{"line":86,"column":56}},"26":{"start":{"line":86,"column":33},"end":{"line":86,"column":56}},"27":{"start":{"line":87,"column":4},"end":{"line":87,"column":74}},"28":{"start":{"line":87,"column":39},"end":{"line":87,"column":74}},"29":{"start":{"line":88,"column":4},"end":{"line":88,"column":65}},"30":{"start":{"line":88,"column":36},"end":{"line":88,"column":65}},"31":{"start":{"line":89,"column":4},"end":{"line":89,"column":68}},"32":{"start":{"line":89,"column":37},"end":{"line":89,"column":68}},"33":{"start":{"line":90,"column":4},"end":{"line":90,"column":80}},"34":{"start":{"line":90,"column":41},"end":{"line":90,"column":80}},"35":{"start":{"line":92,"column":4},"end":{"line":95,"column":7}},"36":{"start":{"line":101,"column":4},"end":{"line":205,"column":5}},"37":{"start":{"line":102,"column":23},"end":{"line":180,"column":8}},"38":{"start":{"line":106,"column":8},"end":{"line":106,"column":85}},"39":{"start":{"line":116,"column":71},"end":{"line":118,"column":10}},"40":{"start":{"line":120,"column":21},"end":{"line":120,"column":52}},"41":{"start":{"line":121,"column":22},"end":{"line":121,"column":60}},"42":{"start":{"line":128,"column":8},"end":{"line":145,"column":9}},"43":{"start":{"line":129,"column":10},"end":{"line":139,"column":13}},"44":{"start":{"line":141,"column":10},"end":{"line":144,"column":11}},"45":{"start":{"line":142,"column":12},"end":{"line":142,"column":37}},"46":{"start":{"line":143,"column":12},"end":{"line":143,"column":54}},"47":{"start":{"line":148,"column":8},"end":{"line":160,"column":9}},"48":{"start":{"line":149,"column":30},"end":{"line":154,"column":12}},"49":{"start":{"line":156,"column":10},"end":{"line":159,"column":11}},"50":{"start":{"line":157,"column":12},"end":{"line":157,"column":36}},"51":{"start":{"line":158,"column":12},"end":{"line":158,"column":53}},"52":{"start":{"line":164,"column":8},"end":{"line":164,"column":77}},"53":{"start":{"line":164,"column":37},"end":{"line":164,"column":77}},"54":{"start":{"line":165,"column":8},"end":{"line":165,"column":107}},"55":{"start":{"line":165,"column":62},"end":{"line":165,"column":107}},"56":{"start":{"line":167,"column":8},"end":{"line":179,"column":11}},"57":{"start":{"line":182,"column":6},"end":{"line":202,"column":7}},"58":{"start":{"line":185,"column":24},"end":{"line":188,"column":10}},"59":{"start":{"line":190,"column":22},"end":{"line":190,"column":87}},"60":{"start":{"line":192,"column":8},"end":{"line":199,"column":11}},"61":{"start":{"line":201,"column":8},"end":{"line":201,"column":115}},"62":{"start":{"line":204,"column":6},"end":{"line":204,"column":22}},"63":{"start":{"line":208,"column":21},"end":{"line":208,"column":22}},"64":{"start":{"line":209,"column":4},"end":{"line":225,"column":5}},"65":{"start":{"line":210,"column":68},"end":{"line":214,"column":8}},"66":{"start":{"line":215,"column":6},"end":{"line":215,"column":42}},"67":{"start":{"line":218,"column":45},"end":{"line":218,"column":109}},"68":{"start":{"line":219,"column":6},"end":{"line":224,"column":7}},"69":{"start":{"line":220,"column":8},"end":{"line":223,"column":9}},"70":{"start":{"line":221,"column":20},"end":{"line":221,"column":58}},"71":{"start":{"line":222,"column":10},"end":{"line":222,"column":65}},"72":{"start":{"line":222,"column":50},"end":{"line":222,"column":65}},"73":{"start":{"line":226,"column":17},"end":{"line":226,"column":39}},"74":{"start":{"line":227,"column":18},"end":{"line":227,"column":56}},"75":{"start":{"line":233,"column":4},"end":{"line":250,"column":5}},"76":{"start":{"line":234,"column":22},"end":{"line":244,"column":8}},"77":{"start":{"line":246,"column":6},"end":{"line":249,"column":7}},"78":{"start":{"line":247,"column":8},"end":{"line":247,"column":33}},"79":{"start":{"line":248,"column":8},"end":{"line":248,"column":50}},"80":{"start":{"line":253,"column":4},"end":{"line":265,"column":5}},"81":{"start":{"line":254,"column":26},"end":{"line":259,"column":8}},"82":{"start":{"line":261,"column":6},"end":{"line":264,"column":7}},"83":{"start":{"line":262,"column":8},"end":{"line":262,"column":32}},"84":{"start":{"line":263,"column":8},"end":{"line":263,"column":49}},"85":{"start":{"line":267,"column":21},"end":{"line":279,"column":6}},"86":{"start":{"line":281,"column":4},"end":{"line":296,"column":5}},"87":{"start":{"line":283,"column":20},"end":{"line":284,"column":123}},"88":{"start":{"line":286,"column":6},"end":{"line":293,"column":9}},"89":{"start":{"line":295,"column":6},"end":{"line":295,"column":113}},"90":{"start":{"line":298,"column":4},"end":{"line":298,"column":20}},"91":{"start":{"line":302,"column":21},"end":{"line":302,"column":50}},"92":{"start":{"line":303,"column":22},"end":{"line":303,"column":73}},"93":{"start":{"line":305,"column":4},"end":{"line":315,"column":7}},"94":{"start":{"line":319,"column":21},"end":{"line":319,"column":50}},"95":{"start":{"line":320,"column":4},"end":{"line":326,"column":7}},"96":{"start":{"line":330,"column":21},"end":{"line":333,"column":6}},"97":{"start":{"line":335,"column":4},"end":{"line":337,"column":5}},"98":{"start":{"line":336,"column":6},"end":{"line":336,"column":65}},"99":{"start":{"line":339,"column":27},"end":{"line":339,"column":84}},"100":{"start":{"line":341,"column":20},"end":{"line":351,"column":6}},"101":{"start":{"line":353,"column":4},"end":{"line":359,"column":7}},"102":{"start":{"line":361,"column":4},"end":{"line":361,"column":19}},"103":{"start":{"line":365,"column":21},"end":{"line":365,"column":50}},"104":{"start":{"line":367,"column":20},"end":{"line":369,"column":6}},"105":{"start":{"line":371,"column":4},"end":{"line":373,"column":5}},"106":{"start":{"line":372,"column":6},"end":{"line":372,"column":90}},"107":{"start":{"line":375,"column":4},"end":{"line":385,"column":7}},"108":{"start":{"line":390,"column":27},"end":{"line":393,"column":6}},"109":{"start":{"line":395,"column":4},"end":{"line":397,"column":5}},"110":{"start":{"line":396,"column":6},"end":{"line":396,"column":65}},"111":{"start":{"line":399,"column":21},"end":{"line":402,"column":6}},"112":{"start":{"line":405,"column":40},"end":{"line":405,"column":49}},"113":{"start":{"line":406,"column":4},"end":{"line":416,"column":5}},"114":{"start":{"line":407,"column":6},"end":{"line":415,"column":7}},"115":{"start":{"line":408,"column":18},"end":{"line":411,"column":10}},"116":{"start":{"line":412,"column":8},"end":{"line":412,"column":53}},"117":{"start":{"line":414,"column":8},"end":{"line":414,"column":30}},"118":{"start":{"line":419,"column":25},"end":{"line":421,"column":10}},"119":{"start":{"line":422,"column":23},"end":{"line":425,"column":null}},"120":{"start":{"line":428,"column":4},"end":{"line":439,"column":7}},"121":{"start":{"line":442,"column":4},"end":{"line":459,"column":5}},"122":{"start":{"line":443,"column":19},"end":{"line":446,"column":8}},"123":{"start":{"line":448,"column":23},"end":{"line":448,"column":66}},"124":{"start":{"line":449,"column":25},"end":{"line":449,"column":71}},"125":{"start":{"line":452,"column":6},"end":{"line":458,"column":9}},"126":{"start":{"line":461,"column":4},"end":{"line":461,"column":20}},"127":{"start":{"line":465,"column":21},"end":{"line":468,"column":6}},"128":{"start":{"line":470,"column":4},"end":{"line":472,"column":5}},"129":{"start":{"line":471,"column":6},"end":{"line":471,"column":65}},"130":{"start":{"line":474,"column":4},"end":{"line":474,"column":20}},"131":{"start":{"line":13,"column":13},"end":{"line":13,"column":29}},"132":{"start":{"line":13,"column":13},"end":{"line":476,"column":null}}},"fnMap":{"0":{"name":"(anonymous_2)","decl":{"start":{"line":16,"column":2},"end":{"line":16,"column":null}},"loc":{"start":{"line":19,"column":51},"end":{"line":20,"column":6}}},"1":{"name":"(anonymous_3)","decl":{"start":{"line":22,"column":2},"end":{"line":22,"column":9}},"loc":{"start":{"line":22,"column":135},"end":{"line":62,"column":3}}},"2":{"name":"(anonymous_4)","decl":{"start":{"line":64,"column":2},"end":{"line":64,"column":9}},"loc":{"start":{"line":64,"column":23},"end":{"line":82,"column":3}}},"3":{"name":"(anonymous_5)","decl":{"start":{"line":84,"column":2},"end":{"line":84,"column":7}},"loc":{"start":{"line":84,"column":52},"end":{"line":96,"column":3}}},"4":{"name":"(anonymous_6)","decl":{"start":{"line":98,"column":2},"end":{"line":98,"column":7}},"loc":{"start":{"line":98,"column":57},"end":{"line":299,"column":3}}},"5":{"name":"(anonymous_7)","decl":{"start":{"line":102,"column":54},"end":{"line":102,"column":59}},"loc":{"start":{"line":102,"column":67},"end":{"line":180,"column":7}}},"6":{"name":"(anonymous_8)","decl":{"start":{"line":301,"column":2},"end":{"line":301,"column":7}},"loc":{"start":{"line":301,"column":56},"end":{"line":316,"column":3}}},"7":{"name":"(anonymous_9)","decl":{"start":{"line":318,"column":2},"end":{"line":318,"column":7}},"loc":{"start":{"line":318,"column":52},"end":{"line":327,"column":3}}},"8":{"name":"(anonymous_10)","decl":{"start":{"line":329,"column":2},"end":{"line":329,"column":7}},"loc":{"start":{"line":329,"column":37},"end":{"line":362,"column":3}}},"9":{"name":"(anonymous_11)","decl":{"start":{"line":364,"column":2},"end":{"line":364,"column":7}},"loc":{"start":{"line":364,"column":71},"end":{"line":386,"column":3}}},"10":{"name":"(anonymous_12)","decl":{"start":{"line":388,"column":2},"end":{"line":388,"column":7}},"loc":{"start":{"line":388,"column":93},"end":{"line":462,"column":3}}},"11":{"name":"(anonymous_13)","decl":{"start":{"line":464,"column":10},"end":{"line":464,"column":15}},"loc":{"start":{"line":464,"column":41},"end":{"line":475,"column":3}}}},"branchMap":{"0":{"loc":{"start":{"line":25,"column":4},"end":{"line":27,"column":5}},"type":"if","locations":[{"start":{"line":25,"column":4},"end":{"line":27,"column":5}},{"start":{},"end":{}}]},"1":{"loc":{"start":{"line":25,"column":8},"end":{"line":25,"column":52}},"type":"binary-expr","locations":[{"start":{"line":25,"column":8},"end":{"line":25,"column":25}},{"start":{"line":25,"column":29},"end":{"line":25,"column":52}}]},"2":{"loc":{"start":{"line":25,"column":8},"end":{"line":25,"column":25}},"type":"cond-expr","locations":[{"start":{"line":25,"column":15},"end":{"line":25,"column":17}},{"start":{"line":25,"column":8},"end":{"line":25,"column":25}}]},"3":{"loc":{"start":{"line":25,"column":8},"end":{"line":25,"column":17}},"type":"binary-expr","locations":[{"start":{"line":25,"column":8},"end":{"line":25,"column":17}},{"start":{"line":25,"column":8},"end":{"line":25,"column":17}}]},"4":{"loc":{"start":{"line":29,"column":4},"end":{"line":36,"column":5}},"type":"if","locations":[{"start":{"line":29,"column":4},"end":{"line":36,"column":5}},{"start":{},"end":{}}]},"5":{"loc":{"start":{"line":29,"column":8},"end":{"line":29,"column":57}},"type":"binary-expr","locations":[{"start":{"line":29,"column":8},"end":{"line":29,"column":26}},{"start":{"line":29,"column":30},"end":{"line":29,"column":57}}]},"6":{"loc":{"start":{"line":29,"column":8},"end":{"line":29,"column":26}},"type":"cond-expr","locations":[{"start":{"line":29,"column":15},"end":{"line":29,"column":17}},{"start":{"line":29,"column":8},"end":{"line":29,"column":26}}]},"7":{"loc":{"start":{"line":29,"column":8},"end":{"line":29,"column":17}},"type":"binary-expr","locations":[{"start":{"line":29,"column":8},"end":{"line":29,"column":17}},{"start":{"line":29,"column":8},"end":{"line":29,"column":17}}]},"8":{"loc":{"start":{"line":31,"column":6},"end":{"line":35,"column":7}},"type":"if","locations":[{"start":{"line":31,"column":6},"end":{"line":35,"column":7}},{"start":{},"end":{}}]},"9":{"loc":{"start":{"line":38,"column":4},"end":{"line":44,"column":5}},"type":"if","locations":[{"start":{"line":38,"column":4},"end":{"line":44,"column":5}},{"start":{},"end":{}}]},"10":{"loc":{"start":{"line":38,"column":8},"end":{"line":38,"column":24}},"type":"cond-expr","locations":[{"start":{"line":38,"column":15},"end":{"line":38,"column":17}},{"start":{"line":38,"column":8},"end":{"line":38,"column":24}}]},"11":{"loc":{"start":{"line":38,"column":8},"end":{"line":38,"column":17}},"type":"binary-expr","locations":[{"start":{"line":38,"column":8},"end":{"line":38,"column":17}},{"start":{"line":38,"column":8},"end":{"line":38,"column":17}}]},"12":{"loc":{"start":{"line":86,"column":4},"end":{"line":86,"column":56}},"type":"if","locations":[{"start":{"line":86,"column":4},"end":{"line":86,"column":56}},{"start":{},"end":{}}]},"13":{"loc":{"start":{"line":87,"column":4},"end":{"line":87,"column":74}},"type":"if","locations":[{"start":{"line":87,"column":4},"end":{"line":87,"column":74}},{"start":{},"end":{}}]},"14":{"loc":{"start":{"line":88,"column":4},"end":{"line":88,"column":65}},"type":"if","locations":[{"start":{"line":88,"column":4},"end":{"line":88,"column":65}},{"start":{},"end":{}}]},"15":{"loc":{"start":{"line":89,"column":4},"end":{"line":89,"column":68}},"type":"if","locations":[{"start":{"line":89,"column":4},"end":{"line":89,"column":68}},{"start":{},"end":{}}]},"16":{"loc":{"start":{"line":90,"column":4},"end":{"line":90,"column":80}},"type":"if","locations":[{"start":{"line":90,"column":4},"end":{"line":90,"column":80}},{"start":{},"end":{}}]},"17":{"loc":{"start":{"line":101,"column":4},"end":{"line":205,"column":5}},"type":"if","locations":[{"start":{"line":101,"column":4},"end":{"line":205,"column":5}},{"start":{},"end":{}}]},"18":{"loc":{"start":{"line":120,"column":28},"end":{"line":120,"column":51}},"type":"cond-expr","locations":[{"start":{"line":120,"column":46},"end":{"line":120,"column":50}},{"start":{"line":120,"column":50},"end":{"line":120,"column":51}}]},"19":{"loc":{"start":{"line":120,"column":28},"end":{"line":120,"column":50}},"type":"binary-expr","locations":[{"start":{"line":120,"column":28},"end":{"line":120,"column":50}},{"start":{"line":120,"column":46},"end":{"line":120,"column":50}}]},"20":{"loc":{"start":{"line":120,"column":28},"end":{"line":120,"column":46}},"type":"cond-expr","locations":[{"start":{"line":120,"column":40},"end":{"line":120,"column":42}},{"start":{"line":120,"column":40},"end":{"line":120,"column":46}}]},"21":{"loc":{"start":{"line":120,"column":28},"end":{"line":120,"column":42}},"type":"binary-expr","locations":[{"start":{"line":120,"column":28},"end":{"line":120,"column":42}},{"start":{"line":120,"column":40},"end":{"line":120,"column":42}}]},"22":{"loc":{"start":{"line":120,"column":28},"end":{"line":120,"column":40}},"type":"cond-expr","locations":[{"start":{"line":120,"column":35},"end":{"line":120,"column":38}},{"start":{"line":120,"column":28},"end":{"line":120,"column":40}}]},"23":{"loc":{"start":{"line":120,"column":28},"end":{"line":120,"column":38}},"type":"binary-expr","locations":[{"start":{"line":120,"column":28},"end":{"line":120,"column":38}},{"start":{"line":120,"column":28},"end":{"line":120,"column":38}}]},"24":{"loc":{"start":{"line":128,"column":8},"end":{"line":145,"column":9}},"type":"if","locations":[{"start":{"line":128,"column":8},"end":{"line":145,"column":9}},{"start":{},"end":{}}]},"25":{"loc":{"start":{"line":141,"column":10},"end":{"line":144,"column":11}},"type":"if","locations":[{"start":{"line":141,"column":10},"end":{"line":144,"column":11}},{"start":{},"end":{}}]},"26":{"loc":{"start":{"line":141,"column":14},"end":{"line":141,"column":27}},"type":"cond-expr","locations":[{"start":{"line":141,"column":21},"end":{"line":141,"column":23}},{"start":{"line":141,"column":14},"end":{"line":141,"column":27}}]},"27":{"loc":{"start":{"line":141,"column":14},"end":{"line":141,"column":23}},"type":"binary-expr","locations":[{"start":{"line":141,"column":14},"end":{"line":141,"column":23}},{"start":{"line":141,"column":14},"end":{"line":141,"column":23}}]},"28":{"loc":{"start":{"line":143,"column":22},"end":{"line":143,"column":53}},"type":"cond-expr","locations":[{"start":{"line":143,"column":49},"end":{"line":143,"column":51}},{"start":{"line":143,"column":49},"end":{"line":143,"column":53}}]},"29":{"loc":{"start":{"line":143,"column":22},"end":{"line":143,"column":51}},"type":"binary-expr","locations":[{"start":{"line":143,"column":22},"end":{"line":143,"column":51}},{"start":{"line":143,"column":49},"end":{"line":143,"column":51}}]},"30":{"loc":{"start":{"line":148,"column":8},"end":{"line":160,"column":9}},"type":"if","locations":[{"start":{"line":148,"column":8},"end":{"line":160,"column":9}},{"start":{},"end":{}}]},"31":{"loc":{"start":{"line":156,"column":10},"end":{"line":159,"column":11}},"type":"if","locations":[{"start":{"line":156,"column":10},"end":{"line":159,"column":11}},{"start":{},"end":{}}]},"32":{"loc":{"start":{"line":158,"column":22},"end":{"line":158,"column":52}},"type":"cond-expr","locations":[{"start":{"line":158,"column":48},"end":{"line":158,"column":50}},{"start":{"line":158,"column":48},"end":{"line":158,"column":52}}]},"33":{"loc":{"start":{"line":158,"column":22},"end":{"line":158,"column":50}},"type":"binary-expr","locations":[{"start":{"line":158,"column":22},"end":{"line":158,"column":50}},{"start":{"line":158,"column":48},"end":{"line":158,"column":50}}]},"34":{"loc":{"start":{"line":164,"column":8},"end":{"line":164,"column":77}},"type":"if","locations":[{"start":{"line":164,"column":8},"end":{"line":164,"column":77}},{"start":{},"end":{}}]},"35":{"loc":{"start":{"line":164,"column":12},"end":{"line":164,"
[...]
,"/home/tim/git/temp/triage-tracker/backend/src/slack/slack.controller.ts": {"path":"/home/tim/git/temp/triage-tracker/backend/src/slack/slack.controller.ts","statementMap":{"0":{"start":{"line":1,"column":0},"end":{"line":1,"column":67}},"1":{"start":{"line":2,"column":0},"end":{"line":2,"column":54}},"2":{"start":{"line":3,"column":0},"end":{"line":3,"column":58}},"3":{"start":{"line":4,"column":0},"end":{"line":4,"column":62}},"4":{"start":{"line":5,"column":0},"end":{"line":5,"column":61}},"5":{"start":{"line":9,"column":7},"end":{"line":26,"column":null}},"6":{"start":{"line":11,"column":21},"end":{"line":11,"column":38}},"7":{"start":{"line":12,"column":21},"end":{"line":12,"column":40}},"8":{"start":{"line":18,"column":4},"end":{"line":18,"column":57}},"9":{"start":{"line":24,"column":4},"end":{"line":24,"column":59}},"10":{"start":{"line":9,"column":13},"end":{"line":9,"column":28}},"11":{"start":{"line":17,"column":2},"end":{"line":19,"column":null}},"12":{"start":{"line":23,"column":2},"end":{"line":25,"column":null}},"13":{"start":{"line":9,"column":13},"end":{"line":26,"column":null}}},"fnMap":{"0":{"name":"(anonymous_4)","decl":{"start":{"line":10,"column":2},"end":{"line":10,"column":null}},"loc":{"start":{"line":12,"column":57},"end":{"line":13,"column":6}}},"1":{"name":"(anonymous_5)","decl":{"start":{"line":17,"column":2},"end":{"line":17,"column":13}},"loc":{"start":{"line":17,"column":31},"end":{"line":19,"column":3}}},"2":{"name":"(anonymous_6)","decl":{"start":{"line":23,"column":2},"end":{"line":23,"column":20}},"loc":{"start":{"line":23,"column":53},"end":{"line":25,"column":3}}}},"branchMap":{},"s":{"0":0,"1":0,"2":0,"3":0,"4":0,"5":0,"6":0,"7":0,"8":0,"9":0,"10":0,"11":0,"12":0,"13":0},"f":{"0":0,"1":0,"2":0},"b":{}}
,"/home/tim/git/temp/triage-tracker/backend/src/teams/teams.controller.ts": {"path":"/home/tim/git/temp/triage-tracker/backend/src/teams/teams.controller.ts","statementMap":{"0":{"start":{"line":1,"column":0},"end":{"line":1,"column":99}},"1":{"start":{"line":2,"column":0},"end":{"line":2,"column":47}},"2":{"start":{"line":3,"column":0},"end":{"line":3,"column":54}},"3":{"start":{"line":4,"column":0},"end":{"line":4,"column":54}},"4":{"start":{"line":5,"column":0},"end":{"line":5,"column":54}},"5":{"start":{"line":6,"column":0},"end":{"line":6,"column":61}},"6":{"start":{"line":10,"column":7},"end":{"line":52,"column":null}},"7":{"start":{"line":11,"column":31},"end":{"line":11,"column":45}},"8":{"start":{"line":15,"column":4},"end":{"line":15,"column":53}},"9":{"start":{"line":20,"column":4},"end":{"line":20,"column":60}},"10":{"start":{"line":25,"column":4},"end":{"line":25,"column":41}},"11":{"start":{"line":30,"column":4},"end":{"line":30,"column":41}},"12":{"start":{"line":35,"column":4},"end":{"line":35,"column":45}},"13":{"start":{"line":40,"column":4},"end":{"line":40,"column":40}},"14":{"start":{"line":45,"column":4},"end":{"line":45,"column":49}},"15":{"start":{"line":50,"column":4},"end":{"line":50,"column":54}},"16":{"start":{"line":10,"column":13},"end":{"line":10,"column":28}},"17":{"start":{"line":14,"column":2},"end":{"line":16,"column":null}},"18":{"start":{"line":19,"column":2},"end":{"line":21,"column":null}},"19":{"start":{"line":24,"column":2},"end":{"line":26,"column":null}},"20":{"start":{"line":29,"column":2},"end":{"line":31,"column":null}},"21":{"start":{"line":34,"column":2},"end":{"line":36,"column":null}},"22":{"start":{"line":39,"column":2},"end":{"line":41,"column":null}},"23":{"start":{"line":44,"column":2},"end":{"line":46,"column":null}},"24":{"start":{"line":49,"column":2},"end":{"line":51,"column":null}},"25":{"start":{"line":10,"column":13},"end":{"line":52,"column":null}}},"fnMap":{"0":{"name":"(anonymous_4)","decl":{"start":{"line":11,"column":2},"end":{"line":11,"column":31}},"loc":{"start":{"line":11,"column":57},"end":{"line":11,"column":61}}},"1":{"name":"(anonymous_5)","decl":{"start":{"line":14,"column":2},"end":{"line":14,"column":9}},"loc":{"start":{"line":14,"column":57},"end":{"line":16,"column":3}}},"2":{"name":"(anonymous_6)","decl":{"start":{"line":19,"column":2},"end":{"line":19,"column":16}},"loc":{"start":{"line":19,"column":64},"end":{"line":21,"column":3}}},"3":{"name":"(anonymous_7)","decl":{"start":{"line":24,"column":2},"end":{"line":24,"column":9}},"loc":{"start":{"line":24,"column":33},"end":{"line":26,"column":3}}},"4":{"name":"(anonymous_8)","decl":{"start":{"line":29,"column":2},"end":{"line":29,"column":8}},"loc":{"start":{"line":29,"column":35},"end":{"line":31,"column":3}}},"5":{"name":"(anonymous_9)","decl":{"start":{"line":34,"column":2},"end":{"line":34,"column":8}},"loc":{"start":{"line":34,"column":60},"end":{"line":36,"column":3}}},"6":{"name":"(anonymous_10)","decl":{"start":{"line":39,"column":2},"end":{"line":39,"column":8}},"loc":{"start":{"line":39,"column":32},"end":{"line":41,"column":3}}},"7":{"name":"(anonymous_11)","decl":{"start":{"line":44,"column":2},"end":{"line":44,"column":12}},"loc":{"start":{"line":44,"column":64},"end":{"line":46,"column":3}}},"8":{"name":"(anonymous_12)","decl":{"start":{"line":49,"column":2},"end":{"line":49,"column":14}},"loc":{"start":{"line":49,"column":71},"end":{"line":51,"column":3}}}},"branchMap":{},"s":{"0":0,"1":0,"2":0,"3":0,"4":0,"5":0,"6":0,"7":0,"8":0,"9":0,"10":0,"11":0,"12":0,"13":0,"14":0,"15":0,"16":0,"17":0,"18":0,"19":0,"20":0,"21":0,"22":0,"23":0,"24":0,"25":0},"f":{"0":0,"1":0,"2":0,"3":0,"4":0,"5":0,"6":0,"7":0,"8":0},"b":{}}
,"/home/tim/git/temp/triage-tracker/backend/src/teams/teams.service.ts": {"path":"/home/tim/git/temp/triage-tracker/backend/src/teams/teams.service.ts","statementMap":{"0":{"start":{"line":1,"column":0},"end":{"line":1,"column":103}},"1":{"start":{"line":2,"column":0},"end":{"line":2,"column":59}},"2":{"start":{"line":8,"column":7},"end":{"line":280,"column":null}},"3":{"start":{"line":9,"column":31},"end":{"line":9,"column":39}},"4":{"start":{"line":12,"column":4},"end":{"line":30,"column":7}},"5":{"start":{"line":34,"column":17},"end":{"line":49,"column":6}},"6":{"start":{"line":51,"column":4},"end":{"line":53,"column":5}},"7":{"start":{"line":52,"column":6},"end":{"line":52,"column":58}},"8":{"start":{"line":55,"column":4},"end":{"line":55,"column":16}},"9":{"start":{"line":60,"column":4},"end":{"line":71,"column":5}},"10":{"start":{"line":61,"column":30},"end":{"line":66,"column":8}},"11":{"start":{"line":68,"column":6},"end":{"line":70,"column":7}},"12":{"start":{"line":69,"column":8},"end":{"line":69,"column":91}},"13":{"start":{"line":74,"column":4},"end":{"line":76,"column":5}},"14":{"start":{"line":75,"column":6},"end":{"line":75,"column":88}},"15":{"start":{"line":79,"column":17},"end":{"line":99,"column":6}},"16":{"start":{"line":87,"column":47},"end":{"line":87,"column":57}},"17":{"start":{"line":101,"column":4},"end":{"line":101,"column":16}},"18":{"start":{"line":105,"column":17},"end":{"line":105,"column":39}},"19":{"start":{"line":108,"column":4},"end":{"line":110,"column":5}},"20":{"start":{"line":109,"column":6},"end":{"line":109,"column":106}},"21":{"start":{"line":113,"column":4},"end":{"line":122,"column":5}},"22":{"start":{"line":114,"column":6},"end":{"line":121,"column":9}},"23":{"start":{"line":125,"column":29},"end":{"line":125,"column":74}},"24":{"start":{"line":126,"column":31},"end":{"line":126,"column":80}},"25":{"start":{"line":128,"column":4},"end":{"line":130,"column":5}},"26":{"start":{"line":129,"column":6},"end":{"line":129,"column":88}},"27":{"start":{"line":133,"column":4},"end":{"line":148,"column":5}},"28":{"start":{"line":135,"column":6},"end":{"line":137,"column":9}},"29":{"start":{"line":140,"column":6},"end":{"line":147,"column":7}},"30":{"start":{"line":141,"column":8},"end":{"line":146,"column":11}},"31":{"start":{"line":142,"column":45},"end":{"line":145,"column":12}},"32":{"start":{"line":150,"column":4},"end":{"line":167,"column":7}},"33":{"start":{"line":171,"column":17},"end":{"line":171,"column":39}},"34":{"start":{"line":174,"column":4},"end":{"line":176,"column":5}},"35":{"start":{"line":175,"column":6},"end":{"line":175,"column":70}},"36":{"start":{"line":179,"column":4},"end":{"line":181,"column":5}},"37":{"start":{"line":180,"column":6},"end":{"line":180,"column":107}},"38":{"start":{"line":183,"column":4},"end":{"line":185,"column":7}},"39":{"start":{"line":189,"column":17},"end":{"line":189,"column":39}},"40":{"start":{"line":192,"column":28},"end":{"line":197,"column":6}},"41":{"start":{"line":199,"column":4},"end":{"line":201,"column":5}},"42":{"start":{"line":200,"column":6},"end":{"line":200,"column":81}},"43":{"start":{"line":203,"column":4},"end":{"line":208,"column":7}},"44":{"start":{"line":204,"column":41},"end":{"line":207,"column":8}},"45":{"start":{"line":210,"column":4},"end":{"line":210,"column":28}},"46":{"start":{"line":214,"column":17},"end":{"line":214,"column":39}},"47":{"start":{"line":217,"column":4},"end":{"line":219,"column":5}},"48":{"start":{"line":218,"column":6},"end":{"line":218,"column":91}},"49":{"start":{"line":221,"column":19},"end":{"line":228,"column":6}},"50":{"start":{"line":230,"column":4},"end":{"line":232,"column":5}},"51":{"start":{"line":231,"column":6},"end":{"line":231,"column":71}},"52":{"start":{"line":235,"column":4},"end":{"line":243,"column":5}},"53":{"start":{"line":236,"column":6},"end":{"line":242,"column":9}},"54":{"start":{"line":245,"column":4},"end":{"line":252,"column":7}},"55":{"start":{"line":254,"column":4},"end":{"line":254,"column":28}},"56":{"start":{"line":258,"column":24},"end":{"line":272,"column":6}},"57":{"start":{"line":274,"column":4},"end":{"line":276,"column":5}},"58":{"start":{"line":275,"column":6},"end":{"line":275,"column":81}},"59":{"start":{"line":278,"column":4},"end":{"line":278,"column":23}},"60":{"start":{"line":8,"column":13},"end":{"line":8,"column":25}},"61":{"start":{"line":8,"column":13},"end":{"line":280,"column":null}}},"fnMap":{"0":{"name":"(anonymous_2)","decl":{"start":{"line":9,"column":2},"end":{"line":9,"column":31}},"loc":{"start":{"line":9,"column":52},"end":{"line":9,"column":56}}},"1":{"name":"(anonymous_3)","decl":{"start":{"line":11,"column":2},"end":{"line":11,"column":7}},"loc":{"start":{"line":11,"column":38},"end":{"line":31,"column":3}}},"2":{"name":"(anonymous_4)","decl":{"start":{"line":33,"column":2},"end":{"line":33,"column":7}},"loc":{"start":{"line":33,"column":26},"end":{"line":56,"column":3}}},"3":{"name":"(anonymous_5)","decl":{"start":{"line":58,"column":2},"end":{"line":58,"column":7}},"loc":{"start":{"line":58,"column":33},"end":{"line":102,"column":3}}},"4":{"name":"(anonymous_6)","decl":{"start":{"line":87,"column":36},"end":{"line":87,"column":42}},"loc":{"start":{"line":87,"column":47},"end":{"line":87,"column":57}}},"5":{"name":"(anonymous_7)","decl":{"start":{"line":104,"column":2},"end":{"line":104,"column":7}},"loc":{"start":{"line":104,"column":45},"end":{"line":168,"column":3}}},"6":{"name":"(anonymous_8)","decl":{"start":{"line":142,"column":34},"end":{"line":142,"column":40}},"loc":{"start":{"line":142,"column":45},"end":{"line":145,"column":12}}},"7":{"name":"(anonymous_9)","decl":{"start":{"line":170,"column":2},"end":{"line":170,"column":7}},"loc":{"start":{"line":170,"column":25},"end":{"line":186,"column":3}}},"8":{"name":"(anonymous_10)","decl":{"start":{"line":188,"column":2},"end":{"line":188,"column":7}},"loc":{"start":{"line":188,"column":49},"end":{"line":211,"column":3}}},"9":{"name":"(anonymous_11)","decl":{"start":{"line":204,"column":30},"end":{"line":204,"column":36}},"loc":{"start":{"line":204,"column":41},"end":{"line":207,"column":8}}},"10":{"name":"(anonymous_12)","decl":{"start":{"line":213,"column":2},"end":{"line":213,"column":7}},"loc":{"start":{"line":213,"column":47},"end":{"line":255,"column":3}}},"11":{"name":"(anonymous_13)","decl":{"start":{"line":257,"column":2},"end":{"line":257,"column":7}},"loc":{"start":{"line":257,"column":45},"end":{"line":279,"column":3}}}},"branchMap":{"0":{"loc":{"start":{"line":51,"column":4},"end":{"line":53,"column":5}},"type":"if","locations":[{"start":{"line":51,"column":4},"end":{"line":53,"column":5}},{"start":{},"end":{}}]},"1":{"loc":{"start":{"line":60,"column":4},"end":{"line":71,"column":5}},"type":"if","locations":[{"start":{"line":60,"column":4},"end":{"line":71,"column":5}},{"start":{},"end":{}}]},"2":{"loc":{"start":{"line":68,"column":6},"end":{"line":70,"column":7}},"type":"if","locations":[{"start":{"line":68,"column":6},"end":{"line":70,"column":7}},{"start":{},"end":{}}]},"3":{"loc":{"start":{"line":74,"column":4},"end":{"line":76,"column":5}},"type":"if","locations":[{"start":{"line":74,"column":4},"end":{"line":76,"column":5}},{"start":{},"end":{}}]},"4":{"loc":{"start":{"line":74,"column":8},"end":{"line":74,"column":105}},"type":"binary-expr","locations":[{"start":{"line":74,"column":8},"end":{"line":74,"column":28}},{"start":{"line":74,"column":32},"end":{"line":74,"column":54}},{"start":{"line":74,"column":58},"end":{"line":74,"column":105}}]},"5":{"loc":{"start":{"line":83,"column":19},"end":{"line":83,"column":41}},"type":"cond-expr","locations":[{"start":{"line":83,"column":32},"end":{"line":83,"column":36}},{"start":{"line":83,"column":36},"end":{"line":83,"column":41}}]},"6":{"loc":{"start":{"line":83,"column":19},"end":{"line":83,"column":36}},"type":"binary-expr","locations":[{"start":{"line":83,"column":19},"end":{"line":83,"column":36}},{"start":{"line":83,"column":32},"end":{"line":83,"column":36}}]},"7":{"loc":{"start":{"line":86,"column":17},"end":{"line":88,"column":21}},"type":"cond-expr","locations":[{"start":{"line":86,"column":41},"end":{"line":88,"column":10}},{"start":{"line":88,"column":12},"end":{"line":88,"column":21}}]},"8":{"loc":{"start":{"line":86,"column":17},"end":{"line":86,"column":38}},"type":"cond-expr","locations":[{"start":{"line":86,"column":30},"end":{"line":86,"column":32}},{"start":{"line":86,"column":30},"end":{"line":86,"column":38}}]},"9":{"loc":{"start":{"line":86,"column":17},"end":{"line":86,"column":32}},"type":"binary-expr","locations":[{"start":{"line":86,"column":17},"end":{"line":86,"column":32}},{"start":{"line":86,"column":30},"end":{"line":86,"column":32}}]},"10":{"loc":{"start":{"line":108,"column":4},"end":{"line":110,"column":5}},"type":"if","locations":[{"start":{"line":108,"column":4},"end":{"line":110,"column":5}},{"start":{},"end":{}}]},"11":{"loc":{"start":{"line":108,"column":8},"end":{"line":108,"column":49}},"type":"binary-expr","locations":[{"start":{"line":108,"column":8},"end":{"line":108,"column":31}},{"start":{"line":108,"column":35},"end":{"line":108,"column":49}}]},"12":{"loc":{"start":{"line":113,"column":4},"end":{"line":122,"column":5}},"type":"if","locations":[{"start":{"line":113,"column":4},"end":{"line":122,"column":5}},{"start":{},"end":{}}]},"13":{"loc":{"start":{"line":125,"column":29},"end":{"line":125,"column":74}},"type":"cond-expr","locations":[{"start":{"line":125,"column":49},"end":{"line":125,"column":53}},{"start":{"line":125,"column":53},"end":{"line":125,"column":74}}]},"14":{"loc":{"start":{"line":125,"column":29},"end":{"line":125,"column":53}},"type":"binary-expr","locations":[{"start":{"line":125,"column":29},"end":{"line":125,"column":53}},{"start":{"line":125,"column":49},"end":{"line":125,"column":53}}]},"15":{"loc":{"start":{"line":126,"column":31},"end":{"line":126,"column":80}},"type":"cond-expr","locations":[{"start":{"line":126,"column":53},"end":{"line":126,"column":57}},{"start":{"line":126,"column":57},"end":{"line":126,"column":80}}]},"16":{"loc":{"start":{"line":126,"column":31},"end":{"line":126,"column":57}},"type":"binary-expr","locations":[{"start":{"line":126,"column":31},"end":{"line":126,"column":57}},{"start":{"line":126,"column":53},"end":{"line":126,"column":57}}]},"17":{"loc":{"start":{"line":128,"column":4},"end":{"line":130,"column":5}},"type":"if","locations":[{"start":{"line":128,"column":4},"end":{"line":130,"column":5}},{"start":{},"end":{}}]},"18":{"loc":{"start":{"line":128,"column":8},"end":{"line":128,"column":89}},"type":"binary-expr","locations":[{"start":{"line":128,"column":8},"end":{"line":128,"column":24}},{"start":{"line":128,"column":28},"end":{"line":128,"column":46}},{"start":{"line":128,"column":50},"end":{"line":128,"column":89}}]},"19":{"loc":{"start":{"line":133,"column":4},"end":{"line":148,"column":5}},"type":"if","locations":[{"start":{"line":133,"column":4},"end":{"line":148,"column":5}},{"start":{},"end":{}}]},"20":{"loc":{"start":{"line":140,"column":6},"end":{"line":147,"column":7}},"type":"if","locations":[{"start":{"line":140,"column":6},"end":{"line":147,"column":7}},{"start":{},"end":{}}]},"21":{"loc":{"start":{"line":174,"column":4},"end":{"line":176,"column":5}},"type":"if","locations":[{"start":{"line":174,"column":4},"end":{"line":176,"column":5}},{"start":{},"end":{}}]},"22":{"loc":{"start":{"line":179,"column":4},"end":{"line":181,"column":5}},"type":"if","locations":[{"start":{"line":179,"column":4},"end":{"line":181,"column":5}},{"start":{},"end":{}}]},"23":{"loc":{"start":{"line":199,"column":4},"end":{"line":201,"column":5}},"type":"if","locations":[{"start":{"line":199,"column":4},"end":{"line":201,"column":5}},{"start":{},"end":{}}]},"24":{"loc":{"start":{"line":217,"column":4},"end":{"line":219,"column":5}},"type":"if","locations":[{"start":{"line":217,"column":4},"end":{"line":219,"column":5}},{"start":{},"end":{}}]},"25":{"loc":{"start":{"line":217,"column":8},"end":{"line":217,"column":51}},"type":"binary-expr","locations":[{"start":{"line":217,"column":8},"end":{"line":217,"column":22}},{"start":{"line":217,"column":26},"end":{"line":217,"column":51}}]},"26":{"loc":{"start":{"line":230,"column":4},"end":{"line":232,"column":5}},"type":"if","locations":[{"start":{"line":230,"column":4},"end":{"line":232,"column":5}},{"start":{},"end":{}}]},"27":{"loc":{"start":{"line":235,"column":4},"end":{"line":243,"column":5}},"type":"if","locations":[{"start":{"line":235,"column":4},"end":{"line":243,"column":5}},{"start":{},"end":{}}]},"28":{"loc":{"start":{"line":235,"column":8},"end":{"line":235,"column":78}},"type":"binary-expr","locations":[{"start":{"line":235,"column":8},"end":{"line":235,"column":40}},{"start":{"line":235,"column":44},"end":{"line":235,"column":78}}]},"29":{"loc":{"start":{"line":239,"column":28},"end":{"line":239,"column":79}},"type":"cond-expr","locations":[{"start":{"line":239,"column":63},"end":{"line":239,"column":67}},{"start":{"line":239,"column":70},"end":{"line":239,"column":79}}]},"30":{"loc":{"start":{"line":240,"column":30},"end":{"line":240,"column":83}},"type":"cond-expr","locations":[{"start":{"line":240,"column":67},"end":{"line":240,"column":71}},{"start":{"line":240,"column":74},"end":{"line":240,"column":83}}]},"31":{"loc":{"start":{"line":274,"column":4},"end":{"line":276,"column":5}},"type":"if","locations":[{"start":{"line":274,"column":4},"end":{"line":276,"column":5}},{"start":{},"end":{}}]}},"s":{"0":0,"1":0,"2":0,"3":0,"4":0,"5":0,"6":0,"7":0,"8":0,"9":0,"10":0,"11":0,"12":0,"13":0,"14":0,"15":0,"16":0,"17":0,"18":0,"19":0,"20":0,"21":0,"22":0,"23":0,"24":0,"25":0,"26":0,"27":0,"28":0,"29":0,"30":0,"31":0,"32":0,"33":0,"34":0,"35":0,"36":0,"37":0,"38":0,"39":0,"40":0,"41":0,"42":0,"43":0,"44":0,"45":0,"46":0,"47":0,"48":0,"49":0,"50":0,"51":0,"52":0,"53":0,"54":0,"55":0,"56":0,"57":0,"58":0,"59":0,"60":0,"61":0},"f":{"0":0,"1":0,"2":0,"3":0,"4":0,"5":0,"6":0,"7":0,"8":0,"9":0,"10":0,"11":0},"b":{"0":[0,0],"1":[0,0],"2":[0,0],"3":[0,0],"4":[0,0,0],"5":[0,0],"6":[0,0],"7":[0,0],"8":[0,0],"9":[0,0],"10":[0,0],"11":[0,0],"12":[0,0],"13":[0,0],"14":[0,0],"15":[0,0],"16":[0,0],"17":[0,0],"18":[0,0,0],"19":[0,0],"20":[0,0],"21":[0,0],"22":[0,0],"23":[0,0],"24":[0,0],"25":[0,0],"26":[0,0],"27":[0,0],"28":[0,0],"29":[0,0],"30":[0,0],"31":[0,0]}}
}
