{"/home/tim/git/triage-tracker/backend/src/app.controller.ts": {"path":"/home/tim/git/triage-tracker/backend/src/app.controller.ts","statementMap":{"0":{"start":{"line":1,"column":0},"end":{"line":1,"column":49}},"1":{"start":{"line":2,"column":0},"end":{"line":2,"column":58}},"2":{"start":{"line":3,"column":0},"end":{"line":3,"column":60}},"3":{"start":{"line":7,"column":7},"end":{"line":23,"column":null}},"4":{"start":{"line":8,"column":31},"end":{"line":8,"column":39}},"5":{"start":{"line":12,"column":4},"end":{"line":15,"column":6}},"6":{"start":{"line":20,"column":4},"end":{"line":20,"column":42}},"7":{"start":{"line":21,"column":4},"end":{"line":21,"column":28}},"8":{"start":{"line":7,"column":13},"end":{"line":7,"column":26}},"9":{"start":{"line":11,"column":2},"end":{"line":16,"column":null}},"10":{"start":{"line":19,"column":8},"end":{"line":22,"column":null}},"11":{"start":{"line":7,"column":13},"end":{"line":23,"column":null}}},"fnMap":{"0":{"name":"(anonymous_2)","decl":{"start":{"line":8,"column":2},"end":{"line":8,"column":31}},"loc":{"start":{"line":8,"column":52},"end":{"line":8,"column":56}}},"1":{"name":"(anonymous_3)","decl":{"start":{"line":11,"column":2},"end":{"line":11,"column":11}},"loc":{"start":{"line":11,"column":11},"end":{"line":16,"column":3}}},"2":{"name":"(anonymous_4)","decl":{"start":{"line":19,"column":8},"end":{"line":19,"column":16}},"loc":{"start":{"line":19,"column":16},"end":{"line":22,"column":3}}}},"branchMap":{},"s":{"0":0,"1":0,"2":0,"3":0,"4":0,"5":0,"6":0,"7":0,"8":0,"9":0,"10":0,"11":0},"f":{"0":0,"1":0,"2":0},"b":{}}
,"/home/tim/git/triage-tracker/backend/src/otel-logger.service.ts": {"path":"/home/tim/git/triage-tracker/backend/src/otel-logger.service.ts","statementMap":{"0":{"start":{"line":6,"column":22},"end":{"line":6,"column":27}},"1":{"start":{"line":8,"column":0},"end":{"line":17,"column":1}},"2":{"start":{"line":9,"column":18},"end":{"line":9,"column":47}},"3":{"start":{"line":10,"column":2},"end":{"line":10,"column":24}},"4":{"start":{"line":11,"column":2},"end":{"line":11,"column":28}},"5":{"start":{"line":12,"column":2},"end":{"line":12,"column":47}},"6":{"start":{"line":13,"column":2},"end":{"line":13,"column":25}},"7":{"start":{"line":16,"column":2},"end":{"line":16,"column":26}},"8":{"start":{"line":19,"column":13},"end":{"line":19,"column":26}},"9":{"start":{"line":20,"column":23},"end":{"line":27,"column":2}},"10":{"start":{"line":42,"column":4},"end":{"line":42,"column":35}},"11":{"start":{"line":43,"column":4},"end":{"line":53,"column":5}},"12":{"start":{"line":44,"column":6},"end":{"line":50,"column":7}},"13":{"start":{"line":45,"column":31},"end":{"line":45,"column":55}},"14":{"start":{"line":46,"column":8},"end":{"line":46,"column":66}},"15":{"start":{"line":49,"column":8},"end":{"line":49,"column":27}},"16":{"start":{"line":52,"column":6},"end":{"line":52,"column":25}},"17":{"start":{"line":57,"column":25},"end":{"line":57,"column":55}},"18":{"start":{"line":58,"column":29},"end":{"line":58,"column":72}},"19":{"start":{"line":59,"column":19},"end":{"line":59,"column":67}},"20":{"start":{"line":64,"column":4},"end":{"line":64,"column":66}},"21":{"start":{"line":67,"column":4},"end":{"line":69,"column":5}},"22":{"start":{"line":68,"column":6},"end":{"line":68,"column":13}},"23":{"start":{"line":71,"column":23},"end":{"line":71,"column":44}},"24":{"start":{"line":72,"column":24},"end":{"line":72,"column":49}},"25":{"start":{"line":74,"column":27},"end":{"line":82,"column":6}},"26":{"start":{"line":85,"column":4},"end":{"line":92,"column":5}},"27":{"start":{"line":86,"column":6},"end":{"line":91,"column":8}},"28":{"start":{"line":95,"column":4},"end":{"line":107,"column":5}},"29":{"start":{"line":96,"column":6},"end":{"line":106,"column":9}},"30":{"start":{"line":97,"column":8},"end":{"line":105,"column":9}},"31":{"start":{"line":98,"column":10},"end":{"line":98,"column":65}},"32":{"start":{"line":99,"column":10},"end":{"line":99,"column":61}},"33":{"start":{"line":100,"column":10},"end":{"line":100,"column":59}},"34":{"start":{"line":101,"column":15},"end":{"line":105,"column":9}},"35":{"start":{"line":102,"column":10},"end":{"line":102,"column":72}},"36":{"start":{"line":104,"column":10},"end":{"line":104,"column":64}},"37":{"start":{"line":109,"column":4},"end":{"line":109,"column":32}},"38":{"start":{"line":113,"column":4},"end":{"line":113,"column":52}},"39":{"start":{"line":113,"column":37},"end":{"line":113,"column":52}},"40":{"start":{"line":116,"column":25},"end":{"line":117,"column":null}},"41":{"start":{"line":117,"column":13},"end":{"line":117,"column":59}},"42":{"start":{"line":120,"column":4},"end":{"line":122,"column":5}},"43":{"start":{"line":121,"column":6},"end":{"line":121,"column":52}},"44":{"start":{"line":124,"column":4},"end":{"line":124,"column":19}},"45":{"start":{"line":128,"column":4},"end":{"line":128,"column":57}},"46":{"start":{"line":128,"column":42},"end":{"line":128,"column":57}},"47":{"start":{"line":129,"column":4},"end":{"line":129,"column":55}},"48":{"start":{"line":129,"column":41},"end":{"line":129,"column":55}},"49":{"start":{"line":130,"column":4},"end":{"line":130,"column":55}},"50":{"start":{"line":130,"column":41},"end":{"line":130,"column":55}},"51":{"start":{"line":131,"column":4},"end":{"line":131,"column":57}},"52":{"start":{"line":131,"column":42},"end":{"line":131,"column":57}},"53":{"start":{"line":132,"column":4},"end":{"line":132,"column":19}},"54":{"start":{"line":136,"column":4},"end":{"line":136,"column":71}},"55":{"start":{"line":140,"column":4},"end":{"line":140,"column":72}},"56":{"start":{"line":144,"column":4},"end":{"line":144,"column":71}},"57":{"start":{"line":148,"column":4},"end":{"line":148,"column":72}},"58":{"start":{"line":152,"column":4},"end":{"line":152,"column":72}},"59":{"start":{"line":37,"column":0},"end":{"line":37,"column":13}}},"fnMap":{"0":{"name":"(anonymous_0)","decl":{"start":{"line":41,"column":2},"end":{"line":41,"column":14}},"loc":{"start":{"line":41,"column":34},"end":{"line":54,"column":3}}},"1":{"name":"(anonymous_1)","decl":{"start":{"line":56,"column":10},"end":{"line":56,"column":14}},"loc":{"start":{"line":56,"column":74},"end":{"line":110,"column":3}}},"2":{"name":"(anonymous_2)","decl":{"start":{"line":96,"column":29},"end":{"line":96,"column":30}},"loc":{"start":{"line":96,"column":44},"end":{"line":106,"column":7}}},"3":{"name":"(anonymous_3)","decl":{"start":{"line":112,"column":10},"end":{"line":112,"column":23}},"loc":{"start":{"line":112,"column":62},"end":{"line":125,"column":3}}},"4":{"name":"(anonymous_4)","decl":{"start":{"line":117,"column":6},"end":{"line":117,"column":7}},"loc":{"start":{"line":117,"column":13},"end":{"line":117,"column":59}}},"5":{"name":"(anonymous_5)","decl":{"start":{"line":127,"column":10},"end":{"line":127,"column":25}},"loc":{"start":{"line":127,"column":42},"end":{"line":133,"column":3}}},"6":{"name":"(anonymous_6)","decl":{"start":{"line":135,"column":2},"end":{"line":135,"column":5}},"loc":{"start":{"line":135,"column":44},"end":{"line":137,"column":3}}},"7":{"name":"(anonymous_7)","decl":{"start":{"line":139,"column":2},"end":{"line":139,"column":7}},"loc":{"start":{"line":139,"column":46},"end":{"line":141,"column":3}}},"8":{"name":"(anonymous_8)","decl":{"start":{"line":143,"column":2},"end":{"line":143,"column":6}},"loc":{"start":{"line":143,"column":45},"end":{"line":145,"column":3}}},"9":{"name":"(anonymous_9)","decl":{"start":{"line":147,"column":2},"end":{"line":147,"column":7}},"loc":{"start":{"line":147,"column":46},"end":{"line":149,"column":3}}},"10":{"name":"(anonymous_10)","decl":{"start":{"line":151,"column":2},"end":{"line":151,"column":9}},"loc":{"start":{"line":151,"column":48},"end":{"line":153,"column":3}}},"11":{"name":"(anonymous_11)","decl":{"start":{"line":155,"column":2},"end":{"line":155,"column":14}},"loc":{"start":{"line":155,"column":34},"end":{"line":158,"column":3}}}},"branchMap":{"0":{"loc":{"start":{"line":19,"column":13},"end":{"line":19,"column":26}},"type":"cond-expr","locations":[{"start":{"line":19,"column":20},"end":{"line":19,"column":22}},{"start":{"line":19,"column":13},"end":{"line":19,"column":26}}]},"1":{"loc":{"start":{"line":19,"column":13},"end":{"line":19,"column":22}},"type":"binary-expr","locations":[{"start":{"line":19,"column":13},"end":{"line":19,"column":22}},{"start":{"line":19,"column":13},"end":{"line":19,"column":22}}]},"2":{"loc":{"start":{"line":20,"column":23},"end":{"line":27,"column":2}},"type":"cond-expr","locations":[{"start":{"line":20,"column":46},"end":{"line":20,"column":50}},{"start":{"line":20,"column":50},"end":{"line":27,"column":2}}]},"3":{"loc":{"start":{"line":20,"column":23},"end":{"line":20,"column":50}},"type":"binary-expr","locations":[{"start":{"line":20,"column":23},"end":{"line":20,"column":50}},{"start":{"line":20,"column":46},"end":{"line":20,"column":50}}]},"4":{"loc":{"start":{"line":20,"column":23},"end":{"line":20,"column":46}},"type":"cond-expr","locations":[{"start":{"line":20,"column":30},"end":{"line":20,"column":32}},{"start":{"line":20,"column":23},"end":{"line":20,"column":46}}]},"5":{"loc":{"start":{"line":20,"column":23},"end":{"line":20,"column":32}},"type":"binary-expr","locations":[{"start":{"line":20,"column":23},"end":{"line":20,"column":32}},{"start":{"line":20,"column":23},"end":{"line":20,"column":32}}]},"6":{"loc":{"start":{"line":43,"column":4},"end":{"line":53,"column":5}},"type":"if","locations":[{"start":{"line":43,"column":4},"end":{"line":53,"column":5}},{"start":{"line":51,"column":11},"end":{"line":53,"column":5}}]},"7":{"loc":{"start":{"line":43,"column":8},"end":{"line":43,"column":31}},"type":"binary-expr","locations":[{"start":{"line":43,"column":8},"end":{"line":43,"column":23}},{"start":{"line":43,"column":27},"end":{"line":43,"column":31}}]},"8":{"loc":{"start":{"line":59,"column":19},"end":{"line":59,"column":67}},"type":"cond-expr","locations":[{"start":{"line":59,"column":38},"end":{"line":59,"column":62}},{"start":{"line":59,"column":65},"end":{"line":59,"column":67}}]},"9":{"loc":{"start":{"line":67,"column":4},"end":{"line":69,"column":5}},"type":"if","locations":[{"start":{"line":67,"column":4},"end":{"line":69,"column":5}},{"start":{},"end":{}}]},"10":{"loc":{"start":{"line":67,"column":8},"end":{"line":67,"column":40}},"type":"binary-expr","locations":[{"start":{"line":67,"column":8},"end":{"line":67,"column":20}},{"start":{"line":67,"column":24},"end":{"line":67,"column":40}}]},"11":{"loc":{"start":{"line":72,"column":24},"end":{"line":72,"column":49}},"type":"cond-expr","locations":[{"start":{"line":72,"column":34},"end":{"line":72,"column":36}},{"start":{"line":72,"column":24},"end":{"line":72,"column":49}}]},"12":{"loc":{"start":{"line":72,"column":24},"end":{"line":72,"column":36}},"type":"binary-expr","locations":[{"start":{"line":72,"column":24},"end":{"line":72,"column":36}},{"start":{"line":72,"column":24},"end":{"line":72,"column":36}}]},"13":{"loc":{"start":{"line":79,"column":27},"end":{"line":79,"column":60}},"type":"binary-expr","locations":[{"start":{"line":79,"column":27},"end":{"line":79,"column":43}},{"start":{"line":79,"column":47},"end":{"line":79,"column":60}}]},"14":{"loc":{"start":{"line":85,"column":4},"end":{"line":92,"column":5}},"type":"if","locations":[{"start":{"line":85,"column":4},"end":{"line":92,"column":5}},{"start":{},"end":{}}]},"15":{"loc":{"start":{"line":95,"column":4},"end":{"line":107,"column":5}},"type":"if","locations":[{"start":{"line":95,"column":4},"end":{"line":107,"column":5}},{"start":{},"end":{}}]},"16":{"loc":{"start":{"line":97,"column":8},"end":{"line":105,"column":9}},"type":"if","locations":[{"start":{"line":97,"column":8},"end":{"line":105,"column":9}},{"start":{"line":101,"column":15},"end":{"line":105,"column":9}}]},"17":{"loc":{"start":{"line":101,"column":15},"end":{"line":105,"column":9}},"type":"if","locations":[{"start":{"line":101,"column":15},"end":{"line":105,"column":9}},{"start":{"line":103,"column":15},"end":{"line":105,"column":9}}]},"18":{"loc":{"start":{"line":113,"column":4},"end":{"line":113,"column":52}},"type":"if","locations":[{"start":{"line":113,"column":4},"end":{"line":113,"column":52}},{"start":{},"end":{}}]},"19":{"loc":{"start":{"line":117,"column":13},"end":{"line":117,"column":59}},"type":"binary-expr","locations":[{"start":{"line":117,"column":13},"end":{"line":117,"column":34}},{"start":{"line":117,"column":38},"end":{"line":117,"column":59}}]},"20":{"loc":{"start":{"line":120,"column":4},"end":{"line":122,"column":5}},"type":"if","locations":[{"start":{"line":120,"column":4},"end":{"line":122,"column":5}},{"start":{},"end":{}}]},"21":{"loc":{"start":{"line":128,"column":4},"end":{"line":128,"column":57}},"type":"if","locations":[{"start":{"line":128,"column":4},"end":{"line":128,"column":57}},{"start":{},"end":{}}]},"22":{"loc":{"start":{"line":129,"column":4},"end":{"line":129,"column":55}},"type":"if","locations":[{"start":{"line":129,"column":4},"end":{"line":129,"column":55}},{"start":{},"end":{}}]},"23":{"loc":{"start":{"line":130,"column":4},"end":{"line":130,"column":55}},"type":"if","locations":[{"start":{"line":130,"column":4},"end":{"line":130,"column":55}},{"start":{},"end":{}}]},"24":{"loc":{"start":{"line":131,"column":4},"end":{"line":131,"column":57}},"type":"if","locations":[{"start":{"line":131,"column":4},"end":{"line":131,"column":57}},{"start":{},"end":{}}]}},"s":{"0":0,"1":0,"2":0,"3":0,"4":0,"5":0,"6":0,"7":0,"8":0,"9":0,"10":0,"11":0,"12":0,"13":0,"14":0,"15":0,"16":0,"17":0,"18":0,"19":0,"20":0,"21":0,"22":0,"23":0,"24":0,"25":0,"26":0,"27":0,"28":0,"29":0,"30":0,"31":0,"32":0,"33":0,"34":0,"35":0,"36":0,"37":0,"38":0,"39":0,"40":0,"41":0,"42":0,"43":0,"44":0,"45":0,"46":0,"47":0,"48":0,"49":0,"50":0,"51":0,"52":0,"53":0,"54":0,"55":0,"56":0,"57":0,"58":0,"59":0},"f":{"0":0,"1":0,"2":0,"3":0,"4":0,"5":0,"6":0,"7":0,"8":0,"9":0,"10":0,"11":0},"b":{"0":[0,0],"1":[0,0],"2":[0,0],"3":[0,0],"4":[0,0],"5":[0,0],"6":[0,0],"7":[0,0],"8":[0,0],"9":[0,0],"10":[0,0],"11":[0,0],"12":[0,0],"13":[0,0],"14":[0,0],"15":[0,0],"16":[0,0],"17":[0,0],"18":[0,0],"19":[0,0],"20":[0,0],"21":[0,0],"22":[0,0],"23":[0,0],"24":[0,0]}}
,"/home/tim/git/triage-tracker/backend/src/ai/ai.service.ts": {"path":"/home/tim/git/triage-tracker/backend/src/ai/ai.service.ts","statementMap":{"0":{"start":{"line":1,"column":0},"end":{"line":1,"column":71}},"1":{"start":{"line":2,"column":0},"end":{"line":2,"column":47}},"2":{"start":{"line":3,"column":0},"end":{"line":3,"column":59}},"3":{"start":{"line":6,"column":22},"end":{"line":73,"column":null}},"4":{"start":{"line":10,"column":21},"end":{"line":10,"column":35}},"5":{"start":{"line":11,"column":21},"end":{"line":11,"column":29}},"6":{"start":{"line":7,"column":19},"end":{"line":7,"column":55}},"7":{"start":{"line":15,"column":21},"end":{"line":22,"column":6}},"8":{"start":{"line":24,"column":4},"end":{"line":26,"column":5}},"9":{"start":{"line":25,"column":6},"end":{"line":25,"column":78}},"10":{"start":{"line":28,"column":19},"end":{"line":28,"column":52}},"11":{"start":{"line":30,"column":4},"end":{"line":30,"column":73}},"12":{"start":{"line":32,"column":20},"end":{"line":32,"column":64}},"13":{"start":{"line":34,"column":4},"end":{"line":34,"column":38}},"14":{"start":{"line":38,"column":25},"end":{"line":45,"column":17}},"15":{"start":{"line":40,"column":26},"end":{"line":40,"column":65}},"16":{"start":{"line":41,"column":21},"end":{"line":41,"column":63}},"17":{"start":{"line":42,"column":24},"end":{"line":42,"column":43}},"18":{"start":{"line":43,"column":8},"end":{"line":43,"column":52}},"19":{"start":{"line":47,"column":4},"end":{"line":66,"column":8}},"20":{"start":{"line":70,"column":20},"end":{"line":70,"column":78}},"21":{"start":{"line":71,"column":4},"end":{"line":71,"column":26}},"22":{"start":{"line":6,"column":13},"end":{"line":6,"column":22}},"23":{"start":{"line":6,"column":13},"end":{"line":73,"column":null}}},"fnMap":{"0":{"name":"(anonymous_2)","decl":{"start":{"line":9,"column":2},"end":{"line":9,"column":null}},"loc":{"start":{"line":11,"column":42},"end":{"line":12,"column":6}}},"1":{"name":"(anonymous_3)","decl":{"start":{"line":14,"column":2},"end":{"line":14,"column":7}},"loc":{"start":{"line":14,"column":50},"end":{"line":35,"column":3}}},"2":{"name":"(anonymous_4)","decl":{"start":{"line":37,"column":10},"end":{"line":37,"column":28}},"loc":{"start":{"line":37,"column":42},"end":{"line":67,"column":3}}},"3":{"name":"(anonymous_5)","decl":{"start":{"line":39,"column":11},"end":{"line":39,"column":12}},"loc":{"start":{"line":39,"column":26},"end":{"line":44,"column":7}}},"4":{"name":"(anonymous_6)","decl":{"start":{"line":69,"column":10},"end":{"line":69,"column":22}},"loc":{"start":{"line":69,"column":41},"end":{"line":72,"column":3}}}},"branchMap":{"0":{"loc":{"start":{"line":24,"column":4},"end":{"line":26,"column":5}},"type":"if","locations":[{"start":{"line":24,"column":4},"end":{"line":26,"column":5}},{"start":{},"end":{}}]},"1":{"loc":{"start":{"line":42,"column":24},"end":{"line":42,"column":43}},"type":"binary-expr","locations":[{"start":{"line":42,"column":24},"end":{"line":42,"column":37}},{"start":{"line":42,"column":41},"end":{"line":42,"column":43}}]},"2":{"loc":{"start":{"line":52,"column":17},"end":{"line":52,"column":46}},"type":"binary-expr","locations":[{"start":{"line":52,"column":17},"end":{"line":52,"column":37}},{"start":{"line":52,"column":41},"end":{"line":52,"column":46}}]},"3":{"loc":{"start":{"line":54,"column":20},"end":{"line":54,"column":52}},"type":"binary-expr","locations":[{"start":{"line":54,"column":20},"end":{"line":54,"column":42}},{"start":{"line":54,"column":46},"end":{"line":54,"column":52}}]},"4":{"loc":{"start":{"line":57,"column":4},"end":{"line":57,"column":50}},"type":"binary-expr","locations":[{"start":{"line":57,"column":4},"end":{"line":57,"column":16}},{"start":{"line":57,"column":20},"end":{"line":57,"column":50}}]}},"s":{"0":0,"1":0,"2":0,"3":0,"4":0,"5":0,"6":0,"7":0,"8":0,"9":0,"10":0,"11":0,"12":0,"13":0,"14":0,"15":0,"16":0,"17":0,"18":0,"19":0,"20":0,"21":0,"22":0,"23":0},"f":{"0":0,"1":0,"2":0,"3":0,"4":0},"b":{"0":[0,0],"1":[0,0],"2":[0,0],"3":[0,0],"4":[0,0]}}
,"/home/tim/git/triage-tracker/backend/src/ai/gemini.client.ts": {"path":"/home/tim/git/triage-tracker/backend/src/ai/gemini.client.ts","statementMap":{"0":{"start":{"line":1,"column":0},"end":{"line":1,"column":59}},"1":{"start":{"line":2,"column":0},"end":{"line":2,"column":52}},"2":{"start":{"line":3,"column":0},"end":{"line":3,"column":47}},"3":{"start":{"line":6,"column":25},"end":{"line":62,"column":null}},"4":{"start":{"line":11,"column":22},"end":{"line":11,"column":37}},"5":{"start":{"line":7,"column":19},"end":{"line":7,"column":58}},"6":{"start":{"line":9,"column":19},"end":{"line":9,"column":58}},"7":{"start":{"line":12,"column":19},"end":{"line":12,"column":67}},"8":{"start":{"line":13,"column":4},"end":{"line":15,"column":5}},"9":{"start":{"line":14,"column":6},"end":{"line":14,"column":56}},"10":{"start":{"line":16,"column":4},"end":{"line":16,"column":54}},"11":{"start":{"line":20,"column":18},"end":{"line":20,"column":70}},"12":{"start":{"line":22,"column":23},"end":{"line":22,"column":24}},"13":{"start":{"line":23,"column":34},"end":{"line":23,"column":38}},"14":{"start":{"line":25,"column":4},"end":{"line":58,"column":5}},"15":{"start":{"line":25,"column":23},"end":{"line":25,"column":24}},"16":{"start":{"line":26,"column":6},"end":{"line":57,"column":7}},"17":{"start":{"line":27,"column":31},"end":{"line":32,"column":10}},"18":{"start":{"line":28,"column":20},"end":{"line":28,"column":81}},"19":{"start":{"line":28,"column":37},"end":{"line":28,"column":73}},"20":{"start":{"line":29,"column":10},"end":{"line":31,"column":11}},"21":{"start":{"line":30,"column":13},"end":{"line":30,"column":31}},"22":{"start":{"line":34,"column":23},"end":{"line":37,"column":10}},"23":{"start":{"line":39,"column":25},"end":{"line":39,"column":40}},"24":{"start":{"line":40,"column":21},"end":{"line":40,"column":36}},"25":{"start":{"line":42,"column":8},"end":{"line":44,"column":9}},"26":{"start":{"line":43,"column":10},"end":{"line":43,"column":60}},"27":{"start":{"line":46,"column":8},"end":{"line":46,"column":20}},"28":{"start":{"line":48,"column":8},"end":{"line":48,"column":35}},"29":{"start":{"line":49,"column":8},"end":{"line":51,"column":10}},"30":{"start":{"line":53,"column":8},"end":{"line":56,"column":9}},"31":{"start":{"line":54,"column":31},"end":{"line":54,"column":78}},"32":{"start":{"line":55,"column":10},"end":{"line":55,"column":74}},"33":{"start":{"line":55,"column":39},"end":{"line":55,"column":72}},"34":{"start":{"line":60,"column":4},"end":{"line":60,"column":93}},"35":{"start":{"line":6,"column":13},"end":{"line":6,"column":25}},"36":{"start":{"line":6,"column":13},"end":{"line":62,"column":null}}},"fnMap":{"0":{"name":"(anonymous_2)","decl":{"start":{"line":11,"column":2},"end":{"line":11,"column":22}},"loc":{"start":{"line":11,"column":50},"end":{"line":17,"column":3}}},"1":{"name":"(anonymous_3)","decl":{"start":{"line":19,"column":2},"end":{"line":19,"column":7}},"loc":{"start":{"line":19,"column":35},"end":{"line":61,"column":3}}},"2":{"name":"(anonymous_4)","decl":{"start":{"line":27,"column":50},"end":{"line":27,"column":51}},"loc":{"start":{"line":27,"column":64},"end":{"line":32,"column":9}}},"3":{"name":"(anonymous_5)","decl":{"start":{"line":28,"column":31},"end":{"line":28,"column":34}},"loc":{"start":{"line":28,"column":37},"end":{"line":28,"column":73}}},"4":{"name":"(anonymous_6)","decl":{"start":{"line":55,"column":28},"end":{"line":55,"column":35}},"loc":{"start":{"line":55,"column":39},"end":{"line":55,"column":72}}}},"branchMap":{"0":{"loc":{"start":{"line":13,"column":4},"end":{"line":15,"column":5}},"type":"if","locations":[{"start":{"line":13,"column":4},"end":{"line":15,"column":5}},{"start":{},"end":{}}]},"1":{"loc":{"start":{"line":16,"column":40},"end":{"line":16,"column":52}},"type":"binary-expr","locations":[{"start":{"line":16,"column":40},"end":{"line":16,"column":46}},{"start":{"line":16,"column":50},"end":{"line":16,"column":52}}]},"2":{"loc":{"start":{"line":29,"column":10},"end":{"line":31,"column":11}},"type":"if","locations":[{"start":{"line":29,"column":10},"end":{"line":31,"column":11}},{"start":{},"end":{}}]},"3":{"loc":{"start":{"line":29,"column":22},"end":{"line":29,"column":38}},"type":"cond-expr","locations":[{"start":{"line":29,"column":23},"end":{"line":29,"column":31}},{"start":{"line":29,"column":22},"end":{"line":29,"column":38}}]},"4":{"loc":{"start":{"line":29,"column":22},"end":{"line":29,"column":31}},"type":"binary-expr","locations":[{"start":{"line":29,"column":22},"end":{"line":29,"column":33}},{"start":{"line":29,"column":22},"end":{"line":29,"column":31}}]},"5":{"loc":{"start":{"line":42,"column":8},"end":{"line":44,"column":9}},"type":"if","locations":[{"start":{"line":42,"column":8},"end":{"line":44,"column":9}},{"start":{},"end":{}}]},"6":{"loc":{"start":{"line":53,"column":8},"end":{"line":56,"column":9}},"type":"if","locations":[{"start":{"line":53,"column":8},"end":{"line":56,"column":9}},{"start":{},"end":{}}]},"7":{"loc":{"start":{"line":60,"column":71},"end":{"line":60,"column":89}},"type":"cond-expr","locations":[{"start":{"line":60,"column":80},"end":{"line":60,"column":82}},{"start":{"line":60,"column":71},"end":{"line":60,"column":89}}]},"8":{"loc":{"start":{"line":60,"column":71},"end":{"line":60,"column":82}},"type":"binary-expr","locations":[{"start":{"line":60,"column":71},"end":{"line":60,"column":82}},{"start":{"line":60,"column":71},"end":{"line":60,"column":82}}]}},"s":{"0":0,"1":0,"2":0,"3":0,"4":0,"5":0,"6":0,"7":0,"8":0,"9":0,"10":0,"11":0,"12":0,"13":0,"14":0,"15":0,"16":0,"17":0,"18":0,"19":0,"20":0,"21":0,"22":0,"23":0,"24":0,"25":0,"26":0,"27":0,"28":0,"29":0,"30":0,"31":0,"32":0,"33":0,"34":0,"35":0,"36":0},"f":{"0":0,"1":0,"2":0,"3":0,"4":0},"b":{"0":[0,0],"1":[0,0],"2":[0,0],"3":[0,0],"4":[0,0],"5":[0,0],"6":[0,0],"7":[0,0],"8":[0,0]}}
,"/home/tim/git/triage-tracker/backend/src/auth/auth.controller.ts": {"path":"/home/tim/git/triage-tracker/backend/src/auth/auth.controller.ts","statementMap":{"0":{"start":{"line":1,"column":0},"end":{"line":1,"column":99}},"1":{"start":{"line":3,"column":0},"end":{"line":3,"column":45}},"2":{"start":{"line":4,"column":0},"end":{"line":4,"column":59}},"3":{"start":{"line":5,"column":0},"end":{"line":5,"column":43}},"4":{"start":{"line":6,"column":0},"end":{"line":6,"column":47}},"5":{"start":{"line":7,"column":0},"end":{"line":7,"column":55}},"6":{"start":{"line":10,"column":7},"end":{"line":75,"column":null}},"7":{"start":{"line":11,"column":22},"end":{"line":11,"column":35}},"8":{"start":{"line":19,"column":19},"end":{"line":19,"column":66}},"9":{"start":{"line":22,"column":4},"end":{"line":27,"column":7}},"10":{"start":{"line":29,"column":4},"end":{"line":32,"column":6}},"11":{"start":{"line":40,"column":25},"end":{"line":40,"column":72}},"12":{"start":{"line":42,"column":4},"end":{"line":44,"column":5}},"13":{"start":{"line":43,"column":6},"end":{"line":43,"column":52}},"14":{"start":{"line":46,"column":19},"end":{"line":46,"column":63}},"15":{"start":{"line":49,"column":4},"end":{"line":54,"column":7}},"16":{"start":{"line":56,"column":4},"end":{"line":59,"column":6}},"17":{"start":{"line":65,"column":25},"end":{"line":65,"column":50}},"18":{"start":{"line":67,"column":4},"end":{"line":69,"column":5}},"19":{"start":{"line":68,"column":6},"end":{"line":68,"column":50}},"20":{"start":{"line":71,"column":4},"end":{"line":71,"column":36}},"21":{"start":{"line":73,"column":4},"end":{"line":73,"column":50}},"22":{"start":{"line":10,"column":13},"end":{"line":10,"column":27}},"23":{"start":{"line":17,"column":8},"end":{"line":33,"column":null}},"24":{"start":{"line":38,"column":8},"end":{"line":60,"column":null}},"25":{"start":{"line":64,"column":8},"end":{"line":74,"column":null}},"26":{"start":{"line":10,"column":13},"end":{"line":75,"column":null}}},"fnMap":{"0":{"name":"(anonymous_4)","decl":{"start":{"line":11,"column":2},"end":{"line":11,"column":22}},"loc":{"start":{"line":11,"column":46},"end":{"line":11,"column":50}}},"1":{"name":"(anonymous_5)","decl":{"start":{"line":17,"column":8},"end":{"line":17,"column":13}},"loc":{"start":{"line":17,"column":105},"end":{"line":33,"column":3}}},"2":{"name":"(anonymous_6)","decl":{"start":{"line":38,"column":8},"end":{"line":38,"column":15}},"loc":{"start":{"line":38,"column":104},"end":{"line":60,"column":3}}},"3":{"name":"(anonymous_7)","decl":{"start":{"line":64,"column":8},"end":{"line":64,"column":14}},"loc":{"start":{"line":64,"column":77},"end":{"line":74,"column":3}}}},"branchMap":{"0":{"loc":{"start":{"line":40,"column":25},"end":{"line":40,"column":72}},"type":"binary-expr","locations":[{"start":{"line":40,"column":25},"end":{"line":40,"column":42}},{"start":{"line":40,"column":46},"end":{"line":40,"column":71}}]},"1":{"loc":{"start":{"line":40,"column":46},"end":{"line":40,"column":71}},"type":"cond-expr","locations":[{"start":{"line":40,"column":57},"end":{"line":40,"column":59}},{"start":{"line":40,"column":57},"end":{"line":40,"column":71}}]},"2":{"loc":{"start":{"line":40,"column":46},"end":{"line":40,"column":59}},"type":"binary-expr","locations":[{"start":{"line":40,"column":46},"end":{"line":40,"column":59}},{"start":{"line":40,"column":57},"end":{"line":40,"column":59}}]},"3":{"loc":{"start":{"line":42,"column":4},"end":{"line":44,"column":5}},"type":"if","locations":[{"start":{"line":42,"column":4},"end":{"line":44,"column":5}},{"start":{},"end":{}}]},"4":{"loc":{"start":{"line":65,"column":25},"end":{"line":65,"column":50}},"type":"cond-expr","locations":[{"start":{"line":65,"column":36},"end":{"line":65,"column":38}},{"start":{"line":65,"column":36},"end":{"line":65,"column":50}}]},"5":{"loc":{"start":{"line":65,"column":25},"end":{"line":65,"column":38}},"type":"binary-expr","locations":[{"start":{"line":65,"column":25},"end":{"line":65,"column":38}},{"start":{"line":65,"column":36},"end":{"line":65,"column":38}}]},"6":{"loc":{"start":{"line":67,"column":4},"end":{"line":69,"column":5}},"type":"if","locations":[{"start":{"line":67,"column":4},"end":{"line":69,"column":5}},{"start":{},"end":{}}]}},"s":{"0":0,"1":0,"2":0,"3":0,"4":0,"5":0,"6":0,"7":0,"8":0,"9":0,"10":0,"11":0,"12":0,"13":0,"14":0,"15":0,"16":0,"17":0,"18":0,"19":0,"20":0,"21":0,"22":0,"23":0,"24":0,"25":0,"26":0},"f":{"0":0,"1":0,"2":0,"3":0},"b":{"0":[0,0],"1":[0,0],"2":[0,0],"3":[0,0],"4":[0,0],"5":[0,0],"6":[0,0]}}
,"/home/tim/git/triage-tracker/backend/src/auth/auth.service.ts": {"path":"/home/tim/git/triage-tracker/backend/src/auth/auth.service.ts","statementMap":{"0":{"start":{"line":1,"column":0},"end":{"line":1,"column":75}},"1":{"start":{"line":2,"column":0},"end":{"line":2,"column":41}},"2":{"start":{"line":3,"column":0},"end":{"line":3,"column":47}},"3":{"start":{"line":4,"column":0},"end":{"line":4,"column":33}},"4":{"start":{"line":5,"column":0},"end":{"line":5,"column":59}},"5":{"start":{"line":16,"column":24},"end":{"line":155,"column":null}},"6":{"start":{"line":20,"column":12},"end":{"line":20,"column":20}},"7":{"start":{"line":21,"column":12},"end":{"line":21,"column":24}},"8":{"start":{"line":22,"column":12},"end":{"line":22,"column":20}},"9":{"start":{"line":17,"column":19},"end":{"line":17,"column":57}},"10":{"start":{"line":26,"column":17},"end":{"line":29,"column":6}},"11":{"start":{"line":31,"column":4},"end":{"line":33,"column":5}},"12":{"start":{"line":32,"column":6},"end":{"line":32,"column":18}},"13":{"start":{"line":35,"column":28},"end":{"line":35,"column":77}},"14":{"start":{"line":36,"column":4},"end":{"line":38,"column":5}},"15":{"start":{"line":37,"column":6},"end":{"line":37,"column":18}},"16":{"start":{"line":40,"column":4},"end":{"line":40,"column":16}},"17":{"start":{"line":44,"column":4},"end":{"line":46,"column":5}},"18":{"start":{"line":45,"column":6},"end":{"line":45,"column":77}},"19":{"start":{"line":48,"column":32},"end":{"line":53,"column":6}},"20":{"start":{"line":55,"column":24},"end":{"line":55,"column":53}},"21":{"start":{"line":56,"column":25},"end":{"line":56,"column":63}},"22":{"start":{"line":59,"column":4},"end":{"line":62,"column":7}},"23":{"start":{"line":64,"column":4},"end":{"line":74,"column":6}},"24":{"start":{"line":78,"column":24},"end":{"line":81,"column":6}},"25":{"start":{"line":83,"column":4},"end":{"line":85,"column":5}},"26":{"start":{"line":84,"column":6},"end":{"line":84,"column":74}},"27":{"start":{"line":88,"column":4},"end":{"line":91,"column":7}},"28":{"start":{"line":94,"column":4},"end":{"line":94,"column":40}},"29":{"start":{"line":98,"column":4},"end":{"line":101,"column":7}},"30":{"start":{"line":105,"column":18},"end":{"line":105,"column":44}},"31":{"start":{"line":106,"column":22},"end":{"line":106,"column":81}},"32":{"start":{"line":107,"column":22},"end":{"line":107,"column":53}},"33":{"start":{"line":109,"column":4},"end":{"line":115,"column":7}},"34":{"start":{"line":117,"column":4},"end":{"line":117,"column":17}},"35":{"start":{"line":121,"column":23},"end":{"line":121,"column":25}},"36":{"start":{"line":122,"column":4},"end":{"line":122,"column":45}},"37":{"start":{"line":126,"column":19},"end":{"line":126,"column":36}},"38":{"start":{"line":127,"column":4},"end":{"line":127,"column":56}},"39":{"start":{"line":131,"column":16},"end":{"line":131,"column":26}},"40":{"start":{"line":132,"column":18},"end":{"line":132,"column":50}},"41":{"start":{"line":134,"column":4},"end":{"line":136,"column":5}},"42":{"start":{"line":135,"column":6},"end":{"line":135,"column":62}},"43":{"start":{"line":138,"column":29},"end":{"line":138,"column":34}},"44":{"start":{"line":139,"column":18},"end":{"line":139,"column":38}},"45":{"start":{"line":141,"column":4},"end":{"line":151,"column":5}},"46":{"start":{"line":143,"column":8},"end":{"line":143,"column":43}},"47":{"start":{"line":144,"column":8},"end":{"line":144,"column":14}},"48":{"start":{"line":146,"column":8},"end":{"line":146,"column":45}},"49":{"start":{"line":147,"column":8},"end":{"line":147,"column":14}},"50":{"start":{"line":149,"column":8},"end":{"line":149,"column":49}},"51":{"start":{"line":150,"column":8},"end":{"line":150,"column":14}},"52":{"start":{"line":153,"column":4},"end":{"line":153,"column":15}},"53":{"start":{"line":16,"column":13},"end":{"line":16,"column":24}},"54":{"start":{"line":16,"column":13},"end":{"line":155,"column":null}}},"fnMap":{"0":{"name":"(anonymous_2)","decl":{"start":{"line":19,"column":2},"end":{"line":19,"column":null}},"loc":{"start":{"line":22,"column":33},"end":{"line":23,"column":6}}},"1":{"name":"(anonymous_3)","decl":{"start":{"line":25,"column":2},"end":{"line":25,"column":7}},"loc":{"start":{"line":25,"column":52},"end":{"line":41,"column":3}}},"2":{"name":"(anonymous_4)","decl":{"start":{"line":43,"column":2},"end":{"line":43,"column":7}},"loc":{"start":{"line":43,"column":24},"end":{"line":75,"column":3}}},"3":{"name":"(anonymous_5)","decl":{"start":{"line":77,"column":2},"end":{"line":77,"column":7}},"loc":{"start":{"line":77,"column":36},"end":{"line":95,"column":3}}},"4":{"name":"(anonymous_6)","decl":{"start":{"line":97,"column":2},"end":{"line":97,"column":7}},"loc":{"start":{"line":97,"column":35},"end":{"line":102,"column":3}}},"5":{"name":"(anonymous_7)","decl":{"start":{"line":104,"column":2},"end":{"line":104,"column":7}},"loc":{"start":{"line":104,"column":41},"end":{"line":118,"column":3}}},"6":{"name":"(anonymous_8)","decl":{"start":{"line":120,"column":2},"end":{"line":120,"column":7}},"loc":{"start":{"line":120,"column":37},"end":{"line":123,"column":3}}},"7":{"name":"(anonymous_9)","decl":{"start":{"line":125,"column":10},"end":{"line":125,"column":29}},"loc":{"start":{"line":125,"column":29},"end":{"line":128,"column":3}}},"8":{"name":"(anonymous_10)","decl":{"start":{"line":130,"column":10},"end":{"line":130,"column":25}},"loc":{"start":{"line":130,"column":42},"end":{"line":154,"column":3}}}},"branchMap":{"0":{"loc":{"start":{"line":31,"column":4},"end":{"line":33,"column":5}},"type":"if","locations":[{"start":{"line":31,"column":4},"end":{"line":33,"column":5}},{"start":{},"end":{}}]},"1":{"loc":{"start":{"line":31,"column":8},"end":{"line":31,"column":35}},"type":"binary-expr","locations":[{"start":{"line":31,"column":8},"end":{"line":31,"column":13}},{"start":{"line":31,"column":17},"end":{"line":31,"column":35}}]},"2":{"loc":{"start":{"line":36,"column":4},"end":{"line":38,"column":5}},"type":"if","locations":[{"start":{"line":36,"column":4},"end":{"line":38,"column":5}},{"start":{},"end":{}}]},"3":{"loc":{"start":{"line":44,"column":4},"end":{"line":46,"column":5}},"type":"if","locations":[{"start":{"line":44,"column":4},"end":{"line":46,"column":5}},{"start":{},"end":{}}]},"4":{"loc":{"start":{"line":83,"column":4},"end":{"line":85,"column":5}},"type":"if","locations":[{"start":{"line":83,"column":4},"end":{"line":85,"column":5}},{"start":{},"end":{}}]},"5":{"loc":{"start":{"line":83,"column":8},"end":{"line":83,"column":81}},"type":"binary-expr","locations":[{"start":{"line":83,"column":8},"end":{"line":83,"column":20}},{"start":{"line":83,"column":24},"end":{"line":83,"column":43}},{"start":{"line":83,"column":47},"end":{"line":83,"column":81}}]},"6":{"loc":{"start":{"line":106,"column":22},"end":{"line":106,"column":81}},"type":"binary-expr","locations":[{"start":{"line":106,"column":22},"end":{"line":106,"column":73}},{"start":{"line":106,"column":77},"end":{"line":106,"column":81}}]},"7":{"loc":{"start":{"line":134,"column":4},"end":{"line":136,"column":5}},"type":"if","locations":[{"start":{"line":134,"column":4},"end":{"line":136,"column":5}},{"start":{},"end":{}}]},"8":{"loc":{"start":{"line":141,"column":4},"end":{"line":151,"column":5}},"type":"switch","locations":[{"start":{"line":142,"column":6},"end":{"line":144,"column":14}},{"start":{"line":145,"column":6},"end":{"line":147,"column":14}},{"start":{"line":148,"column":6},"end":{"line":150,"column":14}}]}},"s":{"0":1,"1":1,"2":1,"3":1,"4":1,"5":1,"6":0,"7":0,"8":0,"9":0,"10":0,"11":0,"12":0,"13":0,"14":0,"15":0,"16":0,"17":0,"18":0,"19":0,"20":0,"21":0,"22":0,"23":0,"24":0,"25":0,"26":0,"27":0,"28":0,"29":0,"30":0,"31":0,"32":0,"33":0,"34":0,"35":0,"36":0,"37":0,"38":0,"39":0,"40":0,"41":0,"42":0,"43":0,"44":0,"45":0,"46":0,"47":0,"48":0,"49":0,"50":0,"51":0,"52":0,"53":1,"54":1},"f":{"0":0,"1":0,"2":0,"3":0,"4":0,"5":0,"6":0,"7":0,"8":0},"b":{"0":[0,0],"1":[0,0],"2":[0,0],"3":[0,0],"4":[0,0],"5":[0,0,0],"6":[0,0],"7":[0,0],"8":[0,0,0]}}
,"/home/tim/git/triage-tracker/backend/src/auth/decorators/current-user.decorator.ts": {"path":"/home/tim/git/triage-tracker/backend/src/auth/decorators/current-user.decorator.ts","statementMap":{"0":{"start":{"line":1,"column":0},"end":{"line":1,"column":72}},"1":{"start":{"line":10,"column":13},"end":{"line":15,"column":2}},"2":{"start":{"line":12,"column":20},"end":{"line":12,"column":51}},"3":{"start":{"line":13,"column":4},"end":{"line":13,"column":24}}},"fnMap":{"0":{"name":"(anonymous_0)","decl":{"start":{"line":11,"column":2},"end":{"line":11,"column":3}},"loc":{"start":{"line":11,"column":60},"end":{"line":14,"column":3}}}},"branchMap":{},"s":{"0":0,"1":0,"2":0,"3":0},"f":{"0":0},"b":{}}
,"/home/tim/git/triage-tracker/backend/src/auth/decorators/public.decorator.ts": {"path":"/home/tim/git/triage-tracker/backend/src/auth/decorators/public.decorator.ts","statementMap":{"0":{"start":{"line":1,"column":0},"end":{"line":1,"column":45}},"1":{"start":{"line":3,"column":13},"end":{"line":3,"column":40}},"2":{"start":{"line":4,"column":22},"end":{"line":4,"column":60}},"3":{"start":{"line":4,"column":28},"end":{"line":4,"column":60}},"4":{"start":{"line":4,"column":13},"end":{"line":4,"column":22}}},"fnMap":{"0":{"name":"(anonymous_0)","decl":{"start":{"line":4,"column":22},"end":{"line":4,"column":25}},"loc":{"start":{"line":4,"column":28},"end":{"line":4,"column":60}}}},"branchMap":{},"s":{"0":1,"1":1,"2":1,"3":0,"4":1},"f":{"0":0},"b":{}}
,"/home/tim/git/triage-tracker/backend/src/auth/decorators/roles.decorator.ts": {"path":"/home/tim/git/triage-tracker/backend/src/auth/decorators/roles.decorator.ts","statementMap":{"0":{"start":{"line":1,"column":0},"end":{"line":1,"column":45}},"1":{"start":{"line":4,"column":13},"end":{"line":4,"column":33}},"2":{"start":{"line":5,"column":21},"end":{"line":5,"column":76}},"3":{"start":{"line":5,"column":47},"end":{"line":5,"column":76}},"4":{"start":{"line":5,"column":13},"end":{"line":5,"column":21}}},"fnMap":{"0":{"name":"(anonymous_0)","decl":{"start":{"line":5,"column":21},"end":{"line":5,"column":22}},"loc":{"start":{"line":5,"column":47},"end":{"line":5,"column":76}}}},"branchMap":{},"s":{"0":0,"1":0,"2":0,"3":0,"4":0},"f":{"0":0},"b":{}}
,"/home/tim/git/triage-tracker/backend/src/auth/guards/jwt-auth.guard.ts": {"path":"/home/tim/git/triage-tracker/backend/src/auth/guards/jwt-auth.guard.ts","statementMap":{"0":{"start":{"line":1,"column":0},"end":{"line":1,"column":62}},"1":{"start":{"line":2,"column":0},"end":{"line":2,"column":41}},"2":{"start":{"line":3,"column":0},"end":{"line":3,"column":45}},"3":{"start":{"line":4,"column":0},"end":{"line":4,"column":63}},"4":{"start":{"line":7,"column":7},"end":{"line":24,"column":null}},"5":{"start":{"line":9,"column":4},"end":{"line":9,"column":12}},"6":{"start":{"line":8,"column":22},"end":{"line":8,"column":33}},"7":{"start":{"line":13,"column":21},"end":{"line":16,"column":6}},"8":{"start":{"line":18,"column":4},"end":{"line":20,"column":5}},"9":{"start":{"line":19,"column":6},"end":{"line":19,"column":18}},"10":{"start":{"line":22,"column":4},"end":{"line":22,"column":38}},"11":{"start":{"line":7,"column":13},"end":{"line":7,"column":25}},"12":{"start":{"line":7,"column":13},"end":{"line":24,"column":null}}},"fnMap":{"0":{"name":"(anonymous_2)","decl":{"start":{"line":8,"column":2},"end":{"line":8,"column":22}},"loc":{"start":{"line":8,"column":42},"end":{"line":10,"column":3}}},"1":{"name":"(anonymous_3)","decl":{"start":{"line":12,"column":2},"end":{"line":12,"column":13}},"loc":{"start":{"line":12,"column":39},"end":{"line":23,"column":3}}}},"branchMap":{"0":{"loc":{"start":{"line":18,"column":4},"end":{"line":20,"column":5}},"type":"if","locations":[{"start":{"line":18,"column":4},"end":{"line":20,"column":5}},{"start":{},"end":{}}]}},"s":{"0":1,"1":1,"2":1,"3":1,"4":1,"5":4,"6":4,"7":3,"8":3,"9":1,"10":2,"11":1,"12":1},"f":{"0":4,"1":3},"b":{"0":[1,2]}}
,"/home/tim/git/triage-tracker/backend/src/auth/guards/local-auth.guard.ts": {"path":"/home/tim/git/triage-tracker/backend/src/auth/guards/local-auth.guard.ts","statementMap":{"0":{"start":{"line":1,"column":0},"end":{"line":1,"column":44}},"1":{"start":{"line":2,"column":0},"end":{"line":2,"column":45}},"2":{"start":{"line":5,"column":7},"end":{"line":5,"column":null}},"3":{"start":{"line":5,"column":13},"end":{"line":5,"column":27}},"4":{"start":{"line":5,"column":13},"end":{"line":5,"column":null}}},"fnMap":{},"branchMap":{},"s":{"0":1,"1":1,"2":1,"3":1,"4":1},"f":{},"b":{}}
,"/home/tim/git/triage-tracker/backend/src/auth/guards/roles.guard.ts": {"path":"/home/tim/git/triage-tracker/backend/src/auth/guards/roles.guard.ts","statementMap":{"0":{"start":{"line":1,"column":0},"end":{"line":1,"column":75}},"1":{"start":{"line":2,"column":0},"end":{"line":2,"column":41}},"2":{"start":{"line":4,"column":0},"end":{"line":4,"column":58}},"3":{"start":{"line":7,"column":7},"end":{"line":23,"column":null}},"4":{"start":{"line":8,"column":22},"end":{"line":8,"column":33}},"5":{"start":{"line":11,"column":26},"end":{"line":14,"column":6}},"6":{"start":{"line":16,"column":4},"end":{"line":18,"column":5}},"7":{"start":{"line":17,"column":6},"end":{"line":17,"column":18}},"8":{"start":{"line":20,"column":21},"end":{"line":20,"column":56}},"9":{"start":{"line":21,"column":4},"end":{"line":21,"column":60}},"10":{"start":{"line":21,"column":40},"end":{"line":21,"column":58}},"11":{"start":{"line":7,"column":13},"end":{"line":7,"column":23}},"12":{"start":{"line":7,"column":13},"end":{"line":23,"column":null}}},"fnMap":{"0":{"name":"(anonymous_2)","decl":{"start":{"line":8,"column":2},"end":{"line":8,"column":22}},"loc":{"start":{"line":8,"column":42},"end":{"line":8,"column":46}}},"1":{"name":"(anonymous_3)","decl":{"start":{"line":10,"column":2},"end":{"line":10,"column":13}},"loc":{"start":{"line":10,"column":39},"end":{"line":22,"column":3}}},"2":{"name":"(anonymous_4)","decl":{"start":{"line":21,"column":30},"end":{"line":21,"column":31}},"loc":{"start":{"line":21,"column":40},"end":{"line":21,"column":58}}}},"branchMap":{"0":{"loc":{"start":{"line":16,"column":4},"end":{"line":18,"column":5}},"type":"if","locations":[{"start":{"line":16,"column":4},"end":{"line":18,"column":5}},{"start":{},"end":{}}]}},"s":{"0":0,"1":0,"2":0,"3":0,"4":0,"5":0,"6":0,"7":0,"8":0,"9":0,"10":0,"11":0,"12":0},"f":{"0":0,"1":0,"2":0},"b":{"0":[0,0]}}
,"/home/tim/git/triage-tracker/backend/src/auth/strategies/jwt.strategy.ts": {"path":"/home/tim/git/triage-tracker/backend/src/auth/strategies/jwt.strategy.ts","statementMap":{"0":{"start":{"line":1,"column":0},"end":{"line":1,"column":52}},"1":{"start":{"line":2,"column":0},"end":{"line":2,"column":52}},"2":{"start":{"line":3,"column":0},"end":{"line":3,"column":44}},"3":{"start":{"line":4,"column":0},"end":{"line":4,"column":47}},"4":{"start":{"line":8,"column":7},"end":{"line":25,"column":null}},"5":{"start":{"line":10,"column":4},"end":{"line":14,"column":7}},"6":{"start":{"line":18,"column":4},"end":{"line":23,"column":6}},"7":{"start":{"line":8,"column":13},"end":{"line":8,"column":24}},"8":{"start":{"line":8,"column":13},"end":{"line":25,"column":null}}},"fnMap":{"0":{"name":"(anonymous_2)","decl":{"start":{"line":9,"column":2},"end":{"line":9,"column":14}},"loc":{"start":{"line":9,"column":35},"end":{"line":15,"column":3}}},"1":{"name":"(anonymous_3)","decl":{"start":{"line":17,"column":2},"end":{"line":17,"column":7}},"loc":{"start":{"line":17,"column":36},"end":{"line":24,"column":3}}}},"branchMap":{"0":{"loc":{"start":{"line":13,"column":19},"end":{"line":13,"column":88}},"type":"binary-expr","locations":[{"start":{"line":13,"column":19},"end":{"line":13,"column":51}},{"start":{"line":13,"column":55},"end":{"line":13,"column":88}}]}},"s":{"0":0,"1":0,"2":0,"3":0,"4":0,"5":0,"6":0,"7":0,"8":0},"f":{"0":0,"1":0},"b":{"0":[0,0]}}
,"/home/tim/git/triage-tracker/backend/src/auth/strategies/local.strategy.ts": {"path":"/home/tim/git/triage-tracker/backend/src/auth/strategies/local.strategy.ts","statementMap":{"0":{"start":{"line":1,"column":0},"end":{"line":1,"column":42}},"1":{"start":{"line":2,"column":0},"end":{"line":2,"column":52}},"2":{"start":{"line":3,"column":0},"end":{"line":3,"column":67}},"3":{"start":{"line":4,"column":0},"end":{"line":4,"column":46}},"4":{"start":{"line":7,"column":7},"end":{"line":22,"column":null}},"5":{"start":{"line":9,"column":4},"end":{"line":12,"column":7}},"6":{"start":{"line":8,"column":22},"end":{"line":8,"column":35}},"7":{"start":{"line":16,"column":17},"end":{"line":16,"column":69}},"8":{"start":{"line":17,"column":4},"end":{"line":19,"column":5}},"9":{"start":{"line":18,"column":6},"end":{"line":18,"column":67}},"10":{"start":{"line":20,"column":4},"end":{"line":20,"column":16}},"11":{"start":{"line":7,"column":13},"end":{"line":7,"column":26}},"12":{"start":{"line":7,"column":13},"end":{"line":22,"column":null}}},"fnMap":{"0":{"name":"(anonymous_2)","decl":{"start":{"line":8,"column":2},"end":{"line":8,"column":22}},"loc":{"start":{"line":8,"column":46},"end":{"line":13,"column":3}}},"1":{"name":"(anonymous_3)","decl":{"start":{"line":15,"column":2},"end":{"line":15,"column":7}},"loc":{"start":{"line":15,"column":48},"end":{"line":21,"column":3}}}},"branchMap":{"0":{"loc":{"start":{"line":17,"column":4},"end":{"line":19,"column":5}},"type":"if","locations":[{"start":{"line":17,"column":4},"end":{"line":19,"column":5}},{"start":{},"end":{}}]}},"s":{"0":1,"1":1,"2":1,"3":1,"4":1,"5":5,"6":5,"7":5,"8":5,"9":3,"10":2,"11":1,"12":1},"f":{"0":5,"1":5},"b":{"0":[3,2]}}
,"/home/tim/git/triage-tracker/backend/src/incidents/incidents.service.ts": {"path":"/home/tim/git/triage-tracker/backend/src/incidents/incidents.service.ts","statementMap":{"0":{"start":{"line":1,"column":0},"end":{"line":1,"column":92}},"1":{"start":{"line":2,"column":0},"end":{"line":2,"column":51}},"2":{"start":{"line":3,"column":0},"end":{"line":3,"column":59}},"3":{"start":{"line":8,"column":0},"end":{"line":8,"column":45}},"4":{"start":{"line":9,"column":0},"end":{"line":9,"column":65}},"5":{"start":{"line":12,"column":29},"end":{"line":423,"column":null}},"6":{"start":{"line":16,"column":21},"end":{"line":16,"column":29}},"7":{"start":{"line":17,"column":21},"end":{"line":17,"column":32}},"8":{"start":{"line":18,"column":21},"end":{"line":18,"column":34}},"9":{"start":{"line":13,"column":19},"end":{"line":13,"column":62}},"10":{"start":{"line":22,"column":23},"end":{"line":22,"column":25}},"11":{"start":{"line":24,"column":4},"end":{"line":26,"column":5}},"12":{"start":{"line":25,"column":6},"end":{"line":25,"column":46}},"13":{"start":{"line":28,"column":4},"end":{"line":35,"column":5}},"14":{"start":{"line":29,"column":19},"end":{"line":29,"column":44}},"15":{"start":{"line":30,"column":6},"end":{"line":34,"column":7}},"16":{"start":{"line":31,"column":22},"end":{"line":31,"column":32}},"17":{"start":{"line":32,"column":8},"end":{"line":32,"column":46}},"18":{"start":{"line":33,"column":8},"end":{"line":33,"column":41}},"19":{"start":{"line":37,"column":4},"end":{"line":43,"column":5}},"20":{"start":{"line":39,"column":6},"end":{"line":42,"column":8}},"21":{"start":{"line":45,"column":4},"end":{"line":60,"column":7}},"22":{"start":{"line":64,"column":4},"end":{"line":80,"column":7}},"23":{"start":{"line":84,"column":4},"end":{"line":93,"column":7}},"24":{"start":{"line":99,"column":4},"end":{"line":203,"column":5}},"25":{"start":{"line":100,"column":23},"end":{"line":178,"column":8}},"26":{"start":{"line":104,"column":8},"end":{"line":104,"column":85}},"27":{"start":{"line":114,"column":71},"end":{"line":116,"column":10}},"28":{"start":{"line":118,"column":21},"end":{"line":118,"column":52}},"29":{"start":{"line":119,"column":22},"end":{"line":119,"column":60}},"30":{"start":{"line":126,"column":8},"end":{"line":143,"column":9}},"31":{"start":{"line":127,"column":10},"end":{"line":137,"column":13}},"32":{"start":{"line":139,"column":10},"end":{"line":142,"column":11}},"33":{"start":{"line":140,"column":12},"end":{"line":140,"column":37}},"34":{"start":{"line":141,"column":12},"end":{"line":141,"column":54}},"35":{"start":{"line":146,"column":8},"end":{"line":158,"column":9}},"36":{"start":{"line":147,"column":30},"end":{"line":152,"column":12}},"37":{"start":{"line":154,"column":10},"end":{"line":157,"column":11}},"38":{"start":{"line":155,"column":12},"end":{"line":155,"column":36}},"39":{"start":{"line":156,"column":12},"end":{"line":156,"column":53}},"40":{"start":{"line":162,"column":8},"end":{"line":162,"column":77}},"41":{"start":{"line":162,"column":37},"end":{"line":162,"column":77}},"42":{"start":{"line":163,"column":8},"end":{"line":163,"column":107}},"43":{"start":{"line":163,"column":62},"end":{"line":163,"column":107}},"44":{"start":{"line":165,"column":8},"end":{"line":177,"column":11}},"45":{"start":{"line":180,"column":6},"end":{"line":200,"column":7}},"46":{"start":{"line":183,"column":24},"end":{"line":186,"column":10}},"47":{"start":{"line":188,"column":22},"end":{"line":188,"column":87}},"48":{"start":{"line":190,"column":8},"end":{"line":197,"column":11}},"49":{"start":{"line":199,"column":8},"end":{"line":199,"column":115}},"50":{"start":{"line":202,"column":6},"end":{"line":202,"column":22}},"51":{"start":{"line":206,"column":21},"end":{"line":206,"column":22}},"52":{"start":{"line":207,"column":4},"end":{"line":223,"column":5}},"53":{"start":{"line":208,"column":68},"end":{"line":212,"column":8}},"54":{"start":{"line":213,"column":6},"end":{"line":213,"column":42}},"55":{"start":{"line":216,"column":45},"end":{"line":216,"column":109}},"56":{"start":{"line":217,"column":6},"end":{"line":222,"column":7}},"57":{"start":{"line":218,"column":8},"end":{"line":221,"column":9}},"58":{"start":{"line":219,"column":20},"end":{"line":219,"column":58}},"59":{"start":{"line":220,"column":10},"end":{"line":220,"column":65}},"60":{"start":{"line":220,"column":50},"end":{"line":220,"column":65}},"61":{"start":{"line":224,"column":17},"end":{"line":224,"column":39}},"62":{"start":{"line":225,"column":18},"end":{"line":225,"column":56}},"63":{"start":{"line":231,"column":4},"end":{"line":248,"column":5}},"64":{"start":{"line":232,"column":22},"end":{"line":242,"column":8}},"65":{"start":{"line":244,"column":6},"end":{"line":247,"column":7}},"66":{"start":{"line":245,"column":8},"end":{"line":245,"column":33}},"67":{"start":{"line":246,"column":8},"end":{"line":246,"column":50}},"68":{"start":{"line":251,"column":4},"end":{"line":263,"column":5}},"69":{"start":{"line":252,"column":26},"end":{"line":257,"column":8}},"70":{"start":{"line":259,"column":6},"end":{"line":262,"column":7}},"71":{"start":{"line":260,"column":8},"end":{"line":260,"column":32}},"72":{"start":{"line":261,"column":8},"end":{"line":261,"column":49}},"73":{"start":{"line":265,"column":21},"end":{"line":277,"column":6}},"74":{"start":{"line":279,"column":4},"end":{"line":294,"column":5}},"75":{"start":{"line":281,"column":20},"end":{"line":282,"column":123}},"76":{"start":{"line":284,"column":6},"end":{"line":291,"column":9}},"77":{"start":{"line":293,"column":6},"end":{"line":293,"column":113}},"78":{"start":{"line":296,"column":4},"end":{"line":296,"column":20}},"79":{"start":{"line":300,"column":21},"end":{"line":300,"column":50}},"80":{"start":{"line":301,"column":22},"end":{"line":301,"column":73}},"81":{"start":{"line":303,"column":4},"end":{"line":313,"column":7}},"82":{"start":{"line":317,"column":21},"end":{"line":317,"column":50}},"83":{"start":{"line":318,"column":4},"end":{"line":324,"column":7}},"84":{"start":{"line":328,"column":21},"end":{"line":331,"column":6}},"85":{"start":{"line":333,"column":4},"end":{"line":335,"column":5}},"86":{"start":{"line":334,"column":6},"end":{"line":334,"column":65}},"87":{"start":{"line":337,"column":4},"end":{"line":339,"column":5}},"88":{"start":{"line":338,"column":6},"end":{"line":338,"column":90}},"89":{"start":{"line":341,"column":27},"end":{"line":341,"column":84}},"90":{"start":{"line":343,"column":20},"end":{"line":353,"column":6}},"91":{"start":{"line":355,"column":4},"end":{"line":361,"column":7}},"92":{"start":{"line":363,"column":4},"end":{"line":363,"column":19}},"93":{"start":{"line":367,"column":21},"end":{"line":367,"column":50}},"94":{"start":{"line":369,"column":20},"end":{"line":371,"column":6}},"95":{"start":{"line":373,"column":4},"end":{"line":375,"column":5}},"96":{"start":{"line":374,"column":6},"end":{"line":374,"column":90}},"97":{"start":{"line":377,"column":4},"end":{"line":387,"column":7}},"98":{"start":{"line":391,"column":21},"end":{"line":394,"column":6}},"99":{"start":{"line":396,"column":4},"end":{"line":406,"column":7}},"100":{"start":{"line":408,"column":4},"end":{"line":408,"column":20}},"101":{"start":{"line":412,"column":21},"end":{"line":415,"column":6}},"102":{"start":{"line":417,"column":4},"end":{"line":419,"column":5}},"103":{"start":{"line":418,"column":6},"end":{"line":418,"column":65}},"104":{"start":{"line":421,"column":4},"end":{"line":421,"column":20}},"105":{"start":{"line":12,"column":13},"end":{"line":12,"column":29}},"106":{"start":{"line":12,"column":13},"end":{"line":423,"column":null}}},"fnMap":{"0":{"name":"(anonymous_2)","decl":{"start":{"line":15,"column":2},"end":{"line":15,"column":null}},"loc":{"start":{"line":18,"column":51},"end":{"line":19,"column":6}}},"1":{"name":"(anonymous_3)","decl":{"start":{"line":21,"column":2},"end":{"line":21,"column":9}},"loc":{"start":{"line":21,"column":135},"end":{"line":61,"column":3}}},"2":{"name":"(anonymous_4)","decl":{"start":{"line":63,"column":2},"end":{"line":63,"column":9}},"loc":{"start":{"line":63,"column":23},"end":{"line":81,"column":3}}},"3":{"name":"(anonymous_5)","decl":{"start":{"line":83,"column":2},"end":{"line":83,"column":7}},"loc":{"start":{"line":83,"column":52},"end":{"line":94,"column":3}}},"4":{"name":"(anonymous_6)","decl":{"start":{"line":96,"column":2},"end":{"line":96,"column":7}},"loc":{"start":{"line":96,"column":57},"end":{"line":297,"column":3}}},"5":{"name":"(anonymous_7)","decl":{"start":{"line":100,"column":54},"end":{"line":100,"column":59}},"loc":{"start":{"line":100,"column":67},"end":{"line":178,"column":7}}},"6":{"name":"(anonymous_8)","decl":{"start":{"line":299,"column":2},"end":{"line":299,"column":7}},"loc":{"start":{"line":299,"column":56},"end":{"line":314,"column":3}}},"7":{"name":"(anonymous_9)","decl":{"start":{"line":316,"column":2},"end":{"line":316,"column":7}},"loc":{"start":{"line":316,"column":52},"end":{"line":325,"column":3}}},"8":{"name":"(anonymous_10)","decl":{"start":{"line":327,"column":2},"end":{"line":327,"column":7}},"loc":{"start":{"line":327,"column":37},"end":{"line":364,"column":3}}},"9":{"name":"(anonymous_11)","decl":{"start":{"line":366,"column":2},"end":{"line":366,"column":7}},"loc":{"start":{"line":366,"column":71},"end":{"line":388,"column":3}}},"10":{"name":"(anonymous_12)","decl":{"start":{"line":390,"column":2},"end":{"line":390,"column":7}},"loc":{"start":{"line":390,"column":76},"end":{"line":409,"column":3}}},"11":{"name":"(anonymous_13)","decl":{"start":{"line":411,"column":10},"end":{"line":411,"column":15}},"loc":{"start":{"line":411,"column":41},"end":{"line":422,"column":3}}}},"branchMap":{"0":{"loc":{"start":{"line":24,"column":4},"end":{"line":26,"column":5}},"type":"if","locations":[{"start":{"line":24,"column":4},"end":{"line":26,"column":5}},{"start":{},"end":{}}]},"1":{"loc":{"start":{"line":24,"column":8},"end":{"line":24,"column":52}},"type":"binary-expr","locations":[{"start":{"line":24,"column":8},"end":{"line":24,"column":25}},{"start":{"line":24,"column":29},"end":{"line":24,"column":52}}]},"2":{"loc":{"start":{"line":24,"column":8},"end":{"line":24,"column":25}},"type":"cond-expr","locations":[{"start":{"line":24,"column":15},"end":{"line":24,"column":17}},{"start":{"line":24,"column":8},"end":{"line":24,"column":25}}]},"3":{"loc":{"start":{"line":24,"column":8},"end":{"line":24,"column":17}},"type":"binary-expr","locations":[{"start":{"line":24,"column":8},"end":{"line":24,"column":17}},{"start":{"line":24,"column":8},"end":{"line":24,"column":17}}]},"4":{"loc":{"start":{"line":28,"column":4},"end":{"line":35,"column":5}},"type":"if","locations":[{"start":{"line":28,"column":4},"end":{"line":35,"column":5}},{"start":{},"end":{}}]},"5":{"loc":{"start":{"line":28,"column":8},"end":{"line":28,"column":57}},"type":"binary-expr","locations":[{"start":{"line":28,"column":8},"end":{"line":28,"column":26}},{"start":{"line":28,"column":30},"end":{"line":28,"column":57}}]},"6":{"loc":{"start":{"line":28,"column":8},"end":{"line":28,"column":26}},"type":"cond-expr","locations":[{"start":{"line":28,"column":15},"end":{"line":28,"column":17}},{"start":{"line":28,"column":8},"end":{"line":28,"column":26}}]},"7":{"loc":{"start":{"line":28,"column":8},"end":{"line":28,"column":17}},"type":"binary-expr","locations":[{"start":{"line":28,"column":8},"end":{"line":28,"column":17}},{"start":{"line":28,"column":8},"end":{"line":28,"column":17}}]},"8":{"loc":{"start":{"line":30,"column":6},"end":{"line":34,"column":7}},"type":"if","locations":[{"start":{"line":30,"column":6},"end":{"line":34,"column":7}},{"start":{},"end":{}}]},"9":{"loc":{"start":{"line":37,"column":4},"end":{"line":43,"column":5}},"type":"if","locations":[{"start":{"line":37,"column":4},"end":{"line":43,"column":5}},{"start":{},"end":{}}]},"10":{"loc":{"start":{"line":37,"column":8},"end":{"line":37,"column":24}},"type":"cond-expr","locations":[{"start":{"line":37,"column":15},"end":{"line":37,"column":17}},{"start":{"line":37,"column":8},"end":{"line":37,"column":24}}]},"11":{"loc":{"start":{"line":37,"column":8},"end":{"line":37,"column":17}},"type":"binary-expr","locations":[{"start":{"line":37,"column":8},"end":{"line":37,"column":17}},{"start":{"line":37,"column":8},"end":{"line":37,"column":17}}]},"12":{"loc":{"start":{"line":99,"column":4},"end":{"line":203,"column":5}},"type":"if","locations":[{"start":{"line":99,"column":4},"end":{"line":203,"column":5}},{"start":{},"end":{}}]},"13":{"loc":{"start":{"line":118,"column":28},"end":{"line":118,"column":51}},"type":"cond-expr","locations":[{"start":{"line":118,"column":46},"end":{"line":118,"column":50}},{"start":{"line":118,"column":50},"end":{"line":118,"column":51}}]},"14":{"loc":{"start":{"line":118,"column":28},"end":{"line":118,"column":50}},"type":"binary-expr","locations":[{"start":{"line":118,"column":28},"end":{"line":118,"column":50}},{"start":{"line":118,"column":46},"end":{"line":118,"column":50}}]},"15":{"loc":{"start":{"line":118,"column":28},"end":{"line":118,"column":46}},"type":"cond-expr","locations":[{"start":{"line":118,"column":40},"end":{"line":118,"column":42}},{"start":{"line":118,"column":40},"end":{"line":118,"column":46}}]},"16":{"loc":{"start":{"line":118,"column":28},"end":{"line":118,"column":42}},"type":"binary-expr","locations":[{"start":{"line":118,"column":28},"end":{"line":118,"column":42}},{"start":{"line":118,"column":40},"end":{"line":118,"column":42}}]},"17":{"loc":{"start":{"line":118,"column":28},"end":{"line":118,"column":40}},"type":"cond-expr","locations":[{"start":{"line":118,"column":35},"end":{"line":118,"column":38}},{"start":{"line":118,"column":28},"end":{"line":118,"column":40}}]},"18":{"loc":{"start":{"line":118,"column":28},"end":{"line":118,"column":38}},"type":"binary-expr","locations":[{"start":{"line":118,"column":28},"end":{"line":118,"column":38}},{"start":{"line":118,"column":28},"end":{"line":118,"column":38}}]},"19":{"loc":{"start":{"line":126,"column":8},"end":{"line":143,"column":9}},"type":"if","locations":[{"start":{"line":126,"column":8},"end":{"line":143,"column":9}},{"start":{},"end":{}}]},"20":{"loc":{"start":{"line":139,"column":10},"end":{"line":142,"column":11}},"type":"if","locations":[{"start":{"line":139,"column":10},"end":{"line":142,"column":11}},{"start":{},"end":{}}]},"21":{"loc":{"start":{"line":139,"column":14},"end":{"line":139,"column":27}},"type":"cond-expr","locations":[{"start":{"line":139,"column":21},"end":{"line":139,"column":23}},{"start":{"line":139,"column":14},"end":{"line":139,"column":27}}]},"22":{"loc":{"start":{"line":139,"column":14},"end":{"line":139,"column":23}},"type":"binary-expr","locations":[{"start":{"line":139,"column":14},"end":{"line":139,"column":23}},{"start":{"line":139,"column":14},"end":{"line":139,"column":23}}]},"23":{"loc":{"start":{"line":141,"column":22},"end":{"line":141,"column":53}},"type":"cond-expr","locations":[{"start":{"line":141,"column":49},"end":{"line":141,"column":51}},{"start":{"line":141,"column":49},"end":{"line":141,"column":53}}]},"24":{"loc":{"start":{"line":141,"column":22},"end":{"line":141,"column":51}},"type":"binary-expr","locations":[{"start":{"line":141,"column":22},"end":{"line":141,"column":51}},{"start":{"line":141,"column":49},"end":{"line":141,"column":51}}]},"25":{"loc":{"start":{"line":146,"column":8},"end":{"line":158,"column":9}},"type":"if","locations":[{"start":{"line":146,"column":8},"end":{"line":158,"column":9}},{"start":{},"end":{}}]},"26":{"loc":{"start":{"line":154,"column":10},"end":{"line":157,"column":11}},"type":"if","locations":[{"start":{"line":154,"column":10},"end":{"line":157,"column":11}},{"start":{},"end":{}}]},"27":{"loc":{"start":{"line":156,"column":22},"end":{"line":156,"column":52}},"type":"cond-expr","locations":[{"start":{"line":156,"column":48},"end":{"line":156,"column":50}},{"start":{"line":156,"column":48},"end":{"line":156,"column":52}}]},"28":{"loc":{"start":{"line":156,"column":22},"end":{"line":156,"column":50}},"type":"binary-expr","locations":[{"start":{"line":156,"column":22},"end":{"line":156,"column":50}},{"start":{"line":156,"column":48},"end":{"line":156,"column":50}}]},"29":{"loc":{"start":{"line":162,"column":8},"end":{"line":162,"column":77}},"type":"if","locations":[{"start":{"line":162,"column":8},"end":{"line":162,"column":77}},{"start":{},"end":{}}]},"30":{"loc":{"start":{"line":162,"column":12},"end":{"line":162,"column":35}},"type":"cond-expr","locations":[{"start":{"line":162,"column":19},"end":{"line":162,"column":21}},{"start":{"line":162,"column":12},"end":{"line":162,"column":35}}]},"31":{"loc":{"start":{"line":162,"column":12},"end":{"line":162,"column":21}},"type":"binary-expr","locations":[{"start":{"line":162,"column":12},"end":{"line":162,"column":21}},{"start":{"line":162,"column":12},"end":{"line":162,"column":21}}]},"32":{"loc":{"start":{"line":163,"column":8},"end":{"line":163,"column":107}},"type":"if","locations":[{"start":{"line":163,"column":8},"end":{"line":163,"column":107}},{"start":{},"end":{}}]},"33":{"loc":{"start":{"line":163,"column":12},"end":{"line":163,"column":62}},"type":"binary-expr","locations":[{"start":{"line":163,"column":12},"end":{"line":163,"column":27}},{"start":{"line":163,"column":31},"end":{"line":163,"column":60}}]},"34":{"loc":{"start":{"line":163,"column":31},"end":{"line":163,"column":60}},"type":"cond-expr","locations":[{"start":{"line":163,"column":44},"end":{"line":163,"column":46}},{"start":{"line":163,"column":44},"end":{"line":163,"column":60}}]},"35":{"loc":{"start":{"line":163,"column":31},"end":{"line":163,"column":46}},"type":"binary-expr","locations":[{"start":{"line":163,"column":31},"end":{"line":163,"column":46}},{"start":{"line":163,"column":44},"end":{"line":163,"column":46}}]},"36":{"loc":{"start":{"line":163,"column":31},"end":{"line":163,"column":44}},"type":"cond-expr","locations":[{"start":{"line":163,"column":38},"end":{"line":163,"column":40}},{"start":{"line":163,"column":31},"end":{"line":163,"column":44}}]},"37":{"loc":{"start":{"line":163,"column":31},"end":{"line":163,"column":40}},"type":"binary-expr","locations":[{"start":{"line":163,"column":31},"end":{"line":163,"column":40}},{"start":{"line":163,"column":31},"end":{"line":163,"column":40}}]},"38":{"loc":{"start":{"line":170,"column":22},"end":{"line":170,"column":44}},"type":"cond-expr","locations":[{"start":{"line":170,"column":34},"end":{"line":170,"column":38}},{"start":{"line":170,"column":38},"end":{"line":170,"column":44}}]},"39":{"loc":{"start":{"line":170,"column":22},"end":{"line":170,"column":38}},"type":"binary-expr","locations":[{"start":{"line":170,"column":22},"end":{"line":170,"column":38}},{"start":{"line":170,"column":34},"end":{"line":170,"column":38}}]},"40":{"loc":{"start":{"line":172,"column":23},"end":{"line":172,"column":50}},"type":"binary-expr","locations":[{"start":{"line":172,"column":23},"end":{"line":172,"column":32}},{"start":{"line":172,"column":36},"end":{"line":172,"column":50}}]},"41":{"loc":{"start":{"line":188,"column":22},"end":{"line":188,"column":87}},"type":"cond-expr","locations":[{"start":{"line":188,"column":54},"end":{"line":188,"column":58}},{"start":{"line":188,"column":58},"end":{"line":188,"column":87}}]},"42":{"loc":{"start":{"line":188,"column":22},"end":{"line":188,"column":58}},"type":"binary-expr","locations":[{"start":{"line":188,"column":22},"end":{"line":188,"column":58}},{"start":{"line":188,"column":54},"end":{"line":188,"column":58}}]},"43":{"loc":{"start":{"line":188,"column":22},"end":{"line":188,"column":54}},"type":"cond-expr","locations":[{"start":{"line":188,"column":38},"end":{"line":188,"column":40}},{"start":{"line":188,"column":38},"end":{"line":188,"column":54}}]},"44":{"loc":{"start":{"line":188,"column":22},"end":{"line":188,"column":40}},"type":"binary-expr","locations":[{"start":{"line":188,"column":22},"end":{"line":188,"column":40}},{"start":{"line":188,"column":38},"end":{"line":188,"column":40}}]},"45":{"loc":{"start":{"line":188,"column":22},"end":{"line":188,"column":38}},"type":"cond-expr","locations":[{"start":{"line":188,"column":29},"end":{"line":188,"column":31}},{"start":{"line":188,"column":22},"end":{"line":188,"column":38}}]},"46":{"loc":{"start":{"line":188,"column":22},"end":{"line":188,"column":31}},"type":"binary-expr","locations":[{"start":{"line":188,"column":22},"end":{"line":188,"column":31}},{"start":{"line":188,"column":22},"end":{"line":188,"column":31}}]},"47":{"loc":{"start":{"line":188,"column":58},"end":{"line":188,"column":87}},"type":"cond-expr","locations":[{"start":{"line":188,"column":71},"end":{"line":188,"column":73}},{"start":{"line":188,"column":71},"end":{"line":188,"column":87}}]},"48":{"loc":{"start":{"line":188,"column":58},"end":{"line":188,"column":73}},"type":"binary-expr","locations":[{"start":{"line":188,"column":58},"end":{"line":188,"column":73}},{"start":{"line":188,"column":71},"end":{"line":188,"column":73}}]},"49":{"loc":{"start":{"line":188,"column":58},"end":{"line":188,"column":71}},"type":"cond-expr","locations":[{"start":{"line":188,"column":65},"end":{"line":188,"column":67}},{"start":{"line":188,"column":58},"end":{"line":188,"column":71}}]},"50":{"loc":{"start":{"line":188,"column":58},"end":{"line":188,"column":67}},"type":"binary-expr","locations":[{"start":{"line":188,"column":58},"end":{"line":188,"column":67}},{"start":{"line":188,"column":58},"end":{"line":188,"column":67}}]},"51":{"loc":{"start":{"line":190,"column":14},"end":{"line":197,"column":10}},"type":"cond-expr","locations":[{"start":{"line":190,"column":29},"end":{"line":190,"column":31}},{"start":{"line":190,"column":29},"end":{"line":197,"column":10}}]},"52":{"loc":{"start":{"line":190,"column":14},"end":{"line":190,"column":31}},"type":"binary-expr","locations":[{"start":{"line":190,"column":14},"end":{"line":190,"column":31}},{"start":{"line":190,"column":29},"end":{"line":190,"column":31}}]},"53":{"loc":{"start":{"line":193,"column":21},"end":{"line":193,"column":101}},"type":"cond-expr","locations":[{"start":{"line":193,"column":42},"end":{"line":193,"column":74}},{"start":{"line":193,"column":77},"end":{"line":193,"column":101}}]},"54":{"loc":{"start":{"line":195,"column":22},"end":{"line":195,"column":78}},"type":"cond-expr","locations":[{"start":{"line":195,"column":72},"end":{"line":195,"column":76}},{"start":{"line":195,"column":76},"end":{"line":195,"column":78}}]},"55":{"loc":{"start":{"line":195,"column":22},"end":{"line":195,"column":76}},"type":"binary-expr","locations":[{"start":{"line":195,"column":22},"end":{"line":195,"column":76}},{"start":{"line":195,"column":72},"end":{"line":195,"column":76}}]},"56":{"loc":{"start":{"line":195,"column":22},"end":{"line":195,"column":72}},"type":"cond-expr","locations":[{"start":{"line":195,"column":54},"end":{"line":195,"column":58}},{"start":{"line":195,"column":58},"end":{"line":195,"column":72}}]},"57":{"loc":{"start":{"line":195,"column":22},"end":{"line":195,"column":58}},"type":"binary-expr","locations":[{"start":{"line":195,"column":22},"end":{"line":195,"column":58}},{"start":{"line":195,"column":54},"end":{"line":195,"column":58}}]},"58":{"loc":{"start":{"line":195,"column":22},"end":{"line":195,"column":54}},"type":"cond-expr","locations":[{"start":{"line":195,"column":41},"end":{"line":195,"column":45}},{"start":{"line":195,"column":45},"end":{"line":195,"column":54}}]},"59":{"loc":{"start":{"line":195,"column":22},"end":{"line":195,"column":45}},"type":"binary-expr","locations":[{"start":{"line":195,"column":22},"end":{"line":195,"column":45}},{"start":{"line":195,"column":41},"end":{"line":195,"column":45}}]},"60":{"loc":{"start":{"line":199,"column":92},"end":{"line":199,"column":111}},"type":"cond-expr","locations":[{"start":{"line":199,"column":104},"end":{"line":199,"column":108}},{"start":{"line":199,"column":108},"end":{"line":199,"column":111}}]},"61":{"loc":{"start":{"line":199,"column":92},"end":{"line":199,"column":108}},"type":"binary-expr","locations":[{"start":{"line":199,"column":92},"end":{"line":199,"column":108}},{"start":{"line":199,"column":104},"end":{"line":199,"column":108}}]},"62":{"loc":{"start":{"line":199,"column":92},"end":{"line":199,"column":104}},"type":"cond-expr","locations":[{"start":{"line":199,"column":95},"end":{"line":199,"column":97}},{"start":{"line":199,"column":92},"end":{"line":199,"column":104}}]},"63":{"loc":{"start":{"line":199,"column":92},"end":{"line":199,"column":97}},"type":"binary-expr","locations":[{"start":{"line":199,"column":92},"end":{"line":199,"column":97}},{"start":{"line":199,"column":92},"end":{"line":199,"column":97}}]},"64":{"loc":{"start":{"line":207,"column":4},"end":{"line":223,"column":5}},"type":"if","locations":[{"start":{"line":207,"column":4},"end":{"line":223,"column":5}},{"start":{"line":214,"column":11},"end":{"line":223,"column":5}}]},"65":{"loc":{"start":{"line":213,"column":19},"end":{"line":213,"column":41}},"type":"cond-expr","locations":[{"start":{"line":213,"column":36},"end":{"line":213,"column":40}},{"start":{"line":213,"column":40},"end":{"line":213,"column":41}}]},"66":{"loc":{"start":{"line":213,"column":19},"end":{"line":213,"column":40}},"type":"binary-expr","locations":[{"start":{"line":213,"column":19},"end":{"line":213,"column":40}},{"start":{"line":213,"column":36},"end":{"line":213,"column":40}}]},"67":{"loc":{"start":{"line":213,"column":19},"end":{"line":213,"column":36}},"type":"cond-expr","locations":[{"start":{"line":213,"column":28},"end":{"line":213,"column":30}},{"start":{"line":213,"column":28},"end":{"line":213,"column":36}}]},"68":{"loc":{"start":{"line":213,"column":19},"end":{"line":213,"column":30}},"type":"binary-expr","locations":[{"start":{"line":213,"column":19},"end":{"line":213,"column":30}},{"start":{"line":213,"column":28},"end":{"line":213,"column":30}}]},"69":{"loc":{"start":{"line":213,"column":19},"end":{"line":213,"column":28}},"type":"cond-expr","locations":[{"start":{"line":213,"column":23},"end":{"line":213,"column":26}},{"start":{"line":213,"column":19},"end":{"line":213,"column":28}}]},"70":{"loc":{"start":{"line":213,"column":19},"end":{"line":213,"column":26}},"type":"binary-expr","locations":[{"start":{"line":213,"column":19},"end":{"line":213,"column":26}},{"start":{"line":213,"column":19},"end":{"line":213,"column":26}}]},"71":{"loc":{"start":{"line":218,"column":8},"end":{"line":221,"column":9}},"type":"if","locations":[{"start":{"line":218,"column":8},"end":{"line":221,"column":9}},{"start":{},"end":{}}]},"72":{"loc":{"start":{"line":218,"column":12},"end":{"line":218,"column":49}},"type":"binary-expr","locations":[{"start":{"line":218,"column":12},"end":{"line":218,"column":19}},{"start":{"line":218,"column":23},"end":{"line":218,"column":49}}]},"73":{"loc":{"start":{"line":220,"column":10},"end":{"line":220,"column":65}},"type":"if","locations":[{"start":{"line":220,"column":10},"end":{"line":220,"column":65}},{"start":{},"end":{}}]},"74":{"loc":{"start":{"line":220,"column":14},"end":{"line":220,"column":48}},"type":"binary-expr","locations":[{"start":{"line":220,"column":14},"end":{"line":220,"column":30}},{"start":{"line":220,"column":34},"end":{"line":220,"column":48}}]},"75":{"loc":{"start":{"line":231,"column":4},"end":{"line":248,"column":5}},"type":"if","locations":[{"start":{"line":231,"column":4},"end":{"line":248,"column":5}},{"start":{},"end":{}}]},"76":{"loc":{"start":{"line":244,"column":6},"end":{"line":247,"column":7}},"type":"if","locations":[{"start":{"line":244,"column":6},"end":{"line":247,"column":7}},{"start":{},"end":{}}]},"77":{"loc":{"start":{"line":244,"column":10},"end":{"line":244,"column":23}},"type":"cond-expr","locations":[{"start":{"line":244,"column":17},"end":{"line":244,"column":19}},{"start":{"line":244,"column":10},"end":{"line":244,"column":23}}]},"78":{"loc":{"start":{"line":244,"column":10},"end":{"line":244,"column":19}},"type":"binary-expr","locations":[{"start":{"line":244,"column":10},"end":{"line":244,"column":19}},{"start":{"line":244,"column":10},"end":{"line":244,"column":19}}]},"79":{"loc":{"start":{"line":246,"column":18},"end":{"line":246,"column":49}},"type":"cond-expr","locations":[{"start":{"line":246,"column":45},"end":{"line":246,"column":47}},{"start":{"line":246,"column":45},"end":{"line":246,"column":49}}]},"80":{"loc":{"start":{"line":246,"column":18},"end":{"line":246,"column":47}},"type":"binary-expr","locations":[{"start":{"line":246,"column":18},"end":{"line":246,"column":47}},{"start":{"line":246,"column":45},"end":{"line":246,"column":47}}]},"81":{"loc":{"start":{"line":251,"column":4},"end":{"line":263,"column":5}},"type":"if","locations":[{"start":{"line":251,"column":4},"end":{"line":263,"column":5}},{"start":{},"end":{}}]},"82":{"loc":{"start":{"line":259,"column":6},"end":{"line":262,"column":7}},"type":"if","locations":[{"start":{"line":259,"column":6},"end":{"line":262,"column":7}},{"start":{},"end":{}}]},"83":{"loc":{"start":{"line":261,"column":18},"end":{"line":261,"column":48}},"type":"cond-expr","locations":[{"start":{"line":261,"column":44},"end":{"line":261,"column":46}},{"start":{"line":261,"column":44},"end":{"line":261,"column":48}}]},"84":{"loc":{"start":{"line":261,"column":18},"end":{"line":261,"column":46}},"type":"binary-expr","locations":[{"start":{"line":261,"column":18},"end":{"line":261,"column":46}},{"start":{"line":261,"column":44},"end":{"line":261,"column":46}}]},"85":{"loc":{"start":{"line":270,"column":18},"end":{"line":270,"column":40}},"type":"cond-expr","locations":[{"start":{"line":270,"column":30},"end":{"line":270,"column":34}},{"start":{"line":270,"column":34},"end":{"line":270,"column":40}}]},"86":{"loc":{"start":{"line":270,"column":18},"end":{"line":270,"column":34}},"type":"binary-expr","locations":[{"start":{"line":270,"column":18},"end":{"line":270,"column":34}},{"start":{"line":270,"column":30},"end":{"line":270,"column":34}}]},"87":{"loc":{"start":{"line":272,"column":19},"end":{"line":272,"column":46}},"type":"binary-expr","locations":[{"start":{"line":272,"column":19},"end":{"line":272,"column":28}},{"start":{"line":272,"column":32},"end":{"line":272,"column":46}}]},"88":{"loc":{"start":{"line":281,"column":20},"end":{"line":282,"column":123}},"type":"cond-expr","locations":[{"start":{"line":281,"column":142},"end":{"line":281,"column":null}},{"start":{"line":282,"column":11},"end":{"line":282,"column":123}}]},"89":{"loc":{"start":{"line":281,"column":20},"end":{"line":281,"column":null}},"type":"binary-expr","locations":[{"start":{"line":281,"column":20},"end":{"line":281,"column":null}},{"start":{"line":281,"column":142},"end":{"line":281,"column":null}}]},"90":{"loc":{"start":{"line":281,"column":20},"end":{"line":281,"column":142}},"type":"cond-expr","locations":[{"start":{"line":281,"column":126},"end":{"line":281,"column":128}},{"start":{"line":281,"column":126},"end":{"line":281,"column":142}}]},"91":{"loc":{"start":{"line":281,"column":20},"end":{"line":281,"column":128}},"type":"binary-expr","locations":[{"start":{"line":281,"column":20},"end":{"line":281,"column":128}},{"start":{"line":281,"column":126},"end":{"line":281,"column":128}}]},"92":{"loc":{"start":{"line":282,"column":11},"end":{"line":282,"column":123}},"type":"cond-expr","locations":[{"start":{"line":282,"column":107},"end":{"line":282,"column":109}},{"start":{"line":282,"column":107},"end":{"line":282,"column":123}}]},"93":{"loc":{"start":{"line":282,"column":11},"end":{"line":282,"column":109}},"type":"binary-expr","locations":[{"start":{"line":282,"column":11},"end":{"line":282,"column":109}},{"start":{"line":282,"column":107},"end":{"line":282,"column":109}}]},"94":{"loc":{"start":{"line":284,"column":12},"end":{"line":291,"column":8}},"type":"cond-expr","locations":[{"start":{"line":284,"column":27},"end":{"line":284,"column":29}},{"start":{"line":284,"column":27},"end":{"line":291,"column":8}}]},"95":{"loc":{"start":{"line":284,"column":12},"end":{"line":284,"column":29}},"type":"binary-expr","locations":[{"start":{"line":284,"column":12},"end":{"line":284,"column":29}},{"start":{"line":284,"column":27},"end":{"line":284,"column":29}}]},"96":{"loc":{"start":{"line":287,"column":19},"end":{"line":287,"column":99}},"type":"cond-expr","locations":[{"start":{"line":287,"column":40},"end":{"line":287,"column":72}},{"start":{"line":287,"column":75},"end":{"line":287,"column":99}}]},"97":{"loc":{"start":{"line":289,"column":20},"end":{"line":289,"column":76}},"type":"cond-expr","locations":[{"start":{"line":289,"column":70},"end":{"line":289,"column":74}},{"start":{"line":289,"column":74},"end":{"line":289,"column":76}}]},"98":{"loc":{"start":{"line":289,"column":20},"end":{"line":289,"column":74}},"type":"binary-expr","locations":[{"start":{"line":289,"column":20},"end":{"line":289,"column":74}},{"start":{"line":289,"column":70},"end":{"line":289,"column":74}}]},"99":{"loc":{"start":{"line":289,"column":20},"end":{"line":289,"column":70}},"type":"cond-expr","locations":[{"start":{"line":289,"column":52},"end":{"line":289,"column":56}},{"start":{"line":289,"column":56},"end":{"line":289,"column":70}}]},"100":{"loc":{"start":{"line":289,"column":20},"end":{"line":289,"column":56}},"type":"binary-expr","locations":[{"start":{"line":289,"column":20},"end":{"line":289,"column":56}},{"start":{"line":289,"column":52},"end":{"line":289,"column":56}}]},"101":{"loc":{"start":{"line":289,"column":20},"end":{"line":289,"column":52}},"type":"cond-expr","locations":[{"start":{"line":289,"column":39},"end":{"line":289,"column":43}},{"start":{"line":289,"column":43},"end":{"line":289,"column":52}}]},"102":{"loc":{"start":{"line":289,"column":20},"end":{"line":289,"column":4
[...]
,"/home/tim/git/triage-tracker/backend/src/slack/slack.controller.ts": {"path":"/home/tim/git/triage-tracker/backend/src/slack/slack.controller.ts","statementMap":{"0":{"start":{"line":1,"column":0},"end":{"line":1,"column":67}},"1":{"start":{"line":2,"column":0},"end":{"line":2,"column":54}},"2":{"start":{"line":3,"column":0},"end":{"line":3,"column":58}},"3":{"start":{"line":4,"column":0},"end":{"line":4,"column":62}},"4":{"start":{"line":5,"column":0},"end":{"line":5,"column":61}},"5":{"start":{"line":9,"column":7},"end":{"line":26,"column":null}},"6":{"start":{"line":11,"column":21},"end":{"line":11,"column":38}},"7":{"start":{"line":12,"column":21},"end":{"line":12,"column":40}},"8":{"start":{"line":18,"column":4},"end":{"line":18,"column":57}},"9":{"start":{"line":24,"column":4},"end":{"line":24,"column":59}},"10":{"start":{"line":9,"column":13},"end":{"line":9,"column":28}},"11":{"start":{"line":17,"column":2},"end":{"line":19,"column":null}},"12":{"start":{"line":23,"column":2},"end":{"line":25,"column":null}},"13":{"start":{"line":9,"column":13},"end":{"line":26,"column":null}}},"fnMap":{"0":{"name":"(anonymous_4)","decl":{"start":{"line":10,"column":2},"end":{"line":10,"column":null}},"loc":{"start":{"line":12,"column":57},"end":{"line":13,"column":6}}},"1":{"name":"(anonymous_5)","decl":{"start":{"line":17,"column":2},"end":{"line":17,"column":13}},"loc":{"start":{"line":17,"column":31},"end":{"line":19,"column":3}}},"2":{"name":"(anonymous_6)","decl":{"start":{"line":23,"column":2},"end":{"line":23,"column":20}},"loc":{"start":{"line":23,"column":53},"end":{"line":25,"column":3}}}},"branchMap":{},"s":{"0":0,"1":0,"2":0,"3":0,"4":0,"5":0,"6":0,"7":0,"8":0,"9":0,"10":0,"11":0,"12":0,"13":0},"f":{"0":0,"1":0,"2":0},"b":{}}
,"/home/tim/git/triage-tracker/backend/src/teams/teams.controller.ts": {"path":"/home/tim/git/triage-tracker/backend/src/teams/teams.controller.ts","statementMap":{"0":{"start":{"line":1,"column":0},"end":{"line":1,"column":99}},"1":{"start":{"line":2,"column":0},"end":{"line":2,"column":47}},"2":{"start":{"line":3,"column":0},"end":{"line":3,"column":54}},"3":{"start":{"line":4,"column":0},"end":{"line":4,"column":54}},"4":{"start":{"line":5,"column":0},"end":{"line":5,"column":54}},"5":{"start":{"line":6,"column":0},"end":{"line":6,"column":61}},"6":{"start":{"line":10,"column":7},"end":{"line":52,"column":null}},"7":{"start":{"line":11,"column":31},"end":{"line":11,"column":45}},"8":{"start":{"line":15,"column":4},"end":{"line":15,"column":53}},"9":{"start":{"line":20,"column":4},"end":{"line":20,"column":60}},"10":{"start":{"line":25,"column":4},"end":{"line":25,"column":41}},"11":{"start":{"line":30,"column":4},"end":{"line":30,"column":41}},"12":{"start":{"line":35,"column":4},"end":{"line":35,"column":45}},"13":{"start":{"line":40,"column":4},"end":{"line":40,"column":40}},"14":{"start":{"line":45,"column":4},"end":{"line":45,"column":49}},"15":{"start":{"line":50,"column":4},"end":{"line":50,"column":54}},"16":{"start":{"line":10,"column":13},"end":{"line":10,"column":28}},"17":{"start":{"line":14,"column":2},"end":{"line":16,"column":null}},"18":{"start":{"line":19,"column":2},"end":{"line":21,"column":null}},"19":{"start":{"line":24,"column":2},"end":{"line":26,"column":null}},"20":{"start":{"line":29,"column":2},"end":{"line":31,"column":null}},"21":{"start":{"line":34,"column":2},"end":{"line":36,"column":null}},"22":{"start":{"line":39,"column":2},"end":{"line":41,"column":null}},"23":{"start":{"line":44,"column":2},"end":{"line":46,"column":null}},"24":{"start":{"line":49,"column":2},"end":{"line":51,"column":null}},"25":{"start":{"line":10,"column":13},"end":{"line":52,"column":null}}},"fnMap":{"0":{"name":"(anonymous_4)","decl":{"start":{"line":11,"column":2},"end":{"line":11,"column":31}},"loc":{"start":{"line":11,"column":57},"end":{"line":11,"column":61}}},"1":{"name":"(anonymous_5)","decl":{"start":{"line":14,"column":2},"end":{"line":14,"column":9}},"loc":{"start":{"line":14,"column":57},"end":{"line":16,"column":3}}},"2":{"name":"(anonymous_6)","decl":{"start":{"line":19,"column":2},"end":{"line":19,"column":16}},"loc":{"start":{"line":19,"column":64},"end":{"line":21,"column":3}}},"3":{"name":"(anonymous_7)","decl":{"start":{"line":24,"column":2},"end":{"line":24,"column":9}},"loc":{"start":{"line":24,"column":33},"end":{"line":26,"column":3}}},"4":{"name":"(anonymous_8)","decl":{"start":{"line":29,"column":2},"end":{"line":29,"column":8}},"loc":{"start":{"line":29,"column":35},"end":{"line":31,"column":3}}},"5":{"name":"(anonymous_9)","decl":{"start":{"line":34,"column":2},"end":{"line":34,"column":8}},"loc":{"start":{"line":34,"column":60},"end":{"line":36,"column":3}}},"6":{"name":"(anonymous_10)","decl":{"start":{"line":39,"column":2},"end":{"line":39,"column":8}},"loc":{"start":{"line":39,"column":32},"end":{"line":41,"column":3}}},"7":{"name":"(anonymous_11)","decl":{"start":{"line":44,"column":2},"end":{"line":44,"column":12}},"loc":{"start":{"line":44,"column":64},"end":{"line":46,"column":3}}},"8":{"name":"(anonymous_12)","decl":{"start":{"line":49,"column":2},"end":{"line":49,"column":14}},"loc":{"start":{"line":49,"column":71},"end":{"line":51,"column":3}}}},"branchMap":{},"s":{"0":0,"1":0,"2":0,"3":0,"4":0,"5":0,"6":0,"7":0,"8":0,"9":0,"10":0,"11":0,"12":0,"13":0,"14":0,"15":0,"16":0,"17":0,"18":0,"19":0,"20":0,"21":0,"22":0,"23":0,"24":0,"25":0},"f":{"0":0,"1":0,"2":0,"3":0,"4":0,"5":0,"6":0,"7":0,"8":0},"b":{}}
,"/home/tim/git/triage-tracker/backend/src/teams/teams.service.ts": {"path":"/home/tim/git/triage-tracker/backend/src/teams/teams.service.ts","statementMap":{"0":{"start":{"line":1,"column":0},"end":{"line":1,"column":103}},"1":{"start":{"line":2,"column":0},"end":{"line":2,"column":59}},"2":{"start":{"line":8,"column":7},"end":{"line":280,"column":null}},"3":{"start":{"line":9,"column":31},"end":{"line":9,"column":39}},"4":{"start":{"line":12,"column":4},"end":{"line":30,"column":7}},"5":{"start":{"line":34,"column":17},"end":{"line":49,"column":6}},"6":{"start":{"line":51,"column":4},"end":{"line":53,"column":5}},"7":{"start":{"line":52,"column":6},"end":{"line":52,"column":58}},"8":{"start":{"line":55,"column":4},"end":{"line":55,"column":16}},"9":{"start":{"line":60,"column":4},"end":{"line":71,"column":5}},"10":{"start":{"line":61,"column":30},"end":{"line":66,"column":8}},"11":{"start":{"line":68,"column":6},"end":{"line":70,"column":7}},"12":{"start":{"line":69,"column":8},"end":{"line":69,"column":91}},"13":{"start":{"line":74,"column":4},"end":{"line":76,"column":5}},"14":{"start":{"line":75,"column":6},"end":{"line":75,"column":88}},"15":{"start":{"line":79,"column":17},"end":{"line":99,"column":6}},"16":{"start":{"line":87,"column":47},"end":{"line":87,"column":57}},"17":{"start":{"line":101,"column":4},"end":{"line":101,"column":16}},"18":{"start":{"line":105,"column":17},"end":{"line":105,"column":39}},"19":{"start":{"line":108,"column":4},"end":{"line":110,"column":5}},"20":{"start":{"line":109,"column":6},"end":{"line":109,"column":106}},"21":{"start":{"line":113,"column":4},"end":{"line":122,"column":5}},"22":{"start":{"line":114,"column":6},"end":{"line":121,"column":9}},"23":{"start":{"line":125,"column":29},"end":{"line":125,"column":74}},"24":{"start":{"line":126,"column":31},"end":{"line":126,"column":80}},"25":{"start":{"line":128,"column":4},"end":{"line":130,"column":5}},"26":{"start":{"line":129,"column":6},"end":{"line":129,"column":88}},"27":{"start":{"line":133,"column":4},"end":{"line":148,"column":5}},"28":{"start":{"line":135,"column":6},"end":{"line":137,"column":9}},"29":{"start":{"line":140,"column":6},"end":{"line":147,"column":7}},"30":{"start":{"line":141,"column":8},"end":{"line":146,"column":11}},"31":{"start":{"line":142,"column":45},"end":{"line":145,"column":12}},"32":{"start":{"line":150,"column":4},"end":{"line":167,"column":7}},"33":{"start":{"line":171,"column":17},"end":{"line":171,"column":39}},"34":{"start":{"line":174,"column":4},"end":{"line":176,"column":5}},"35":{"start":{"line":175,"column":6},"end":{"line":175,"column":70}},"36":{"start":{"line":179,"column":4},"end":{"line":181,"column":5}},"37":{"start":{"line":180,"column":6},"end":{"line":180,"column":107}},"38":{"start":{"line":183,"column":4},"end":{"line":185,"column":7}},"39":{"start":{"line":189,"column":17},"end":{"line":189,"column":39}},"40":{"start":{"line":192,"column":28},"end":{"line":197,"column":6}},"41":{"start":{"line":199,"column":4},"end":{"line":201,"column":5}},"42":{"start":{"line":200,"column":6},"end":{"line":200,"column":81}},"43":{"start":{"line":203,"column":4},"end":{"line":208,"column":7}},"44":{"start":{"line":204,"column":41},"end":{"line":207,"column":8}},"45":{"start":{"line":210,"column":4},"end":{"line":210,"column":28}},"46":{"start":{"line":214,"column":17},"end":{"line":214,"column":39}},"47":{"start":{"line":217,"column":4},"end":{"line":219,"column":5}},"48":{"start":{"line":218,"column":6},"end":{"line":218,"column":91}},"49":{"start":{"line":221,"column":19},"end":{"line":228,"column":6}},"50":{"start":{"line":230,"column":4},"end":{"line":232,"column":5}},"51":{"start":{"line":231,"column":6},"end":{"line":231,"column":71}},"52":{"start":{"line":235,"column":4},"end":{"line":243,"column":5}},"53":{"start":{"line":236,"column":6},"end":{"line":242,"column":9}},"54":{"start":{"line":245,"column":4},"end":{"line":252,"column":7}},"55":{"start":{"line":254,"column":4},"end":{"line":254,"column":28}},"56":{"start":{"line":258,"column":24},"end":{"line":272,"column":6}},"57":{"start":{"line":274,"column":4},"end":{"line":276,"column":5}},"58":{"start":{"line":275,"column":6},"end":{"line":275,"column":81}},"59":{"start":{"line":278,"column":4},"end":{"line":278,"column":23}},"60":{"start":{"line":8,"column":13},"end":{"line":8,"column":25}},"61":{"start":{"line":8,"column":13},"end":{"line":280,"column":null}}},"fnMap":{"0":{"name":"(anonymous_2)","decl":{"start":{"line":9,"column":2},"end":{"line":9,"column":31}},"loc":{"start":{"line":9,"column":52},"end":{"line":9,"column":56}}},"1":{"name":"(anonymous_3)","decl":{"start":{"line":11,"column":2},"end":{"line":11,"column":7}},"loc":{"start":{"line":11,"column":38},"end":{"line":31,"column":3}}},"2":{"name":"(anonymous_4)","decl":{"start":{"line":33,"column":2},"end":{"line":33,"column":7}},"loc":{"start":{"line":33,"column":26},"end":{"line":56,"column":3}}},"3":{"name":"(anonymous_5)","decl":{"start":{"line":58,"column":2},"end":{"line":58,"column":7}},"loc":{"start":{"line":58,"column":33},"end":{"line":102,"column":3}}},"4":{"name":"(anonymous_6)","decl":{"start":{"line":87,"column":36},"end":{"line":87,"column":42}},"loc":{"start":{"line":87,"column":47},"end":{"line":87,"column":57}}},"5":{"name":"(anonymous_7)","decl":{"start":{"line":104,"column":2},"end":{"line":104,"column":7}},"loc":{"start":{"line":104,"column":45},"end":{"line":168,"column":3}}},"6":{"name":"(anonymous_8)","decl":{"start":{"line":142,"column":34},"end":{"line":142,"column":40}},"loc":{"start":{"line":142,"column":45},"end":{"line":145,"column":12}}},"7":{"name":"(anonymous_9)","decl":{"start":{"line":170,"column":2},"end":{"line":170,"column":7}},"loc":{"start":{"line":170,"column":25},"end":{"line":186,"column":3}}},"8":{"name":"(anonymous_10)","decl":{"start":{"line":188,"column":2},"end":{"line":188,"column":7}},"loc":{"start":{"line":188,"column":49},"end":{"line":211,"column":3}}},"9":{"name":"(anonymous_11)","decl":{"start":{"line":204,"column":30},"end":{"line":204,"column":36}},"loc":{"start":{"line":204,"column":41},"end":{"line":207,"column":8}}},"10":{"name":"(anonymous_12)","decl":{"start":{"line":213,"column":2},"end":{"line":213,"column":7}},"loc":{"start":{"line":213,"column":47},"end":{"line":255,"column":3}}},"11":{"name":"(anonymous_13)","decl":{"start":{"line":257,"column":2},"end":{"line":257,"column":7}},"loc":{"start":{"line":257,"column":45},"end":{"line":279,"column":3}}}},"branchMap":{"0":{"loc":{"start":{"line":51,"column":4},"end":{"line":53,"column":5}},"type":"if","locations":[{"start":{"line":51,"column":4},"end":{"line":53,"column":5}},{"start":{},"end":{}}]},"1":{"loc":{"start":{"line":60,"column":4},"end":{"line":71,"column":5}},"type":"if","locations":[{"start":{"line":60,"column":4},"end":{"line":71,"column":5}},{"start":{},"end":{}}]},"2":{"loc":{"start":{"line":68,"column":6},"end":{"line":70,"column":7}},"type":"if","locations":[{"start":{"line":68,"column":6},"end":{"line":70,"column":7}},{"start":{},"end":{}}]},"3":{"loc":{"start":{"line":74,"column":4},"end":{"line":76,"column":5}},"type":"if","locations":[{"start":{"line":74,"column":4},"end":{"line":76,"column":5}},{"start":{},"end":{}}]},"4":{"loc":{"start":{"line":74,"column":8},"end":{"line":74,"column":105}},"type":"binary-expr","locations":[{"start":{"line":74,"column":8},"end":{"line":74,"column":28}},{"start":{"line":74,"column":32},"end":{"line":74,"column":54}},{"start":{"line":74,"column":58},"end":{"line":74,"column":105}}]},"5":{"loc":{"start":{"line":83,"column":19},"end":{"line":83,"column":41}},"type":"cond-expr","locations":[{"start":{"line":83,"column":32},"end":{"line":83,"column":36}},{"start":{"line":83,"column":36},"end":{"line":83,"column":41}}]},"6":{"loc":{"start":{"line":83,"column":19},"end":{"line":83,"column":36}},"type":"binary-expr","locations":[{"start":{"line":83,"column":19},"end":{"line":83,"column":36}},{"start":{"line":83,"column":32},"end":{"line":83,"column":36}}]},"7":{"loc":{"start":{"line":86,"column":17},"end":{"line":88,"column":21}},"type":"cond-expr","locations":[{"start":{"line":86,"column":41},"end":{"line":88,"column":10}},{"start":{"line":88,"column":12},"end":{"line":88,"column":21}}]},"8":{"loc":{"start":{"line":86,"column":17},"end":{"line":86,"column":38}},"type":"cond-expr","locations":[{"start":{"line":86,"column":30},"end":{"line":86,"column":32}},{"start":{"line":86,"column":30},"end":{"line":86,"column":38}}]},"9":{"loc":{"start":{"line":86,"column":17},"end":{"line":86,"column":32}},"type":"binary-expr","locations":[{"start":{"line":86,"column":17},"end":{"line":86,"column":32}},{"start":{"line":86,"column":30},"end":{"line":86,"column":32}}]},"10":{"loc":{"start":{"line":108,"column":4},"end":{"line":110,"column":5}},"type":"if","locations":[{"start":{"line":108,"column":4},"end":{"line":110,"column":5}},{"start":{},"end":{}}]},"11":{"loc":{"start":{"line":108,"column":8},"end":{"line":108,"column":49}},"type":"binary-expr","locations":[{"start":{"line":108,"column":8},"end":{"line":108,"column":31}},{"start":{"line":108,"column":35},"end":{"line":108,"column":49}}]},"12":{"loc":{"start":{"line":113,"column":4},"end":{"line":122,"column":5}},"type":"if","locations":[{"start":{"line":113,"column":4},"end":{"line":122,"column":5}},{"start":{},"end":{}}]},"13":{"loc":{"start":{"line":125,"column":29},"end":{"line":125,"column":74}},"type":"cond-expr","locations":[{"start":{"line":125,"column":49},"end":{"line":125,"column":53}},{"start":{"line":125,"column":53},"end":{"line":125,"column":74}}]},"14":{"loc":{"start":{"line":125,"column":29},"end":{"line":125,"column":53}},"type":"binary-expr","locations":[{"start":{"line":125,"column":29},"end":{"line":125,"column":53}},{"start":{"line":125,"column":49},"end":{"line":125,"column":53}}]},"15":{"loc":{"start":{"line":126,"column":31},"end":{"line":126,"column":80}},"type":"cond-expr","locations":[{"start":{"line":126,"column":53},"end":{"line":126,"column":57}},{"start":{"line":126,"column":57},"end":{"line":126,"column":80}}]},"16":{"loc":{"start":{"line":126,"column":31},"end":{"line":126,"column":57}},"type":"binary-expr","locations":[{"start":{"line":126,"column":31},"end":{"line":126,"column":57}},{"start":{"line":126,"column":53},"end":{"line":126,"column":57}}]},"17":{"loc":{"start":{"line":128,"column":4},"end":{"line":130,"column":5}},"type":"if","locations":[{"start":{"line":128,"column":4},"end":{"line":130,"column":5}},{"start":{},"end":{}}]},"18":{"loc":{"start":{"line":128,"column":8},"end":{"line":128,"column":89}},"type":"binary-expr","locations":[{"start":{"line":128,"column":8},"end":{"line":128,"column":24}},{"start":{"line":128,"column":28},"end":{"line":128,"column":46}},{"start":{"line":128,"column":50},"end":{"line":128,"column":89}}]},"19":{"loc":{"start":{"line":133,"column":4},"end":{"line":148,"column":5}},"type":"if","locations":[{"start":{"line":133,"column":4},"end":{"line":148,"column":5}},{"start":{},"end":{}}]},"20":{"loc":{"start":{"line":140,"column":6},"end":{"line":147,"column":7}},"type":"if","locations":[{"start":{"line":140,"column":6},"end":{"line":147,"column":7}},{"start":{},"end":{}}]},"21":{"loc":{"start":{"line":174,"column":4},"end":{"line":176,"column":5}},"type":"if","locations":[{"start":{"line":174,"column":4},"end":{"line":176,"column":5}},{"start":{},"end":{}}]},"22":{"loc":{"start":{"line":179,"column":4},"end":{"line":181,"column":5}},"type":"if","locations":[{"start":{"line":179,"column":4},"end":{"line":181,"column":5}},{"start":{},"end":{}}]},"23":{"loc":{"start":{"line":199,"column":4},"end":{"line":201,"column":5}},"type":"if","locations":[{"start":{"line":199,"column":4},"end":{"line":201,"column":5}},{"start":{},"end":{}}]},"24":{"loc":{"start":{"line":217,"column":4},"end":{"line":219,"column":5}},"type":"if","locations":[{"start":{"line":217,"column":4},"end":{"line":219,"column":5}},{"start":{},"end":{}}]},"25":{"loc":{"start":{"line":217,"column":8},"end":{"line":217,"column":51}},"type":"binary-expr","locations":[{"start":{"line":217,"column":8},"end":{"line":217,"column":22}},{"start":{"line":217,"column":26},"end":{"line":217,"column":51}}]},"26":{"loc":{"start":{"line":230,"column":4},"end":{"line":232,"column":5}},"type":"if","locations":[{"start":{"line":230,"column":4},"end":{"line":232,"column":5}},{"start":{},"end":{}}]},"27":{"loc":{"start":{"line":235,"column":4},"end":{"line":243,"column":5}},"type":"if","locations":[{"start":{"line":235,"column":4},"end":{"line":243,"column":5}},{"start":{},"end":{}}]},"28":{"loc":{"start":{"line":235,"column":8},"end":{"line":235,"column":78}},"type":"binary-expr","locations":[{"start":{"line":235,"column":8},"end":{"line":235,"column":40}},{"start":{"line":235,"column":44},"end":{"line":235,"column":78}}]},"29":{"loc":{"start":{"line":239,"column":28},"end":{"line":239,"column":79}},"type":"cond-expr","locations":[{"start":{"line":239,"column":63},"end":{"line":239,"column":67}},{"start":{"line":239,"column":70},"end":{"line":239,"column":79}}]},"30":{"loc":{"start":{"line":240,"column":30},"end":{"line":240,"column":83}},"type":"cond-expr","locations":[{"start":{"line":240,"column":67},"end":{"line":240,"column":71}},{"start":{"line":240,"column":74},"end":{"line":240,"column":83}}]},"31":{"loc":{"start":{"line":274,"column":4},"end":{"line":276,"column":5}},"type":"if","locations":[{"start":{"line":274,"column":4},"end":{"line":276,"column":5}},{"start":{},"end":{}}]}},"s":{"0":0,"1":0,"2":0,"3":0,"4":0,"5":0,"6":0,"7":0,"8":0,"9":0,"10":0,"11":0,"12":0,"13":0,"14":0,"15":0,"16":0,"17":0,"18":0,"19":0,"20":0,"21":0,"22":0,"23":0,"24":0,"25":0,"26":0,"27":0,"28":0,"29":0,"30":0,"31":0,"32":0,"33":0,"34":0,"35":0,"36":0,"37":0,"38":0,"39":0,"40":0,"41":0,"42":0,"43":0,"44":0,"45":0,"46":0,"47":0,"48":0,"49":0,"50":0,"51":0,"52":0,"53":0,"54":0,"55":0,"56":0,"57":0,"58":0,"59":0,"60":0,"61":0},"f":{"0":0,"1":0,"2":0,"3":0,"4":0,"5":0,"6":0,"7":0,"8":0,"9":0,"10":0,"11":0},"b":{"0":[0,0],"1":[0,0],"2":[0,0],"3":[0,0],"4":[0,0,0],"5":[0,0],"6":[0,0],"7":[0,0],"8":[0,0],"9":[0,0],"10":[0,0],"11":[0,0],"12":[0,0],"13":[0,0],"14":[0,0],"15":[0,0],"16":[0,0],"17":[0,0],"18":[0,0,0],"19":[0,0],"20":[0,0],"21":[0,0],"22":[0,0],"23":[0,0],"24":[0,0],"25":[0,0],"26":[0,0],"27":[0,0],"28":[0,0],"29":[0,0],"30":[0,0],"31":[0,0]}}
}
