TN:
SF:src/app.controller.ts
FN:8,(anonymous_2)
FN:11,(anonymous_3)
FN:19,(anonymous_4)
FNF:3
FNH:0
FNDA:0,(anonymous_2)
FNDA:0,(anonymous_3)
FNDA:0,(anonymous_4)
DA:1,0
DA:2,0
DA:3,0
DA:7,0
DA:8,0
DA:11,0
DA:12,0
DA:19,0
DA:20,0
DA:21,0
LF:10
LH:0
BRF:0
BRH:0
end_of_record
TN:
SF:src/otel-logger.service.ts
FN:41,(anonymous_0)
FN:56,(anonymous_1)
FN:96,(anonymous_2)
FN:112,(anonymous_3)
FN:117,(anonymous_4)
FN:127,(anonymous_5)
FN:135,(anonymous_6)
FN:139,(anonymous_7)
FN:143,(anonymous_8)
FN:147,(anonymous_9)
FN:151,(anonymous_10)
FN:155,(anonymous_11)
FNF:12
FNH:0
FNDA:0,(anonymous_0)
FNDA:0,(anonymous_1)
FNDA:0,(anonymous_2)
FNDA:0,(anonymous_3)
FNDA:0,(anonymous_4)
FNDA:0,(anonymous_5)
FNDA:0,(anonymous_6)
FNDA:0,(anonymous_7)
FNDA:0,(anonymous_8)
FNDA:0,(anonymous_9)
FNDA:0,(anonymous_10)
FNDA:0,(anonymous_11)
DA:6,0
DA:8,0
DA:9,0
DA:10,0
DA:11,0
DA:12,0
DA:13,0
DA:16,0
DA:19,0
DA:20,0
DA:37,0
DA:42,0
DA:43,0
DA:44,0
DA:45,0
DA:46,0
DA:49,0
DA:52,0
DA:57,0
DA:58,0
DA:59,0
DA:64,0
DA:67,0
DA:68,0
DA:71,0
DA:72,0
DA:74,0
DA:85,0
DA:86,0
DA:95,0
DA:96,0
DA:97,0
DA:98,0
DA:99,0
DA:100,0
DA:101,0
DA:102,0
DA:104,0
DA:109,0
DA:113,0
DA:116,0
DA:117,0
DA:120,0
DA:121,0
DA:124,0
DA:128,0
DA:129,0
DA:130,0
DA:131,0
DA:132,0
DA:136,0
DA:140,0
DA:144,0
DA:148,0
DA:152,0
LF:55
LH:0
BRDA:19,0,0,0
BRDA:19,0,1,0
BRDA:19,1,0,0
BRDA:19,1,1,0
BRDA:20,2,0,0
BRDA:20,2,1,0
BRDA:20,3,0,0
BRDA:20,3,1,0
BRDA:20,4,0,0
BRDA:20,4,1,0
BRDA:20,5,0,0
BRDA:20,5,1,0
BRDA:43,6,0,0
BRDA:43,6,1,0
BRDA:43,7,0,0
BRDA:43,7,1,0
BRDA:59,8,0,0
BRDA:59,8,1,0
BRDA:67,9,0,0
BRDA:67,9,1,0
BRDA:67,10,0,0
BRDA:67,10,1,0
BRDA:72,11,0,0
BRDA:72,11,1,0
BRDA:72,12,0,0
BRDA:72,12,1,0
BRDA:79,13,0,0
BRDA:79,13,1,0
BRDA:85,14,0,0
BRDA:85,14,1,0
BRDA:95,15,0,0
BRDA:95,15,1,0
BRDA:97,16,0,0
BRDA:97,16,1,0
BRDA:101,17,0,0
BRDA:101,17,1,0
BRDA:113,18,0,0
BRDA:113,18,1,0
BRDA:117,19,0,0
BRDA:117,19,1,0
BRDA:120,20,0,0
BRDA:120,20,1,0
BRDA:128,21,0,0
BRDA:128,21,1,0
BRDA:129,22,0,0
BRDA:129,22,1,0
BRDA:130,23,0,0
BRDA:130,23,1,0
BRDA:131,24,0,0
BRDA:131,24,1,0
BRF:50
BRH:0
end_of_record
TN:
SF:src/ai/ai.service.ts
FN:9,(anonymous_2)
FN:14,(anonymous_3)
FN:37,(anonymous_4)
FN:39,(anonymous_5)
FN:69,(anonymous_6)
FNF:5
FNH:0
FNDA:0,(anonymous_2)
FNDA:0,(anonymous_3)
FNDA:0,(anonymous_4)
FNDA:0,(anonymous_5)
FNDA:0,(anonymous_6)
DA:1,0
DA:2,0
DA:3,0
DA:6,0
DA:7,0
DA:10,0
DA:11,0
DA:15,0
DA:24,0
DA:25,0
DA:28,0
DA:30,0
DA:32,0
DA:34,0
DA:38,0
DA:40,0
DA:41,0
DA:42,0
DA:43,0
DA:47,0
DA:70,0
DA:71,0
LF:22
LH:0
BRDA:24,0,0,0
BRDA:24,0,1,0
BRDA:42,1,0,0
BRDA:42,1,1,0
BRDA:52,2,0,0
BRDA:52,2,1,0
BRDA:54,3,0,0
BRDA:54,3,1,0
BRDA:57,4,0,0
BRDA:57,4,1,0
BRF:10
BRH:0
end_of_record
TN:
SF:src/ai/constants.ts
FNF:0
FNH:0
DA:2,0
LF:1
LH:0
BRF:0
BRH:0
end_of_record
TN:
SF:src/ai/gemini.client.ts
FN:12,(anonymous_2)
FN:20,(anonymous_3)
FN:28,(anonymous_4)
FN:29,(anonymous_5)
FN:56,(anonymous_6)
FNF:5
FNH:0
FNDA:0,(anonymous_2)
FNDA:0,(anonymous_3)
FNDA:0,(anonymous_4)
FNDA:0,(anonymous_5)
FNDA:0,(anonymous_6)
DA:1,0
DA:2,0
DA:3,0
DA:4,0
DA:7,0
DA:8,0
DA:10,0
DA:12,0
DA:13,0
DA:14,0
DA:15,0
DA:17,0
DA:21,0
DA:23,0
DA:24,0
DA:26,0
DA:27,0
DA:28,0
DA:29,0
DA:30,0
DA:31,0
DA:35,0
DA:40,0
DA:41,0
DA:43,0
DA:44,0
DA:47,0
DA:49,0
DA:50,0
DA:54,0
DA:55,0
DA:56,0
DA:61,0
LF:33
LH:0
BRDA:14,0,0,0
BRDA:14,0,1,0
BRDA:17,1,0,0
BRDA:17,1,1,0
BRDA:30,2,0,0
BRDA:30,2,1,0
BRDA:30,3,0,0
BRDA:30,3,1,0
BRDA:30,4,0,0
BRDA:30,4,1,0
BRDA:43,5,0,0
BRDA:43,5,1,0
BRDA:54,6,0,0
BRDA:54,6,1,0
BRDA:61,7,0,0
BRDA:61,7,1,0
BRDA:61,8,0,0
BRDA:61,8,1,0
BRF:18
BRH:0
end_of_record
TN:
SF:src/auth/auth.controller.ts
FN:11,(anonymous_4)
FN:17,(anonymous_5)
FN:38,(anonymous_6)
FN:64,(anonymous_7)
FNF:4
FNH:0
FNDA:0,(anonymous_4)
FNDA:0,(anonymous_5)
FNDA:0,(anonymous_6)
FNDA:0,(anonymous_7)
DA:1,0
DA:3,0
DA:4,0
DA:5,0
DA:6,0
DA:7,0
DA:10,0
DA:11,0
DA:17,0
DA:19,0
DA:22,0
DA:29,0
DA:38,0
DA:40,0
DA:42,0
DA:43,0
DA:46,0
DA:49,0
DA:56,0
DA:64,0
DA:65,0
DA:67,0
DA:68,0
DA:71,0
DA:73,0
LF:25
LH:0
BRDA:40,0,0,0
BRDA:40,0,1,0
BRDA:40,1,0,0
BRDA:40,1,1,0
BRDA:40,2,0,0
BRDA:40,2,1,0
BRDA:42,3,0,0
BRDA:42,3,1,0
BRDA:65,4,0,0
BRDA:65,4,1,0
BRDA:65,5,0,0
BRDA:65,5,1,0
BRDA:67,6,0,0
BRDA:67,6,1,0
BRF:14
BRH:0
end_of_record
TN:
SF:src/auth/auth.service.ts
FN:19,(anonymous_2)
FN:25,(anonymous_3)
FN:43,(anonymous_4)
FN:77,(anonymous_5)
FN:97,(anonymous_6)
FN:104,(anonymous_7)
FN:120,(anonymous_8)
FN:125,(anonymous_9)
FN:130,(anonymous_10)
FNF:9
FNH:0
FNDA:0,(anonymous_2)
FNDA:0,(anonymous_3)
FNDA:0,(anonymous_4)
FNDA:0,(anonymous_5)
FNDA:0,(anonymous_6)
FNDA:0,(anonymous_7)
FNDA:0,(anonymous_8)
FNDA:0,(anonymous_9)
FNDA:0,(anonymous_10)
DA:1,0
DA:2,0
DA:3,0
DA:4,0
DA:5,0
DA:16,0
DA:17,0
DA:20,0
DA:21,0
DA:22,0
DA:26,0
DA:31,0
DA:32,0
DA:35,0
DA:36,0
DA:37,0
DA:40,0
DA:44,0
DA:45,0
DA:48,0
DA:55,0
DA:56,0
DA:59,0
DA:64,0
DA:78,0
DA:83,0
DA:84,0
DA:88,0
DA:94,0
DA:98,0
DA:105,0
DA:106,0
DA:107,0
DA:109,0
DA:117,0
DA:121,0
DA:122,0
DA:126,0
DA:127,0
DA:131,0
DA:132,0
DA:134,0
DA:135,0
DA:138,0
DA:139,0
DA:141,0
DA:143,0
DA:144,0
DA:146,0
DA:147,0
DA:149,0
DA:150,0
DA:153,0
LF:53
LH:0
BRDA:31,0,0,0
BRDA:31,0,1,0
BRDA:31,1,0,0
BRDA:31,1,1,0
BRDA:36,2,0,0
BRDA:36,2,1,0
BRDA:44,3,0,0
BRDA:44,3,1,0
BRDA:83,4,0,0
BRDA:83,4,1,0
BRDA:83,5,0,0
BRDA:83,5,1,0
BRDA:83,5,2,0
BRDA:106,6,0,0
BRDA:106,6,1,0
BRDA:134,7,0,0
BRDA:134,7,1,0
BRDA:141,8,0,0
BRDA:141,8,1,0
BRDA:141,8,2,0
BRF:20
BRH:0
end_of_record
TN:
SF:src/auth/decorators/current-user.decorator.ts
FN:11,(anonymous_0)
FNF:1
FNH:0
FNDA:0,(anonymous_0)
DA:1,0
DA:10,0
DA:12,0
DA:13,0
LF:4
LH:0
BRF:0
BRH:0
end_of_record
TN:
SF:src/auth/decorators/public.decorator.ts
FN:4,(anonymous_0)
FNF:1
FNH:0
FNDA:0,(anonymous_0)
DA:1,0
DA:3,0
DA:4,0
LF:3
LH:0
BRF:0
BRH:0
end_of_record
TN:
SF:src/auth/decorators/roles.decorator.ts
FN:5,(anonymous_0)
FNF:1
FNH:0
FNDA:0,(anonymous_0)
DA:1,0
DA:4,0
DA:5,0
LF:3
LH:0
BRF:0
BRH:0
end_of_record
TN:
SF:src/auth/guards/jwt-auth.guard.ts
FN:8,(anonymous_2)
FN:12,(anonymous_3)
FNF:2
FNH:0
FNDA:0,(anonymous_2)
FNDA:0,(anonymous_3)
DA:1,0
DA:2,0
DA:3,0
DA:4,0
DA:7,0
DA:8,0
DA:9,0
DA:13,0
DA:18,0
DA:19,0
DA:22,0
LF:11
LH:0
BRDA:18,0,0,0
BRDA:18,0,1,0
BRF:2
BRH:0
end_of_record
TN:
SF:src/auth/guards/local-auth.guard.ts
FNF:0
FNH:0
DA:1,0
DA:2,0
DA:5,0
LF:3
LH:0
BRF:0
BRH:0
end_of_record
TN:
SF:src/auth/guards/organization.guard.ts
FN:5,(anonymous_1)
FNF:1
FNH:0
FNDA:0,(anonymous_1)
DA:1,0
DA:4,0
DA:6,0
DA:7,0
DA:8,0
DA:10,0
DA:11,0
DA:14,0
DA:15,0
DA:18,0
LF:10
LH:0
BRDA:8,0,0,0
BRDA:8,0,1,0
BRDA:8,1,0,0
BRDA:8,1,1,0
BRDA:10,2,0,0
BRDA:10,2,1,0
BRDA:10,3,0,0
BRDA:10,3,1,0
BRDA:14,4,0,0
BRDA:14,4,1,0
BRF:10
BRH:0
end_of_record
TN:
SF:src/auth/guards/roles.guard.ts
FN:8,(anonymous_2)
FN:10,(anonymous_3)
FN:21,(anonymous_4)
FNF:3
FNH:0
FNDA:0,(anonymous_2)
FNDA:0,(anonymous_3)
FNDA:0,(anonymous_4)
DA:1,0
DA:2,0
DA:4,0
DA:7,0
DA:8,0
DA:11,0
DA:16,0
DA:17,0
DA:20,0
DA:21,0
LF:10
LH:0
BRDA:16,0,0,0
BRDA:16,0,1,0
BRF:2
BRH:0
end_of_record
TN:
SF:src/auth/strategies/jwt.strategy.ts
FN:9,(anonymous_2)
FN:17,(anonymous_3)
FNF:2
FNH:0
FNDA:0,(anonymous_2)
FNDA:0,(anonymous_3)
DA:1,0
DA:2,0
DA:3,0
DA:4,0
DA:8,0
DA:10,0
DA:18,0
LF:7
LH:0
BRDA:13,0,0,0
BRDA:13,0,1,0
BRF:2
BRH:0
end_of_record
TN:
SF:src/auth/strategies/local.strategy.ts
FN:8,(anonymous_2)
FN:15,(anonymous_3)
FNF:2
FNH:0
FNDA:0,(anonymous_2)
FNDA:0,(anonymous_3)
DA:1,0
DA:2,0
DA:3,0
DA:4,0
DA:7,0
DA:8,0
DA:9,0
DA:16,0
DA:17,0
DA:18,0
DA:20,0
LF:11
LH:0
BRDA:17,0,0,0
BRDA:17,0,1,0
BRF:2
BRH:0
end_of_record
TN:
SF:src/config/config.service.ts
FN:4,(anonymous_0)
FN:7,(anonymous_1)
FN:13,(anonymous_2)
FN:20,(anonymous_3)
FN:24,(anonymous_4)
FN:28,(anonymous_5)
FN:35,(anonymous_6)
FN:39,(anonymous_7)
FN:43,(anonymous_8)
FNF:9
FNH:0
FNDA:0,(anonymous_0)
FNDA:0,(anonymous_1)
FNDA:0,(anonymous_2)
FNDA:0,(anonymous_3)
FNDA:0,(anonymous_4)
FNDA:0,(anonymous_5)
FNDA:0,(anonymous_6)
FNDA:0,(anonymous_7)
FNDA:0,(anonymous_8)
DA:1,0
DA:2,0
DA:4,0
DA:5,0
DA:8,0
DA:9,0
DA:10,0
DA:14,0
DA:15,0
DA:16,0
DA:17,0
DA:21,0
DA:25,0
DA:29,0
DA:30,0
DA:31,0
DA:32,0
DA:36,0
DA:40,0
DA:44,0
DA:45,0
DA:46,0
DA:47,0
DA:49,0
DA:53,0
LF:25
LH:0
BRDA:9,0,0,0
BRDA:9,0,1,0
BRDA:9,1,0,0
BRDA:9,1,1,0
BRDA:9,2,0,0
BRDA:9,2,1,0
BRDA:9,3,0,0
BRDA:9,3,1,0
BRDA:16,4,0,0
BRDA:16,4,1,0
BRDA:16,5,0,0
BRDA:16,5,1,0
BRDA:16,6,0,0
BRDA:16,6,1,0
BRDA:29,7,0,0
BRDA:29,7,1,0
BRDA:30,8,0,0
BRDA:30,8,1,0
BRDA:31,9,0,0
BRDA:31,9,1,0
BRDA:31,10,0,0
BRDA:31,10,1,0
BRDA:47,11,0,0
BRDA:47,11,1,0
BRDA:47,12,0,0
BRDA:47,12,1,0
BRF:26
BRH:0
end_of_record
TN:
SF:src/incidents/incidents.controller.ts
FN:14,(anonymous_4)
FN:17,(anonymous_5)
FN:29,(anonymous_6)
FN:34,(anonymous_7)
FN:39,(anonymous_8)
FN:44,(anonymous_9)
FN:49,(anonymous_10)
FN:54,(anonymous_11)
FN:59,(anonymous_12)
FN:70,(anonymous_13)
FNF:10
FNH:0
FNDA:0,(anonymous_4)
FNDA:0,(anonymous_5)
FNDA:0,(anonymous_6)
FNDA:0,(anonymous_7)
FNDA:0,(anonymous_8)
FNDA:0,(anonymous_9)
FNDA:0,(anonymous_10)
FNDA:0,(anonymous_11)
FNDA:0,(anonymous_12)
FNDA:0,(anonymous_13)
DA:1,0
DA:2,0
DA:3,0
DA:4,0
DA:5,0
DA:6,0
DA:7,0
DA:8,0
DA:9,0
DA:10,0
DA:13,0
DA:14,0
DA:17,0
DA:19,0
DA:21,0
DA:29,0
DA:30,0
DA:34,0
DA:35,0
DA:39,0
DA:40,0
DA:44,0
DA:45,0
DA:49,0
DA:50,0
DA:54,0
DA:55,0
DA:59,0
DA:61,0
DA:70,0
DA:75,0
LF:31
LH:0
BRDA:19,0,0,0
BRDA:19,0,1,0
BRF:2
BRH:0
end_of_record
TN:
SF:src/incidents/incidents.service.ts
FN:16,(anonymous_2)
FN:22,(anonymous_3)
FN:64,(anonymous_4)
FN:84,(anonymous_5)
FN:98,(anonymous_6)
FN:102,(anonymous_7)
FN:301,(anonymous_8)
FN:318,(anonymous_9)
FN:329,(anonymous_10)
FN:364,(anonymous_11)
FN:388,(anonymous_12)
FN:464,(anonymous_13)
FNF:12
FNH:0
FNDA:0,(anonymous_2)
FNDA:0,(anonymous_3)
FNDA:0,(anonymous_4)
FNDA:0,(anonymous_5)
FNDA:0,(anonymous_6)
FNDA:0,(anonymous_7)
FNDA:0,(anonymous_8)
FNDA:0,(anonymous_9)
FNDA:0,(anonymous_10)
FNDA:0,(anonymous_11)
FNDA:0,(anonymous_12)
FNDA:0,(anonymous_13)
DA:1,0
DA:2,0
DA:3,0
DA:8,0
DA:9,0
DA:10,0
DA:13,0
DA:14,0
DA:17,0
DA:18,0
DA:19,0
DA:23,0
DA:25,0
DA:26,0
DA:29,0
DA:30,0
DA:31,0
DA:32,0
DA:33,0
DA:34,0
DA:38,0
DA:40,0
DA:46,0
DA:65,0
DA:85,0
DA:86,0
DA:87,0
DA:88,0
DA:89,0
DA:90,0
DA:92,0
DA:101,0
DA:102,0
DA:106,0
DA:116,0
DA:120,0
DA:121,0
DA:128,0
DA:129,0
DA:141,0
DA:142,0
DA:143,0
DA:148,0
DA:149,0
DA:156,0
DA:157,0
DA:158,0
DA:164,0
DA:165,0
DA:167,0
DA:182,0
DA:185,0
DA:190,0
DA:192,0
DA:201,0
DA:204,0
DA:208,0
DA:209,0
DA:210,0
DA:215,0
DA:218,0
DA:219,0
DA:220,0
DA:221,0
DA:222,0
DA:226,0
DA:227,0
DA:233,0
DA:234,0
DA:246,0
DA:247,0
DA:248,0
DA:253,0
DA:254,0
DA:261,0
DA:262,0
DA:263,0
DA:267,0
DA:281,0
DA:283,0
DA:286,0
DA:295,0
DA:298,0
DA:302,0
DA:303,0
DA:305,0
DA:319,0
DA:320,0
DA:330,0
DA:335,0
DA:336,0
DA:339,0
DA:341,0
DA:353,0
DA:361,0
DA:365,0
DA:367,0
DA:371,0
DA:372,0
DA:375,0
DA:390,0
DA:395,0
DA:396,0
DA:399,0
DA:405,0
DA:406,0
DA:407,0
DA:408,0
DA:412,0
DA:414,0
DA:419,0
DA:422,0
DA:428,0
DA:442,0
DA:443,0
DA:448,0
DA:449,0
DA:452,0
DA:461,0
DA:465,0
DA:470,0
DA:471,0
DA:474,0
LF:123
LH:0
BRDA:25,0,0,0
BRDA:25,0,1,0
BRDA:25,1,0,0
BRDA:25,1,1,0
BRDA:25,2,0,0
BRDA:25,2,1,0
BRDA:25,3,0,0
BRDA:25,3,1,0
BRDA:29,4,0,0
BRDA:29,4,1,0
BRDA:29,5,0,0
BRDA:29,5,1,0
BRDA:29,6,0,0
BRDA:29,6,1,0
BRDA:29,7,0,0
BRDA:29,7,1,0
BRDA:31,8,0,0
BRDA:31,8,1,0
BRDA:38,9,0,0
BRDA:38,9,1,0
BRDA:38,10,0,0
BRDA:38,10,1,0
BRDA:38,11,0,0
BRDA:38,11,1,0
BRDA:86,12,0,0
BRDA:86,12,1,0
BRDA:87,13,0,0
BRDA:87,13,1,0
BRDA:88,14,0,0
BRDA:88,14,1,0
BRDA:89,15,0,0
BRDA:89,15,1,0
BRDA:90,16,0,0
BRDA:90,16,1,0
BRDA:101,17,0,0
BRDA:101,17,1,0
BRDA:120,18,0,0
BRDA:120,18,1,0
BRDA:120,19,0,0
BRDA:120,19,1,0
BRDA:120,20,0,0
BRDA:120,20,1,0
BRDA:120,21,0,0
BRDA:120,21,1,0
BRDA:120,22,0,0
BRDA:120,22,1,0
BRDA:120,23,0,0
BRDA:120,23,1,0
BRDA:128,24,0,0
BRDA:128,24,1,0
BRDA:141,25,0,0
BRDA:141,25,1,0
BRDA:141,26,0,0
BRDA:141,26,1,0
BRDA:141,27,0,0
BRDA:141,27,1,0
BRDA:143,28,0,0
BRDA:143,28,1,0
BRDA:143,29,0,0
BRDA:143,29,1,0
BRDA:148,30,0,0
BRDA:148,30,1,0
BRDA:156,31,0,0
BRDA:156,31,1,0
BRDA:158,32,0,0
BRDA:158,32,1,0
BRDA:158,33,0,0
BRDA:158,33,1,0
BRDA:164,34,0,0
BRDA:164,34,1,0
BRDA:164,35,0,0
BRDA:164,35,1,0
BRDA:164,36,0,0
BRDA:164,36,1,0
BRDA:165,37,0,0
BRDA:165,37,1,0
BRDA:165,38,0,0
BRDA:165,38,1,0
BRDA:165,39,0,0
BRDA:165,39,1,0
BRDA:165,40,0,0
BRDA:165,40,1,0
BRDA:165,41,0,0
BRDA:165,41,1,0
BRDA:165,42,0,0
BRDA:165,42,1,0
BRDA:172,43,0,0
BRDA:172,43,1,0
BRDA:172,44,0,0
BRDA:172,44,1,0
BRDA:174,45,0,0
BRDA:174,45,1,0
BRDA:190,46,0,0
BRDA:190,46,1,0
BRDA:190,47,0,0
BRDA:190,47,1,0
BRDA:190,48,0,0
BRDA:190,48,1,0
BRDA:190,49,0,0
BRDA:190,49,1,0
BRDA:190,50,0,0
BRDA:190,50,1,0
BRDA:190,51,0,0
BRDA:190,51,1,0
BRDA:190,52,0,0
BRDA:190,52,1,0
BRDA:190,53,0,0
BRDA:190,53,1,0
BRDA:190,54,0,0
BRDA:190,54,1,0
BRDA:190,55,0,0
BRDA:190,55,1,0
BRDA:192,56,0,0
BRDA:192,56,1,0
BRDA:192,57,0,0
BRDA:192,57,1,0
BRDA:195,58,0,0
BRDA:195,58,1,0
BRDA:197,59,0,0
BRDA:197,59,1,0
BRDA:197,60,0,0
BRDA:197,60,1,0
BRDA:197,61,0,0
BRDA:197,61,1,0
BRDA:197,62,0,0
BRDA:197,62,1,0
BRDA:197,63,0,0
BRDA:197,63,1,0
BRDA:197,64,0,0
BRDA:197,64,1,0
BRDA:201,65,0,0
BRDA:201,65,1,0
BRDA:201,66,0,0
BRDA:201,66,1,0
BRDA:201,67,0,0
BRDA:201,67,1,0
BRDA:201,68,0,0
BRDA:201,68,1,0
BRDA:209,69,0,0
BRDA:209,69,1,0
BRDA:215,70,0,0
BRDA:215,70,1,0
BRDA:215,71,0,0
BRDA:215,71,1,0
BRDA:215,72,0,0
BRDA:215,72,1,0
BRDA:215,73,0,0
BRDA:215,73,1,0
BRDA:215,74,0,0
BRDA:215,74,1,0
BRDA:215,75,0,0
BRDA:215,75,1,0
BRDA:220,76,0,0
BRDA:220,76,1,0
BRDA:220,77,0,0
BRDA:220,77,1,0
BRDA:222,78,0,0
BRDA:222,78,1,0
BRDA:222,79,0,0
BRDA:222,79,1,0
BRDA:233,80,0,0
BRDA:233,80,1,0
BRDA:246,81,0,0
BRDA:246,81,1,0
BRDA:246,82,0,0
BRDA:246,82,1,0
BRDA:246,83,0,0
BRDA:246,83,1,0
BRDA:248,84,0,0
BRDA:248,84,1,0
BRDA:248,85,0,0
BRDA:248,85,1,0
BRDA:253,86,0,0
BRDA:253,86,1,0
BRDA:261,87,0,0
BRDA:261,87,1,0
BRDA:263,88,0,0
BRDA:263,88,1,0
BRDA:263,89,0,0
BRDA:263,89,1,0
BRDA:272,90,0,0
BRDA:272,90,1,0
BRDA:272,91,0,0
BRDA:272,91,1,0
BRDA:274,92,0,0
BRDA:274,92,1,0
BRDA:283,93,0,0
BRDA:283,93,1,0
BRDA:283,94,0,0
BRDA:283,94,1,0
BRDA:283,95,0,0
BRDA:283,95,1,0
BRDA:283,96,0,0
BRDA:283,96,1,0
BRDA:284,97,0,0
BRDA:284,97,1,0
BRDA:284,98,0,0
BRDA:284,98,1,0
BRDA:286,99,0,0
BRDA:286,99,1,0
BRDA:286,100,0,0
BRDA:286,100,1,0
BRDA:289,101,0,0
BRDA:289,101,1,0
BRDA:291,102,0,0
BRDA:291,102,1,0
BRDA:291,103,0,0
BRDA:291,103,1,0
BRDA:291,104,0,0
BRDA:291,104,1,0
BRDA:291,105,0,0
BRDA:291,105,1,0
BRDA:291,106,0,0
BRDA:291,106,1,0
BRDA:291,107,0,0
BRDA:291,107,1,0
BRDA:295,108,0,0
BRDA:295,108,1,0
BRDA:295,109,0,0
BRDA:295,109,1,0
BRDA:295,110,0,0
BRDA:295,110,1,0
BRDA:295,111,0,0
BRDA:295,111,1,0
BRDA:303,112,0,0
BRDA:303,112,1,0
BRDA:335,113,0,0
BRDA:335,113,1,0
BRDA:371,114,0,0
BRDA:371,114,1,0
BRDA:380,115,0,0
BRDA:380,115,1,0
BRDA:395,116,0,0
BRDA:395,116,1,0
BRDA:406,117,0,0
BRDA:406,117,1,0
BRDA:412,118,0,0
BRDA:412,118,1,0
BRDA:412,118,2,0
BRDA:412,119,0,0
BRDA:412,119,1,0
BRDA:412,120,0,0
BRDA:412,120,1,0
BRDA:412,121,0,0
BRDA:412,121,1,0
BRDA:412,122,0,0
BRDA:412,122,1,0
BRDA:419,123,0,0
BRDA:419,123,1,0
BRDA:419,124,0,0
BRDA:419,124,1,0
BRDA:432,125,0,0
BRDA:432,125,1,0
BRDA:436,126,0,0
BRDA:436,126,1,0
BRDA:436,127,0,0
BRDA:436,127,1,0
BRDA:436,128,0,0
BRDA:436,128,1,0
BRDA:436,129,0,0
BRDA:436,129,1,0
BRDA:442,130,0,0
BRDA:442,130,1,0
BRDA:442,131,0,0
BRDA:442,131,1,0
BRDA:442,131,2,0
BRDA:448,132,0,0
BRDA:448,132,1,0
BRDA:448,132,2,0
BRDA:448,133,0,0
BRDA:448,133,1,0
BRDA:448,134,0,0
BRDA:448,134,1,0
BRDA:448,135,0,0
BRDA:448,135,1,0
BRDA:448,136,0,0
BRDA:448,136,1,0
BRDA:449,137,0,0
BRDA:449,137,1,0
BRDA:470,138,0,0
BRDA:470,138,1,0
BRF:281
BRH:0
end_of_record
TN:
SF:src/integrations/slack/slack-integration.controller.ts
FN:17,(anonymous_4)
FN:29,(anonymous_5)
FN:48,(anonymous_6)
FN:68,(anonymous_7)
FN:98,(anonymous_8)
FN:114,(anonymous_9)
FN:130,(anonymous_10)
FN:148,(anonymous_11)
FN:162,(anonymous_12)
FN:202,(anonymous_13)
FN:19,(anonymous_14)
FNF:11
FNH:0
FNDA:0,(anonymous_4)
FNDA:0,(anonymous_5)
FNDA:0,(anonymous_6)
FNDA:0,(anonymous_7)
FNDA:0,(anonymous_8)
FNDA:0,(anonymous_9)
FNDA:0,(anonymous_10)
FNDA:0,(anonymous_11)
FNDA:0,(anonymous_12)
FNDA:0,(anonymous_13)
FNDA:0,(anonymous_14)
DA:1,0
DA:2,0
DA:4,0
DA:5,0
DA:6,0
DA:7,0
DA:8,0
DA:9,0
DA:10,0
DA:13,0
DA:14,0
DA:18,0
DA:19,0
DA:20,0
DA:21,0
DA:23,0
DA:29,0
DA:35,0
DA:36,0
DA:39,0
DA:40,0
DA:43,0
DA:44,0
DA:48,0
DA:54,0
DA:55,0
DA:58,0
DA:59,0
DA:62,0
DA:63,0
DA:68,0
DA:74,0
DA:75,0
DA:76,0
DA:79,0
DA:80,0
DA:83,0
DA:84,0
DA:85,0
DA:88,0
DA:89,0
DA:91,0
DA:92,0
DA:93,0
DA:98,0
DA:102,0
DA:104,0
DA:105,0
DA:106,0
DA:109,0
DA:110,0
DA:114,0
DA:119,0
DA:121,0
DA:122,0
DA:125,0
DA:126,0
DA:130,0
DA:134,0
DA:135,0
DA:137,0
DA:138,0
DA:141,0
DA:142,0
DA:148,0
DA:152,0
DA:153,0
DA:156,0
DA:157,0
DA:162,0
DA:168,0
DA:170,0
DA:171,0
DA:172,0
DA:175,0
DA:176,0
DA:179,0
DA:180,0
DA:182,0
DA:183,0
DA:187,0
DA:190,0
DA:191,0
DA:193,0
DA:197,0
DA:202,0
DA:208,0
DA:210,0
DA:211,0
DA:212,0
DA:215,0
DA:216,0
LF:92
LH:0
BRDA:23,0,0,0
BRDA:23,0,1,0
BRDA:35,1,0,0
BRDA:35,1,1,0
BRDA:35,2,0,0
BRDA:35,2,1,0
BRDA:39,3,0,0
BRDA:39,3,1,0
BRDA:39,4,0,0
BRDA:39,4,1,0
BRDA:54,5,0,0
BRDA:54,5,1,0
BRDA:54,6,0,0
BRDA:54,6,1,0
BRDA:58,7,0,0
BRDA:58,7,1,0
BRDA:58,8,0,0
BRDA:58,8,1,0
BRDA:74,9,0,0
BRDA:74,9,1,0
BRDA:79,10,0,0
BRDA:79,10,1,0
BRDA:79,11,0,0
BRDA:79,11,1,0
BRDA:88,12,0,0
BRDA:88,12,1,0
BRDA:92,13,0,0
BRDA:92,13,1,0
BRDA:104,14,0,0
BRDA:104,14,1,0
BRDA:104,15,0,0
BRDA:104,15,1,0
BRDA:119,16,0,0
BRDA:119,16,1,0
BRDA:119,17,0,0
BRDA:119,17,1,0
BRDA:121,18,0,0
BRDA:121,18,1,0
BRDA:121,19,0,0
BRDA:121,19,1,0
BRDA:121,19,2,0
BRDA:135,20,0,0
BRDA:135,20,1,0
BRDA:135,21,0,0
BRDA:135,21,1,0
BRDA:137,22,0,0
BRDA:137,22,1,0
BRDA:137,23,0,0
BRDA:137,23,1,0
BRDA:152,24,0,0
BRDA:152,24,1,0
BRDA:168,25,0,0
BRDA:168,25,1,0
BRDA:168,26,0,0
BRDA:168,26,1,0
BRDA:168,27,0,0
BRDA:168,27,1,0
BRDA:170,28,0,0
BRDA:170,28,1,0
BRDA:175,29,0,0
BRDA:175,29,1,0
BRDA:179,30,0,0
BRDA:179,30,1,0
BRDA:182,31,0,0
BRDA:182,31,1,0
BRDA:208,32,0,0
BRDA:208,32,1,0
BRDA:208,33,0,0
BRDA:208,33,1,0
BRDA:208,34,0,0
BRDA:208,34,1,0
BRDA:210,35,0,0
BRDA:210,35,1,0
BRF:73
BRH:0
end_of_record
TN:
SF:src/integrations/slack/slack-integration.service.ts
FN:33,(anonymous_2)
FN:43,(anonymous_3)
FN:84,(anonymous_4)
FN:190,(anonymous_5)
FN:219,(anonymous_6)
FN:223,(anonymous_7)
FN:243,(anonymous_8)
FN:250,(anonymous_9)
FN:271,(anonymous_10)
FN:290,(anonymous_11)
FN:306,(anonymous_12)
FN:325,(anonymous_13)
FN:340,(anonymous_14)
FN:365,(anonymous_15)
FNF:14
FNH:0
FNDA:0,(anonymous_2)
FNDA:0,(anonymous_3)
FNDA:0,(anonymous_4)
FNDA:0,(anonymous_5)
FNDA:0,(anonymous_6)
FNDA:0,(anonymous_7)
FNDA:0,(anonymous_8)
FNDA:0,(anonymous_9)
FNDA:0,(anonymous_10)
FNDA:0,(anonymous_11)
FNDA:0,(anonymous_12)
FNDA:0,(anonymous_13)
FNDA:0,(anonymous_14)
FNDA:0,(anonymous_15)
DA:1,0
DA:2,0
DA:3,0
DA:4,0
DA:26,0
DA:27,0
DA:34,0
DA:35,0
DA:37,0
DA:38,0
DA:39,0
DA:40,0
DA:44,0
DA:45,0
DA:47,0
DA:57,0
DA:63,0
DA:65,0
DA:68,0
DA:78,0
DA:81,0
DA:85,0
DA:89,0
DA:90,0
DA:93,0
DA:94,0
DA:95,0
DA:98,0
DA:100,0
DA:101,0
DA:105,0
DA:107,0
DA:108,0
DA:109,0
DA:112,0
DA:143,0
DA:145,0
DA:147,0
DA:154,0
DA:155,0
DA:157,0
DA:158,0
DA:161,0
DA:163,0
DA:164,0
DA:167,0
DA:180,0
DA:182,0
DA:184,0
DA:187,0
DA:191,0
DA:204,0
DA:205,0
DA:208,0
DA:220,0
DA:224,0
DA:225,0
DA:226,0
DA:227,0
DA:230,0
DA:234,0
DA:235,0
DA:236,0
DA:239,0
DA:240,0
DA:244,0
DA:245,0
DA:247,0
DA:251,0
DA:255,0
DA:256,0
DA:259,0
DA:268,0
DA:272,0
DA:276,0
DA:277,0
DA:286,0
DA:291,0
DA:292,0
DA:294,0
DA:295,0
DA:298,0
DA:299,0
DA:303,0
DA:307,0
DA:314,0
DA:322,0
DA:326,0
DA:327,0
DA:329,0
DA:332,0
DA:333,0
DA:334,0
DA:335,0
DA:336,0
DA:337,0
DA:341,0
DA:342,0
DA:343,0
DA:344,0
DA:346,0
DA:349,0
DA:350,0
DA:353,0
DA:354,0
DA:355,0
DA:356,0
DA:357,0
DA:358,0
DA:359,0
DA:360,0
DA:361,0
DA:362,0
DA:366,0
DA:370,0
DA:371,0
DA:374,0
LF:117
LH:0
BRDA:37,0,0,0
BRDA:37,0,1,0
BRDA:38,1,0,0
BRDA:38,1,1,0
BRDA:39,2,0,0
BRDA:39,2,1,0
BRDA:40,3,0,0
BRDA:40,3,1,0
BRDA:43,4,0,0
BRDA:63,5,0,0
BRDA:63,5,1,0
BRDA:89,6,0,0
BRDA:89,6,1,0
BRDA:93,7,0,0
BRDA:93,7,1,0
BRDA:100,8,0,0
BRDA:100,8,1,0
BRDA:101,9,0,0
BRDA:101,9,1,0
BRDA:105,10,0,0
BRDA:105,10,1,0
BRDA:107,11,0,0
BRDA:107,11,1,0
BRDA:108,12,0,0
BRDA:108,12,1,0
BRDA:108,13,0,0
BRDA:108,13,1,0
BRDA:109,14,0,0
BRDA:109,14,1,0
BRDA:118,15,0,0
BRDA:118,15,1,0
BRDA:118,16,0,0
BRDA:118,16,1,0
BRDA:118,17,0,0
BRDA:118,17,1,0
BRDA:121,18,0,0
BRDA:121,18,1,0
BRDA:133,19,0,0
BRDA:133,19,1,0
BRDA:133,20,0,0
BRDA:133,20,1,0
BRDA:133,21,0,0
BRDA:133,21,1,0
BRDA:136,22,0,0
BRDA:136,22,1,0
BRDA:143,23,0,0
BRDA:143,23,1,0
BRDA:143,24,0,0
BRDA:143,24,1,0
BRDA:154,25,0,0
BRDA:154,25,1,0
BRDA:155,26,0,0
BRDA:155,26,1,0
BRDA:155,27,0,0
BRDA:155,27,1,0
BRDA:157,28,0,0
BRDA:157,28,1,0
BRDA:163,29,0,0
BRDA:163,29,1,0
BRDA:163,30,0,0
BRDA:163,30,1,0
BRDA:204,31,0,0
BRDA:204,31,1,0
BRDA:204,32,0,0
BRDA:204,32,1,0
BRDA:225,33,0,0
BRDA:225,33,1,0
BRDA:234,34,0,0
BRDA:234,34,1,0
BRDA:245,35,0,0
BRDA:245,35,1,0
BRDA:255,36,0,0
BRDA:255,36,1,0
BRDA:276,37,0,0
BRDA:276,37,1,0
BRDA:294,38,0,0
BRDA:294,38,1,0
BRDA:326,39,0,0
BRDA:326,39,1,0
BRDA:327,40,0,0
BRDA:327,40,1,0
BRDA:341,41,0,0
BRDA:341,41,1,0
BRDA:342,42,0,0
BRDA:342,42,1,0
BRDA:343,43,0,0
BRDA:343,43,1,0
BRDA:349,44,0,0
BRDA:349,44,1,0
BRDA:354,45,0,0
BRDA:354,45,1,0
BRDA:370,46,0,0
BRDA:370,46,1,0
BRF:93
BRH:0
end_of_record
TN:
SF:src/organizations/invites.service.ts
FN:12,(anonymous_2)
FN:17,(anonymous_3)
FN:81,(anonymous_4)
FN:111,(anonymous_5)
FN:144,(anonymous_6)
FN:164,(anonymous_7)
FNF:6
FNH:0
FNDA:0,(anonymous_2)
FNDA:0,(anonymous_3)
FNDA:0,(anonymous_4)
FNDA:0,(anonymous_5)
FNDA:0,(anonymous_6)
FNDA:0,(anonymous_7)
DA:1,0
DA:2,0
DA:3,0
DA:4,0
DA:9,0
DA:10,0
DA:13,0
DA:14,0
DA:19,0
DA:23,0
DA:24,0
DA:28,0
DA:37,0
DA:38,0
DA:41,0
DA:42,0
DA:43,0
DA:45,0
DA:59,0
DA:60,0
DA:61,0
DA:62,0
DA:63,0
DA:64,0
DA:65,0
DA:66,0
DA:67,0
DA:68,0
DA:69,0
DA:70,0
DA:72,0
DA:82,0
DA:87,0
DA:88,0
DA:91,0
DA:92,0
DA:95,0
DA:96,0
DA:100,0
DA:104,0
DA:105,0
DA:109,0
DA:111,0
DA:112,0
DA:122,0
DA:127,0
DA:130,0
DA:132,0
DA:145,0
DA:161,0
DA:165,0
DA:166,0
LF:52
LH:0
BRDA:23,0,0,0
BRDA:23,0,1,0
BRDA:37,1,0,0
BRDA:37,1,1,0
BRDA:49,2,0,0
BRDA:49,2,1,0
BRDA:59,3,0,0
BRDA:59,3,1,0
BRDA:87,4,0,0
BRDA:87,4,1,0
BRDA:91,5,0,0
BRDA:91,5,1,0
BRDA:95,6,0,0
BRDA:95,6,1,0
BRDA:104,7,0,0
BRDA:104,7,1,0
BRF:16
BRH:0
end_of_record
TN:
SF:src/organizations/organizations.controller.ts
FN:27,(anonymous_4)
FN:34,(anonymous_5)
FN:41,(anonymous_6)
FN:53,(anonymous_7)
FN:64,(anonymous_8)
FN:71,(anonymous_9)
FN:81,(anonymous_10)
FNF:7
FNH:0
FNDA:0,(anonymous_4)
FNDA:0,(anonymous_5)
FNDA:0,(anonymous_6)
FNDA:0,(anonymous_7)
FNDA:0,(anonymous_8)
FNDA:0,(anonymous_9)
FNDA:0,(anonymous_10)
DA:1,0
DA:11,0
DA:12,0
DA:13,0
DA:14,0
DA:15,0
DA:16,0
DA:17,0
DA:18,0
DA:19,0
DA:20,0
DA:21,0
DA:22,0
DA:26,0
DA:28,0
DA:29,0
DA:34,0
DA:35,0
DA:41,0
DA:47,0
DA:53,0
DA:58,0
DA:64,0
DA:65,0
DA:71,0
DA:76,0
DA:81,0
DA:82,0
LF:28
LH:0
BRF:0
BRH:0
end_of_record
TN:
SF:src/organizations/organizations.service.ts
FN:8,(anonymous_2)
FN:10,(anonymous_3)
FN:31,(anonymous_4)
FN:82,(anonymous_5)
FNF:4
FNH:0
FNDA:0,(anonymous_2)
FNDA:0,(anonymous_3)
FNDA:0,(anonymous_4)
FNDA:0,(anonymous_5)
DA:1,0
DA:2,0
DA:3,0
DA:7,0
DA:8,0
DA:11,0
DA:28,0
DA:38,0
DA:42,0
DA:43,0
DA:47,0
DA:48,0
DA:52,0
DA:53,0
DA:60,0
DA:61,0
DA:65,0
DA:79,0
DA:88,0
DA:92,0
DA:93,0
DA:97,0
DA:98,0
DA:102,0
DA:103,0
DA:110,0
DA:111,0
DA:115,0
DA:119,0
LF:29
LH:0
BRDA:42,0,0,0
BRDA:42,0,1,0
BRDA:47,1,0,0
BRDA:47,1,1,0
BRDA:52,2,0,0
BRDA:52,2,1,0
BRDA:52,3,0,0
BRDA:52,3,1,0
BRDA:60,4,0,0
BRDA:60,4,1,0
BRDA:92,5,0,0
BRDA:92,5,1,0
BRDA:97,6,0,0
BRDA:97,6,1,0
BRDA:102,7,0,0
BRDA:102,7,1,0
BRDA:110,8,0,0
BRDA:110,8,1,0
BRF:18
BRH:0
end_of_record
TN:
SF:src/services/service-links.service.ts
FN:8,(anonymous_2)
FN:10,(anonymous_3)
FN:16,(anonymous_4)
FN:23,(anonymous_5)
FN:43,(anonymous_6)
FN:52,(anonymous_7)
FNF:6
FNH:0
FNDA:0,(anonymous_2)
FNDA:0,(anonymous_3)
FNDA:0,(anonymous_4)
FNDA:0,(anonymous_5)
FNDA:0,(anonymous_6)
FNDA:0,(anonymous_7)
DA:1,0
DA:2,0
DA:7,0
DA:8,0
DA:11,0
DA:12,0
DA:17,0
DA:24,0
DA:27,0
DA:34,0
DA:35,0
DA:38,0
DA:44,0
DA:46,0
DA:53,0
LF:15
LH:0
BRDA:11,0,0,0
BRDA:11,0,1,0
BRDA:11,1,0,0
BRDA:11,1,1,0
BRDA:34,2,0,0
BRDA:34,2,1,0
BRF:6
BRH:0
end_of_record
TN:
SF:src/services/services.controller.ts
FN:7,(anonymous_4)
FN:10,(anonymous_5)
FN:15,(anonymous_6)
FN:20,(anonymous_7)
FNF:4
FNH:0
FNDA:0,(anonymous_4)
FNDA:0,(anonymous_5)
FNDA:0,(anonymous_6)
FNDA:0,(anonymous_7)
DA:1,0
DA:2,0
DA:3,0
DA:6,0
DA:7,0
DA:10,0
DA:11,0
DA:15,0
DA:16,0
DA:20,0
DA:21,0
LF:11
LH:0
BRF:0
BRH:0
end_of_record
TN:
SF:src/services/services.service.ts
FN:7,(anonymous_2)
FN:9,(anonymous_3)
FN:26,(anonymous_4)
FN:52,(anonymous_5)
FNF:4
FNH:0
FNDA:0,(anonymous_2)
FNDA:0,(anonymous_3)
FNDA:0,(anonymous_4)
FNDA:0,(anonymous_5)
DA:1,0
DA:2,0
DA:6,0
DA:7,0
DA:10,0
DA:30,0
DA:32,0
DA:53,0
LF:8
LH:0
BRF:0
BRH:0
end_of_record
TN:
SF:src/slack/slack-inc.service.ts
FN:47,(anonymous_2)
FN:53,(anonymous_3)
FN:94,(anonymous_4)
FN:115,(anonymous_5)
FN:141,(anonymous_6)
FN:185,(anonymous_7)
FN:221,(anonymous_8)
FN:269,(anonymous_9)
FN:278,(anonymous_10)
FN:290,(anonymous_11)
FN:298,(anonymous_12)
FN:347,(anonymous_13)
FN:381,(anonymous_14)
FN:424,(anonymous_15)
FN:464,(anonymous_16)
FN:501,(anonymous_17)
FNF:16
FNH:0
FNDA:0,(anonymous_2)
FNDA:0,(anonymous_3)
FNDA:0,(anonymous_4)
FNDA:0,(anonymous_5)
FNDA:0,(anonymous_6)
FNDA:0,(anonymous_7)
FNDA:0,(anonymous_8)
FNDA:0,(anonymous_9)
FNDA:0,(anonymous_10)
FNDA:0,(anonymous_11)
FNDA:0,(anonymous_12)
FNDA:0,(anonymous_13)
FNDA:0,(anonymous_14)
FNDA:0,(anonymous_15)
FNDA:0,(anonymous_16)
FNDA:0,(anonymous_17)
DA:1,0
DA:2,0
DA:3,0
DA:4,0
DA:5,0
DA:44,0
DA:45,0
DA:48,0
DA:49,0
DA:50,0
DA:57,0
DA:65,0
DA:66,0
DA:68,0
DA:69,0
DA:70,0
DA:75,0
DA:78,0
DA:79,0
DA:80,0
DA:86,0
DA:87,0
DA:90,0
DA:95,0
DA:97,0
DA:98,0
DA:99,0
DA:101,0
DA:102,0
DA:104,0
DA:105,0
DA:107,0
DA:108,0
DA:112,0
DA:117,0
DA:118,0
DA:119,0
DA:120,0
DA:122,0
DA:123,0
DA:124,0
DA:127,0
DA:128,0
DA:129,0
DA:132,0
DA:133,0
DA:134,0
DA:138,0
DA:142,0
DA:143,0
DA:144,0
DA:145,0
DA:147,0
DA:148,0
DA:151,0
DA:152,0
DA:158,0
DA:159,0
DA:163,0
DA:171,0
DA:172,0
DA:173,0
DA:174,0
DA:175,0
DA:177,0
DA:182,0
DA:186,0
DA:187,0
DA:188,0
DA:189,0
DA:190,0
DA:192,0
DA:193,0
DA:196,0
DA:197,0
DA:203,0
DA:211,0
DA:212,0
DA:218,0
DA:222,0
DA:223,0
DA:224,0
DA:225,0
DA:226,0
DA:228,0
DA:229,0
DA:232,0
DA:233,0
DA:239,0
DA:240,0
DA:243,0
DA:244,0
DA:247,0
DA:257,0
DA:258,0
DA:266,0
DA:270,0
DA:271,0
DA:272,0
DA:274,0
DA:275,0
DA:279,0
DA:280,0
DA:282,0
DA:283,0
DA:285,0
DA:286,0
DA:291,0
DA:292,0
DA:294,0
DA:295,0
DA:299,0
DA:350,0
DA:359,0
DA:383,0
DA:385,0
DA:386,0
DA:398,0
DA:406,0
DA:413,0
DA:426,0
DA:428,0
DA:429,0
DA:441,0
DA:451,0
DA:458,0
DA:459,0
DA:460,0
DA:461,0
DA:462,0
DA:463,0
DA:464,0
DA:467,0
DA:471,0
DA:490,0
DA:502,0
DA:504,0
DA:507,0
DA:516,0
DA:519,0
DA:528,0
LF:141
LH:0
BRDA:75,0,0,0
BRDA:75,0,1,0
BRDA:75,1,0,0
BRDA:75,1,1,0
BRDA:75,2,0,0
BRDA:75,2,1,0
BRDA:75,3,0,0
BRDA:75,3,1,0
BRDA:79,4,0,0
BRDA:79,4,1,0
BRDA:86,5,0,0
BRDA:86,5,1,0
BRDA:86,6,0,0
BRDA:86,6,1,0
BRDA:86,7,0,0
BRDA:86,7,1,0
BRDA:86,8,0,0
BRDA:86,8,1,0
BRDA:97,9,0,0
BRDA:97,9,1,0
BRDA:97,10,0,0
BRDA:97,10,1,0
BRDA:98,11,0,0
BRDA:98,11,1,0
BRDA:101,12,0,0
BRDA:101,12,1,0
BRDA:104,13,0,0
BRDA:104,13,1,0
BRDA:107,14,0,0
BRDA:107,14,1,0
BRDA:122,15,0,0
BRDA:122,15,1,0
BRDA:123,16,0,0
BRDA:123,16,1,0
BRDA:123,17,0,0
BRDA:123,17,1,0
BRDA:127,18,0,0
BRDA:127,18,1,0
BRDA:128,19,0,0
BRDA:128,19,1,0
BRDA:128,20,0,0
BRDA:128,20,1,0
BRDA:128,21,0,0
BRDA:128,21,1,0
BRDA:128,22,0,0
BRDA:128,22,1,0
BRDA:132,23,0,0
BRDA:132,23,1,0
BRDA:133,24,0,0
BRDA:133,24,1,0
BRDA:133,25,0,0
BRDA:133,25,1,0
BRDA:133,26,0,0
BRDA:133,26,1,0
BRDA:133,27,0,0
BRDA:133,27,1,0
BRDA:147,28,0,0
BRDA:147,28,1,0
BRDA:151,29,0,0
BRDA:151,29,1,0
BRDA:158,30,0,0
BRDA:158,30,1,0
BRDA:171,31,0,0
BRDA:171,31,1,0
BRDA:173,32,0,0
BRDA:173,32,1,0
BRDA:173,33,0,0
BRDA:173,33,1,0
BRDA:173,34,0,0
BRDA:173,34,1,0
BRDA:192,35,0,0
BRDA:192,35,1,0
BRDA:199,36,0,0
BRDA:199,36,1,0
BRDA:200,37,0,0
BRDA:200,37,1,0
BRDA:200,38,0,0
BRDA:200,38,1,0
BRDA:208,39,0,0
BRDA:208,39,1,0
BRDA:208,40,0,0
BRDA:208,40,1,0
BRDA:211,41,0,0
BRDA:211,41,1,0
BRDA:213,42,0,0
BRDA:213,42,1,0
BRDA:213,43,0,0
BRDA:213,43,1,0
BRDA:228,44,0,0
BRDA:228,44,1,0
BRDA:232,45,0,0
BRDA:232,45,1,0
BRDA:239,46,0,0
BRDA:239,46,1,0
BRDA:243,47,0,0
BRDA:243,47,1,0
BRDA:257,48,0,0
BRDA:257,48,1,0
BRDA:270,49,0,0
BRDA:270,49,1,0
BRDA:270,50,0,0
BRDA:270,50,1,0
BRDA:271,51,0,0
BRDA:271,51,1,0
BRDA:275,52,0,0
BRDA:275,52,1,0
BRDA:275,53,0,0
BRDA:275,53,1,0
BRDA:275,54,0,0
BRDA:275,54,1,0
BRDA:275,55,0,0
BRDA:275,55,1,0
BRDA:275,56,0,0
BRDA:275,56,1,0
BRDA:275,57,0,0
BRDA:275,57,1,0
BRDA:275,58,0,0
BRDA:275,58,1,0
BRDA:275,59,0,0
BRDA:275,59,1,0
BRDA:279,60,0,0
BRDA:279,60,1,0
BRDA:291,61,0,0
BRDA:291,61,1,0
BRDA:295,62,0,0
BRDA:295,62,1,0
BRDA:350,63,0,0
BRDA:350,63,1,0
BRDA:385,64,0,0
BRDA:385,64,1,0
BRDA:428,65,0,0
BRDA:428,65,1,0
BRDA:459,66,0,0
BRDA:459,66,1,0
BRDA:462,67,0,0
BRDA:462,67,1,0
BRDA:462,68,0,0
BRDA:462,68,1,0
BRDA:463,69,0,0
BRDA:463,69,1,0
BRDA:504,70,0,0
BRDA:504,70,1,0
BRDA:504,71,0,0
BRDA:504,71,1,0
BRDA:504,71,2,0
BRDA:516,72,0,0
BRDA:516,72,1,0
BRDA:516,73,0,0
BRDA:516,73,1,0
BRDA:516,73,2,0
BRF:150
BRH:0
end_of_record
TN:
SF:src/slack/slack-jobs.service.ts
FN:10,(anonymous_4)
FN:18,(anonymous_5)
FN:86,(anonymous_6)
FN:108,(anonymous_7)
FN:113,(anonymous_8)
FNF:5
FNH:0
FNDA:0,(anonymous_4)
FNDA:0,(anonymous_5)
FNDA:0,(anonymous_6)
FNDA:0,(anonymous_7)
FNDA:0,(anonymous_8)
DA:1,0
DA:2,0
DA:3,0
DA:4,0
DA:7,0
DA:8,0
DA:11,0
DA:12,0
DA:15,0
DA:26,0
DA:30,0
DA:31,0
DA:32,0
DA:33,0
DA:34,0
DA:35,0
DA:36,0
DA:42,0
DA:43,0
DA:44,0
DA:47,0
DA:48,0
DA:52,0
DA:53,0
DA:54,0
DA:57,0
DA:60,0
DA:63,0
DA:64,0
DA:65,0
DA:67,0
DA:71,0
DA:73,0
DA:74,0
DA:79,0
DA:94,0
DA:95,0
DA:98,0
DA:102,0
DA:109,0
DA:110,0
DA:114,0
DA:115,0
LF:43
LH:0
BRDA:30,0,0,0
BRDA:30,0,1,0
BRDA:32,1,0,0
BRDA:32,1,1,0
BRDA:32,2,0,0
BRDA:32,2,1,0
BRDA:35,3,0,0
BRDA:35,3,1,0
BRDA:36,4,0,0
BRDA:36,4,1,0
BRDA:36,5,0,0
BRDA:36,5,1,0
BRDA:36,6,0,0
BRDA:36,6,1,0
BRDA:36,7,0,0
BRDA:36,7,1,0
BRDA:36,8,0,0
BRDA:36,8,1,0
BRDA:42,9,0,0
BRDA:42,9,1,0
BRDA:43,10,0,0
BRDA:43,10,1,0
BRDA:43,11,0,0
BRDA:43,11,1,0
BRDA:44,12,0,0
BRDA:44,12,1,0
BRDA:44,13,0,0
BRDA:44,13,1,0
BRDA:44,14,0,0
BRDA:44,14,1,0
BRDA:44,15,0,0
BRDA:44,15,1,0
BRDA:44,16,0,0
BRDA:44,16,1,0
BRDA:53,17,0,0
BRDA:53,17,1,0
BRDA:57,18,0,0
BRDA:57,18,1,0
BRDA:63,19,0,0
BRDA:63,19,1,0
BRDA:73,20,0,0
BRDA:73,20,1,0
BRDA:73,21,0,0
BRDA:73,21,1,0
BRDA:94,22,0,0
BRDA:94,22,1,0
BRDA:94,23,0,0
BRDA:94,23,1,0
BRDA:95,24,0,0
BRDA:95,24,1,0
BRDA:95,25,0,0
BRDA:95,25,1,0
BRDA:95,26,0,0
BRDA:95,26,1,0
BRDA:95,27,0,0
BRDA:95,27,1,0
BRDA:95,28,0,0
BRDA:95,28,1,0
BRDA:98,29,0,0
BRDA:98,29,1,0
BRDA:109,30,0,0
BRDA:109,30,1,0
BRDA:109,31,0,0
BRDA:109,31,1,0
BRDA:109,32,0,0
BRDA:109,32,1,0
BRDA:114,33,0,0
BRDA:114,33,1,0
BRF:68
BRH:0
end_of_record
TN:
SF:src/slack/slack-legacy.controller.ts
FN:9,(anonymous_4)
FN:13,(anonymous_5)
FNF:2
FNH:0
FNDA:0,(anonymous_4)
FNDA:0,(anonymous_5)
DA:1,0
DA:2,0
DA:3,0
DA:4,0
DA:8,0
DA:9,0
DA:13,0
DA:14,0
LF:8
LH:0
BRF:0
BRH:0
end_of_record
TN:
SF:src/slack/slack-oauth.controller.ts
FN:7,(anonymous_4)
FN:10,(anonymous_5)
FN:41,(anonymous_6)
FN:60,(anonymous_7)
FN:66,(anonymous_8)
FNF:5
FNH:0
FNDA:0,(anonymous_4)
FNDA:0,(anonymous_5)
FNDA:0,(anonymous_6)
FNDA:0,(anonymous_7)
FNDA:0,(anonymous_8)
DA:1,0
DA:3,0
DA:6,0
DA:7,0
DA:10,0
DA:16,0
DA:17,0
DA:22,0
DA:28,0
DA:30,0
DA:33,0
DA:34,0
DA:37,0
DA:41,0
DA:46,0
DA:47,0
DA:50,0
DA:51,0
DA:52,0
DA:54,0
DA:55,0
DA:60,0
DA:61,0
DA:62,0
DA:66,0
DA:67,0
DA:68,0
LF:27
LH:0
BRDA:16,0,0,0
BRDA:16,0,1,0
BRDA:16,1,0,0
BRDA:16,1,1,0
BRDA:28,2,0,0
BRDA:28,2,1,0
BRDA:30,3,0,0
BRDA:30,3,1,0
BRDA:30,3,2,0
BRDA:31,4,0,0
BRDA:31,4,1,0
BRDA:31,5,0,0
BRDA:31,5,1,0
BRDA:33,6,0,0
BRDA:33,6,1,0
BRDA:46,7,0,0
BRDA:46,7,1,0
BRDA:46,8,0,0
BRDA:46,8,1,0
BRDA:54,9,0,0
BRDA:54,9,1,0
BRF:21
BRH:0
end_of_record
TN:
SF:src/slack/slack-oauth.service.ts
FN:12,(anonymous_2)
FN:22,(anonymous_3)
FN:56,(anonymous_4)
FN:118,(anonymous_5)
FN:146,(anonymous_6)
FN:163,(anonymous_7)
FN:178,(anonymous_8)
FNF:7
FNH:0
FNDA:0,(anonymous_2)
FNDA:0,(anonymous_3)
FNDA:0,(anonymous_4)
FNDA:0,(anonymous_5)
FNDA:0,(anonymous_6)
FNDA:0,(anonymous_7)
FNDA:0,(anonymous_8)
DA:1,0
DA:2,0
DA:3,0
DA:6,0
DA:7,0
DA:12,0
DA:13,0
DA:14,0
DA:15,0
DA:17,0
DA:18,0
DA:23,0
DA:24,0
DA:26,0
DA:35,0
DA:47,0
DA:48,0
DA:49,0
DA:50,0
DA:51,0
DA:53,0
DA:57,0
DA:61,0
DA:62,0
DA:65,0
DA:66,0
DA:67,0
DA:70,0
DA:72,0
DA:76,0
DA:77,0
DA:93,0
DA:108,0
DA:110,0
DA:112,0
DA:119,0
DA:132,0
DA:133,0
DA:136,0
DA:147,0
DA:151,0
DA:152,0
DA:155,0
DA:160,0
DA:164,0
DA:168,0
DA:169,0
DA:174,0
DA:179,0
DA:192,0
DA:194,0
DA:195,0
DA:196,0
DA:199,0
LF:54
LH:0
BRDA:13,0,0,0
BRDA:13,0,1,0
BRDA:14,1,0,0
BRDA:14,1,1,0
BRDA:15,2,0,0
BRDA:15,2,1,0
BRDA:17,3,0,0
BRDA:17,3,1,0
BRDA:17,4,0,0
BRDA:17,4,1,0
BRDA:61,5,0,0
BRDA:61,5,1,0
BRDA:65,6,0,0
BRDA:65,6,1,0
BRDA:76,7,0,0
BRDA:76,7,1,0
BRDA:83,8,0,0
BRDA:83,8,1,0
BRDA:83,9,0,0
BRDA:83,9,1,0
BRDA:99,10,0,0
BRDA:99,10,1,0
BRDA:99,11,0,0
BRDA:99,11,1,0
BRDA:132,12,0,0
BRDA:132,12,1,0
BRDA:151,13,0,0
BRDA:151,13,1,0
BRDA:168,14,0,0
BRDA:168,14,1,0
BRDA:194,15,0,0
BRDA:194,15,1,0
BRF:32
BRH:0
end_of_record
TN:
SF:src/slack/slack-queue.service.ts
FN:37,(anonymous_2)
FN:43,(anonymous_3)
FN:48,(anonymous_4)
FN:53,(anonymous_5)
FN:58,(anonymous_6)
FN:63,(anonymous_7)
FNF:6
FNH:0
FNDA:0,(anonymous_2)
FNDA:0,(anonymous_3)
FNDA:0,(anonymous_4)
FNDA:0,(anonymous_5)
FNDA:0,(anonymous_6)
FNDA:0,(anonymous_7)
DA:1,0
DA:2,0
DA:5,0
DA:33,0
DA:34,0
DA:38,0
DA:44,0
DA:45,0
DA:49,0
DA:50,0
DA:54,0
DA:55,0
DA:59,0
DA:60,0
DA:64,0
DA:65,0
LF:16
LH:0
BRDA:39,0,0,0
BRDA:39,0,1,0
BRDA:39,1,0,0
BRDA:39,1,1,0
BRDA:67,2,0,0
BRDA:67,2,1,0
BRDA:68,3,0,0
BRDA:68,3,1,0
BRF:8
BRH:0
end_of_record
TN:
SF:src/slack/slack-signature.guard.ts
FN:9,(anonymous_4)
FN:11,(anonymous_5)
FN:41,(anonymous_6)
FNF:3
FNH:0
FNDA:0,(anonymous_4)
FNDA:0,(anonymous_5)
FNDA:0,(anonymous_6)
DA:1,0
DA:2,0
DA:3,0
DA:5,0
DA:8,0
DA:9,0
DA:12,0
DA:17,0
DA:18,0
DA:20,0
DA:21,0
DA:24,0
DA:25,0
DA:26,0
DA:27,0
DA:30,0
DA:31,0
DA:32,0
DA:34,0
DA:35,0
DA:38,0
DA:42,0
DA:43,0
DA:44,0
DA:45,0
DA:46,0
LF:26
LH:0
BRDA:20,0,0,0
BRDA:20,0,1,0
BRDA:20,1,0,0
BRDA:20,1,1,0
BRDA:20,1,2,0
BRDA:20,2,0,0
BRDA:20,2,1,0
BRDA:20,3,0,0
BRDA:20,3,1,0
BRDA:26,4,0,0
BRDA:26,4,1,0
BRDA:26,5,0,0
BRDA:26,5,1,0
BRDA:34,6,0,0
BRDA:34,6,1,0
BRDA:34,7,0,0
BRDA:34,7,1,0
BRF:17
BRH:0
end_of_record
TN:
SF:src/slack/slack.client.ts
FN:11,(anonymous_2)
FN:13,(anonymous_3)
FN:17,(anonymous_4)
FN:21,(anonymous_5)
FN:25,(anonymous_6)
FN:32,(anonymous_7)
FN:36,(anonymous_8)
FN:47,(anonymous_9)
FN:52,(anonymous_10)
FN:57,(anonymous_11)
FN:61,(anonymous_12)
FN:61,(anonymous_13)
FN:64,(anonymous_14)
FN:70,(anonymous_15)
FN:73,(anonymous_16)
FN:77,(anonymous_17)
FNF:16
FNH:0
FNDA:0,(anonymous_2)
FNDA:0,(anonymous_3)
FNDA:0,(anonymous_4)
FNDA:0,(anonymous_5)
FNDA:0,(anonymous_6)
FNDA:0,(anonymous_7)
FNDA:0,(anonymous_8)
FNDA:0,(anonymous_9)
FNDA:0,(anonymous_10)
FNDA:0,(anonymous_11)
FNDA:0,(anonymous_12)
FNDA:0,(anonymous_13)
FNDA:0,(anonymous_14)
FNDA:0,(anonymous_15)
FNDA:0,(anonymous_16)
FNDA:0,(anonymous_17)
DA:1,0
DA:8,0
DA:9,0
DA:11,0
DA:14,0
DA:18,0
DA:22,0
DA:26,0
DA:27,0
DA:29,0
DA:33,0
DA:37,0
DA:44,0
DA:48,0
DA:49,0
DA:53,0
DA:56,0
DA:57,0
DA:58,0
DA:61,0
DA:63,0
DA:64,0
DA:65,0
DA:66,0
DA:67,0
DA:70,0
DA:74,0
DA:78,0
DA:87,0
DA:88,0
DA:89,0
DA:90,0
DA:91,0
DA:94,0
LF:34
LH:0
BRDA:26,0,0,0
BRDA:26,0,1,0
BRDA:44,1,0,0
BRDA:44,1,1,0
BRDA:44,2,0,0
BRDA:44,2,1,0
BRDA:53,3,0,0
BRDA:53,3,1,0
BRDA:58,4,0,0
BRDA:58,4,1,0
BRDA:66,5,0,0
BRDA:66,5,1,0
BRDA:66,5,2,0
BRDA:66,5,3,0
BRDA:66,6,0,0
BRDA:66,6,1,0
BRDA:66,7,0,0
BRDA:66,7,1,0
BRDA:66,8,0,0
BRDA:66,8,1,0
BRDA:66,9,0,0
BRDA:66,9,1,0
BRDA:66,10,0,0
BRDA:66,10,1,0
BRDA:66,11,0,0
BRDA:66,11,1,0
BRDA:66,12,0,0
BRDA:66,12,1,0
BRDA:66,13,0,0
BRDA:66,13,1,0
BRDA:70,14,0,0
BRDA:70,14,1,0
BRDA:70,15,0,0
BRDA:70,15,1,0
BRDA:88,16,0,0
BRDA:88,16,1,0
BRDA:89,17,0,0
BRDA:89,17,1,0
BRDA:89,18,0,0
BRDA:89,18,1,0
BRF:40
BRH:0
end_of_record
TN:
SF:src/slack/slack.constants.ts
FNF:0
FNH:0
DA:1,0
LF:1
LH:0
BRF:0
BRH:0
end_of_record
TN:
SF:src/slack/slack.controller.ts
FN:10,(anonymous_4)
FN:17,(anonymous_5)
FN:23,(anonymous_6)
FNF:3
FNH:0
FNDA:0,(anonymous_4)
FNDA:0,(anonymous_5)
FNDA:0,(anonymous_6)
DA:1,0
DA:2,0
DA:3,0
DA:4,0
DA:5,0
DA:9,0
DA:11,0
DA:12,0
DA:17,0
DA:18,0
DA:23,0
DA:24,0
LF:12
LH:0
BRF:0
BRH:0
end_of_record
TN:
SF:src/teams/teams.controller.ts
FN:11,(anonymous_4)
FN:14,(anonymous_5)
FN:19,(anonymous_6)
FN:24,(anonymous_7)
FN:29,(anonymous_8)
FN:34,(anonymous_9)
FN:39,(anonymous_10)
FN:44,(anonymous_11)
FN:49,(anonymous_12)
FNF:9
FNH:0
FNDA:0,(anonymous_4)
FNDA:0,(anonymous_5)
FNDA:0,(anonymous_6)
FNDA:0,(anonymous_7)
FNDA:0,(anonymous_8)
FNDA:0,(anonymous_9)
FNDA:0,(anonymous_10)
FNDA:0,(anonymous_11)
FNDA:0,(anonymous_12)
DA:1,0
DA:2,0
DA:3,0
DA:4,0
DA:5,0
DA:6,0
DA:10,0
DA:11,0
DA:14,0
DA:15,0
DA:19,0
DA:20,0
DA:24,0
DA:25,0
DA:29,0
DA:30,0
DA:34,0
DA:35,0
DA:39,0
DA:40,0
DA:44,0
DA:45,0
DA:49,0
DA:50,0
LF:24
LH:0
BRF:0
BRH:0
end_of_record
TN:
SF:src/teams/teams.service.ts
FN:9,(anonymous_2)
FN:11,(anonymous_3)
FN:33,(anonymous_4)
FN:58,(anonymous_5)
FN:87,(anonymous_6)
FN:104,(anonymous_7)
FN:142,(anonymous_8)
FN:170,(anonymous_9)
FN:188,(anonymous_10)
FN:204,(anonymous_11)
FN:213,(anonymous_12)
FN:257,(anonymous_13)
FNF:12
FNH:0
FNDA:0,(anonymous_2)
FNDA:0,(anonymous_3)
FNDA:0,(anonymous_4)
FNDA:0,(anonymous_5)
FNDA:0,(anonymous_6)
FNDA:0,(anonymous_7)
FNDA:0,(anonymous_8)
FNDA:0,(anonymous_9)
FNDA:0,(anonymous_10)
FNDA:0,(anonymous_11)
FNDA:0,(anonymous_12)
FNDA:0,(anonymous_13)
DA:1,0
DA:2,0
DA:8,0
DA:9,0
DA:12,0
DA:34,0
DA:51,0
DA:52,0
DA:55,0
DA:60,0
DA:61,0
DA:68,0
DA:69,0
DA:74,0
DA:75,0
DA:79,0
DA:87,0
DA:101,0
DA:105,0
DA:108,0
DA:109,0
DA:113,0
DA:114,0
DA:125,0
DA:126,0
DA:128,0
DA:129,0
DA:133,0
DA:135,0
DA:140,0
DA:141,0
DA:142,0
DA:150,0
DA:171,0
DA:174,0
DA:175,0
DA:179,0
DA:180,0
DA:183,0
DA:189,0
DA:192,0
DA:199,0
DA:200,0
DA:203,0
DA:204,0
DA:210,0
DA:214,0
DA:217,0
DA:218,0
DA:221,0
DA:230,0
DA:231,0
DA:235,0
DA:236,0
DA:245,0
DA:254,0
DA:258,0
DA:274,0
DA:275,0
DA:278,0
LF:60
LH:0
BRDA:51,0,0,0
BRDA:51,0,1,0
BRDA:60,1,0,0
BRDA:60,1,1,0
BRDA:68,2,0,0
BRDA:68,2,1,0
BRDA:74,3,0,0
BRDA:74,3,1,0
BRDA:74,4,0,0
BRDA:74,4,1,0
BRDA:74,4,2,0
BRDA:83,5,0,0
BRDA:83,5,1,0
BRDA:83,6,0,0
BRDA:83,6,1,0
BRDA:86,7,0,0
BRDA:86,7,1,0
BRDA:86,8,0,0
BRDA:86,8,1,0
BRDA:86,9,0,0
BRDA:86,9,1,0
BRDA:108,10,0,0
BRDA:108,10,1,0
BRDA:108,11,0,0
BRDA:108,11,1,0
BRDA:113,12,0,0
BRDA:113,12,1,0
BRDA:125,13,0,0
BRDA:125,13,1,0
BRDA:125,14,0,0
BRDA:125,14,1,0
BRDA:126,15,0,0
BRDA:126,15,1,0
BRDA:126,16,0,0
BRDA:126,16,1,0
BRDA:128,17,0,0
BRDA:128,17,1,0
BRDA:128,18,0,0
BRDA:128,18,1,0
BRDA:128,18,2,0
BRDA:133,19,0,0
BRDA:133,19,1,0
BRDA:140,20,0,0
BRDA:140,20,1,0
BRDA:174,21,0,0
BRDA:174,21,1,0
BRDA:179,22,0,0
BRDA:179,22,1,0
BRDA:199,23,0,0
BRDA:199,23,1,0
BRDA:217,24,0,0
BRDA:217,24,1,0
BRDA:217,25,0,0
BRDA:217,25,1,0
BRDA:230,26,0,0
BRDA:230,26,1,0
BRDA:235,27,0,0
BRDA:235,27,1,0
BRDA:235,28,0,0
BRDA:235,28,1,0
BRDA:239,29,0,0
BRDA:239,29,1,0
BRDA:240,30,0,0
BRDA:240,30,1,0
BRDA:274,31,0,0
BRDA:274,31,1,0
BRF:66
BRH:0
end_of_record
