TN:
SF:src/app.controller.ts
FN:8,(anonymous_2)
FN:11,(anonymous_3)
FN:19,(anonymous_4)
FNF:3
FNH:2
FNDA:1,(anonymous_2)
FNDA:1,(anonymous_3)
FNDA:0,(anonymous_4)
DA:1,1
DA:2,1
DA:3,1
DA:7,1
DA:8,1
DA:11,1
DA:12,1
DA:19,1
DA:20,0
DA:21,0
LF:10
LH:8
BRF:0
BRH:0
end_of_record
TN:
SF:src/otel-logger.service.ts
FN:41,(anonymous_0)
FN:56,(anonymous_1)
FN:96,(anonymous_2)
FN:112,(anonymous_3)
FN:117,(anonymous_4)
FN:127,(anonymous_5)
FN:135,(anonymous_6)
FN:139,(anonymous_7)
FN:143,(anonymous_8)
FN:147,(anonymous_9)
FN:151,(anonymous_10)
FN:155,(anonymous_11)
FNF:12
FNH:0
FNDA:0,(anonymous_0)
FNDA:0,(anonymous_1)
FNDA:0,(anonymous_2)
FNDA:0,(anonymous_3)
FNDA:0,(anonymous_4)
FNDA:0,(anonymous_5)
FNDA:0,(anonymous_6)
FNDA:0,(anonymous_7)
FNDA:0,(anonymous_8)
FNDA:0,(anonymous_9)
FNDA:0,(anonymous_10)
FNDA:0,(anonymous_11)
DA:6,0
DA:8,0
DA:9,0
DA:10,0
DA:11,0
DA:12,0
DA:13,0
DA:16,0
DA:19,0
DA:20,0
DA:37,0
DA:42,0
DA:43,0
DA:44,0
DA:45,0
DA:46,0
DA:49,0
DA:52,0
DA:57,0
DA:58,0
DA:59,0
DA:64,0
DA:67,0
DA:68,0
DA:71,0
DA:72,0
DA:74,0
DA:85,0
DA:86,0
DA:95,0
DA:96,0
DA:97,0
DA:98,0
DA:99,0
DA:100,0
DA:101,0
DA:102,0
DA:104,0
DA:109,0
DA:113,0
DA:116,0
DA:117,0
DA:120,0
DA:121,0
DA:124,0
DA:128,0
DA:129,0
DA:130,0
DA:131,0
DA:132,0
DA:136,0
DA:140,0
DA:144,0
DA:148,0
DA:152,0
LF:55
LH:0
BRDA:19,0,0,0
BRDA:19,0,1,0
BRDA:19,1,0,0
BRDA:19,1,1,0
BRDA:20,2,0,0
BRDA:20,2,1,0
BRDA:20,3,0,0
BRDA:20,3,1,0
BRDA:20,4,0,0
BRDA:20,4,1,0
BRDA:20,5,0,0
BRDA:20,5,1,0
BRDA:43,6,0,0
BRDA:43,6,1,0
BRDA:43,7,0,0
BRDA:43,7,1,0
BRDA:59,8,0,0
BRDA:59,8,1,0
BRDA:67,9,0,0
BRDA:67,9,1,0
BRDA:67,10,0,0
BRDA:67,10,1,0
BRDA:72,11,0,0
BRDA:72,11,1,0
BRDA:72,12,0,0
BRDA:72,12,1,0
BRDA:79,13,0,0
BRDA:79,13,1,0
BRDA:85,14,0,0
BRDA:85,14,1,0
BRDA:95,15,0,0
BRDA:95,15,1,0
BRDA:97,16,0,0
BRDA:97,16,1,0
BRDA:101,17,0,0
BRDA:101,17,1,0
BRDA:113,18,0,0
BRDA:113,18,1,0
BRDA:117,19,0,0
BRDA:117,19,1,0
BRDA:120,20,0,0
BRDA:120,20,1,0
BRDA:128,21,0,0
BRDA:128,21,1,0
BRDA:129,22,0,0
BRDA:129,22,1,0
BRDA:130,23,0,0
BRDA:130,23,1,0
BRDA:131,24,0,0
BRDA:131,24,1,0
BRF:50
BRH:0
end_of_record
TN:
SF:src/ai/ai.service.ts
FN:9,(anonymous_2)
FN:14,(anonymous_3)
FN:37,(anonymous_4)
FN:39,(anonymous_5)
FN:67,(anonymous_6)
FNF:5
FNH:5
FNDA:1,(anonymous_2)
FNDA:2,(anonymous_3)
FNDA:1,(anonymous_4)
FNDA:1,(anonymous_5)
FNDA:1,(anonymous_6)
DA:1,6
DA:2,6
DA:3,6
DA:6,6
DA:7,1
DA:10,1
DA:11,1
DA:15,2
DA:24,2
DA:25,1
DA:28,1
DA:30,1
DA:32,1
DA:34,1
DA:38,1
DA:40,1
DA:41,1
DA:42,1
DA:43,1
DA:47,1
DA:68,1
DA:69,1
LF:22
LH:22
BRDA:24,0,0,1
BRDA:24,0,1,1
BRDA:42,1,0,1
BRDA:42,1,1,0
BRDA:52,2,0,1
BRDA:52,2,1,0
BRDA:55,3,0,1
BRDA:55,3,1,0
BRF:8
BRH:5
end_of_record
TN:
SF:src/ai/gemini.client.ts
FN:11,(anonymous_2)
FN:19,(anonymous_3)
FN:27,(anonymous_4)
FN:28,(anonymous_5)
FN:55,(anonymous_6)
FNF:5
FNH:4
FNDA:2,(anonymous_2)
FNDA:2,(anonymous_3)
FNDA:4,(anonymous_4)
FNDA:0,(anonymous_5)
FNDA:2,(anonymous_6)
DA:1,8
DA:2,8
DA:3,8
DA:6,8
DA:7,2
DA:9,2
DA:11,2
DA:12,2
DA:13,2
DA:14,0
DA:16,2
DA:20,2
DA:22,2
DA:23,2
DA:25,2
DA:26,4
DA:27,4
DA:28,4
DA:29,4
DA:30,4
DA:34,4
DA:39,2
DA:40,2
DA:42,2
DA:43,0
DA:46,2
DA:48,2
DA:49,2
DA:53,2
DA:54,2
DA:55,2
DA:60,0
LF:32
LH:29
BRDA:13,0,0,0
BRDA:13,0,1,2
BRDA:16,1,0,2
BRDA:16,1,1,0
BRDA:29,2,0,4
BRDA:29,2,1,0
BRDA:29,3,0,0
BRDA:29,3,1,4
BRDA:29,4,0,4
BRDA:29,4,1,4
BRDA:42,5,0,0
BRDA:42,5,1,2
BRDA:53,6,0,2
BRDA:53,6,1,0
BRDA:60,7,0,0
BRDA:60,7,1,0
BRDA:60,8,0,0
BRDA:60,8,1,0
BRF:18
BRH:8
end_of_record
TN:
SF:src/auth/auth.controller.ts
FN:11,(anonymous_4)
FN:17,(anonymous_5)
FN:38,(anonymous_6)
FN:64,(anonymous_7)
FNF:4
FNH:0
FNDA:0,(anonymous_4)
FNDA:0,(anonymous_5)
FNDA:0,(anonymous_6)
FNDA:0,(anonymous_7)
DA:1,0
DA:3,0
DA:4,0
DA:5,0
DA:6,0
DA:7,0
DA:10,0
DA:11,0
DA:17,0
DA:19,0
DA:22,0
DA:29,0
DA:38,0
DA:40,0
DA:42,0
DA:43,0
DA:46,0
DA:49,0
DA:56,0
DA:64,0
DA:65,0
DA:67,0
DA:68,0
DA:71,0
DA:73,0
LF:25
LH:0
BRDA:40,0,0,0
BRDA:40,0,1,0
BRDA:40,1,0,0
BRDA:40,1,1,0
BRDA:40,2,0,0
BRDA:40,2,1,0
BRDA:42,3,0,0
BRDA:42,3,1,0
BRDA:65,4,0,0
BRDA:65,4,1,0
BRDA:65,5,0,0
BRDA:65,5,1,0
BRDA:67,6,0,0
BRDA:67,6,1,0
BRF:14
BRH:0
end_of_record
TN:
SF:src/auth/auth.service.ts
FN:19,(anonymous_2)
FN:25,(anonymous_3)
FN:43,(anonymous_4)
FN:77,(anonymous_5)
FN:97,(anonymous_6)
FN:104,(anonymous_7)
FN:120,(anonymous_8)
FN:125,(anonymous_9)
FN:130,(anonymous_10)
FNF:9
FNH:9
FNDA:18,(anonymous_2)
FNDA:4,(anonymous_3)
FNDA:4,(anonymous_4)
FNDA:7,(anonymous_5)
FNDA:2,(anonymous_6)
FNDA:7,(anonymous_7)
FNDA:1,(anonymous_8)
FNDA:7,(anonymous_9)
FNDA:7,(anonymous_10)
DA:1,2
DA:2,2
DA:3,2
DA:4,2
DA:5,2
DA:16,2
DA:17,18
DA:20,18
DA:21,18
DA:22,18
DA:26,4
DA:31,4
DA:32,2
DA:35,2
DA:36,2
DA:37,1
DA:40,1
DA:44,4
DA:45,2
DA:48,2
DA:55,2
DA:56,2
DA:59,2
DA:64,2
DA:78,7
DA:83,7
DA:84,6
DA:88,1
DA:94,1
DA:98,2
DA:105,7
DA:106,7
DA:107,7
DA:109,7
DA:117,7
DA:121,1
DA:122,1
DA:126,7
DA:127,7
DA:131,7
DA:132,7
DA:134,7
DA:135,0
DA:138,7
DA:139,7
DA:141,7
DA:143,5
DA:144,5
DA:146,1
DA:147,1
DA:149,1
DA:150,1
DA:153,7
LF:53
LH:52
BRDA:31,0,0,2
BRDA:31,0,1,2
BRDA:31,1,0,4
BRDA:31,1,1,3
BRDA:36,2,0,1
BRDA:36,2,1,1
BRDA:44,3,0,2
BRDA:44,3,1,2
BRDA:83,4,0,6
BRDA:83,4,1,1
BRDA:83,5,0,7
BRDA:83,5,1,5
BRDA:83,5,2,3
BRDA:106,6,0,7
BRDA:106,6,1,0
BRDA:134,7,0,0
BRDA:134,7,1,7
BRDA:141,8,0,5
BRDA:141,8,1,1
BRDA:141,8,2,1
BRF:20
BRH:18
end_of_record
TN:
SF:src/auth/decorators/current-user.decorator.ts
FN:11,(anonymous_0)
FNF:1
FNH:0
FNDA:0,(anonymous_0)
DA:1,1
DA:10,1
DA:12,0
DA:13,0
LF:4
LH:2
BRF:0
BRH:0
end_of_record
TN:
SF:src/auth/decorators/public.decorator.ts
FN:4,(anonymous_0)
FNF:1
FNH:1
FNDA:4,(anonymous_0)
DA:1,4
DA:3,4
DA:4,4
LF:3
LH:3
BRF:0
BRH:0
end_of_record
TN:
SF:src/auth/decorators/roles.decorator.ts
FN:5,(anonymous_0)
FNF:1
FNH:0
FNDA:0,(anonymous_0)
DA:1,0
DA:4,0
DA:5,0
LF:3
LH:0
BRF:0
BRH:0
end_of_record
TN:
SF:src/auth/guards/jwt-auth.guard.ts
FN:8,(anonymous_2)
FN:12,(anonymous_3)
FNF:2
FNH:0
FNDA:0,(anonymous_2)
FNDA:0,(anonymous_3)
DA:1,0
DA:2,0
DA:3,0
DA:4,0
DA:7,0
DA:8,0
DA:9,0
DA:13,0
DA:18,0
DA:19,0
DA:22,0
LF:11
LH:0
BRDA:18,0,0,0
BRDA:18,0,1,0
BRF:2
BRH:0
end_of_record
TN:
SF:src/auth/guards/local-auth.guard.ts
FNF:0
FNH:0
DA:1,0
DA:2,0
DA:5,0
LF:3
LH:0
BRF:0
BRH:0
end_of_record
TN:
SF:src/auth/guards/roles.guard.ts
FN:8,(anonymous_2)
FN:10,(anonymous_3)
FN:21,(anonymous_4)
FNF:3
FNH:0
FNDA:0,(anonymous_2)
FNDA:0,(anonymous_3)
FNDA:0,(anonymous_4)
DA:1,0
DA:2,0
DA:4,0
DA:7,0
DA:8,0
DA:11,0
DA:16,0
DA:17,0
DA:20,0
DA:21,0
LF:10
LH:0
BRDA:16,0,0,0
BRDA:16,0,1,0
BRF:2
BRH:0
end_of_record
TN:
SF:src/auth/strategies/jwt.strategy.ts
FN:9,(anonymous_2)
FN:17,(anonymous_3)
FNF:2
FNH:0
FNDA:0,(anonymous_2)
FNDA:0,(anonymous_3)
DA:1,0
DA:2,0
DA:3,0
DA:4,0
DA:8,0
DA:10,0
DA:18,0
LF:7
LH:0
BRDA:13,0,0,0
BRDA:13,0,1,0
BRF:2
BRH:0
end_of_record
TN:
SF:src/auth/strategies/local.strategy.ts
FN:8,(anonymous_2)
FN:15,(anonymous_3)
FNF:2
FNH:0
FNDA:0,(anonymous_2)
FNDA:0,(anonymous_3)
DA:1,0
DA:2,0
DA:3,0
DA:4,0
DA:7,0
DA:8,0
DA:9,0
DA:16,0
DA:17,0
DA:18,0
DA:20,0
LF:11
LH:0
BRDA:17,0,0,0
BRDA:17,0,1,0
BRF:2
BRH:0
end_of_record
TN:
SF:src/incidents/incidents.controller.ts
FN:13,(anonymous_4)
FN:16,(anonymous_5)
FN:28,(anonymous_6)
FN:33,(anonymous_7)
FN:38,(anonymous_8)
FN:43,(anonymous_9)
FN:48,(anonymous_10)
FN:53,(anonymous_11)
FN:58,(anonymous_12)
FNF:9
FNH:9
FNDA:1,(anonymous_4)
FNDA:1,(anonymous_5)
FNDA:1,(anonymous_6)
FNDA:1,(anonymous_7)
FNDA:1,(anonymous_8)
FNDA:1,(anonymous_9)
FNDA:1,(anonymous_10)
FNDA:1,(anonymous_11)
FNDA:1,(anonymous_12)
DA:1,1
DA:2,1
DA:3,1
DA:4,1
DA:5,1
DA:6,1
DA:7,1
DA:8,1
DA:9,1
DA:12,1
DA:13,1
DA:16,1
DA:18,1
DA:20,1
DA:28,1
DA:29,1
DA:33,1
DA:34,1
DA:38,1
DA:39,1
DA:43,1
DA:44,1
DA:48,1
DA:49,1
DA:53,1
DA:54,1
DA:58,1
DA:63,1
LF:28
LH:28
BRDA:18,0,0,0
BRDA:18,0,1,1
BRF:2
BRH:1
end_of_record
TN:
SF:src/incidents/incidents.service.ts
FN:15,(anonymous_2)
FN:21,(anonymous_3)
FN:63,(anonymous_4)
FN:83,(anonymous_5)
FN:95,(anonymous_6)
FN:99,(anonymous_7)
FN:298,(anonymous_8)
FN:315,(anonymous_9)
FN:326,(anonymous_10)
FN:365,(anonymous_11)
FN:389,(anonymous_12)
FN:410,(anonymous_13)
FNF:12
FNH:10
FNDA:1,(anonymous_2)
FNDA:2,(anonymous_3)
FNDA:1,(anonymous_4)
FNDA:0,(anonymous_5)
FNDA:1,(anonymous_6)
FNDA:0,(anonymous_7)
FNDA:1,(anonymous_8)
FNDA:1,(anonymous_9)
FNDA:3,(anonymous_10)
FNDA:2,(anonymous_11)
FNDA:1,(anonymous_12)
FNDA:4,(anonymous_13)
DA:1,5
DA:2,5
DA:3,5
DA:8,5
DA:9,5
DA:12,5
DA:13,1
DA:16,1
DA:17,1
DA:18,1
DA:22,2
DA:24,2
DA:25,1
DA:28,2
DA:29,1
DA:30,1
DA:31,1
DA:32,1
DA:33,1
DA:37,2
DA:39,1
DA:45,2
DA:64,1
DA:84,0
DA:98,1
DA:99,0
DA:103,0
DA:113,0
DA:117,0
DA:118,0
DA:125,0
DA:126,0
DA:138,0
DA:139,0
DA:140,0
DA:145,0
DA:146,0
DA:153,0
DA:154,0
DA:155,0
DA:161,0
DA:162,0
DA:164,0
DA:179,0
DA:182,0
DA:187,0
DA:189,0
DA:198,0
DA:201,0
DA:205,1
DA:206,1
DA:207,0
DA:212,0
DA:215,1
DA:216,1
DA:217,1
DA:218,0
DA:219,0
DA:223,1
DA:224,1
DA:230,1
DA:231,0
DA:243,0
DA:244,0
DA:245,0
DA:250,1
DA:251,1
DA:258,1
DA:259,0
DA:260,0
DA:264,1
DA:278,1
DA:280,1
DA:283,0
DA:292,1
DA:295,1
DA:299,1
DA:300,1
DA:302,1
DA:316,1
DA:317,1
DA:327,3
DA:332,3
DA:333,1
DA:336,2
DA:337,1
DA:340,1
DA:342,1
DA:354,1
DA:362,1
DA:366,2
DA:368,2
DA:372,2
DA:373,1
DA:376,1
DA:390,1
DA:395,1
DA:407,1
DA:411,4
DA:416,4
DA:417,0
DA:420,4
LF:102
LH:65
BRDA:24,0,0,1
BRDA:24,0,1,1
BRDA:24,1,0,2
BRDA:24,1,1,1
BRDA:24,2,0,1
BRDA:24,2,1,1
BRDA:24,3,0,2
BRDA:24,3,1,2
BRDA:28,4,0,1
BRDA:28,4,1,1
BRDA:28,5,0,2
BRDA:28,5,1,1
BRDA:28,6,0,1
BRDA:28,6,1,1
BRDA:28,7,0,2
BRDA:28,7,1,2
BRDA:30,8,0,1
BRDA:30,8,1,0
BRDA:37,9,0,1
BRDA:37,9,1,1
BRDA:37,10,0,1
BRDA:37,10,1,1
BRDA:37,11,0,2
BRDA:37,11,1,2
BRDA:98,12,0,0
BRDA:98,12,1,1
BRDA:117,13,0,0
BRDA:117,13,1,0
BRDA:117,14,0,0
BRDA:117,14,1,0
BRDA:117,15,0,0
BRDA:117,15,1,0
BRDA:117,16,0,0
BRDA:117,16,1,0
BRDA:117,17,0,0
BRDA:117,17,1,0
BRDA:117,18,0,0
BRDA:117,18,1,0
BRDA:125,19,0,0
BRDA:125,19,1,0
BRDA:138,20,0,0
BRDA:138,20,1,0
BRDA:138,21,0,0
BRDA:138,21,1,0
BRDA:138,22,0,0
BRDA:138,22,1,0
BRDA:140,23,0,0
BRDA:140,23,1,0
BRDA:140,24,0,0
BRDA:140,24,1,0
BRDA:145,25,0,0
BRDA:145,25,1,0
BRDA:153,26,0,0
BRDA:153,26,1,0
BRDA:155,27,0,0
BRDA:155,27,1,0
BRDA:155,28,0,0
BRDA:155,28,1,0
BRDA:161,29,0,0
BRDA:161,29,1,0
BRDA:161,30,0,0
BRDA:161,30,1,0
BRDA:161,31,0,0
BRDA:161,31,1,0
BRDA:162,32,0,0
BRDA:162,32,1,0
BRDA:162,33,0,0
BRDA:162,33,1,0
BRDA:162,34,0,0
BRDA:162,34,1,0
BRDA:162,35,0,0
BRDA:162,35,1,0
BRDA:162,36,0,0
BRDA:162,36,1,0
BRDA:162,37,0,0
BRDA:162,37,1,0
BRDA:169,38,0,0
BRDA:169,38,1,0
BRDA:169,39,0,0
BRDA:169,39,1,0
BRDA:171,40,0,0
BRDA:171,40,1,0
BRDA:187,41,0,0
BRDA:187,41,1,0
BRDA:187,42,0,0
BRDA:187,42,1,0
BRDA:187,43,0,0
BRDA:187,43,1,0
BRDA:187,44,0,0
BRDA:187,44,1,0
BRDA:187,45,0,0
BRDA:187,45,1,0
BRDA:187,46,0,0
BRDA:187,46,1,0
BRDA:187,47,0,0
BRDA:187,47,1,0
BRDA:187,48,0,0
BRDA:187,48,1,0
BRDA:187,49,0,0
BRDA:187,49,1,0
BRDA:187,50,0,0
BRDA:187,50,1,0
BRDA:189,51,0,0
BRDA:189,51,1,0
BRDA:189,52,0,0
BRDA:189,52,1,0
BRDA:192,53,0,0
BRDA:192,53,1,0
BRDA:194,54,0,0
BRDA:194,54,1,0
BRDA:194,55,0,0
BRDA:194,55,1,0
BRDA:194,56,0,0
BRDA:194,56,1,0
BRDA:194,57,0,0
BRDA:194,57,1,0
BRDA:194,58,0,0
BRDA:194,58,1,0
BRDA:194,59,0,0
BRDA:194,59,1,0
BRDA:198,60,0,0
BRDA:198,60,1,0
BRDA:198,61,0,0
BRDA:198,61,1,0
BRDA:198,62,0,0
BRDA:198,62,1,0
BRDA:198,63,0,0
BRDA:198,63,1,0
BRDA:206,64,0,0
BRDA:206,64,1,1
BRDA:212,65,0,0
BRDA:212,65,1,0
BRDA:212,66,0,0
BRDA:212,66,1,0
BRDA:212,67,0,0
BRDA:212,67,1,0
BRDA:212,68,0,0
BRDA:212,68,1,0
BRDA:212,69,0,0
BRDA:212,69,1,0
BRDA:212,70,0,0
BRDA:212,70,1,0
BRDA:217,71,0,0
BRDA:217,71,1,1
BRDA:217,72,0,1
BRDA:217,72,1,0
BRDA:219,73,0,0
BRDA:219,73,1,0
BRDA:219,74,0,0
BRDA:219,74,1,0
BRDA:230,75,0,0
BRDA:230,75,1,1
BRDA:243,76,0,0
BRDA:243,76,1,0
BRDA:243,77,0,0
BRDA:243,77,1,0
BRDA:243,78,0,0
BRDA:243,78,1,0
BRDA:245,79,0,0
BRDA:245,79,1,0
BRDA:245,80,0,0
BRDA:245,80,1,0
BRDA:250,81,0,1
BRDA:250,81,1,0
BRDA:258,82,0,0
BRDA:258,82,1,1
BRDA:260,83,0,0
BRDA:260,83,1,0
BRDA:260,84,0,0
BRDA:260,84,1,0
BRDA:269,85,0,1
BRDA:269,85,1,0
BRDA:269,86,0,1
BRDA:269,86,1,1
BRDA:271,87,0,1
BRDA:271,87,1,1
BRDA:280,88,0,0
BRDA:280,88,1,1
BRDA:280,89,0,1
BRDA:280,89,1,1
BRDA:280,90,0,1
BRDA:280,90,1,0
BRDA:280,91,0,1
BRDA:280,91,1,1
BRDA:281,92,0,0
BRDA:281,92,1,0
BRDA:281,93,0,1
BRDA:281,93,1,0
BRDA:283,94,0,0
BRDA:283,94,1,0
BRDA:283,95,0,0
BRDA:283,95,1,0
BRDA:286,96,0,0
BRDA:286,96,1,0
BRDA:288,97,0,0
BRDA:288,97,1,0
BRDA:288,98,0,0
BRDA:288,98,1,0
BRDA:288,99,0,0
BRDA:288,99,1,0
BRDA:288,100,0,0
BRDA:288,100,1,0
BRDA:288,101,0,0
BRDA:288,101,1,0
BRDA:288,102,0,0
BRDA:288,102,1,0
BRDA:292,103,0,1
BRDA:292,103,1,0
BRDA:292,104,0,1
BRDA:292,104,1,1
BRDA:292,105,0,0
BRDA:292,105,1,1
BRDA:292,106,0,1
BRDA:292,106,1,1
BRDA:300,107,0,0
BRDA:300,107,1,1
BRDA:332,108,0,1
BRDA:332,108,1,2
BRDA:336,109,0,1
BRDA:336,109,1,1
BRDA:372,110,0,1
BRDA:372,110,1,1
BRDA:381,111,0,1
BRDA:381,111,1,0
BRDA:399,112,0,0
BRDA:399,112,1,1
BRDA:403,113,0,0
BRDA:403,113,1,1
BRDA:403,114,0,1
BRDA:403,114,1,1
BRDA:416,115,0,0
BRDA:416,115,1,4
BRF:232
BRH:61
end_of_record
TN:
SF:src/integrations/slack/slack-integration.controller.ts
FN:11,(anonymous_4)
FN:16,(anonymous_5)
FN:29,(anonymous_6)
FN:42,(anonymous_7)
FN:69,(anonymous_8)
FN:75,(anonymous_9)
FN:85,(anonymous_10)
FN:95,(anonymous_11)
FN:101,(anonymous_12)
FN:132,(anonymous_13)
FNF:10
FNH:7
FNDA:1,(anonymous_4)
FNDA:2,(anonymous_5)
FNDA:0,(anonymous_6)
FNDA:3,(anonymous_7)
FNDA:1,(anonymous_8)
FNDA:0,(anonymous_9)
FNDA:0,(anonymous_10)
FNDA:1,(anonymous_11)
FNDA:3,(anonymous_12)
FNDA:2,(anonymous_13)
DA:1,1
DA:3,1
DA:4,1
DA:8,1
DA:9,1
DA:12,1
DA:16,1
DA:20,2
DA:21,1
DA:24,1
DA:25,1
DA:29,1
DA:33,0
DA:34,0
DA:37,0
DA:38,0
DA:42,1
DA:48,3
DA:49,1
DA:50,1
DA:53,2
DA:54,1
DA:57,1
DA:58,1
DA:59,1
DA:60,1
DA:62,0
DA:63,0
DA:64,0
DA:69,1
DA:70,1
DA:71,1
DA:75,1
DA:79,0
DA:80,0
DA:81,0
DA:85,1
DA:88,0
DA:89,0
DA:90,0
DA:91,0
DA:95,1
DA:96,1
DA:97,1
DA:101,1
DA:107,3
DA:109,3
DA:110,1
DA:111,1
DA:114,2
DA:115,1
DA:118,1
DA:119,1
DA:121,1
DA:122,1
DA:125,1
DA:128,1
DA:132,1
DA:138,2
DA:140,2
DA:141,1
DA:142,1
DA:145,1
DA:146,1
LF:64
LH:50
BRDA:20,0,0,1
BRDA:20,0,1,1
BRDA:20,1,0,2
BRDA:20,1,1,1
BRDA:33,2,0,0
BRDA:33,2,1,0
BRDA:33,3,0,0
BRDA:33,3,1,0
BRDA:48,4,0,1
BRDA:48,4,1,2
BRDA:53,5,0,1
BRDA:53,5,1,1
BRDA:53,6,0,2
BRDA:53,6,1,1
BRDA:63,7,0,0
BRDA:63,7,1,0
BRDA:79,8,0,0
BRDA:79,8,1,0
BRDA:79,9,0,0
BRDA:79,9,1,0
BRDA:89,10,0,0
BRDA:89,10,1,0
BRDA:89,11,0,0
BRDA:89,11,1,0
BRDA:107,12,0,3
BRDA:107,12,1,0
BRDA:107,13,0,0
BRDA:107,13,1,3
BRDA:107,14,0,3
BRDA:107,14,1,3
BRDA:109,15,0,1
BRDA:109,15,1,2
BRDA:114,16,0,1
BRDA:114,16,1,1
BRDA:118,17,0,1
BRDA:118,17,1,0
BRDA:121,18,0,1
BRDA:121,18,1,0
BRDA:138,19,0,2
BRDA:138,19,1,0
BRDA:138,20,0,0
BRDA:138,20,1,2
BRDA:138,21,0,2
BRDA:138,21,1,2
BRDA:140,22,0,1
BRDA:140,22,1,1
BRF:46
BRH:26
end_of_record
TN:
SF:src/integrations/slack/slack-integration.service.ts
FN:33,(anonymous_2)
FN:43,(anonymous_3)
FN:78,(anonymous_4)
FN:182,(anonymous_5)
FN:211,(anonymous_6)
FN:215,(anonymous_7)
FN:227,(anonymous_8)
FN:234,(anonymous_9)
FN:255,(anonymous_10)
FN:274,(anonymous_11)
FN:290,(anonymous_12)
FN:309,(anonymous_13)
FN:324,(anonymous_14)
FN:349,(anonymous_15)
FNF:14
FNH:10
FNDA:1,(anonymous_2)
FNDA:1,(anonymous_3)
FNDA:4,(anonymous_4)
FNDA:3,(anonymous_5)
FNDA:0,(anonymous_6)
FNDA:0,(anonymous_7)
FNDA:0,(anonymous_8)
FNDA:2,(anonymous_9)
FNDA:1,(anonymous_10)
FNDA:2,(anonymous_11)
FNDA:0,(anonymous_12)
FNDA:4,(anonymous_13)
FNDA:1,(anonymous_14)
FNDA:2,(anonymous_15)
DA:1,4
DA:2,4
DA:3,4
DA:4,4
DA:26,4
DA:27,1
DA:34,1
DA:35,1
DA:37,1
DA:38,1
DA:39,1
DA:40,1
DA:44,1
DA:45,1
DA:47,1
DA:57,1
DA:68,1
DA:75,1
DA:79,4
DA:83,4
DA:84,1
DA:87,3
DA:88,1
DA:89,1
DA:92,2
DA:94,2
DA:95,1
DA:99,1
DA:101,1
DA:102,1
DA:103,0
DA:106,1
DA:137,1
DA:139,1
DA:141,1
DA:148,0
DA:149,0
DA:151,0
DA:152,0
DA:155,0
DA:157,0
DA:158,0
DA:161,0
DA:174,0
DA:176,0
DA:179,0
DA:183,3
DA:196,3
DA:197,2
DA:200,1
DA:212,0
DA:216,0
DA:217,0
DA:219,0
DA:223,0
DA:224,0
DA:228,0
DA:229,0
DA:231,0
DA:235,2
DA:239,2
DA:240,1
DA:243,1
DA:252,1
DA:256,1
DA:260,1
DA:261,1
DA:270,1
DA:275,2
DA:276,2
DA:278,2
DA:279,1
DA:282,1
DA:283,1
DA:287,1
DA:291,0
DA:298,0
DA:306,0
DA:310,4
DA:311,4
DA:313,4
DA:316,0
DA:317,0
DA:318,0
DA:319,0
DA:320,0
DA:321,0
DA:325,1
DA:326,1
DA:327,1
DA:328,1
DA:330,0
DA:333,0
DA:334,0
DA:337,0
DA:338,0
DA:339,0
DA:340,0
DA:341,0
DA:342,0
DA:343,0
DA:344,0
DA:345,0
DA:346,0
DA:350,2
DA:354,2
DA:355,1
DA:358,1
LF:108
LH:65
BRDA:37,0,0,1
BRDA:37,0,1,0
BRDA:38,1,0,1
BRDA:38,1,1,0
BRDA:39,2,0,1
BRDA:39,2,1,0
BRDA:40,3,0,1
BRDA:40,3,1,0
BRDA:43,4,0,1
BRDA:83,5,0,1
BRDA:83,5,1,3
BRDA:87,6,0,1
BRDA:87,6,1,2
BRDA:94,7,0,1
BRDA:94,7,1,1
BRDA:95,8,0,1
BRDA:95,8,1,0
BRDA:99,9,0,1
BRDA:99,9,1,1
BRDA:101,10,0,1
BRDA:101,10,1,0
BRDA:102,11,0,0
BRDA:102,11,1,1
BRDA:102,12,0,1
BRDA:102,12,1,1
BRDA:103,13,0,0
BRDA:103,13,1,0
BRDA:112,14,0,1
BRDA:112,14,1,0
BRDA:112,15,0,0
BRDA:112,15,1,1
BRDA:112,16,0,1
BRDA:112,16,1,1
BRDA:115,17,0,1
BRDA:115,17,1,0
BRDA:127,18,0,1
BRDA:127,18,1,0
BRDA:127,19,0,0
BRDA:127,19,1,1
BRDA:127,20,0,1
BRDA:127,20,1,1
BRDA:130,21,0,1
BRDA:130,21,1,0
BRDA:137,22,0,0
BRDA:137,22,1,1
BRDA:137,23,0,1
BRDA:137,23,1,1
BRDA:148,24,0,0
BRDA:148,24,1,0
BRDA:149,25,0,0
BRDA:149,25,1,0
BRDA:149,26,0,0
BRDA:149,26,1,0
BRDA:151,27,0,0
BRDA:151,27,1,0
BRDA:157,28,0,0
BRDA:157,28,1,0
BRDA:157,29,0,0
BRDA:157,29,1,0
BRDA:196,30,0,2
BRDA:196,30,1,1
BRDA:196,31,0,3
BRDA:196,31,1,2
BRDA:217,32,0,0
BRDA:217,32,1,0
BRDA:223,33,0,0
BRDA:223,33,1,0
BRDA:229,34,0,0
BRDA:229,34,1,0
BRDA:239,35,0,1
BRDA:239,35,1,1
BRDA:260,36,0,1
BRDA:260,36,1,0
BRDA:278,37,0,1
BRDA:278,37,1,1
BRDA:310,38,0,4
BRDA:310,38,1,4
BRDA:311,39,0,4
BRDA:311,39,1,0
BRDA:325,40,0,1
BRDA:325,40,1,1
BRDA:326,41,0,1
BRDA:326,41,1,0
BRDA:327,42,0,1
BRDA:327,42,1,0
BRDA:333,43,0,0
BRDA:333,43,1,0
BRDA:338,44,0,0
BRDA:338,44,1,0
BRDA:354,45,0,1
BRDA:354,45,1,1
BRF:91
BRH:49
end_of_record
TN:
SF:src/organizations/invites.service.ts
FN:12,(anonymous_2)
FN:17,(anonymous_3)
FN:81,(anonymous_4)
FN:111,(anonymous_5)
FN:144,(anonymous_6)
FN:164,(anonymous_7)
FNF:6
FNH:6
FNDA:14,(anonymous_2)
FNDA:9,(anonymous_3)
FNDA:9,(anonymous_4)
FNDA:1,(anonymous_5)
FNDA:3,(anonymous_6)
FNDA:5,(anonymous_7)
DA:1,1
DA:2,1
DA:3,1
DA:4,1
DA:9,1
DA:10,14
DA:13,14
DA:14,14
DA:19,9
DA:23,9
DA:24,2
DA:28,7
DA:37,7
DA:38,2
DA:41,5
DA:42,5
DA:43,5
DA:45,5
DA:59,5
DA:60,5
DA:61,5
DA:62,5
DA:63,5
DA:64,5
DA:65,5
DA:66,5
DA:67,5
DA:68,5
DA:69,5
DA:70,5
DA:72,5
DA:82,9
DA:87,9
DA:88,2
DA:91,7
DA:92,2
DA:95,5
DA:96,2
DA:100,3
DA:104,3
DA:105,2
DA:109,1
DA:111,1
DA:112,1
DA:122,1
DA:127,1
DA:130,1
DA:132,1
DA:145,3
DA:161,3
DA:165,5
DA:166,5
LF:52
LH:52
BRDA:23,0,0,2
BRDA:23,0,1,7
BRDA:37,1,0,2
BRDA:37,1,1,5
BRDA:49,2,0,5
BRDA:49,2,1,3
BRDA:59,3,0,5
BRDA:59,3,1,5
BRDA:87,4,0,2
BRDA:87,4,1,7
BRDA:91,5,0,2
BRDA:91,5,1,5
BRDA:95,6,0,2
BRDA:95,6,1,3
BRDA:104,7,0,2
BRDA:104,7,1,1
BRF:16
BRH:16
end_of_record
TN:
SF:src/organizations/organizations.controller.ts
FN:26,(anonymous_4)
FN:32,(anonymous_5)
FN:42,(anonymous_6)
FN:56,(anonymous_7)
FN:69,(anonymous_8)
FN:78,(anonymous_9)
FN:91,(anonymous_10)
FNF:7
FNH:0
FNDA:0,(anonymous_4)
FNDA:0,(anonymous_5)
FNDA:0,(anonymous_6)
FNDA:0,(anonymous_7)
FNDA:0,(anonymous_8)
FNDA:0,(anonymous_9)
FNDA:0,(anonymous_10)
DA:1,0
DA:11,0
DA:12,0
DA:13,0
DA:14,0
DA:15,0
DA:16,0
DA:17,0
DA:18,0
DA:19,0
DA:20,0
DA:21,0
DA:25,0
DA:27,0
DA:28,0
DA:32,0
DA:34,0
DA:35,0
DA:37,0
DA:42,0
DA:48,0
DA:49,0
DA:51,0
DA:56,0
DA:61,0
DA:62,0
DA:64,0
DA:69,0
DA:70,0
DA:71,0
DA:73,0
DA:78,0
DA:83,0
DA:84,0
DA:86,0
DA:91,0
DA:92,0
LF:37
LH:0
BRDA:34,0,0,0
BRDA:34,0,1,0
BRDA:48,1,0,0
BRDA:48,1,1,0
BRDA:61,2,0,0
BRDA:61,2,1,0
BRDA:70,3,0,0
BRDA:70,3,1,0
BRDA:83,4,0,0
BRDA:83,4,1,0
BRF:10
BRH:0
end_of_record
TN:
SF:src/organizations/organizations.service.ts
FN:8,(anonymous_2)
FN:10,(anonymous_3)
FN:31,(anonymous_4)
FN:82,(anonymous_5)
FNF:4
FNH:4
FNDA:16,(anonymous_2)
FNDA:3,(anonymous_3)
FNDA:10,(anonymous_4)
FNDA:9,(anonymous_5)
DA:1,1
DA:2,1
DA:3,1
DA:7,1
DA:8,16
DA:11,3
DA:28,3
DA:38,10
DA:42,10
DA:43,2
DA:47,8
DA:48,2
DA:52,6
DA:53,3
DA:60,3
DA:61,2
DA:65,4
DA:79,4
DA:88,9
DA:92,9
DA:93,2
DA:97,7
DA:98,2
DA:102,5
DA:103,3
DA:110,3
DA:111,2
DA:115,3
DA:119,3
LF:29
LH:29
BRDA:42,0,0,2
BRDA:42,0,1,8
BRDA:47,1,0,2
BRDA:47,1,1,6
BRDA:52,2,0,3
BRDA:52,2,1,3
BRDA:52,3,0,6
BRDA:52,3,1,3
BRDA:60,4,0,2
BRDA:60,4,1,1
BRDA:92,5,0,2
BRDA:92,5,1,7
BRDA:97,6,0,2
BRDA:97,6,1,5
BRDA:102,7,0,3
BRDA:102,7,1,2
BRDA:110,8,0,2
BRDA:110,8,1,1
BRF:18
BRH:18
end_of_record
TN:
SF:src/services/services.controller.ts
FN:7,(anonymous_4)
FN:10,(anonymous_5)
FN:15,(anonymous_6)
FN:20,(anonymous_7)
FNF:4
FNH:4
FNDA:1,(anonymous_4)
FNDA:1,(anonymous_5)
FNDA:1,(anonymous_6)
FNDA:1,(anonymous_7)
DA:1,1
DA:2,1
DA:3,1
DA:6,1
DA:7,1
DA:10,1
DA:11,1
DA:15,1
DA:16,1
DA:20,1
DA:21,1
LF:11
LH:11
BRF:0
BRH:0
end_of_record
TN:
SF:src/services/services.service.ts
FN:7,(anonymous_2)
FN:9,(anonymous_3)
FN:26,(anonymous_4)
FN:52,(anonymous_5)
FNF:4
FNH:4
FNDA:1,(anonymous_2)
FNDA:1,(anonymous_3)
FNDA:1,(anonymous_4)
FNDA:1,(anonymous_5)
DA:1,2
DA:2,2
DA:6,2
DA:7,1
DA:10,1
DA:30,1
DA:32,1
DA:53,1
LF:8
LH:8
BRF:0
BRH:0
end_of_record
TN:
SF:src/slack/slack-inc.service.ts
FN:47,(anonymous_2)
FN:53,(anonymous_3)
FN:94,(anonymous_4)
FN:115,(anonymous_5)
FN:141,(anonymous_6)
FN:185,(anonymous_7)
FN:221,(anonymous_8)
FN:269,(anonymous_9)
FN:278,(anonymous_10)
FN:290,(anonymous_11)
FN:298,(anonymous_12)
FN:347,(anonymous_13)
FN:381,(anonymous_14)
FN:424,(anonymous_15)
FN:484,(anonymous_16)
FNF:15
FNH:13
FNDA:1,(anonymous_2)
FNDA:5,(anonymous_3)
FNDA:9,(anonymous_4)
FNDA:3,(anonymous_5)
FNDA:0,(anonymous_6)
FNDA:2,(anonymous_7)
FNDA:4,(anonymous_8)
FNDA:23,(anonymous_9)
FNDA:8,(anonymous_10)
FNDA:10,(anonymous_11)
FNDA:1,(anonymous_12)
FNDA:5,(anonymous_13)
FNDA:1,(anonymous_14)
FNDA:1,(anonymous_15)
FNDA:0,(anonymous_16)
DA:1,3
DA:2,3
DA:3,3
DA:4,3
DA:5,3
DA:44,3
DA:45,1
DA:48,1
DA:49,1
DA:50,1
DA:57,5
DA:65,5
DA:66,5
DA:68,5
DA:69,5
DA:70,5
DA:75,0
DA:78,0
DA:79,0
DA:80,0
DA:86,0
DA:87,0
DA:90,0
DA:95,9
DA:97,9
DA:98,9
DA:99,2
DA:101,7
DA:102,4
DA:104,3
DA:105,3
DA:107,0
DA:108,0
DA:112,0
DA:117,3
DA:118,3
DA:119,3
DA:120,3
DA:122,3
DA:123,1
DA:124,1
DA:127,2
DA:128,1
DA:129,1
DA:132,1
DA:133,1
DA:134,1
DA:138,0
DA:142,0
DA:143,0
DA:144,0
DA:145,0
DA:147,0
DA:148,0
DA:151,0
DA:152,0
DA:158,0
DA:159,0
DA:163,0
DA:171,0
DA:172,0
DA:173,0
DA:174,0
DA:175,0
DA:177,0
DA:182,0
DA:186,2
DA:187,2
DA:188,2
DA:189,2
DA:190,2
DA:192,2
DA:193,1
DA:196,1
DA:197,1
DA:203,1
DA:211,1
DA:212,0
DA:218,1
DA:222,4
DA:223,4
DA:224,4
DA:225,4
DA:226,4
DA:228,4
DA:229,2
DA:232,4
DA:233,1
DA:239,3
DA:240,0
DA:243,3
DA:244,1
DA:247,2
DA:257,2
DA:258,2
DA:266,2
DA:270,23
DA:271,23
DA:272,3
DA:274,20
DA:275,20
DA:279,8
DA:280,1
DA:282,7
DA:283,7
DA:285,0
DA:286,0
DA:291,10
DA:292,4
DA:294,6
DA:295,6
DA:299,1
DA:350,5
DA:359,5
DA:383,1
DA:385,1
DA:386,0
DA:398,1
DA:406,1
DA:413,1
DA:426,1
DA:428,1
DA:429,0
DA:441,1
DA:449,1
DA:473,1
DA:485,0
DA:487,0
DA:490,0
DA:499,0
LF:130
LH:91
BRDA:75,0,0,0
BRDA:75,0,1,0
BRDA:75,1,0,0
BRDA:75,1,1,0
BRDA:75,2,0,0
BRDA:75,2,1,0
BRDA:75,3,0,0
BRDA:75,3,1,0
BRDA:79,4,0,0
BRDA:79,4,1,0
BRDA:86,5,0,0
BRDA:86,5,1,0
BRDA:86,6,0,0
BRDA:86,6,1,0
BRDA:86,7,0,0
BRDA:86,7,1,0
BRDA:86,8,0,0
BRDA:86,8,1,0
BRDA:97,9,0,9
BRDA:97,9,1,0
BRDA:97,10,0,9
BRDA:97,10,1,9
BRDA:98,11,0,2
BRDA:98,11,1,7
BRDA:101,12,0,4
BRDA:101,12,1,3
BRDA:104,13,0,3
BRDA:104,13,1,0
BRDA:107,14,0,0
BRDA:107,14,1,0
BRDA:122,15,0,1
BRDA:122,15,1,2
BRDA:123,16,0,1
BRDA:123,16,1,0
BRDA:123,17,0,1
BRDA:123,17,1,1
BRDA:127,18,0,1
BRDA:127,18,1,1
BRDA:128,19,0,1
BRDA:128,19,1,0
BRDA:128,20,0,1
BRDA:128,20,1,1
BRDA:128,21,0,1
BRDA:128,21,1,0
BRDA:128,22,0,1
BRDA:128,22,1,1
BRDA:132,23,0,1
BRDA:132,23,1,0
BRDA:133,24,0,1
BRDA:133,24,1,0
BRDA:133,25,0,1
BRDA:133,25,1,1
BRDA:133,26,0,1
BRDA:133,26,1,0
BRDA:133,27,0,1
BRDA:133,27,1,1
BRDA:147,28,0,0
BRDA:147,28,1,0
BRDA:151,29,0,0
BRDA:151,29,1,0
BRDA:158,30,0,0
BRDA:158,30,1,0
BRDA:171,31,0,0
BRDA:171,31,1,0
BRDA:173,32,0,0
BRDA:173,32,1,0
BRDA:173,33,0,0
BRDA:173,33,1,0
BRDA:173,34,0,0
BRDA:173,34,1,0
BRDA:192,35,0,1
BRDA:192,35,1,1
BRDA:199,36,0,1
BRDA:199,36,1,0
BRDA:200,37,0,1
BRDA:200,37,1,0
BRDA:200,38,0,1
BRDA:200,38,1,1
BRDA:208,39,0,0
BRDA:208,39,1,1
BRDA:208,40,0,1
BRDA:208,40,1,1
BRDA:211,41,0,0
BRDA:211,41,1,1
BRDA:213,42,0,0
BRDA:213,42,1,0
BRDA:213,43,0,0
BRDA:213,43,1,0
BRDA:228,44,0,2
BRDA:228,44,1,2
BRDA:232,45,0,1
BRDA:232,45,1,3
BRDA:239,46,0,0
BRDA:239,46,1,3
BRDA:243,47,0,1
BRDA:243,47,1,2
BRDA:257,48,0,2
BRDA:257,48,1,0
BRDA:270,49,0,0
BRDA:270,49,1,23
BRDA:270,50,0,23
BRDA:270,50,1,23
BRDA:271,51,0,3
BRDA:271,51,1,20
BRDA:275,52,0,12
BRDA:275,52,1,8
BRDA:275,53,0,20
BRDA:275,53,1,20
BRDA:275,54,0,0
BRDA:275,54,1,20
BRDA:275,55,0,20
BRDA:275,55,1,20
BRDA:275,56,0,0
BRDA:275,56,1,8
BRDA:275,57,0,8
BRDA:275,57,1,8
BRDA:275,58,0,0
BRDA:275,58,1,8
BRDA:275,59,0,8
BRDA:275,59,1,8
BRDA:279,60,0,1
BRDA:279,60,1,7
BRDA:291,61,0,4
BRDA:291,61,1,6
BRDA:295,62,0,4
BRDA:295,62,1,2
BRDA:350,63,0,1
BRDA:350,63,1,4
BRDA:385,64,0,0
BRDA:385,64,1,1
BRDA:428,65,0,0
BRDA:428,65,1,1
BRDA:487,66,0,0
BRDA:487,66,1,0
BRDA:487,67,0,0
BRDA:487,67,1,0
BRDA:487,67,2,0
BRF:137
BRH:74
end_of_record
TN:
SF:src/slack/slack-jobs.service.ts
FN:10,(anonymous_2)
FN:17,(anonymous_3)
FN:85,(anonymous_4)
FN:100,(anonymous_5)
FN:105,(anonymous_6)
FNF:5
FNH:5
FNDA:1,(anonymous_2)
FNDA:1,(anonymous_3)
FNDA:1,(anonymous_4)
FNDA:1,(anonymous_5)
FNDA:1,(anonymous_6)
DA:1,2
DA:2,2
DA:3,2
DA:4,2
DA:7,2
DA:8,1
DA:11,1
DA:12,1
DA:14,1
DA:25,1
DA:29,1
DA:30,0
DA:31,0
DA:32,0
DA:33,0
DA:34,0
DA:35,0
DA:41,1
DA:42,1
DA:43,1
DA:46,1
DA:47,1
DA:51,1
DA:52,1
DA:53,0
DA:56,0
DA:59,0
DA:62,1
DA:63,0
DA:64,0
DA:66,0
DA:70,1
DA:72,1
DA:73,1
DA:78,1
DA:92,1
DA:93,1
DA:94,1
DA:101,1
DA:102,1
DA:106,1
DA:107,1
LF:42
LH:30
BRDA:29,0,0,0
BRDA:29,0,1,1
BRDA:31,1,0,0
BRDA:31,1,1,0
BRDA:31,2,0,0
BRDA:31,2,1,0
BRDA:34,3,0,0
BRDA:34,3,1,0
BRDA:35,4,0,0
BRDA:35,4,1,0
BRDA:35,5,0,0
BRDA:35,5,1,0
BRDA:35,6,0,0
BRDA:35,6,1,0
BRDA:35,7,0,0
BRDA:35,7,1,0
BRDA:35,8,0,0
BRDA:35,8,1,0
BRDA:41,9,0,1
BRDA:41,9,1,0
BRDA:42,10,0,1
BRDA:42,10,1,0
BRDA:42,11,0,1
BRDA:42,11,1,1
BRDA:43,12,0,1
BRDA:43,12,1,0
BRDA:43,13,0,1
BRDA:43,13,1,0
BRDA:43,14,0,1
BRDA:43,14,1,1
BRDA:43,15,0,0
BRDA:43,15,1,0
BRDA:43,16,0,0
BRDA:43,16,1,0
BRDA:52,17,0,0
BRDA:52,17,1,1
BRDA:56,18,0,0
BRDA:56,18,1,0
BRDA:62,19,0,0
BRDA:62,19,1,1
BRDA:72,20,0,0
BRDA:72,20,1,1
BRDA:72,21,0,1
BRDA:72,21,1,1
BRDA:92,22,0,1
BRDA:92,22,1,0
BRDA:92,23,0,1
BRDA:92,23,1,1
BRDA:93,24,0,1
BRDA:93,24,1,0
BRDA:93,25,0,1
BRDA:93,25,1,0
BRDA:93,26,0,1
BRDA:93,26,1,1
BRDA:93,27,0,0
BRDA:93,27,1,0
BRDA:93,28,0,0
BRDA:93,28,1,0
BRDA:101,29,0,0
BRDA:101,29,1,1
BRDA:101,30,0,1
BRDA:101,30,1,0
BRDA:101,31,0,1
BRDA:101,31,1,1
BRDA:106,32,0,0
BRDA:106,32,1,1
BRF:66
BRH:26
end_of_record
TN:
SF:src/slack/slack-legacy.controller.ts
FN:9,(anonymous_4)
FN:13,(anonymous_5)
FNF:2
FNH:0
FNDA:0,(anonymous_4)
FNDA:0,(anonymous_5)
DA:1,0
DA:2,0
DA:3,0
DA:4,0
DA:8,0
DA:9,0
DA:13,0
DA:14,0
LF:8
LH:0
BRF:0
BRH:0
end_of_record
TN:
SF:src/slack/slack-oauth.controller.ts
FN:7,(anonymous_4)
FN:10,(anonymous_5)
FN:26,(anonymous_6)
FN:45,(anonymous_7)
FN:51,(anonymous_8)
FNF:5
FNH:5
FNDA:1,(anonymous_4)
FNDA:2,(anonymous_5)
FNDA:3,(anonymous_6)
FNDA:1,(anonymous_7)
FNDA:1,(anonymous_8)
DA:1,1
DA:3,1
DA:6,1
DA:7,1
DA:10,1
DA:15,2
DA:16,1
DA:21,1
DA:22,1
DA:26,1
DA:31,3
DA:32,1
DA:35,2
DA:36,2
DA:37,1
DA:39,1
DA:40,1
DA:45,1
DA:46,1
DA:47,1
DA:51,1
DA:52,1
DA:53,1
LF:23
LH:23
BRDA:15,0,0,1
BRDA:15,0,1,1
BRDA:15,1,0,2
BRDA:15,1,1,1
BRDA:31,2,0,1
BRDA:31,2,1,2
BRDA:31,3,0,3
BRDA:31,3,1,2
BRDA:39,4,0,1
BRDA:39,4,1,0
BRF:10
BRH:9
end_of_record
TN:
SF:src/slack/slack-oauth.service.ts
FN:12,(anonymous_2)
FN:22,(anonymous_3)
FN:56,(anonymous_4)
FN:118,(anonymous_5)
FN:146,(anonymous_6)
FN:163,(anonymous_7)
FN:178,(anonymous_8)
FNF:7
FNH:7
FNDA:2,(anonymous_2)
FNDA:1,(anonymous_3)
FNDA:3,(anonymous_4)
FNDA:2,(anonymous_5)
FNDA:2,(anonymous_6)
FNDA:1,(anonymous_7)
FNDA:1,(anonymous_8)
DA:1,4
DA:2,4
DA:3,4
DA:6,4
DA:7,2
DA:12,2
DA:13,2
DA:14,2
DA:15,2
DA:17,2
DA:18,0
DA:23,1
DA:24,1
DA:26,1
DA:35,1
DA:47,1
DA:48,1
DA:49,1
DA:50,1
DA:51,1
DA:53,1
DA:57,3
DA:61,3
DA:62,1
DA:65,2
DA:66,1
DA:67,1
DA:70,1
DA:72,1
DA:76,1
DA:77,0
DA:93,1
DA:108,1
DA:110,1
DA:112,1
DA:119,2
DA:132,2
DA:133,1
DA:136,1
DA:147,2
DA:151,2
DA:152,1
DA:155,1
DA:160,1
DA:164,1
DA:168,1
DA:169,1
DA:174,1
DA:179,1
DA:192,1
DA:194,1
DA:195,1
DA:196,1
DA:199,0
LF:54
LH:51
BRDA:13,0,0,2
BRDA:13,0,1,0
BRDA:14,1,0,2
BRDA:14,1,1,0
BRDA:15,2,0,2
BRDA:15,2,1,0
BRDA:17,3,0,0
BRDA:17,3,1,2
BRDA:17,4,0,2
BRDA:17,4,1,2
BRDA:61,5,0,1
BRDA:61,5,1,2
BRDA:65,6,0,1
BRDA:65,6,1,1
BRDA:76,7,0,0
BRDA:76,7,1,1
BRDA:83,8,0,0
BRDA:83,8,1,0
BRDA:83,9,0,0
BRDA:83,9,1,0
BRDA:99,10,0,0
BRDA:99,10,1,1
BRDA:99,11,0,1
BRDA:99,11,1,1
BRDA:132,12,0,1
BRDA:132,12,1,1
BRDA:151,13,0,1
BRDA:151,13,1,1
BRDA:168,14,0,1
BRDA:168,14,1,0
BRDA:194,15,0,1
BRDA:194,15,1,0
BRF:32
BRH:20
end_of_record
TN:
SF:src/slack/slack-queue.service.ts
FN:36,(anonymous_2)
FN:42,(anonymous_3)
FN:47,(anonymous_4)
FN:52,(anonymous_5)
FN:57,(anonymous_6)
FNF:5
FNH:5
FNDA:4,(anonymous_2)
FNDA:1,(anonymous_3)
FNDA:1,(anonymous_4)
FNDA:1,(anonymous_5)
FNDA:5,(anonymous_6)
DA:1,8
DA:2,8
DA:5,8
DA:32,8
DA:33,4
DA:37,4
DA:43,1
DA:44,1
DA:48,1
DA:49,1
DA:53,1
DA:54,1
DA:58,5
DA:59,5
LF:14
LH:14
BRDA:38,0,0,0
BRDA:38,0,1,4
BRDA:38,1,0,4
BRDA:38,1,1,4
BRDA:61,2,0,5
BRDA:61,2,1,0
BRDA:62,3,0,5
BRDA:62,3,1,4
BRF:8
BRH:6
end_of_record
TN:
SF:src/slack/slack-signature.guard.ts
FN:9,(anonymous_4)
FN:11,(anonymous_5)
FN:41,(anonymous_6)
FNF:3
FNH:3
FNDA:3,(anonymous_4)
FNDA:3,(anonymous_5)
FNDA:2,(anonymous_6)
DA:1,3
DA:2,3
DA:3,3
DA:5,3
DA:8,3
DA:9,3
DA:12,3
DA:17,3
DA:18,3
DA:20,3
DA:21,0
DA:24,3
DA:25,3
DA:26,3
DA:27,1
DA:30,2
DA:31,2
DA:32,2
DA:34,2
DA:35,1
DA:38,1
DA:42,2
DA:43,2
DA:44,2
DA:45,2
DA:46,2
LF:26
LH:25
BRDA:20,0,0,0
BRDA:20,0,1,3
BRDA:20,1,0,3
BRDA:20,1,1,3
BRDA:20,1,2,3
BRDA:20,2,0,0
BRDA:20,2,1,3
BRDA:20,3,0,3
BRDA:20,3,1,3
BRDA:26,4,0,1
BRDA:26,4,1,2
BRDA:26,5,0,3
BRDA:26,5,1,3
BRDA:34,6,0,1
BRDA:34,6,1,1
BRDA:34,7,0,2
BRDA:34,7,1,1
BRF:17
BRH:15
end_of_record
TN:
SF:src/slack/slack.client.ts
FN:11,(anonymous_2)
FN:13,(anonymous_3)
FN:17,(anonymous_4)
FN:21,(anonymous_5)
FN:25,(anonymous_6)
FN:32,(anonymous_7)
FN:36,(anonymous_8)
FN:47,(anonymous_9)
FN:51,(anonymous_10)
FNF:9
FNH:7
FNDA:7,(anonymous_2)
FNDA:1,(anonymous_3)
FNDA:2,(anonymous_4)
FNDA:1,(anonymous_5)
FNDA:2,(anonymous_6)
FNDA:0,(anonymous_7)
FNDA:1,(anonymous_8)
FNDA:0,(anonymous_9)
FNDA:6,(anonymous_10)
DA:1,7
DA:8,7
DA:9,7
DA:11,7
DA:14,1
DA:18,2
DA:22,1
DA:26,2
DA:27,1
DA:29,1
DA:33,0
DA:37,1
DA:44,1
DA:48,0
DA:52,6
DA:61,6
DA:62,6
DA:63,1
DA:64,1
DA:65,1
DA:68,5
LF:21
LH:19
BRDA:26,0,0,1
BRDA:26,0,1,1
BRDA:44,1,0,0
BRDA:44,1,1,1
BRDA:44,2,0,1
BRDA:44,2,1,1
BRDA:62,3,0,1
BRDA:62,3,1,5
BRDA:63,4,0,1
BRDA:63,4,1,0
BRDA:63,5,0,1
BRDA:63,5,1,1
BRF:12
BRH:10
end_of_record
TN:
SF:src/slack/slack.constants.ts
FNF:0
FNH:0
DA:1,3
LF:1
LH:1
BRF:0
BRH:0
end_of_record
TN:
SF:src/slack/slack.controller.ts
FN:10,(anonymous_4)
FN:17,(anonymous_5)
FN:23,(anonymous_6)
FNF:3
FNH:3
FNDA:1,(anonymous_4)
FNDA:1,(anonymous_5)
FNDA:1,(anonymous_6)
DA:1,2
DA:2,2
DA:3,2
DA:4,2
DA:5,2
DA:9,2
DA:11,1
DA:12,1
DA:17,2
DA:18,1
DA:23,2
DA:24,1
LF:12
LH:12
BRF:0
BRH:0
end_of_record
TN:
SF:src/teams/teams.controller.ts
FN:11,(anonymous_4)
FN:14,(anonymous_5)
FN:19,(anonymous_6)
FN:24,(anonymous_7)
FN:29,(anonymous_8)
FN:34,(anonymous_9)
FN:39,(anonymous_10)
FN:44,(anonymous_11)
FN:49,(anonymous_12)
FNF:9
FNH:0
FNDA:0,(anonymous_4)
FNDA:0,(anonymous_5)
FNDA:0,(anonymous_6)
FNDA:0,(anonymous_7)
FNDA:0,(anonymous_8)
FNDA:0,(anonymous_9)
FNDA:0,(anonymous_10)
FNDA:0,(anonymous_11)
FNDA:0,(anonymous_12)
DA:1,0
DA:2,0
DA:3,0
DA:4,0
DA:5,0
DA:6,0
DA:10,0
DA:11,0
DA:14,0
DA:15,0
DA:19,0
DA:20,0
DA:24,0
DA:25,0
DA:29,0
DA:30,0
DA:34,0
DA:35,0
DA:39,0
DA:40,0
DA:44,0
DA:45,0
DA:49,0
DA:50,0
LF:24
LH:0
BRF:0
BRH:0
end_of_record
TN:
SF:src/teams/teams.service.ts
FN:9,(anonymous_2)
FN:11,(anonymous_3)
FN:33,(anonymous_4)
FN:58,(anonymous_5)
FN:87,(anonymous_6)
FN:104,(anonymous_7)
FN:142,(anonymous_8)
FN:170,(anonymous_9)
FN:188,(anonymous_10)
FN:204,(anonymous_11)
FN:213,(anonymous_12)
FN:257,(anonymous_13)
FNF:12
FNH:12
FNDA:27,(anonymous_2)
FNDA:2,(anonymous_3)
FNDA:29,(anonymous_4)
FNDA:7,(anonymous_5)
FNDA:4,(anonymous_6)
FNDA:7,(anonymous_7)
FNDA:2,(anonymous_8)
FNDA:5,(anonymous_9)
FNDA:3,(anonymous_10)
FNDA:2,(anonymous_11)
FNDA:7,(anonymous_12)
FNDA:3,(anonymous_13)
DA:1,1
DA:2,1
DA:8,1
DA:9,27
DA:12,2
DA:34,29
DA:51,29
DA:52,2
DA:55,27
DA:60,7
DA:61,3
DA:68,3
DA:69,2
DA:74,5
DA:75,2
DA:79,3
DA:87,4
DA:101,3
DA:105,7
DA:108,7
DA:109,2
DA:113,5
DA:114,1
DA:125,5
DA:126,5
DA:128,5
DA:129,1
DA:133,4
DA:135,2
DA:140,2
DA:141,1
DA:142,2
DA:150,4
DA:171,5
DA:174,5
DA:175,2
DA:179,3
DA:180,2
DA:183,1
DA:189,3
DA:192,3
DA:199,3
DA:200,2
DA:203,1
DA:204,2
DA:210,1
DA:214,7
DA:217,7
DA:218,2
DA:221,5
DA:230,5
DA:231,2
DA:235,3
DA:236,3
DA:245,3
DA:254,3
DA:258,3
DA:274,3
DA:275,2
DA:278,1
LF:60
LH:60
BRDA:51,0,0,2
BRDA:51,0,1,27
BRDA:60,1,0,3
BRDA:60,1,1,4
BRDA:68,2,0,2
BRDA:68,2,1,1
BRDA:74,3,0,2
BRDA:74,3,1,3
BRDA:74,4,0,5
BRDA:74,4,1,5
BRDA:74,4,2,5
BRDA:83,5,0,3
BRDA:83,5,1,0
BRDA:83,6,0,3
BRDA:83,6,1,3
BRDA:86,7,0,2
BRDA:86,7,1,1
BRDA:86,8,0,0
BRDA:86,8,1,3
BRDA:86,9,0,3
BRDA:86,9,1,3
BRDA:108,10,0,2
BRDA:108,10,1,5
BRDA:108,11,0,7
BRDA:108,11,1,5
BRDA:113,12,0,1
BRDA:113,12,1,4
BRDA:125,13,0,5
BRDA:125,13,1,0
BRDA:125,14,0,5
BRDA:125,14,1,5
BRDA:126,15,0,5
BRDA:126,15,1,0
BRDA:126,16,0,5
BRDA:126,16,1,5
BRDA:128,17,0,1
BRDA:128,17,1,4
BRDA:128,18,0,5
BRDA:128,18,1,5
BRDA:128,18,2,5
BRDA:133,19,0,2
BRDA:133,19,1,2
BRDA:140,20,0,1
BRDA:140,20,1,1
BRDA:174,21,0,2
BRDA:174,21,1,3
BRDA:179,22,0,2
BRDA:179,22,1,1
BRDA:199,23,0,2
BRDA:199,23,1,1
BRDA:217,24,0,2
BRDA:217,24,1,5
BRDA:217,25,0,7
BRDA:217,25,1,2
BRDA:230,26,0,2
BRDA:230,26,1,3
BRDA:235,27,0,3
BRDA:235,27,1,0
BRDA:235,28,0,3
BRDA:235,28,1,1
BRDA:239,29,0,2
BRDA:239,29,1,1
BRDA:240,30,0,1
BRDA:240,30,1,2
BRDA:274,31,0,2
BRDA:274,31,1,1
BRF:66
BRH:61
end_of_record
